# JRE version: Java(TM) SE Runtime Environment (7.0_60-b19) (build 1.7.0_60-b19)
# Java VM: Java HotSpot(TM) Client VM (24.60-b09 mixed mode, sharing windows-x86 )
Heap
 def new generation   total 29632K, used 21407K [0x24000000, 0x26020000, 0x29550000)
  eden space 26368K,  68% used [0x24000000, 0x251b7f78, 0x259c0000)
  from space 3264K, 100% used [0x259c0000, 0x25cf0000, 0x25cf0000)
  to   space 3264K,   0% used [0x25cf0000, 0x25cf0000, 0x26020000)
 tenured generation   total 65688K, used 62673K [0x29550000, 0x2d576000, 0x34000000)
   the space 65688K,  95% used [0x29550000, 0x2d284718, 0x2d284800, 0x2d576000)
 compacting perm gen  total 12288K, used 10741K [0x34000000, 0x34c00000, 0x38000000)
   the space 12288K,  87% used [0x34000000, 0x34a7d6b8, 0x34a7d800, 0x34c00000)
    ro space 10240K,  42% used [0x38000000, 0x38434778, 0x38434800, 0x38a00000)
    rw space 12288K,  52% used [0x38a00000, 0x39049a68, 0x39049c00, 0x39600000)
GC Heap History (10 events):
Event: 8.401 GC heap before
{Heap before GC invocations=17 (full 4):
 def new generation   total 26368K, used 25275K [0x24000000, 0x25c90000, 0x29550000)
  eden space 23488K,  95% used [0x24000000, 0x255ded70, 0x256f0000)
  from space 2880K, 100% used [0x259c0000, 0x25c90000, 0x25c90000)
  to   space 2880K,   0% used [0x256f0000, 0x256f0000, 0x259c0000)
 tenured generation   total 58440K, used 37662K [0x29550000, 0x2ce62000, 0x34000000)
   the space 58440K,  64% used [0x29550000, 0x2ba17ad8, 0x2ba17c00, 0x2ce62000)
 compacting perm gen  total 12288K, used 9309K [0x34000000, 0x34c00000, 0x38000000)
   the space 12288K,  75% used [0x34000000, 0x349174a0, 0x34917600, 0x34c00000)
    ro space 10240K,  42% used [0x38000000, 0x38434778, 0x38434800, 0x38a00000)
    rw space 12288K,  52% used [0x38a00000, 0x39049a68, 0x39049c00, 0x39600000)
Event: 8.407 GC heap after
Heap after GC invocations=18 (full 4):
 def new generation   total 26368K, used 2880K [0x24000000, 0x25c90000, 0x29550000)
  eden space 23488K,   0% used [0x24000000, 0x24000000, 0x256f0000)
  from space 2880K, 100% used [0x256f0000, 0x259c0000, 0x259c0000)
  to   space 2880K,   0% used [0x259c0000, 0x259c0000, 0x25c90000)
 tenured generation   total 58440K, used 41827K [0x29550000, 0x2ce62000, 0x34000000)
   the space 58440K,  71% used [0x29550000, 0x2be28fd8, 0x2be29000, 0x2ce62000)
 compacting perm gen  total 12288K, used 9309K [0x34000000, 0x34c00000, 0x38000000)
   the space 12288K,  75% used [0x34000000, 0x349174a0, 0x34917600, 0x34c00000)
    ro space 10240K,  42% used [0x38000000, 0x38434778, 0x38434800, 0x38a00000)
    rw space 12288K,  52% used [0x38a00000, 0x39049a68, 0x39049c00, 0x39600000)
}
Event: 12.288 GC heap before
{Heap before GC invocations=18 (full 4):
 def new generation   total 26368K, used 26367K [0x24000000, 0x25c90000, 0x29550000)
  eden space 23488K,  99% used [0x24000000, 0x256efd58, 0x256f0000)
  from space 2880K, 100% used [0x256f0000, 0x259c0000, 0x259c0000)
  to   space 2880K,   0% used [0x259c0000, 0x259c0000, 0x25c90000)
 tenured generation   total 58440K, used 41827K [0x29550000, 0x2ce62000, 0x34000000)
   the space 58440K,  71% used [0x29550000, 0x2be28fd8, 0x2be29000, 0x2ce62000)
 compacting perm gen  total 12288K, used 10626K [0x34000000, 0x34c00000, 0x38000000)
   the space 12288K,  86% used [0x34000000, 0x34a60aa0, 0x34a60c00, 0x34c00000)
    ro space 10240K,  42% used [0x38000000, 0x38434778, 0x38434800, 0x38a00000)
    rw space 12288K,  52% used [0x38a00000, 0x39049a68, 0x39049c00, 0x39600000)
Event: 12.299 GC heap after
Heap after GC invocations=19 (full 4):
 def new generation   total 26368K, used 2880K [0x24000000, 0x25c90000, 0x29550000)
  eden space 23488K,   0% used [0x24000000, 0x24000000, 0x256f0000)
  from space 2880K, 100% used [0x259c0000, 0x25c90000, 0x25c90000)
  to   space 2880K,   0% used [0x256f0000, 0x256f0000, 0x259c0000)
 tenured generation   total 58440K, used 49862K [0x29550000, 0x2ce62000, 0x34000000)
   the space 58440K,  85% used [0x29550000, 0x2c601a78, 0x2c601c00, 0x2ce62000)
 compacting perm gen  total 12288K, used 10626K [0x34000000, 0x34c00000, 0x38000000)
   the space 12288K,  86% used [0x34000000, 0x34a60aa0, 0x34a60c00, 0x34c00000)
    ro space 10240K,  42% used [0x38000000, 0x38434778, 0x38434800, 0x38a00000)
    rw space 12288K,  52% used [0x38a00000, 0x39049a68, 0x39049c00, 0x39600000)
}
Event: 17.255 GC heap before
{Heap before GC invocations=19 (full 4):
 def new generation   total 26368K, used 25605K [0x24000000, 0x25c90000, 0x29550000)
  eden space 23488K,  96% used [0x24000000, 0x25631518, 0x256f0000)
  from space 2880K, 100% used [0x259c0000, 0x25c90000, 0x25c90000)
  to   space 2880K,   0% used [0x256f0000, 0x256f0000, 0x259c0000)
 tenured generation   total 58440K, used 49862K [0x29550000, 0x2ce62000, 0x34000000)
   the space 58440K,  85% used [0x29550000, 0x2c601a78, 0x2c601c00, 0x2ce62000)
 compacting perm gen  total 12288K, used 10643K [0x34000000, 0x34c00000, 0x38000000)
   the space 12288K,  86% used [0x34000000, 0x34a64d50, 0x34a64e00, 0x34c00000)
    ro space 10240K,  42% used [0x38000000, 0x38434778, 0x38434800, 0x38a00000)
    rw space 12288K,  52% used [0x38a00000, 0x39049a68, 0x39049c00, 0x39600000)
Event: 17.332 GC heap after
Heap after GC invocations=20 (full 5):
 def new generation   total 29632K, used 0K [0x24000000, 0x26020000, 0x29550000)
  eden space 26368K,   0% used [0x24000000, 0x24000000, 0x259c0000)
  from space 3264K,   0% used [0x259c0000, 0x259c0000, 0x25cf0000)
  to   space 3264K,   0% used [0x25cf0000, 0x25cf0000, 0x26020000)
 tenured generation   total 65688K, used 39411K [0x29550000, 0x2d576000, 0x34000000)
   the space 65688K,  59% used [0x29550000, 0x2bbccc80, 0x2bbcce00, 0x2d576000)
 compacting perm gen  total 12288K, used 10643K [0x34000000, 0x34c00000, 0x38000000)
   the space 12288K,  86% used [0x34000000, 0x34a64d50, 0x34a64e00, 0x34c00000)
    ro space 10240K,  42% used [0x38000000, 0x38434778, 0x38434800, 0x38a00000)
    rw space 12288K,  52% used [0x38a00000, 0x39049a68, 0x39049c00, 0x39600000)
}
Event: 21.598 GC heap before
{Heap before GC invocations=20 (full 5):
 def new generation   total 29632K, used 26944K [0x24000000, 0x26020000, 0x29550000)
  eden space 26368K, 100% used [0x24000000, 0x259c0000, 0x259c0000)
  from space 3264K,  17% used [0x259c0000, 0x25a50030, 0x25cf0000)
  to   space 3264K,   0% used [0x25cf0000, 0x25cf0000, 0x26020000)
 tenured generation   total 65688K, used 39411K [0x29550000, 0x2d576000, 0x34000000)
   the space 65688K,  59% used [0x29550000, 0x2bbccc80, 0x2bbcce00, 0x2d576000)
 compacting perm gen  total 12288K, used 10651K [0x34000000, 0x34c00000, 0x38000000)
   the space 12288K,  86% used [0x34000000, 0x34a66d40, 0x34a66e00, 0x34c00000)
    ro space 10240K,  42% used [0x38000000, 0x38434778, 0x38434800, 0x38a00000)
    rw space 12288K,  52% used [0x38a00000, 0x39049a68, 0x39049c00, 0x39600000)
Event: 21.606 GC heap after
Heap after GC invocations=21 (full 5):
 def new generation   total 29632K, used 3264K [0x24000000, 0x26020000, 0x29550000)
  eden space 26368K,   0% used [0x24000000, 0x24000000, 0x259c0000)
  from space 3264K, 100% used [0x25cf0000, 0x26020000, 0x26020000)
  to   space 3264K,   0% used [0x259c0000, 0x259c0000, 0x25cf0000)
 tenured generation   total 65688K, used 48961K [0x29550000, 0x2d576000, 0x34000000)
   the space 65688K,  74% used [0x29550000, 0x2c520478, 0x2c520600, 0x2d576000)
 compacting perm gen  total 12288K, used 10651K [0x34000000, 0x34c00000, 0x38000000)
   the space 12288K,  86% used [0x34000000, 0x34a66d40, 0x34a66e00, 0x34c00000)
    ro space 10240K,  42% used [0x38000000, 0x38434778, 0x38434800, 0x38a00000)
    rw space 12288K,  52% used [0x38a00000, 0x39049a68, 0x39049c00, 0x39600000)
}
Event: 33.306 GC heap before
{Heap before GC invocations=21 (full 5):
 def new generation   total 29632K, used 27760K [0x24000000, 0x26020000, 0x29550000)
  eden space 26368K,  92% used [0x24000000, 0x257ec3c8, 0x259c0000)
  from space 3264K, 100% used [0x25cf0000, 0x26020000, 0x26020000)
  to   space 3264K,   0% used [0x259c0000, 0x259c0000, 0x25cf0000)
 tenured generation   total 65688K, used 55084K [0x29550000, 0x2d576000, 0x34000000)
   the space 65688K,  83% used [0x29550000, 0x2cb1b0b8, 0x2cb1b200, 0x2d576000)
 compacting perm gen  total 12288K, used 10651K [0x34000000, 0x34c00000, 0x38000000)
   the space 12288K,  86% used [0x34000000, 0x34a66e60, 0x34a67000, 0x34c00000)
    ro space 10240K,  42% used [0x38000000, 0x38434778, 0x38434800, 0x38a00000)
    rw space 12288K,  52% used [0x38a00000, 0x39049a68, 0x39049c00, 0x39600000)
Event: 33.311 GC heap after
Heap after GC invocations=22 (full 5):
 def new generation   total 29632K, used 3264K [0x24000000, 0x26020000, 0x29550000)
  eden space 26368K,   0% used [0x24000000, 0x24000000, 0x259c0000)
  from space 3264K, 100% used [0x259c0000, 0x25cf0000, 0x25cf0000)
  to   space 3264K,   0% used [0x25cf0000, 0x25cf0000, 0x26020000)
 tenured generation   total 65688K, used 62673K [0x29550000, 0x2d576000, 0x34000000)
   the space 65688K,  95% used [0x29550000, 0x2d284718, 0x2d284800, 0x2d576000)
 compacting perm gen  total 12288K, used 10651K [0x34000000, 0x34c00000, 0x38000000)
   the space 12288K,  86% used [0x34000000, 0x34a66e60, 0x34a67000, 0x34c00000)
    ro space 10240K,  42% used [0x38000000, 0x38434778, 0x38434800, 0x38a00000)
    rw space 12288K,  52% used [0x38a00000, 0x39049a68, 0x39049c00, 0x39600000)
}

