# JRE version: Java(TM) SE Runtime Environment (7.0_60-b19) (build 1.7.0_60-b19)
# Java VM: Java HotSpot(TM) Client VM (24.60-b09 mixed mode, sharing windows-x86 )
Heap
 def new generation   total 14080K, used 5817K [0x24000000, 0x24f40000, 0x29550000)
  eden space 12544K,  46% used [0x24000000, 0x245ae408, 0x24c40000)
  from space 1536K,   0% used [0x24c40000, 0x24c40000, 0x24dc0000)
  to   space 1536K,   0% used [0x24dc0000, 0x24dc0000, 0x24f40000)
 tenured generation   total 31156K, used 18692K [0x29550000, 0x2b3bd000, 0x34000000)
   the space 31156K,  59% used [0x29550000, 0x2a791370, 0x2a791400, 0x2b3bd000)
 compacting perm gen  total 12288K, used 8566K [0x34000000, 0x34c00000, 0x38000000)
   the space 12288K,  69% used [0x34000000, 0x3485db00, 0x3485dc00, 0x34c00000)
    ro space 10240K,  42% used [0x38000000, 0x38434778, 0x38434800, 0x38a00000)
    rw space 12288K,  52% used [0x38a00000, 0x39049a68, 0x39049c00, 0x39600000)
GC Heap History (10 events):
Event: 2.678 GC heap before
{Heap before GC invocations=9 (full 1):
 def new generation   total 9408K, used 9407K [0x24000000, 0x24a30000, 0x29550000)
  eden space 8384K, 100% used [0x24000000, 0x24830000, 0x24830000)
  from space 1024K,  99% used [0x24930000, 0x24a2fff8, 0x24a30000)
  to   space 1024K,   0% used [0x24830000, 0x24830000, 0x24930000)
 tenured generation   total 20728K, used 15779K [0x29550000, 0x2a98e000, 0x34000000)
   the space 20728K,  76% used [0x29550000, 0x2a4b8c90, 0x2a4b8e00, 0x2a98e000)
 compacting perm gen  total 12288K, used 7564K [0x34000000, 0x34c00000, 0x38000000)
   the space 12288K,  61% used [0x34000000, 0x347633e8, 0x34763400, 0x34c00000)
    ro space 10240K,  42% used [0x38000000, 0x38434778, 0x38434800, 0x38a00000)
    rw space 12288K,  52% used [0x38a00000, 0x39049a68, 0x39049c00, 0x39600000)
Event: 2.687 GC heap after
Heap after GC invocations=10 (full 1):
 def new generation   total 9408K, used 1024K [0x24000000, 0x24a30000, 0x29550000)
  eden space 8384K,   0% used [0x24000000, 0x24000000, 0x24830000)
  from space 1024K, 100% used [0x24830000, 0x24930000, 0x24930000)
  to   space 1024K,   0% used [0x24930000, 0x24930000, 0x24a30000)
 tenured generation   total 20728K, used 17633K [0x29550000, 0x2a98e000, 0x34000000)
   the space 20728K,  85% used [0x29550000, 0x2a6885f8, 0x2a688600, 0x2a98e000)
 compacting perm gen  total 12288K, used 7564K [0x34000000, 0x34c00000, 0x38000000)
   the space 12288K,  61% used [0x34000000, 0x347633e8, 0x34763400, 0x34c00000)
    ro space 10240K,  42% used [0x38000000, 0x38434778, 0x38434800, 0x38a00000)
    rw space 12288K,  52% used [0x38a00000, 0x39049a68, 0x39049c00, 0x39600000)
}
Event: 2.859 GC heap before
{Heap before GC invocations=10 (full 1):
 def new generation   total 9408K, used 9397K [0x24000000, 0x24a30000, 0x29550000)
  eden space 8384K,  99% used [0x24000000, 0x2482d4d8, 0x24830000)
  from space 1024K, 100% used [0x24830000, 0x24930000, 0x24930000)
  to   space 1024K,   0% used [0x24930000, 0x24930000, 0x24a30000)
 tenured generation   total 20728K, used 17633K [0x29550000, 0x2a98e000, 0x34000000)
   the space 20728K,  85% used [0x29550000, 0x2a6885f8, 0x2a688600, 0x2a98e000)
 compacting perm gen  total 12288K, used 8166K [0x34000000, 0x34c00000, 0x38000000)
   the space 12288K,  66% used [0x34000000, 0x347f9860, 0x347f9a00, 0x34c00000)
    ro space 10240K,  42% used [0x38000000, 0x38434778, 0x38434800, 0x38a00000)
    rw space 12288K,  52% used [0x38a00000, 0x39049a68, 0x39049c00, 0x39600000)
Event: 2.866 GC heap after
Heap after GC invocations=11 (full 1):
 def new generation   total 9408K, used 1024K [0x24000000, 0x24a30000, 0x29550000)
  eden space 8384K,   0% used [0x24000000, 0x24000000, 0x24830000)
  from space 1024K, 100% used [0x24930000, 0x24a30000, 0x24a30000)
  to   space 1024K,   0% used [0x24830000, 0x24830000, 0x24930000)
 tenured generation   total 20728K, used 20008K [0x29550000, 0x2a98e000, 0x34000000)
   the space 20728K,  96% used [0x29550000, 0x2a8da070, 0x2a8da200, 0x2a98e000)
 compacting perm gen  total 12288K, used 8166K [0x34000000, 0x34c00000, 0x38000000)
   the space 12288K,  66% used [0x34000000, 0x347f9860, 0x347f9a00, 0x34c00000)
    ro space 10240K,  42% used [0x38000000, 0x38434778, 0x38434800, 0x38a00000)
    rw space 12288K,  52% used [0x38a00000, 0x39049a68, 0x39049c00, 0x39600000)
}
Event: 2.928 GC heap before
{Heap before GC invocations=11 (full 1):
 def new generation   total 9408K, used 8478K [0x24000000, 0x24a30000, 0x29550000)
  eden space 8384K,  88% used [0x24000000, 0x24747aa8, 0x24830000)
  from space 1024K, 100% used [0x24930000, 0x24a30000, 0x24a30000)
  to   space 1024K,   0% used [0x24830000, 0x24830000, 0x24930000)
 tenured generation   total 20728K, used 20008K [0x29550000, 0x2a98e000, 0x34000000)
   the space 20728K,  96% used [0x29550000, 0x2a8da070, 0x2a8da200, 0x2a98e000)
 compacting perm gen  total 12288K, used 8502K [0x34000000, 0x34c00000, 0x38000000)
   the space 12288K,  69% used [0x34000000, 0x3484dac0, 0x3484dc00, 0x34c00000)
    ro space 10240K,  42% used [0x38000000, 0x38434778, 0x38434800, 0x38a00000)
    rw space 12288K,  52% used [0x38a00000, 0x39049a68, 0x39049c00, 0x39600000)
Event: 2.972 GC heap after
Heap after GC invocations=12 (full 2):
 def new generation   total 10880K, used 0K [0x24000000, 0x24bc0000, 0x29550000)
  eden space 9728K,   0% used [0x24000000, 0x24000000, 0x24980000)
  from space 1152K,   0% used [0x24980000, 0x24980000, 0x24aa0000)
  to   space 1152K,   0% used [0x24aa0000, 0x24aa0000, 0x24bc0000)
 tenured generation   total 23996K, used 14396K [0x29550000, 0x2acbf000, 0x34000000)
   the space 23996K,  59% used [0x29550000, 0x2a35f3c0, 0x2a35f400, 0x2acbf000)
 compacting perm gen  total 12288K, used 8502K [0x34000000, 0x34c00000, 0x38000000)
   the space 12288K,  69% used [0x34000000, 0x3484dac0, 0x3484dc00, 0x34c00000)
    ro space 10240K,  42% used [0x38000000, 0x38434778, 0x38434800, 0x38a00000)
    rw space 12288K,  52% used [0x38a00000, 0x39049a68, 0x39049c00, 0x39600000)
}
Event: 2.987 GC heap before
{Heap before GC invocations=12 (full 2):
 def new generation   total 10880K, used 8884K [0x24000000, 0x24bc0000, 0x29550000)
  eden space 9728K,  91% used [0x24000000, 0x248ad370, 0x24980000)
  from space 1152K,   0% used [0x24980000, 0x24980000, 0x24aa0000)
  to   space 1152K,   0% used [0x24aa0000, 0x24aa0000, 0x24bc0000)
 tenured generation   total 23996K, used 14396K [0x29550000, 0x2acbf000, 0x34000000)
   the space 23996K,  59% used [0x29550000, 0x2a35f3c0, 0x2a35f400, 0x2acbf000)
 compacting perm gen  total 12288K, used 8518K [0x34000000, 0x34c00000, 0x38000000)
   the space 12288K,  69% used [0x34000000, 0x34851828, 0x34851a00, 0x34c00000)
    ro space 10240K,  42% used [0x38000000, 0x38434778, 0x38434800, 0x38a00000)
    rw space 12288K,  52% used [0x38a00000, 0x39049a68, 0x39049c00, 0x39600000)
Event: 2.990 GC heap after
Heap after GC invocations=13 (full 2):
 def new generation   total 10880K, used 1040K [0x24000000, 0x24bc0000, 0x29550000)
  eden space 9728K,   0% used [0x24000000, 0x24000000, 0x24980000)
  from space 1152K,  90% used [0x24aa0000, 0x24ba42a8, 0x24bc0000)
  to   space 1152K,   0% used [0x24980000, 0x24980000, 0x24aa0000)
 tenured generation   total 23996K, used 21850K [0x29550000, 0x2acbf000, 0x34000000)
   the space 23996K,  91% used [0x29550000, 0x2aaa6938, 0x2aaa6a00, 0x2acbf000)
 compacting perm gen  total 12288K, used 8518K [0x34000000, 0x34c00000, 0x38000000)
   the space 12288K,  69% used [0x34000000, 0x34851828, 0x34851a00, 0x34c00000)
    ro space 10240K,  42% used [0x38000000, 0x38434778, 0x38434800, 0x38a00000)
    rw space 12288K,  52% used [0x38a00000, 0x39049a68, 0x39049c00, 0x39600000)
}
Event: 3.009 GC heap before
{Heap before GC invocations=13 (full 2):
 def new generation   total 10880K, used 10444K [0x24000000, 0x24bc0000, 0x29550000)
  eden space 9728K,  96% used [0x24000000, 0x2492f0c8, 0x24980000)
  from space 1152K,  90% used [0x24aa0000, 0x24ba42a8, 0x24bc0000)
  to   space 1152K,   0% used [0x24980000, 0x24980000, 0x24aa0000)
 tenured generation   total 23996K, used 21850K [0x29550000, 0x2acbf000, 0x34000000)
   the space 23996K,  91% used [0x29550000, 0x2aaa6938, 0x2aaa6a00, 0x2acbf000)
 compacting perm gen  total 12288K, used 8518K [0x34000000, 0x34c00000, 0x38000000)
   the space 12288K,  69% used [0x34000000, 0x34851828, 0x34851a00, 0x34c00000)
    ro space 10240K,  42% used [0x38000000, 0x38434778, 0x38434800, 0x38a00000)
    rw space 12288K,  52% used [0x38a00000, 0x39049a68, 0x39049c00, 0x39600000)
Event: 3.058 GC heap after
Heap after GC invocations=14 (full 3):
 def new generation   total 14080K, used 0K [0x24000000, 0x24f40000, 0x29550000)
  eden space 12544K,   0% used [0x24000000, 0x24000000, 0x24c40000)
  from space 1536K,   0% used [0x24c40000, 0x24c40000, 0x24dc0000)
  to   space 1536K,   0% used [0x24dc0000, 0x24dc0000, 0x24f40000)
 tenured generation   total 31156K, used 18692K [0x29550000, 0x2b3bd000, 0x34000000)
   the space 31156K,  59% used [0x29550000, 0x2a791370, 0x2a791400, 0x2b3bd000)
 compacting perm gen  total 12288K, used 8518K [0x34000000, 0x34c00000, 0x38000000)
   the space 12288K,  69% used [0x34000000, 0x34851828, 0x34851a00, 0x34c00000)
    ro space 10240K,  42% used [0x38000000, 0x38434778, 0x38434800, 0x38a00000)
    rw space 12288K,  52% used [0x38a00000, 0x39049a68, 0x39049c00, 0x39600000)
}

