# JRE version: Java(TM) SE Runtime Environment (7.0_60-b19) (build 1.7.0_60-b19)
# Java VM: Java HotSpot(TM) Client VM (24.60-b09 mixed mode, sharing windows-x86 )
Heap
 def new generation   total 13376K, used 4052K [0x24000000, 0x24e80000, 0x29550000)
  eden space 11904K,  34% used [0x24000000, 0x243f5190, 0x24ba0000)
  from space 1472K,   0% used [0x24ba0000, 0x24ba0000, 0x24d10000)
  to   space 1472K,   0% used [0x24d10000, 0x24d10000, 0x24e80000)
 tenured generation   total 29564K, used 17738K [0x29550000, 0x2b22f000, 0x34000000)
   the space 29564K,  59% used [0x29550000, 0x2a6a28f8, 0x2a6a2a00, 0x2b22f000)
 compacting perm gen  total 12288K, used 8566K [0x34000000, 0x34c00000, 0x38000000)
   the space 12288K,  69% used [0x34000000, 0x3485daa8, 0x3485dc00, 0x34c00000)
    ro space 10240K,  42% used [0x38000000, 0x38434778, 0x38434800, 0x38a00000)
    rw space 12288K,  52% used [0x38a00000, 0x39049a68, 0x39049c00, 0x39600000)
GC Heap History (10 events):
Event: 2.855 GC heap before
{Heap before GC invocations=9 (full 1):
 def new generation   total 9408K, used 9407K [0x24000000, 0x24a30000, 0x29550000)
  eden space 8384K, 100% used [0x24000000, 0x24830000, 0x24830000)
  from space 1024K,  99% used [0x24930000, 0x24a2fff8, 0x24a30000)
  to   space 1024K,   0% used [0x24830000, 0x24830000, 0x24930000)
 tenured generation   total 20772K, used 15799K [0x29550000, 0x2a999000, 0x34000000)
   the space 20772K,  76% used [0x29550000, 0x2a4bdc90, 0x2a4bde00, 0x2a999000)
 compacting perm gen  total 12288K, used 7711K [0x34000000, 0x34c00000, 0x38000000)
   the space 12288K,  62% used [0x34000000, 0x34787c88, 0x34787e00, 0x34c00000)
    ro space 10240K,  42% used [0x38000000, 0x38434778, 0x38434800, 0x38a00000)
    rw space 12288K,  52% used [0x38a00000, 0x39049a68, 0x39049c00, 0x39600000)
Event: 2.864 GC heap after
Heap after GC invocations=10 (full 1):
 def new generation   total 9408K, used 1023K [0x24000000, 0x24a30000, 0x29550000)
  eden space 8384K,   0% used [0x24000000, 0x24000000, 0x24830000)
  from space 1024K,  99% used [0x24830000, 0x2492fff8, 0x24930000)
  to   space 1024K,   0% used [0x24930000, 0x24930000, 0x24a30000)
 tenured generation   total 20772K, used 17357K [0x29550000, 0x2a999000, 0x34000000)
   the space 20772K,  83% used [0x29550000, 0x2a643588, 0x2a643600, 0x2a999000)
 compacting perm gen  total 12288K, used 7711K [0x34000000, 0x34c00000, 0x38000000)
   the space 12288K,  62% used [0x34000000, 0x34787c88, 0x34787e00, 0x34c00000)
    ro space 10240K,  42% used [0x38000000, 0x38434778, 0x38434800, 0x38a00000)
    rw space 12288K,  52% used [0x38a00000, 0x39049a68, 0x39049c00, 0x39600000)
}
Event: 3.051 GC heap before
{Heap before GC invocations=10 (full 1):
 def new generation   total 9408K, used 9407K [0x24000000, 0x24a30000, 0x29550000)
  eden space 8384K, 100% used [0x24000000, 0x24830000, 0x24830000)
  from space 1024K,  99% used [0x24830000, 0x2492fff8, 0x24930000)
  to   space 1024K,   0% used [0x24930000, 0x24930000, 0x24a30000)
 tenured generation   total 20772K, used 17357K [0x29550000, 0x2a999000, 0x34000000)
   the space 20772K,  83% used [0x29550000, 0x2a643588, 0x2a643600, 0x2a999000)
 compacting perm gen  total 12288K, used 8204K [0x34000000, 0x34c00000, 0x38000000)
   the space 12288K,  66% used [0x34000000, 0x34803090, 0x34803200, 0x34c00000)
    ro space 10240K,  42% used [0x38000000, 0x38434778, 0x38434800, 0x38a00000)
    rw space 12288K,  52% used [0x38a00000, 0x39049a68, 0x39049c00, 0x39600000)
Event: 3.057 GC heap after
Heap after GC invocations=11 (full 1):
 def new generation   total 9408K, used 1024K [0x24000000, 0x24a30000, 0x29550000)
  eden space 8384K,   0% used [0x24000000, 0x24000000, 0x24830000)
  from space 1024K, 100% used [0x24930000, 0x24a30000, 0x24a30000)
  to   space 1024K,   0% used [0x24830000, 0x24830000, 0x24930000)
 tenured generation   total 20772K, used 19660K [0x29550000, 0x2a999000, 0x34000000)
   the space 20772K,  94% used [0x29550000, 0x2a8830a0, 0x2a883200, 0x2a999000)
 compacting perm gen  total 12288K, used 8204K [0x34000000, 0x34c00000, 0x38000000)
   the space 12288K,  66% used [0x34000000, 0x34803090, 0x34803200, 0x34c00000)
    ro space 10240K,  42% used [0x38000000, 0x38434778, 0x38434800, 0x38a00000)
    rw space 12288K,  52% used [0x38a00000, 0x39049a68, 0x39049c00, 0x39600000)
}
Event: 3.133 GC heap before
{Heap before GC invocations=11 (full 1):
 def new generation   total 9408K, used 9408K [0x24000000, 0x24a30000, 0x29550000)
  eden space 8384K, 100% used [0x24000000, 0x24830000, 0x24830000)
  from space 1024K, 100% used [0x24930000, 0x24a30000, 0x24a30000)
  to   space 1024K,   0% used [0x24830000, 0x24830000, 0x24930000)
 tenured generation   total 20772K, used 19660K [0x29550000, 0x2a999000, 0x34000000)
   the space 20772K,  94% used [0x29550000, 0x2a8830a0, 0x2a883200, 0x2a999000)
 compacting perm gen  total 12288K, used 8517K [0x34000000, 0x34c00000, 0x38000000)
   the space 12288K,  69% used [0x34000000, 0x34851760, 0x34851800, 0x34c00000)
    ro space 10240K,  42% used [0x38000000, 0x38434778, 0x38434800, 0x38a00000)
    rw space 12288K,  52% used [0x38a00000, 0x39049a68, 0x39049c00, 0x39600000)
Event: 3.187 GC heap after
Heap after GC invocations=12 (full 2):
 def new generation   total 11584K, used 0K [0x24000000, 0x24c90000, 0x29550000)
  eden space 10304K,   0% used [0x24000000, 0x24000000, 0x24a10000)
  from space 1280K,   0% used [0x24a10000, 0x24a10000, 0x24b50000)
  to   space 1280K,   0% used [0x24b50000, 0x24b50000, 0x24c90000)
 tenured generation   total 25596K, used 15339K [0x29550000, 0x2ae4f000, 0x34000000)
   the space 25596K,  59% used [0x29550000, 0x2a44ac10, 0x2a44ae00, 0x2ae4f000)
 compacting perm gen  total 12288K, used 8517K [0x34000000, 0x34c00000, 0x38000000)
   the space 12288K,  69% used [0x34000000, 0x34851760, 0x34851800, 0x34c00000)
    ro space 10240K,  42% used [0x38000000, 0x38434778, 0x38434800, 0x38a00000)
    rw space 12288K,  52% used [0x38a00000, 0x39049a68, 0x39049c00, 0x39600000)
}
Event: 3.204 GC heap before
{Heap before GC invocations=12 (full 2):
 def new generation   total 11584K, used 9623K [0x24000000, 0x24c90000, 0x29550000)
  eden space 10304K,  93% used [0x24000000, 0x24965ef0, 0x24a10000)
  from space 1280K,   0% used [0x24a10000, 0x24a10000, 0x24b50000)
  to   space 1280K,   0% used [0x24b50000, 0x24b50000, 0x24c90000)
 tenured generation   total 25596K, used 15339K [0x29550000, 0x2ae4f000, 0x34000000)
   the space 25596K,  59% used [0x29550000, 0x2a44ac10, 0x2a44ae00, 0x2ae4f000)
 compacting perm gen  total 12288K, used 8517K [0x34000000, 0x34c00000, 0x38000000)
   the space 12288K,  69% used [0x34000000, 0x348517b0, 0x34851800, 0x34c00000)
    ro space 10240K,  42% used [0x38000000, 0x38434778, 0x38434800, 0x38a00000)
    rw space 12288K,  52% used [0x38a00000, 0x39049a68, 0x39049c00, 0x39600000)
Event: 3.207 GC heap after
Heap after GC invocations=13 (full 2):
 def new generation   total 11584K, used 42K [0x24000000, 0x24c90000, 0x29550000)
  eden space 10304K,   0% used [0x24000000, 0x24000000, 0x24a10000)
  from space 1280K,   3% used [0x24b50000, 0x24b5ab40, 0x24c90000)
  to   space 1280K,   0% used [0x24a10000, 0x24a10000, 0x24b50000)
 tenured generation   total 25596K, used 24657K [0x29550000, 0x2ae4f000, 0x34000000)
   the space 25596K,  96% used [0x29550000, 0x2ad64688, 0x2ad64800, 0x2ae4f000)
 compacting perm gen  total 12288K, used 8517K [0x34000000, 0x34c00000, 0x38000000)
   the space 12288K,  69% used [0x34000000, 0x348517b0, 0x34851800, 0x34c00000)
    ro space 10240K,  42% used [0x38000000, 0x38434778, 0x38434800, 0x38a00000)
    rw space 12288K,  52% used [0x38a00000, 0x39049a68, 0x39049c00, 0x39600000)
}
Event: 3.220 GC heap before
{Heap before GC invocations=13 (full 2):
 def new generation   total 11584K, used 9459K [0x24000000, 0x24c90000, 0x29550000)
  eden space 10304K,  91% used [0x24000000, 0x24932378, 0x24a10000)
  from space 1280K,   3% used [0x24b50000, 0x24b5ab40, 0x24c90000)
  to   space 1280K,   0% used [0x24a10000, 0x24a10000, 0x24b50000)
 tenured generation   total 25596K, used 24657K [0x29550000, 0x2ae4f000, 0x34000000)
   the space 25596K,  96% used [0x29550000, 0x2ad64688, 0x2ad64800, 0x2ae4f000)
 compacting perm gen  total 12288K, used 8517K [0x34000000, 0x34c00000, 0x38000000)
   the space 12288K,  69% used [0x34000000, 0x348517f0, 0x34851800, 0x34c00000)
    ro space 10240K,  42% used [0x38000000, 0x38434778, 0x38434800, 0x38a00000)
    rw space 12288K,  52% used [0x38a00000, 0x39049a68, 0x39049c00, 0x39600000)
Event: 3.261 GC heap after
Heap after GC invocations=14 (full 3):
 def new generation   total 13376K, used 0K [0x24000000, 0x24e80000, 0x29550000)
  eden space 11904K,   0% used [0x24000000, 0x24000000, 0x24ba0000)
  from space 1472K,   0% used [0x24ba0000, 0x24ba0000, 0x24d10000)
  to   space 1472K,   0% used [0x24d10000, 0x24d10000, 0x24e80000)
 tenured generation   total 29564K, used 17738K [0x29550000, 0x2b22f000, 0x34000000)
   the space 29564K,  59% used [0x29550000, 0x2a6a28f8, 0x2a6a2a00, 0x2b22f000)
 compacting perm gen  total 12288K, used 8517K [0x34000000, 0x34c00000, 0x38000000)
   the space 12288K,  69% used [0x34000000, 0x348517f0, 0x34851800, 0x34c00000)
    ro space 10240K,  42% used [0x38000000, 0x38434778, 0x38434800, 0x38a00000)
    rw space 12288K,  52% used [0x38a00000, 0x39049a68, 0x39049c00, 0x39600000)
}

