# JRE version: Java(TM) SE Runtime Environment (7.0_60-b19) (build 1.7.0_60-b19)
# Java VM: Java HotSpot(TM) Client VM (24.60-b09 mixed mode, sharing windows-x86 )
Heap
 def new generation   total 13312K, used 4038K [0x24000000, 0x24e70000, 0x29550000)
  eden space 11840K,  34% used [0x24000000, 0x243f1810, 0x24b90000)
  from space 1472K,   0% used [0x24b90000, 0x24b90000, 0x24d00000)
  to   space 1472K,   0% used [0x24d00000, 0x24d00000, 0x24e70000)
 tenured generation   total 29512K, used 17706K [0x29550000, 0x2b222000, 0x34000000)
   the space 29512K,  59% used [0x29550000, 0x2a69ab90, 0x2a69ac00, 0x2b222000)
 compacting perm gen  total 12288K, used 8570K [0x34000000, 0x34c00000, 0x38000000)
   the space 12288K,  69% used [0x34000000, 0x3485eb08, 0x3485ec00, 0x34c00000)
    ro space 10240K,  42% used [0x38000000, 0x38434778, 0x38434800, 0x38a00000)
    rw space 12288K,  52% used [0x38a00000, 0x39049a68, 0x39049c00, 0x39600000)
GC Heap History (10 events):
Event: 2.877 GC heap before
{Heap before GC invocations=9 (full 1):
 def new generation   total 9408K, used 9408K [0x24000000, 0x24a30000, 0x29550000)
  eden space 8384K, 100% used [0x24000000, 0x24830000, 0x24830000)
  from space 1024K, 100% used [0x24930000, 0x24a30000, 0x24a30000)
  to   space 1024K,   0% used [0x24830000, 0x24830000, 0x24930000)
 tenured generation   total 20720K, used 15761K [0x29550000, 0x2a98c000, 0x34000000)
   the space 20720K,  76% used [0x29550000, 0x2a4b4478, 0x2a4b4600, 0x2a98c000)
 compacting perm gen  total 12288K, used 7424K [0x34000000, 0x34c00000, 0x38000000)
   the space 12288K,  60% used [0x34000000, 0x34740310, 0x34740400, 0x34c00000)
    ro space 10240K,  42% used [0x38000000, 0x38434778, 0x38434800, 0x38a00000)
    rw space 12288K,  52% used [0x38a00000, 0x39049a68, 0x39049c00, 0x39600000)
Event: 2.886 GC heap after
Heap after GC invocations=10 (full 1):
 def new generation   total 9408K, used 1024K [0x24000000, 0x24a30000, 0x29550000)
  eden space 8384K,   0% used [0x24000000, 0x24000000, 0x24830000)
  from space 1024K, 100% used [0x24830000, 0x24930000, 0x24930000)
  to   space 1024K,   0% used [0x24930000, 0x24930000, 0x24a30000)
 tenured generation   total 20720K, used 17783K [0x29550000, 0x2a98c000, 0x34000000)
   the space 20720K,  85% used [0x29550000, 0x2a6adf70, 0x2a6ae000, 0x2a98c000)
 compacting perm gen  total 12288K, used 7424K [0x34000000, 0x34c00000, 0x38000000)
   the space 12288K,  60% used [0x34000000, 0x34740310, 0x34740400, 0x34c00000)
    ro space 10240K,  42% used [0x38000000, 0x38434778, 0x38434800, 0x38a00000)
    rw space 12288K,  52% used [0x38a00000, 0x39049a68, 0x39049c00, 0x39600000)
}
Event: 3.051 GC heap before
{Heap before GC invocations=10 (full 1):
 def new generation   total 9408K, used 9408K [0x24000000, 0x24a30000, 0x29550000)
  eden space 8384K, 100% used [0x24000000, 0x24830000, 0x24830000)
  from space 1024K, 100% used [0x24830000, 0x24930000, 0x24930000)
  to   space 1024K,   0% used [0x24930000, 0x24930000, 0x24a30000)
 tenured generation   total 20720K, used 17783K [0x29550000, 0x2a98c000, 0x34000000)
   the space 20720K,  85% used [0x29550000, 0x2a6adf70, 0x2a6ae000, 0x2a98c000)
 compacting perm gen  total 12288K, used 8078K [0x34000000, 0x34c00000, 0x38000000)
   the space 12288K,  65% used [0x34000000, 0x347e3990, 0x347e3a00, 0x34c00000)
    ro space 10240K,  42% used [0x38000000, 0x38434778, 0x38434800, 0x38a00000)
    rw space 12288K,  52% used [0x38a00000, 0x39049a68, 0x39049c00, 0x39600000)
Event: 3.056 GC heap after
Heap after GC invocations=11 (full 1):
 def new generation   total 9408K, used 1024K [0x24000000, 0x24a30000, 0x29550000)
  eden space 8384K,   0% used [0x24000000, 0x24000000, 0x24830000)
  from space 1024K, 100% used [0x24930000, 0x24a30000, 0x24a30000)
  to   space 1024K,   0% used [0x24830000, 0x24830000, 0x24930000)
 tenured generation   total 20720K, used 20208K [0x29550000, 0x2a98c000, 0x34000000)
   the space 20720K,  97% used [0x29550000, 0x2a90c3f0, 0x2a90c400, 0x2a98c000)
 compacting perm gen  total 12288K, used 8078K [0x34000000, 0x34c00000, 0x38000000)
   the space 12288K,  65% used [0x34000000, 0x347e3990, 0x347e3a00, 0x34c00000)
    ro space 10240K,  42% used [0x38000000, 0x38434778, 0x38434800, 0x38a00000)
    rw space 12288K,  52% used [0x38a00000, 0x39049a68, 0x39049c00, 0x39600000)
}
Event: 3.133 GC heap before
{Heap before GC invocations=11 (full 1):
 def new generation   total 9408K, used 9408K [0x24000000, 0x24a30000, 0x29550000)
  eden space 8384K, 100% used [0x24000000, 0x24830000, 0x24830000)
  from space 1024K, 100% used [0x24930000, 0x24a30000, 0x24a30000)
  to   space 1024K,   0% used [0x24830000, 0x24830000, 0x24930000)
 tenured generation   total 20720K, used 20208K [0x29550000, 0x2a98c000, 0x34000000)
   the space 20720K,  97% used [0x29550000, 0x2a90c3f0, 0x2a90c400, 0x2a98c000)
 compacting perm gen  total 12288K, used 8516K [0x34000000, 0x34c00000, 0x38000000)
   the space 12288K,  69% used [0x34000000, 0x348510e0, 0x34851200, 0x34c00000)
    ro space 10240K,  42% used [0x38000000, 0x38434778, 0x38434800, 0x38a00000)
    rw space 12288K,  52% used [0x38a00000, 0x39049a68, 0x39049c00, 0x39600000)
Event: 3.175 GC heap after
Heap after GC invocations=12 (full 2):
 def new generation   total 12416K, used 0K [0x24000000, 0x24d70000, 0x29550000)
  eden space 11072K,   0% used [0x24000000, 0x24000000, 0x24ad0000)
  from space 1344K,   0% used [0x24ad0000, 0x24ad0000, 0x24c20000)
  to   space 1344K,   0% used [0x24c20000, 0x24c20000, 0x24d70000)
 tenured generation   total 27400K, used 16439K [0x29550000, 0x2b012000, 0x34000000)
   the space 27400K,  59% used [0x29550000, 0x2a55dd68, 0x2a55de00, 0x2b012000)
 compacting perm gen  total 12288K, used 8516K [0x34000000, 0x34c00000, 0x38000000)
   the space 12288K,  69% used [0x34000000, 0x348510e0, 0x34851200, 0x34c00000)
    ro space 10240K,  42% used [0x38000000, 0x38434778, 0x38434800, 0x38a00000)
    rw space 12288K,  52% used [0x38a00000, 0x39049a68, 0x39049c00, 0x39600000)
}
Event: 3.192 GC heap before
{Heap before GC invocations=12 (full 2):
 def new generation   total 12416K, used 9578K [0x24000000, 0x24d70000, 0x29550000)
  eden space 11072K,  86% used [0x24000000, 0x2495aac0, 0x24ad0000)
  from space 1344K,   0% used [0x24ad0000, 0x24ad0000, 0x24c20000)
  to   space 1344K,   0% used [0x24c20000, 0x24c20000, 0x24d70000)
 tenured generation   total 27400K, used 16439K [0x29550000, 0x2b012000, 0x34000000)
   the space 27400K,  59% used [0x29550000, 0x2a55dd68, 0x2a55de00, 0x2b012000)
 compacting perm gen  total 12288K, used 8517K [0x34000000, 0x34c00000, 0x38000000)
   the space 12288K,  69% used [0x34000000, 0x348517d8, 0x34851800, 0x34c00000)
    ro space 10240K,  42% used [0x38000000, 0x38434778, 0x38434800, 0x38a00000)
    rw space 12288K,  52% used [0x38a00000, 0x39049a68, 0x39049c00, 0x39600000)
Event: 3.195 GC heap after
Heap after GC invocations=13 (full 2):
 def new generation   total 12416K, used 41K [0x24000000, 0x24d70000, 0x29550000)
  eden space 11072K,   0% used [0x24000000, 0x24000000, 0x24ad0000)
  from space 1344K,   3% used [0x24c20000, 0x24c2a6c0, 0x24d70000)
  to   space 1344K,   0% used [0x24ad0000, 0x24ad0000, 0x24c20000)
 tenured generation   total 27400K, used 25757K [0x29550000, 0x2b012000, 0x34000000)
   the space 27400K,  94% used [0x29550000, 0x2ae777e0, 0x2ae77800, 0x2b012000)
 compacting perm gen  total 12288K, used 8517K [0x34000000, 0x34c00000, 0x38000000)
   the space 12288K,  69% used [0x34000000, 0x348517d8, 0x34851800, 0x34c00000)
    ro space 10240K,  42% used [0x38000000, 0x38434778, 0x38434800, 0x38a00000)
    rw space 12288K,  52% used [0x38a00000, 0x39049a68, 0x39049c00, 0x39600000)
}
Event: 3.212 GC heap before
{Heap before GC invocations=13 (full 2):
 def new generation   total 12416K, used 9461K [0x24000000, 0x24d70000, 0x29550000)
  eden space 11072K,  85% used [0x24000000, 0x24933098, 0x24ad0000)
  from space 1344K,   3% used [0x24c20000, 0x24c2a6c0, 0x24d70000)
  to   space 1344K,   0% used [0x24ad0000, 0x24ad0000, 0x24c20000)
 tenured generation   total 27400K, used 25757K [0x29550000, 0x2b012000, 0x34000000)
   the space 27400K,  94% used [0x29550000, 0x2ae777e0, 0x2ae77800, 0x2b012000)
 compacting perm gen  total 12288K, used 8518K [0x34000000, 0x34c00000, 0x38000000)
   the space 12288K,  69% used [0x34000000, 0x34851818, 0x34851a00, 0x34c00000)
    ro space 10240K,  42% used [0x38000000, 0x38434778, 0x38434800, 0x38a00000)
    rw space 12288K,  52% used [0x38a00000, 0x39049a68, 0x39049c00, 0x39600000)
Event: 3.253 GC heap after
Heap after GC invocations=14 (full 3):
 def new generation   total 13312K, used 0K [0x24000000, 0x24e70000, 0x29550000)
  eden space 11840K,   0% used [0x24000000, 0x24000000, 0x24b90000)
  from space 1472K,   0% used [0x24b90000, 0x24b90000, 0x24d00000)
  to   space 1472K,   0% used [0x24d00000, 0x24d00000, 0x24e70000)
 tenured generation   total 29512K, used 17706K [0x29550000, 0x2b222000, 0x34000000)
   the space 29512K,  59% used [0x29550000, 0x2a69ab90, 0x2a69ac00, 0x2b222000)
 compacting perm gen  total 12288K, used 8518K [0x34000000, 0x34c00000, 0x38000000)
   the space 12288K,  69% used [0x34000000, 0x34851818, 0x34851a00, 0x34c00000)
    ro space 10240K,  42% used [0x38000000, 0x38434778, 0x38434800, 0x38a00000)
    rw space 12288K,  52% used [0x38a00000, 0x39049a68, 0x39049c00, 0x39600000)
}

