# JRE version: Java(TM) SE Runtime Environment (7.0_60-b19) (build 1.7.0_60-b19)
# Java VM: Java HotSpot(TM) Client VM (24.60-b09 mixed mode, sharing windows-x86 )
Heap
 def new generation   total 30720K, used 26644K [0x24000000, 0x26150000, 0x29550000)
  eden space 27328K,  85% used [0x24000000, 0x256b5138, 0x25ab0000)
  from space 3392K, 100% used [0x25ab0000, 0x25e00000, 0x25e00000)
  to   space 3392K,   0% used [0x25e00000, 0x25e00000, 0x26150000)
 tenured generation   total 68112K, used 57329K [0x29550000, 0x2d7d4000, 0x34000000)
   the space 68112K,  84% used [0x29550000, 0x2cd4c7b8, 0x2cd4c800, 0x2d7d4000)
 compacting perm gen  total 12288K, used 9691K [0x34000000, 0x34c00000, 0x38000000)
   the space 12288K,  78% used [0x34000000, 0x34976e20, 0x34977000, 0x34c00000)
    ro space 10240K,  42% used [0x38000000, 0x38434778, 0x38434800, 0x38a00000)
    rw space 12288K,  52% used [0x38a00000, 0x39049a68, 0x39049c00, 0x39600000)
GC Heap History (10 events):
Event: 16.211 GC heap before
{Heap before GC invocations=28 (full 5):
 def new generation   total 23104K, used 22758K [0x24000000, 0x25910000, 0x29550000)
  eden space 20544K,  99% used [0x24000000, 0x253eda50, 0x25410000)
  from space 2560K,  91% used [0x25690000, 0x258dc0e0, 0x25910000)
  to   space 2560K,   0% used [0x25410000, 0x25410000, 0x25690000)
 tenured generation   total 51084K, used 48644K [0x29550000, 0x2c733000, 0x34000000)
   the space 51084K,  95% used [0x29550000, 0x2c4d1310, 0x2c4d1400, 0x2c733000)
 compacting perm gen  total 12288K, used 8790K [0x34000000, 0x34c00000, 0x38000000)
   the space 12288K,  71% used [0x34000000, 0x348958e0, 0x34895a00, 0x34c00000)
    ro space 10240K,  42% used [0x38000000, 0x38434778, 0x38434800, 0x38a00000)
    rw space 12288K,  52% used [0x38a00000, 0x39049a68, 0x39049c00, 0x39600000)
Event: 16.260 GC heap after
Heap after GC invocations=29 (full 6):
 def new generation   total 30720K, used 0K [0x24000000, 0x26150000, 0x29550000)
  eden space 27328K,   0% used [0x24000000, 0x24000000, 0x25ab0000)
  from space 3392K,   0% used [0x25ab0000, 0x25ab0000, 0x25e00000)
  to   space 3392K,   0% used [0x25e00000, 0x25e00000, 0x26150000)
 tenured generation   total 68112K, used 40865K [0x29550000, 0x2d7d4000, 0x34000000)
   the space 68112K,  59% used [0x29550000, 0x2bd38658, 0x2bd38800, 0x2d7d4000)
 compacting perm gen  total 12288K, used 8790K [0x34000000, 0x34c00000, 0x38000000)
   the space 12288K,  71% used [0x34000000, 0x348958e0, 0x34895a00, 0x34c00000)
    ro space 10240K,  42% used [0x38000000, 0x38434778, 0x38434800, 0x38a00000)
    rw space 12288K,  52% used [0x38a00000, 0x39049a68, 0x39049c00, 0x39600000)
}
Event: 16.482 GC heap before
{Heap before GC invocations=29 (full 6):
 def new generation   total 30720K, used 27235K [0x24000000, 0x26150000, 0x29550000)
  eden space 27328K,  99% used [0x24000000, 0x25a98d70, 0x25ab0000)
  from space 3392K,   0% used [0x25ab0000, 0x25ab0000, 0x25e00000)
  to   space 3392K,   0% used [0x25e00000, 0x25e00000, 0x26150000)
 tenured generation   total 68112K, used 40865K [0x29550000, 0x2d7d4000, 0x34000000)
   the space 68112K,  59% used [0x29550000, 0x2bd38658, 0x2bd38800, 0x2d7d4000)
 compacting perm gen  total 12288K, used 8790K [0x34000000, 0x34c00000, 0x38000000)
   the space 12288K,  71% used [0x34000000, 0x348958f0, 0x34895a00, 0x34c00000)
    ro space 10240K,  42% used [0x38000000, 0x38434778, 0x38434800, 0x38a00000)
    rw space 12288K,  52% used [0x38a00000, 0x39049a68, 0x39049c00, 0x39600000)
Event: 16.484 GC heap after
Heap after GC invocations=30 (full 6):
 def new generation   total 30720K, used 1079K [0x24000000, 0x26150000, 0x29550000)
  eden space 27328K,   0% used [0x24000000, 0x24000000, 0x25ab0000)
  from space 3392K,  31% used [0x25e00000, 0x25f0de08, 0x26150000)
  to   space 3392K,   0% used [0x25ab0000, 0x25ab0000, 0x25e00000)
 tenured generation   total 68112K, used 40865K [0x29550000, 0x2d7d4000, 0x34000000)
   the space 68112K,  59% used [0x29550000, 0x2bd38658, 0x2bd38800, 0x2d7d4000)
 compacting perm gen  total 12288K, used 8790K [0x34000000, 0x34c00000, 0x38000000)
   the space 12288K,  71% used [0x34000000, 0x348958f0, 0x34895a00, 0x34c00000)
    ro space 10240K,  42% used [0x38000000, 0x38434778, 0x38434800, 0x38a00000)
    rw space 12288K,  52% used [0x38a00000, 0x39049a68, 0x39049c00, 0x39600000)
}
Event: 19.377 GC heap before
{Heap before GC invocations=30 (full 6):
 def new generation   total 30720K, used 28407K [0x24000000, 0x26150000, 0x29550000)
  eden space 27328K, 100% used [0x24000000, 0x25ab0000, 0x25ab0000)
  from space 3392K,  31% used [0x25e00000, 0x25f0de08, 0x26150000)
  to   space 3392K,   0% used [0x25ab0000, 0x25ab0000, 0x25e00000)
 tenured generation   total 68112K, used 40865K [0x29550000, 0x2d7d4000, 0x34000000)
   the space 68112K,  59% used [0x29550000, 0x2bd38658, 0x2bd38800, 0x2d7d4000)
 compacting perm gen  total 12288K, used 9437K [0x34000000, 0x34c00000, 0x38000000)
   the space 12288K,  76% used [0x34000000, 0x34937598, 0x34937600, 0x34c00000)
    ro space 10240K,  42% used [0x38000000, 0x38434778, 0x38434800, 0x38a00000)
    rw space 12288K,  52% used [0x38a00000, 0x39049a68, 0x39049c00, 0x39600000)
Event: 19.381 GC heap after
Heap after GC invocations=31 (full 6):
 def new generation   total 30720K, used 1060K [0x24000000, 0x26150000, 0x29550000)
  eden space 27328K,   0% used [0x24000000, 0x24000000, 0x25ab0000)
  from space 3392K,  31% used [0x25ab0000, 0x25bb91c8, 0x25e00000)
  to   space 3392K,   0% used [0x25e00000, 0x25e00000, 0x26150000)
 tenured generation   total 68112K, used 40865K [0x29550000, 0x2d7d4000, 0x34000000)
   the space 68112K,  59% used [0x29550000, 0x2bd38658, 0x2bd38800, 0x2d7d4000)
 compacting perm gen  total 12288K, used 9437K [0x34000000, 0x34c00000, 0x38000000)
   the space 12288K,  76% used [0x34000000, 0x34937598, 0x34937600, 0x34c00000)
    ro space 10240K,  42% used [0x38000000, 0x38434778, 0x38434800, 0x38a00000)
    rw space 12288K,  52% used [0x38a00000, 0x39049a68, 0x39049c00, 0x39600000)
}
Event: 21.860 GC heap before
{Heap before GC invocations=31 (full 6):
 def new generation   total 30720K, used 28388K [0x24000000, 0x26150000, 0x29550000)
  eden space 27328K, 100% used [0x24000000, 0x25ab0000, 0x25ab0000)
  from space 3392K,  31% used [0x25ab0000, 0x25bb91c8, 0x25e00000)
  to   space 3392K,   0% used [0x25e00000, 0x25e00000, 0x26150000)
 tenured generation   total 68112K, used 40865K [0x29550000, 0x2d7d4000, 0x34000000)
   the space 68112K,  59% used [0x29550000, 0x2bd38658, 0x2bd38800, 0x2d7d4000)
 compacting perm gen  total 12288K, used 9520K [0x34000000, 0x34c00000, 0x38000000)
   the space 12288K,  77% used [0x34000000, 0x3494c108, 0x3494c200, 0x34c00000)
    ro space 10240K,  42% used [0x38000000, 0x38434778, 0x38434800, 0x38a00000)
    rw space 12288K,  52% used [0x38a00000, 0x39049a68, 0x39049c00, 0x39600000)
Event: 21.866 GC heap after
Heap after GC invocations=32 (full 6):
 def new generation   total 30720K, used 3026K [0x24000000, 0x26150000, 0x29550000)
  eden space 27328K,   0% used [0x24000000, 0x24000000, 0x25ab0000)
  from space 3392K,  89% used [0x25e00000, 0x260f4920, 0x26150000)
  to   space 3392K,   0% used [0x25ab0000, 0x25ab0000, 0x25e00000)
 tenured generation   total 68112K, used 50050K [0x29550000, 0x2d7d4000, 0x34000000)
   the space 68112K,  73% used [0x29550000, 0x2c6308b8, 0x2c630a00, 0x2d7d4000)
 compacting perm gen  total 12288K, used 9520K [0x34000000, 0x34c00000, 0x38000000)
   the space 12288K,  77% used [0x34000000, 0x3494c108, 0x3494c200, 0x34c00000)
    ro space 10240K,  42% used [0x38000000, 0x38434778, 0x38434800, 0x38a00000)
    rw space 12288K,  52% used [0x38a00000, 0x39049a68, 0x39049c00, 0x39600000)
}
Event: 23.979 GC heap before
{Heap before GC invocations=32 (full 6):
 def new generation   total 30720K, used 30341K [0x24000000, 0x26150000, 0x29550000)
  eden space 27328K,  99% used [0x24000000, 0x25aacda8, 0x25ab0000)
  from space 3392K,  89% used [0x25e00000, 0x260f4920, 0x26150000)
  to   space 3392K,   0% used [0x25ab0000, 0x25ab0000, 0x25e00000)
 tenured generation   total 68112K, used 50050K [0x29550000, 0x2d7d4000, 0x34000000)
   the space 68112K,  73% used [0x29550000, 0x2c6308b8, 0x2c630a00, 0x2d7d4000)
 compacting perm gen  total 12288K, used 9687K [0x34000000, 0x34c00000, 0x38000000)
   the space 12288K,  78% used [0x34000000, 0x34975f60, 0x34976000, 0x34c00000)
    ro space 10240K,  42% used [0x38000000, 0x38434778, 0x38434800, 0x38a00000)
    rw space 12288K,  52% used [0x38a00000, 0x39049a68, 0x39049c00, 0x39600000)
Event: 23.989 GC heap after
Heap after GC invocations=33 (full 6):
 def new generation   total 30720K, used 3392K [0x24000000, 0x26150000, 0x29550000)
  eden space 27328K,   0% used [0x24000000, 0x24000000, 0x25ab0000)
  from space 3392K, 100% used [0x25ab0000, 0x25e00000, 0x25e00000)
  to   space 3392K,   0% used [0x25e00000, 0x25e00000, 0x26150000)
 tenured generation   total 68112K, used 57329K [0x29550000, 0x2d7d4000, 0x34000000)
   the space 68112K,  84% used [0x29550000, 0x2cd4c7b8, 0x2cd4c800, 0x2d7d4000)
 compacting perm gen  total 12288K, used 9687K [0x34000000, 0x34c00000, 0x38000000)
   the space 12288K,  78% used [0x34000000, 0x34975f60, 0x34976000, 0x34c00000)
    ro space 10240K,  42% used [0x38000000, 0x38434778, 0x38434800, 0x38a00000)
    rw space 12288K,  52% used [0x38a00000, 0x39049a68, 0x39049c00, 0x39600000)
}

