# JRE version: Java(TM) SE Runtime Environment (7.0_60-b19) (build 1.7.0_60-b19)
# Java VM: Java HotSpot(TM) Client VM (24.60-b09 mixed mode, sharing windows-x86 )
Heap
 def new generation   total 37824K, used 14367K [0x24000000, 0x26900000, 0x29550000)
  eden space 33664K,  30% used [0x24000000, 0x249fc818, 0x260e0000)
  from space 4160K,  99% used [0x264f0000, 0x268fb7a8, 0x26900000)
  to   space 4160K,   0% used [0x260e0000, 0x260e0000, 0x264f0000)
 tenured generation   total 83704K, used 82631K [0x29550000, 0x2e70e000, 0x34000000)
   the space 83704K,  98% used [0x29550000, 0x2e601f00, 0x2e602000, 0x2e70e000)
 compacting perm gen  total 12288K, used 9502K [0x34000000, 0x34c00000, 0x38000000)
   the space 12288K,  77% used [0x34000000, 0x34947818, 0x34947a00, 0x34c00000)
    ro space 10240K,  42% used [0x38000000, 0x38434778, 0x38434800, 0x38a00000)
    rw space 12288K,  52% used [0x38a00000, 0x39049a68, 0x39049c00, 0x39600000)
GC Heap History (10 events):
Event: 19.395 GC heap before
{Heap before GC invocations=20 (full 5):
 def new generation   total 22976K, used 22896K [0x24000000, 0x258e0000, 0x29550000)
  eden space 20480K, 100% used [0x24000000, 0x25400000, 0x25400000)
  from space 2496K,  96% used [0x25670000, 0x258cc020, 0x258e0000)
  to   space 2496K,   0% used [0x25400000, 0x25400000, 0x25670000)
 tenured generation   total 50824K, used 34307K [0x29550000, 0x2c6f2000, 0x34000000)
   the space 50824K,  67% used [0x29550000, 0x2b6d0e60, 0x2b6d1000, 0x2c6f2000)
 compacting perm gen  total 12288K, used 9491K [0x34000000, 0x34c00000, 0x38000000)
   the space 12288K,  77% used [0x34000000, 0x34944e18, 0x34945000, 0x34c00000)
    ro space 10240K,  42% used [0x38000000, 0x38434778, 0x38434800, 0x38a00000)
    rw space 12288K,  52% used [0x38a00000, 0x39049a68, 0x39049c00, 0x39600000)
Event: 19.403 GC heap after
Heap after GC invocations=21 (full 5):
 def new generation   total 22976K, used 2343K [0x24000000, 0x258e0000, 0x29550000)
  eden space 20480K,   0% used [0x24000000, 0x24000000, 0x25400000)
  from space 2496K,  93% used [0x25400000, 0x25649d30, 0x25670000)
  to   space 2496K,   0% used [0x25670000, 0x25670000, 0x258e0000)
 tenured generation   total 50824K, used 47887K [0x29550000, 0x2c6f2000, 0x34000000)
   the space 50824K,  94% used [0x29550000, 0x2c413ec8, 0x2c414000, 0x2c6f2000)
 compacting perm gen  total 12288K, used 9491K [0x34000000, 0x34c00000, 0x38000000)
   the space 12288K,  77% used [0x34000000, 0x34944e18, 0x34945000, 0x34c00000)
    ro space 10240K,  42% used [0x38000000, 0x38434778, 0x38434800, 0x38a00000)
    rw space 12288K,  52% used [0x38a00000, 0x39049a68, 0x39049c00, 0x39600000)
}
Event: 35.109 GC heap before
{Heap before GC invocations=21 (full 5):
 def new generation   total 22976K, used 22821K [0x24000000, 0x258e0000, 0x29550000)
  eden space 20480K,  99% used [0x24000000, 0x253ff968, 0x25400000)
  from space 2496K,  93% used [0x25400000, 0x25649d30, 0x25670000)
  to   space 2496K,   0% used [0x25670000, 0x25670000, 0x258e0000)
 tenured generation   total 50824K, used 47887K [0x29550000, 0x2c6f2000, 0x34000000)
   the space 50824K,  94% used [0x29550000, 0x2c413ec8, 0x2c414000, 0x2c6f2000)
 compacting perm gen  total 12288K, used 9497K [0x34000000, 0x34c00000, 0x38000000)
   the space 12288K,  77% used [0x34000000, 0x34946688, 0x34946800, 0x34c00000)
    ro space 10240K,  42% used [0x38000000, 0x38434778, 0x38434800, 0x38a00000)
    rw space 12288K,  52% used [0x38a00000, 0x39049a68, 0x39049c00, 0x39600000)
Event: 35.181 GC heap after
Heap after GC invocations=22 (full 6):
 def new generation   total 37824K, used 0K [0x24000000, 0x26900000, 0x29550000)
  eden space 33664K,   0% used [0x24000000, 0x24000000, 0x260e0000)
  from space 4160K,   0% used [0x260e0000, 0x260e0000, 0x264f0000)
  to   space 4160K,   0% used [0x264f0000, 0x264f0000, 0x26900000)
 tenured generation   total 83704K, used 50220K [0x29550000, 0x2e70e000, 0x34000000)
   the space 83704K,  59% used [0x29550000, 0x2c65b3b0, 0x2c65b400, 0x2e70e000)
 compacting perm gen  total 12288K, used 9497K [0x34000000, 0x34c00000, 0x38000000)
   the space 12288K,  77% used [0x34000000, 0x34946688, 0x34946800, 0x34c00000)
    ro space 10240K,  42% used [0x38000000, 0x38434778, 0x38434800, 0x38a00000)
    rw space 12288K,  52% used [0x38a00000, 0x39049a68, 0x39049c00, 0x39600000)
}
Event: 44.010 GC heap before
{Heap before GC invocations=22 (full 6):
 def new generation   total 37824K, used 33556K [0x24000000, 0x26900000, 0x29550000)
  eden space 33664K,  99% used [0x24000000, 0x260c53d8, 0x260e0000)
  from space 4160K,   0% used [0x260e0000, 0x260e0000, 0x264f0000)
  to   space 4160K,   0% used [0x264f0000, 0x264f0000, 0x26900000)
 tenured generation   total 83704K, used 50220K [0x29550000, 0x2e70e000, 0x34000000)
   the space 83704K,  59% used [0x29550000, 0x2c65b3b0, 0x2c65b400, 0x2e70e000)
 compacting perm gen  total 12288K, used 9498K [0x34000000, 0x34c00000, 0x38000000)
   the space 12288K,  77% used [0x34000000, 0x34946828, 0x34946a00, 0x34c00000)
    ro space 10240K,  42% used [0x38000000, 0x38434778, 0x38434800, 0x38a00000)
    rw space 12288K,  52% used [0x38a00000, 0x39049a68, 0x39049c00, 0x39600000)
Event: 44.018 GC heap after
Heap after GC invocations=23 (full 6):
 def new generation   total 37824K, used 4160K [0x24000000, 0x26900000, 0x29550000)
  eden space 33664K,   0% used [0x24000000, 0x24000000, 0x260e0000)
  from space 4160K, 100% used [0x264f0000, 0x26900000, 0x26900000)
  to   space 4160K,   0% used [0x260e0000, 0x260e0000, 0x264f0000)
 tenured generation   total 83704K, used 63156K [0x29550000, 0x2e70e000, 0x34000000)
   the space 83704K,  75% used [0x29550000, 0x2d2fd018, 0x2d2fd200, 0x2e70e000)
 compacting perm gen  total 12288K, used 9498K [0x34000000, 0x34c00000, 0x38000000)
   the space 12288K,  77% used [0x34000000, 0x34946828, 0x34946a00, 0x34c00000)
    ro space 10240K,  42% used [0x38000000, 0x38434778, 0x38434800, 0x38a00000)
    rw space 12288K,  52% used [0x38a00000, 0x39049a68, 0x39049c00, 0x39600000)
}
Event: 49.316 GC heap before
{Heap before GC invocations=23 (full 6):
 def new generation   total 37824K, used 34932K [0x24000000, 0x26900000, 0x29550000)
  eden space 33664K,  91% used [0x24000000, 0x25e0d2c8, 0x260e0000)
  from space 4160K, 100% used [0x264f0000, 0x26900000, 0x26900000)
  to   space 4160K,   0% used [0x260e0000, 0x260e0000, 0x264f0000)
 tenured generation   total 83704K, used 63156K [0x29550000, 0x2e70e000, 0x34000000)
   the space 83704K,  75% used [0x29550000, 0x2d2fd018, 0x2d2fd200, 0x2e70e000)
 compacting perm gen  total 12288K, used 9498K [0x34000000, 0x34c00000, 0x38000000)
   the space 12288K,  77% used [0x34000000, 0x349468b8, 0x34946a00, 0x34c00000)
    ro space 10240K,  42% used [0x38000000, 0x38434778, 0x38434800, 0x38a00000)
    rw space 12288K,  52% used [0x38a00000, 0x39049a68, 0x39049c00, 0x39600000)
Event: 49.324 GC heap after
Heap after GC invocations=24 (full 6):
 def new generation   total 37824K, used 4160K [0x24000000, 0x26900000, 0x29550000)
  eden space 33664K,   0% used [0x24000000, 0x24000000, 0x260e0000)
  from space 4160K, 100% used [0x260e0000, 0x264f0000, 0x264f0000)
  to   space 4160K,   0% used [0x264f0000, 0x264f0000, 0x26900000)
 tenured generation   total 83704K, used 73550K [0x29550000, 0x2e70e000, 0x34000000)
   the space 83704K,  87% used [0x29550000, 0x2dd23ad0, 0x2dd23c00, 0x2e70e000)
 compacting perm gen  total 12288K, used 9498K [0x34000000, 0x34c00000, 0x38000000)
   the space 12288K,  77% used [0x34000000, 0x349468b8, 0x34946a00, 0x34c00000)
    ro space 10240K,  42% used [0x38000000, 0x38434778, 0x38434800, 0x38a00000)
    rw space 12288K,  52% used [0x38a00000, 0x39049a68, 0x39049c00, 0x39600000)
}
Event: 55.878 GC heap before
{Heap before GC invocations=24 (full 6):
 def new generation   total 37824K, used 37824K [0x24000000, 0x26900000, 0x29550000)
  eden space 33664K, 100% used [0x24000000, 0x260e0000, 0x260e0000)
  from space 4160K, 100% used [0x260e0000, 0x264f0000, 0x264f0000)
  to   space 4160K,   0% used [0x264f0000, 0x264f0000, 0x26900000)
 tenured generation   total 83704K, used 73550K [0x29550000, 0x2e70e000, 0x34000000)
   the space 83704K,  87% used [0x29550000, 0x2dd23ad0, 0x2dd23c00, 0x2e70e000)
 compacting perm gen  total 12288K, used 9498K [0x34000000, 0x34c00000, 0x38000000)
   the space 12288K,  77% used [0x34000000, 0x349469b8, 0x34946a00, 0x34c00000)
    ro space 10240K,  42% used [0x38000000, 0x38434778, 0x38434800, 0x38a00000)
    rw space 12288K,  52% used [0x38a00000, 0x39049a68, 0x39049c00, 0x39600000)
Event: 55.886 GC heap after
Heap after GC invocations=25 (full 6):
 def new generation   total 37824K, used 4141K [0x24000000, 0x26900000, 0x29550000)
  eden space 33664K,   0% used [0x24000000, 0x24000000, 0x260e0000)
  from space 4160K,  99% used [0x264f0000, 0x268fb7a8, 0x26900000)
  to   space 4160K,   0% used [0x260e0000, 0x260e0000, 0x264f0000)
 tenured generation   total 83704K, used 82631K [0x29550000, 0x2e70e000, 0x34000000)
   the space 83704K,  98% used [0x29550000, 0x2e601f00, 0x2e602000, 0x2e70e000)
 compacting perm gen  total 12288K, used 9498K [0x34000000, 0x34c00000, 0x38000000)
   the space 12288K,  77% used [0x34000000, 0x349469b8, 0x34946a00, 0x34c00000)
    ro space 10240K,  42% used [0x38000000, 0x38434778, 0x38434800, 0x38a00000)
    rw space 12288K,  52% used [0x38a00000, 0x39049a68, 0x39049c00, 0x39600000)
}

