# JRE version: Java(TM) SE Runtime Environment (7.0_60-b19) (build 1.7.0_60-b19)
# Java VM: Java HotSpot(TM) Client VM (24.60-b09 mixed mode, sharing windows-x86 )
Heap
 def new generation   total 38720K, used 14096K [0x24000000, 0x26a00000, 0x29550000)
  eden space 34432K,  28% used [0x24000000, 0x249acd08, 0x261a0000)
  from space 4288K,  97% used [0x261a0000, 0x265b73a8, 0x265d0000)
  to   space 4288K,   0% used [0x265d0000, 0x265d0000, 0x26a00000)
 tenured generation   total 85844K, used 73542K [0x29550000, 0x2e925000, 0x34000000)
   the space 85844K,  85% used [0x29550000, 0x2dd218a8, 0x2dd21a00, 0x2e925000)
 compacting perm gen  total 12288K, used 10650K [0x34000000, 0x34c00000, 0x38000000)
   the space 12288K,  86% used [0x34000000, 0x34a66a30, 0x34a66c00, 0x34c00000)
    ro space 10240K,  42% used [0x38000000, 0x38434778, 0x38434800, 0x38a00000)
    rw space 12288K,  52% used [0x38a00000, 0x39049a68, 0x39049c00, 0x39600000)
GC Heap History (10 events):
Event: 83.162 GC heap before
{Heap before GC invocations=21 (full 5):
 def new generation   total 25792K, used 24642K [0x24000000, 0x25bf0000, 0x29550000)
  eden space 22976K, 100% used [0x24000000, 0x25670000, 0x25670000)
  from space 2816K,  59% used [0x25670000, 0x25810ab8, 0x25930000)
  to   space 2816K,   0% used [0x25930000, 0x25930000, 0x25bf0000)
 tenured generation   total 57128K, used 55969K [0x29550000, 0x2cd1a000, 0x34000000)
   the space 57128K,  97% used [0x29550000, 0x2cbf87c0, 0x2cbf8800, 0x2cd1a000)
 compacting perm gen  total 12288K, used 10633K [0x34000000, 0x34c00000, 0x38000000)
   the space 12288K,  86% used [0x34000000, 0x34a62670, 0x34a62800, 0x34c00000)
    ro space 10240K,  42% used [0x38000000, 0x38434778, 0x38434800, 0x38a00000)
    rw space 12288K,  52% used [0x38a00000, 0x39049a68, 0x39049c00, 0x39600000)
Event: 83.170 GC heap after
Heap after GC invocations=22 (full 5):
 def new generation   total 25792K, used 2816K [0x24000000, 0x25bf0000, 0x29550000)
  eden space 22976K,   0% used [0x24000000, 0x24000000, 0x25670000)
  from space 2816K, 100% used [0x25930000, 0x25bf0000, 0x25bf0000)
  to   space 2816K,   0% used [0x25670000, 0x25670000, 0x25930000)
 tenured generation   total 60504K, used 60387K [0x29550000, 0x2d066000, 0x34000000)
   the space 60504K,  99% used [0x29550000, 0x2d048f30, 0x2d049000, 0x2d066000)
 compacting perm gen  total 12288K, used 10633K [0x34000000, 0x34c00000, 0x38000000)
   the space 12288K,  86% used [0x34000000, 0x34a62670, 0x34a62800, 0x34c00000)
    ro space 10240K,  42% used [0x38000000, 0x38434778, 0x38434800, 0x38a00000)
    rw space 12288K,  52% used [0x38a00000, 0x39049a68, 0x39049c00, 0x39600000)
}
Event: 85.916 GC heap before
{Heap before GC invocations=22 (full 5):
 def new generation   total 25792K, used 25792K [0x24000000, 0x25bf0000, 0x29550000)
  eden space 22976K, 100% used [0x24000000, 0x25670000, 0x25670000)
  from space 2816K, 100% used [0x25930000, 0x25bf0000, 0x25bf0000)
  to   space 2816K,   0% used [0x25670000, 0x25670000, 0x25930000)
 tenured generation   total 60504K, used 60390K [0x29550000, 0x2d066000, 0x34000000)
   the space 60504K,  99% used [0x29550000, 0x2d049b70, 0x2d049c00, 0x2d066000)
 compacting perm gen  total 12288K, used 10635K [0x34000000, 0x34c00000, 0x38000000)
   the space 12288K,  86% used [0x34000000, 0x34a62eb0, 0x34a63000, 0x34c00000)
    ro space 10240K,  42% used [0x38000000, 0x38434778, 0x38434800, 0x38a00000)
    rw space 12288K,  52% used [0x38a00000, 0x39049a68, 0x39049c00, 0x39600000)
Event: 85.923 GC heap after
Heap after GC invocations=23 (full 5):
 def new generation   total 25792K, used 1934K [0x24000000, 0x25bf0000, 0x29550000)
  eden space 22976K,   0% used [0x24000000, 0x24000000, 0x25670000)
  from space 2816K,  68% used [0x25670000, 0x25853aa8, 0x25930000)
  to   space 2816K,   0% used [0x25930000, 0x25930000, 0x25bf0000)
 tenured generation   total 72108K, used 71992K [0x29550000, 0x2dbbb000, 0x34000000)
   the space 72108K,  99% used [0x29550000, 0x2db9e170, 0x2db9e200, 0x2dbbb000)
 compacting perm gen  total 12288K, used 10635K [0x34000000, 0x34c00000, 0x38000000)
   the space 12288K,  86% used [0x34000000, 0x34a62eb0, 0x34a63000, 0x34c00000)
    ro space 10240K,  42% used [0x38000000, 0x38434778, 0x38434800, 0x38a00000)
    rw space 12288K,  52% used [0x38a00000, 0x39049a68, 0x39049c00, 0x39600000)
}
Event: 104.843 GC heap before
{Heap before GC invocations=23 (full 5):
 def new generation   total 25792K, used 21949K [0x24000000, 0x25bf0000, 0x29550000)
  eden space 22976K,  87% used [0x24000000, 0x2538bcb0, 0x25670000)
  from space 2816K,  68% used [0x25670000, 0x25853aa8, 0x25930000)
  to   space 2816K,   0% used [0x25930000, 0x25930000, 0x25bf0000)
 tenured generation   total 72108K, used 71992K [0x29550000, 0x2dbbb000, 0x34000000)
   the space 72108K,  99% used [0x29550000, 0x2db9e170, 0x2db9e200, 0x2dbbb000)
 compacting perm gen  total 12288K, used 10638K [0x34000000, 0x34c00000, 0x38000000)
   the space 12288K,  86% used [0x34000000, 0x34a63a08, 0x34a63c00, 0x34c00000)
    ro space 10240K,  42% used [0x38000000, 0x38434778, 0x38434800, 0x38a00000)
    rw space 12288K,  52% used [0x38a00000, 0x39049a68, 0x39049c00, 0x39600000)
Event: 104.912 GC heap after
Heap after GC invocations=24 (full 6):
 def new generation   total 38720K, used 0K [0x24000000, 0x26a00000, 0x29550000)
  eden space 34432K,   0% used [0x24000000, 0x24000000, 0x261a0000)
  from space 4288K,   0% used [0x261a0000, 0x261a0000, 0x265d0000)
  to   space 4288K,   0% used [0x265d0000, 0x265d0000, 0x26a00000)
 tenured generation   total 85844K, used 51505K [0x29550000, 0x2e925000, 0x34000000)
   the space 85844K,  59% used [0x29550000, 0x2c79c648, 0x2c79c800, 0x2e925000)
 compacting perm gen  total 12288K, used 10638K [0x34000000, 0x34c00000, 0x38000000)
   the space 12288K,  86% used [0x34000000, 0x34a63a08, 0x34a63c00, 0x34c00000)
    ro space 10240K,  42% used [0x38000000, 0x38434778, 0x38434800, 0x38a00000)
    rw space 12288K,  52% used [0x38a00000, 0x39049a68, 0x39049c00, 0x39600000)
}
Event: 107.918 GC heap before
{Heap before GC invocations=24 (full 6):
 def new generation   total 38720K, used 32996K [0x24000000, 0x26a00000, 0x29550000)
  eden space 34432K,  95% used [0x24000000, 0x26039190, 0x261a0000)
  from space 4288K,   0% used [0x261a0000, 0x261a0000, 0x265d0000)
  to   space 4288K,   0% used [0x265d0000, 0x265d0000, 0x26a00000)
 tenured generation   total 85844K, used 51505K [0x29550000, 0x2e925000, 0x34000000)
   the space 85844K,  59% used [0x29550000, 0x2c79c648, 0x2c79c800, 0x2e925000)
 compacting perm gen  total 12288K, used 10648K [0x34000000, 0x34c00000, 0x38000000)
   the space 12288K,  86% used [0x34000000, 0x34a66358, 0x34a66400, 0x34c00000)
    ro space 10240K,  42% used [0x38000000, 0x38434778, 0x38434800, 0x38a00000)
    rw space 12288K,  52% used [0x38a00000, 0x39049a68, 0x39049c00, 0x39600000)
Event: 107.931 GC heap after
Heap after GC invocations=25 (full 6):
 def new generation   total 38720K, used 4280K [0x24000000, 0x26a00000, 0x29550000)
  eden space 34432K,   0% used [0x24000000, 0x24000000, 0x261a0000)
  from space 4288K,  99% used [0x265d0000, 0x269fe1e0, 0x26a00000)
  to   space 4288K,   0% used [0x261a0000, 0x261a0000, 0x265d0000)
 tenured generation   total 85844K, used 61084K [0x29550000, 0x2e925000, 0x34000000)
   the space 85844K,  71% used [0x29550000, 0x2d0f73a8, 0x2d0f7400, 0x2e925000)
 compacting perm gen  total 12288K, used 10648K [0x34000000, 0x34c00000, 0x38000000)
   the space 12288K,  86% used [0x34000000, 0x34a66358, 0x34a66400, 0x34c00000)
    ro space 10240K,  42% used [0x38000000, 0x38434778, 0x38434800, 0x38a00000)
    rw space 12288K,  52% used [0x38a00000, 0x39049a68, 0x39049c00, 0x39600000)
}
Event: 110.089 GC heap before
{Heap before GC invocations=25 (full 6):
 def new generation   total 38720K, used 38712K [0x24000000, 0x26a00000, 0x29550000)
  eden space 34432K, 100% used [0x24000000, 0x261a0000, 0x261a0000)
  from space 4288K,  99% used [0x265d0000, 0x269fe1f0, 0x26a00000)
  to   space 4288K,   0% used [0x261a0000, 0x261a0000, 0x265d0000)
 tenured generation   total 85844K, used 61092K [0x29550000, 0x2e925000, 0x34000000)
   the space 85844K,  71% used [0x29550000, 0x2d0f93b8, 0x2d0f9400, 0x2e925000)
 compacting perm gen  total 12288K, used 10648K [0x34000000, 0x34c00000, 0x38000000)
   the space 12288K,  86% used [0x34000000, 0x34a66368, 0x34a66400, 0x34c00000)
    ro space 10240K,  42% used [0x38000000, 0x38434778, 0x38434800, 0x38a00000)
    rw space 12288K,  52% used [0x38a00000, 0x39049a68, 0x39049c00, 0x39600000)
Event: 110.094 GC heap after
Heap after GC invocations=26 (full 6):
 def new generation   total 38720K, used 4188K [0x24000000, 0x26a00000, 0x29550000)
  eden space 34432K,   0% used [0x24000000, 0x24000000, 0x261a0000)
  from space 4288K,  97% used [0x261a0000, 0x265b73a8, 0x265d0000)
  to   space 4288K,   0% used [0x265d0000, 0x265d0000, 0x26a00000)
 tenured generation   total 85844K, used 73542K [0x29550000, 0x2e925000, 0x34000000)
   the space 85844K,  85% used [0x29550000, 0x2dd218a8, 0x2dd21a00, 0x2e925000)
 compacting perm gen  total 12288K, used 10648K [0x34000000, 0x34c00000, 0x38000000)
   the space 12288K,  86% used [0x34000000, 0x34a66368, 0x34a66400, 0x34c00000)
    ro space 10240K,  42% used [0x38000000, 0x38434778, 0x38434800, 0x38a00000)
    rw space 12288K,  52% used [0x38a00000, 0x39049a68, 0x39049c00, 0x39600000)
}

