# JRE version: Java(TM) SE Runtime Environment (7.0_60-b19) (build 1.7.0_60-b19)
# Java VM: Java HotSpot(TM) Client VM (24.60-b09 mixed mode, sharing windows-x86 )
Heap
 def new generation   total 24192K, used 11186K [0x24000000, 0x25a30000, 0x29550000)
  eden space 21568K,  40% used [0x24000000, 0x24883b78, 0x25510000)
  from space 2624K,  94% used [0x25510000, 0x25778e28, 0x257a0000)
  to   space 2624K,   0% used [0x257a0000, 0x257a0000, 0x25a30000)
 tenured generation   total 53548K, used 52800K [0x29550000, 0x2c99b000, 0x34000000)
   the space 53548K,  98% used [0x29550000, 0x2c8e0068, 0x2c8e0200, 0x2c99b000)
 compacting perm gen  total 12288K, used 8793K [0x34000000, 0x34c00000, 0x38000000)
   the space 12288K,  71% used [0x34000000, 0x34896520, 0x34896600, 0x34c00000)
    ro space 10240K,  42% used [0x38000000, 0x38434778, 0x38434800, 0x38a00000)
    rw space 12288K,  52% used [0x38a00000, 0x39049a68, 0x39049c00, 0x39600000)
GC Heap History (10 events):
Event: 7.713 GC heap before
{Heap before GC invocations=15 (full 3):
 def new generation   total 13376K, used 13375K [0x24000000, 0x24e80000, 0x29550000)
  eden space 11904K,  99% used [0x24000000, 0x24b9fe68, 0x24ba0000)
  from space 1472K,  99% used [0x24d10000, 0x24e7ffa8, 0x24e80000)
  to   space 1472K,   0% used [0x24ba0000, 0x24ba0000, 0x24d10000)
 tenured generation   total 29548K, used 23949K [0x29550000, 0x2b22b000, 0x34000000)
   the space 29548K,  81% used [0x29550000, 0x2acb36d8, 0x2acb3800, 0x2b22b000)
 compacting perm gen  total 12288K, used 8778K [0x34000000, 0x34c00000, 0x38000000)
   the space 12288K,  71% used [0x34000000, 0x34892828, 0x34892a00, 0x34c00000)
    ro space 10240K,  42% used [0x38000000, 0x38434778, 0x38434800, 0x38a00000)
    rw space 12288K,  52% used [0x38a00000, 0x39049a68, 0x39049c00, 0x39600000)
Event: 7.718 GC heap after
Heap after GC invocations=16 (full 3):
 def new generation   total 13376K, used 1300K [0x24000000, 0x24e80000, 0x29550000)
  eden space 11904K,   0% used [0x24000000, 0x24000000, 0x24ba0000)
  from space 1472K,  88% used [0x24ba0000, 0x24ce5068, 0x24d10000)
  to   space 1472K,   0% used [0x24d10000, 0x24d10000, 0x24e80000)
 tenured generation   total 29932K, used 29807K [0x29550000, 0x2b28b000, 0x34000000)
   the space 29932K,  99% used [0x29550000, 0x2b26be30, 0x2b26c000, 0x2b28b000)
 compacting perm gen  total 12288K, used 8778K [0x34000000, 0x34c00000, 0x38000000)
   the space 12288K,  71% used [0x34000000, 0x34892828, 0x34892a00, 0x34c00000)
    ro space 10240K,  42% used [0x38000000, 0x38434778, 0x38434800, 0x38a00000)
    rw space 12288K,  52% used [0x38a00000, 0x39049a68, 0x39049c00, 0x39600000)
}
Event: 7.767 GC heap before
{Heap before GC invocations=16 (full 3):
 def new generation   total 13376K, used 13173K [0x24000000, 0x24e80000, 0x29550000)
  eden space 11904K,  99% used [0x24000000, 0x24b98658, 0x24ba0000)
  from space 1472K,  88% used [0x24ba0000, 0x24ce5068, 0x24d10000)
  to   space 1472K,   0% used [0x24d10000, 0x24d10000, 0x24e80000)
 tenured generation   total 30192K, used 30063K [0x29550000, 0x2b2cc000, 0x34000000)
   the space 30192K,  99% used [0x29550000, 0x2b2abe40, 0x2b2ac000, 0x2b2cc000)
 compacting perm gen  total 12288K, used 8782K [0x34000000, 0x34c00000, 0x38000000)
   the space 12288K,  71% used [0x34000000, 0x34893b60, 0x34893c00, 0x34c00000)
    ro space 10240K,  42% used [0x38000000, 0x38434778, 0x38434800, 0x38a00000)
    rw space 12288K,  52% used [0x38a00000, 0x39049a68, 0x39049c00, 0x39600000)
Event: 7.771 GC heap after
Heap after GC invocations=17 (full 3):
 def new generation   total 13376K, used 1347K [0x24000000, 0x24e80000, 0x29550000)
  eden space 11904K,   0% used [0x24000000, 0x24000000, 0x24ba0000)
  from space 1472K,  91% used [0x24d10000, 0x24e60dd0, 0x24e80000)
  to   space 1472K,   0% used [0x24ba0000, 0x24ba0000, 0x24d10000)
 tenured generation   total 34480K, used 34328K [0x29550000, 0x2b6fc000, 0x34000000)
   the space 34480K,  99% used [0x29550000, 0x2b6d62e0, 0x2b6d6400, 0x2b6fc000)
 compacting perm gen  total 12288K, used 8782K [0x34000000, 0x34c00000, 0x38000000)
   the space 12288K,  71% used [0x34000000, 0x34893b60, 0x34893c00, 0x34c00000)
    ro space 10240K,  42% used [0x38000000, 0x38434778, 0x38434800, 0x38a00000)
    rw space 12288K,  52% used [0x38a00000, 0x39049a68, 0x39049c00, 0x39600000)
}
Event: 9.507 GC heap before
{Heap before GC invocations=17 (full 3):
 def new generation   total 13376K, used 13204K [0x24000000, 0x24e80000, 0x29550000)
  eden space 11904K,  99% used [0x24000000, 0x24b94358, 0x24ba0000)
  from space 1472K,  91% used [0x24d10000, 0x24e60dd0, 0x24e80000)
  to   space 1472K,   0% used [0x24ba0000, 0x24ba0000, 0x24d10000)
 tenured generation   total 34480K, used 34328K [0x29550000, 0x2b6fc000, 0x34000000)
   the space 34480K,  99% used [0x29550000, 0x2b6d62e0, 0x2b6d6400, 0x2b6fc000)
 compacting perm gen  total 12288K, used 8789K [0x34000000, 0x34c00000, 0x38000000)
   the space 12288K,  71% used [0x34000000, 0x34895468, 0x34895600, 0x34c00000)
    ro space 10240K,  42% used [0x38000000, 0x38434778, 0x38434800, 0x38a00000)
    rw space 12288K,  52% used [0x38a00000, 0x39049a68, 0x39049c00, 0x39600000)
Event: 9.557 GC heap after
Heap after GC invocations=18 (full 4):
 def new generation   total 24192K, used 0K [0x24000000, 0x25a30000, 0x29550000)
  eden space 21568K,   0% used [0x24000000, 0x24000000, 0x25510000)
  from space 2624K,   0% used [0x25510000, 0x25510000, 0x257a0000)
  to   space 2624K,   0% used [0x257a0000, 0x257a0000, 0x25a30000)
 tenured generation   total 53548K, used 32128K [0x29550000, 0x2c99b000, 0x34000000)
   the space 53548K,  59% used [0x29550000, 0x2b4b0240, 0x2b4b0400, 0x2c99b000)
 compacting perm gen  total 12288K, used 8782K [0x34000000, 0x34c00000, 0x38000000)
   the space 12288K,  71% used [0x34000000, 0x34893ad0, 0x34893c00, 0x34c00000)
    ro space 10240K,  42% used [0x38000000, 0x38434778, 0x38434800, 0x38a00000)
    rw space 12288K,  52% used [0x38a00000, 0x39049a68, 0x39049c00, 0x39600000)
}
Event: 9.635 GC heap before
{Heap before GC invocations=18 (full 4):
 def new generation   total 24192K, used 21556K [0x24000000, 0x25a30000, 0x29550000)
  eden space 21568K,  99% used [0x24000000, 0x2550d020, 0x25510000)
  from space 2624K,   0% used [0x25510000, 0x25510000, 0x257a0000)
  to   space 2624K,   0% used [0x257a0000, 0x257a0000, 0x25a30000)
 tenured generation   total 53548K, used 32128K [0x29550000, 0x2c99b000, 0x34000000)
   the space 53548K,  59% used [0x29550000, 0x2b4b0240, 0x2b4b0400, 0x2c99b000)
 compacting perm gen  total 12288K, used 8783K [0x34000000, 0x34c00000, 0x38000000)
   the space 12288K,  71% used [0x34000000, 0x34893f40, 0x34894000, 0x34c00000)
    ro space 10240K,  42% used [0x38000000, 0x38434778, 0x38434800, 0x38a00000)
    rw space 12288K,  52% used [0x38a00000, 0x39049a68, 0x39049c00, 0x39600000)
Event: 9.645 GC heap after
Heap after GC invocations=19 (full 4):
 def new generation   total 24192K, used 2623K [0x24000000, 0x25a30000, 0x29550000)
  eden space 21568K,   0% used [0x24000000, 0x24000000, 0x25510000)
  from space 2624K,  99% used [0x257a0000, 0x25a2ff58, 0x25a30000)
  to   space 2624K,   0% used [0x25510000, 0x25510000, 0x257a0000)
 tenured generation   total 53548K, used 45995K [0x29550000, 0x2c99b000, 0x34000000)
   the space 53548K,  85% used [0x29550000, 0x2c23acd8, 0x2c23ae00, 0x2c99b000)
 compacting perm gen  total 12288K, used 8783K [0x34000000, 0x34c00000, 0x38000000)
   the space 12288K,  71% used [0x34000000, 0x34893f40, 0x34894000, 0x34c00000)
    ro space 10240K,  42% used [0x38000000, 0x38434778, 0x38434800, 0x38a00000)
    rw space 12288K,  52% used [0x38a00000, 0x39049a68, 0x39049c00, 0x39600000)
}
Event: 10.755 GC heap before
{Heap before GC invocations=19 (full 4):
 def new generation   total 24192K, used 24062K [0x24000000, 0x25a30000, 0x29550000)
  eden space 21568K,  99% used [0x24000000, 0x254efb00, 0x25510000)
  from space 2624K,  99% used [0x257a0000, 0x25a2ff58, 0x25a30000)
  to   space 2624K,   0% used [0x25510000, 0x25510000, 0x257a0000)
 tenured generation   total 53548K, used 45995K [0x29550000, 0x2c99b000, 0x34000000)
   the space 53548K,  85% used [0x29550000, 0x2c23acd8, 0x2c23ae00, 0x2c99b000)
 compacting perm gen  total 12288K, used 8783K [0x34000000, 0x34c00000, 0x38000000)
   the space 12288K,  71% used [0x34000000, 0x34893f90, 0x34894000, 0x34c00000)
    ro space 10240K,  42% used [0x38000000, 0x38434778, 0x38434800, 0x38a00000)
    rw space 12288K,  52% used [0x38a00000, 0x39049a68, 0x39049c00, 0x39600000)
Event: 10.760 GC heap after
Heap after GC invocations=20 (full 4):
 def new generation   total 24192K, used 2467K [0x24000000, 0x25a30000, 0x29550000)
  eden space 21568K,   0% used [0x24000000, 0x24000000, 0x25510000)
  from space 2624K,  94% used [0x25510000, 0x25778e28, 0x257a0000)
  to   space 2624K,   0% used [0x257a0000, 0x257a0000, 0x25a30000)
 tenured generation   total 53548K, used 52800K [0x29550000, 0x2c99b000, 0x34000000)
   the space 53548K,  98% used [0x29550000, 0x2c8e0068, 0x2c8e0200, 0x2c99b000)
 compacting perm gen  total 12288K, used 8783K [0x34000000, 0x34c00000, 0x38000000)
   the space 12288K,  71% used [0x34000000, 0x34893f90, 0x34894000, 0x34c00000)
    ro space 10240K,  42% used [0x38000000, 0x38434778, 0x38434800, 0x38a00000)
    rw space 12288K,  52% used [0x38a00000, 0x39049a68, 0x39049c00, 0x39600000)
}

