# JRE version: Java(TM) SE Runtime Environment (7.0_60-b19) (build 1.7.0_60-b19)
# Java VM: Java HotSpot(TM) Client VM (24.60-b09 mixed mode, sharing windows-x86 )
Heap
 def new generation   total 30848K, used 23223K [0x24000000, 0x26170000, 0x29550000)
  eden space 27456K,  84% used [0x24000000, 0x256ade80, 0x25ad0000)
  from space 3392K,   0% used [0x25ad0000, 0x25ad0000, 0x25e20000)
  to   space 3392K,   0% used [0x25e20000, 0x25e20000, 0x26170000)
 tenured generation   total 68380K, used 41026K [0x29550000, 0x2d817000, 0x34000000)
   the space 68380K,  59% used [0x29550000, 0x2bd60bb0, 0x2bd60c00, 0x2d817000)
 compacting perm gen  total 12288K, used 8789K [0x34000000, 0x34c00000, 0x38000000)
   the space 12288K,  71% used [0x34000000, 0x34895658, 0x34895800, 0x34c00000)
    ro space 10240K,  42% used [0x38000000, 0x38434778, 0x38434800, 0x38a00000)
    rw space 12288K,  52% used [0x38a00000, 0x39049a68, 0x39049c00, 0x39600000)
GC Heap History (10 events):
Event: 6.754 GC heap before
{Heap before GC invocations=14 (full 3):
 def new generation   total 13312K, used 11840K [0x24000000, 0x24e70000, 0x29550000)
  eden space 11840K, 100% used [0x24000000, 0x24b90000, 0x24b90000)
  from space 1472K,   0% used [0x24b90000, 0x24b90000, 0x24d00000)
  to   space 1472K,   0% used [0x24d00000, 0x24d00000, 0x24e70000)
 tenured generation   total 29520K, used 17710K [0x29550000, 0x2b224000, 0x34000000)
   the space 29520K,  59% used [0x29550000, 0x2a69b9a0, 0x2a69ba00, 0x2b224000)
 compacting perm gen  total 12288K, used 8787K [0x34000000, 0x34c00000, 0x38000000)
   the space 12288K,  71% used [0x34000000, 0x34894f60, 0x34895000, 0x34c00000)
    ro space 10240K,  42% used [0x38000000, 0x38434778, 0x38434800, 0x38a00000)
    rw space 12288K,  52% used [0x38a00000, 0x39049a68, 0x39049c00, 0x39600000)
Event: 6.761 GC heap after
Heap after GC invocations=15 (full 3):
 def new generation   total 13312K, used 1472K [0x24000000, 0x24e70000, 0x29550000)
  eden space 11840K,   0% used [0x24000000, 0x24000000, 0x24b90000)
  from space 1472K, 100% used [0x24d00000, 0x24e70000, 0x24e70000)
  to   space 1472K,   0% used [0x24b90000, 0x24b90000, 0x24d00000)
 tenured generation   total 29520K, used 22639K [0x29550000, 0x2b224000, 0x34000000)
   the space 29520K,  76% used [0x29550000, 0x2ab6bc48, 0x2ab6be00, 0x2b224000)
 compacting perm gen  total 12288K, used 8787K [0x34000000, 0x34c00000, 0x38000000)
   the space 12288K,  71% used [0x34000000, 0x34894f60, 0x34895000, 0x34c00000)
    ro space 10240K,  42% used [0x38000000, 0x38434778, 0x38434800, 0x38a00000)
    rw space 12288K,  52% used [0x38a00000, 0x39049a68, 0x39049c00, 0x39600000)
}
Event: 7.627 GC heap before
{Heap before GC invocations=15 (full 3):
 def new generation   total 13312K, used 13127K [0x24000000, 0x24e70000, 0x29550000)
  eden space 11840K,  98% used [0x24000000, 0x24b61e28, 0x24b90000)
  from space 1472K, 100% used [0x24d00000, 0x24e70000, 0x24e70000)
  to   space 1472K,   0% used [0x24b90000, 0x24b90000, 0x24d00000)
 tenured generation   total 29520K, used 22895K [0x29550000, 0x2b224000, 0x34000000)
   the space 29520K,  77% used [0x29550000, 0x2ababc58, 0x2ababe00, 0x2b224000)
 compacting perm gen  total 12288K, used 8789K [0x34000000, 0x34c00000, 0x38000000)
   the space 12288K,  71% used [0x34000000, 0x34895488, 0x34895600, 0x34c00000)
    ro space 10240K,  42% used [0x38000000, 0x38434778, 0x38434800, 0x38a00000)
    rw space 12288K,  52% used [0x38a00000, 0x39049a68, 0x39049c00, 0x39600000)
Event: 7.632 GC heap after
Heap after GC invocations=16 (full 3):
 def new generation   total 13312K, used 1472K [0x24000000, 0x24e70000, 0x29550000)
  eden space 11840K,   0% used [0x24000000, 0x24000000, 0x24b90000)
  from space 1472K, 100% used [0x24b90000, 0x24d00000, 0x24d00000)
  to   space 1472K,   0% used [0x24d00000, 0x24d00000, 0x24e70000)
 tenured generation   total 29520K, used 28057K [0x29550000, 0x2b224000, 0x34000000)
   the space 29520K,  95% used [0x29550000, 0x2b0b6460, 0x2b0b6600, 0x2b224000)
 compacting perm gen  total 12288K, used 8789K [0x34000000, 0x34c00000, 0x38000000)
   the space 12288K,  71% used [0x34000000, 0x34895488, 0x34895600, 0x34c00000)
    ro space 10240K,  42% used [0x38000000, 0x38434778, 0x38434800, 0x38a00000)
    rw space 12288K,  52% used [0x38a00000, 0x39049a68, 0x39049c00, 0x39600000)
}
Event: 30.433 GC heap before
{Heap before GC invocations=16 (full 3):
 def new generation   total 13312K, used 13312K [0x24000000, 0x24e70000, 0x29550000)
  eden space 11840K, 100% used [0x24000000, 0x24b90000, 0x24b90000)
  from space 1472K, 100% used [0x24b90000, 0x24d00000, 0x24d00000)
  to   space 1472K,   0% used [0x24d00000, 0x24d00000, 0x24e70000)
 tenured generation   total 29520K, used 28057K [0x29550000, 0x2b224000, 0x34000000)
   the space 29520K,  95% used [0x29550000, 0x2b0b6460, 0x2b0b6600, 0x2b224000)
 compacting perm gen  total 12288K, used 8794K [0x34000000, 0x34c00000, 0x38000000)
   the space 12288K,  71% used [0x34000000, 0x34896bc8, 0x34896c00, 0x34c00000)
    ro space 10240K,  42% used [0x38000000, 0x38434778, 0x38434800, 0x38a00000)
    rw space 12288K,  52% used [0x38a00000, 0x39049a68, 0x39049c00, 0x39600000)
Event: 30.503 GC heap after
Heap after GC invocations=17 (full 4):
 def new generation   total 21440K, used 0K [0x24000000, 0x25740000, 0x29550000)
  eden space 19072K,   0% used [0x24000000, 0x24000000, 0x252a0000)
  from space 2368K,   0% used [0x252a0000, 0x252a0000, 0x254f0000)
  to   space 2368K,   0% used [0x254f0000, 0x254f0000, 0x25740000)
 tenured generation   total 47480K, used 28487K [0x29550000, 0x2c3ae000, 0x34000000)
   the space 47480K,  59% used [0x29550000, 0x2b121f50, 0x2b122000, 0x2c3ae000)
 compacting perm gen  total 12288K, used 8784K [0x34000000, 0x34c00000, 0x38000000)
   the space 12288K,  71% used [0x34000000, 0x34894368, 0x34894400, 0x34c00000)
    ro space 10240K,  42% used [0x38000000, 0x38434778, 0x38434800, 0x38a00000)
    rw space 12288K,  52% used [0x38a00000, 0x39049a68, 0x39049c00, 0x39600000)
}
Event: 32.281 GC heap before
{Heap before GC invocations=17 (full 4):
 def new generation   total 21440K, used 19009K [0x24000000, 0x25740000, 0x29550000)
  eden space 19072K,  99% used [0x24000000, 0x25290448, 0x252a0000)
  from space 2368K,   0% used [0x252a0000, 0x252a0000, 0x254f0000)
  to   space 2368K,   0% used [0x254f0000, 0x254f0000, 0x25740000)
 tenured generation   total 47480K, used 28487K [0x29550000, 0x2c3ae000, 0x34000000)
   the space 47480K,  59% used [0x29550000, 0x2b121f50, 0x2b122000, 0x2c3ae000)
 compacting perm gen  total 12288K, used 8785K [0x34000000, 0x34c00000, 0x38000000)
   the space 12288K,  71% used [0x34000000, 0x348946d8, 0x34894800, 0x34c00000)
    ro space 10240K,  42% used [0x38000000, 0x38434778, 0x38434800, 0x38a00000)
    rw space 12288K,  52% used [0x38a00000, 0x39049a68, 0x39049c00, 0x39600000)
Event: 32.288 GC heap after
Heap after GC invocations=18 (full 4):
 def new generation   total 21440K, used 2363K [0x24000000, 0x25740000, 0x29550000)
  eden space 19072K,   0% used [0x24000000, 0x24000000, 0x252a0000)
  from space 2368K,  99% used [0x254f0000, 0x2573ed00, 0x25740000)
  to   space 2368K,   0% used [0x252a0000, 0x252a0000, 0x254f0000)
 tenured generation   total 47480K, used 44385K [0x29550000, 0x2c3ae000, 0x34000000)
   the space 47480K,  93% used [0x29550000, 0x2c0a8780, 0x2c0a8800, 0x2c3ae000)
 compacting perm gen  total 12288K, used 8785K [0x34000000, 0x34c00000, 0x38000000)
   the space 12288K,  71% used [0x34000000, 0x348946d8, 0x34894800, 0x34c00000)
    ro space 10240K,  42% used [0x38000000, 0x38434778, 0x38434800, 0x38a00000)
    rw space 12288K,  52% used [0x38a00000, 0x39049a68, 0x39049c00, 0x39600000)
}
Event: 32.748 GC heap before
{Heap before GC invocations=18 (full 4):
 def new generation   total 21440K, used 21436K [0x24000000, 0x25740000, 0x29550000)
  eden space 19072K, 100% used [0x24000000, 0x252a0000, 0x252a0000)
  from space 2368K,  99% used [0x254f0000, 0x2573f110, 0x25740000)
  to   space 2368K,   0% used [0x252a0000, 0x252a0000, 0x254f0000)
 tenured generation   total 47480K, used 44385K [0x29550000, 0x2c3ae000, 0x34000000)
   the space 47480K,  93% used [0x29550000, 0x2c0a8780, 0x2c0a8800, 0x2c3ae000)
 compacting perm gen  total 12288K, used 8785K [0x34000000, 0x34c00000, 0x38000000)
   the space 12288K,  71% used [0x34000000, 0x34894798, 0x34894800, 0x34c00000)
    ro space 10240K,  42% used [0x38000000, 0x38434778, 0x38434800, 0x38a00000)
    rw space 12288K,  52% used [0x38a00000, 0x39049a68, 0x39049c00, 0x39600000)
Event: 32.804 GC heap after
Heap after GC invocations=19 (full 5):
 def new generation   total 30848K, used 0K [0x24000000, 0x26170000, 0x29550000)
  eden space 27456K,   0% used [0x24000000, 0x24000000, 0x25ad0000)
  from space 3392K,   0% used [0x25ad0000, 0x25ad0000, 0x25e20000)
  to   space 3392K,   0% used [0x25e20000, 0x25e20000, 0x26170000)
 tenured generation   total 68380K, used 41026K [0x29550000, 0x2d817000, 0x34000000)
   the space 68380K,  59% used [0x29550000, 0x2bd60bb0, 0x2bd60c00, 0x2d817000)
 compacting perm gen  total 12288K, used 8785K [0x34000000, 0x34c00000, 0x38000000)
   the space 12288K,  71% used [0x34000000, 0x34894798, 0x34894800, 0x34c00000)
    ro space 10240K,  42% used [0x38000000, 0x38434778, 0x38434800, 0x38a00000)
    rw space 12288K,  52% used [0x38a00000, 0x39049a68, 0x39049c00, 0x39600000)
}

