# JRE version: Java(TM) SE Runtime Environment (7.0_60-b19) (build 1.7.0_60-b19)
# Java VM: Java HotSpot(TM) Client VM (24.60-b09 mixed mode, sharing windows-x86 )
Heap
 def new generation   total 33920K, used 22329K [0x24000000, 0x264c0000, 0x29550000)
  eden space 30208K,  73% used [0x24000000, 0x255ce4d8, 0x25d80000)
  from space 3712K,   0% used [0x26120000, 0x26120000, 0x264c0000)
  to   space 3712K,   0% used [0x25d80000, 0x25d80000, 0x26120000)
 tenured generation   total 75192K, used 40673K [0x29550000, 0x2debe000, 0x34000000)
   the space 75192K,  54% used [0x29550000, 0x2bd08760, 0x2bd08800, 0x2debe000)
 compacting perm gen  total 12288K, used 9616K [0x34000000, 0x34c00000, 0x38000000)
   the space 12288K,  78% used [0x34000000, 0x34964228, 0x34964400, 0x34c00000)
    ro space 10240K,  42% used [0x38000000, 0x38434778, 0x38434800, 0x38a00000)
    rw space 12288K,  52% used [0x38a00000, 0x39049a68, 0x39049c00, 0x39600000)
GC Heap History (10 events):
Event: 58.000 GC heap before
{Heap before GC invocations=74 (full 6):
 def new generation   total 33920K, used 30210K [0x24000000, 0x264c0000, 0x29550000)
  eden space 30208K, 100% used [0x24000000, 0x25d80000, 0x25d80000)
  from space 3712K,   0% used [0x25d80000, 0x25d80898, 0x26120000)
  to   space 3712K,   0% used [0x26120000, 0x26120000, 0x264c0000)
 tenured generation   total 75192K, used 55733K [0x29550000, 0x2debe000, 0x34000000)
   the space 75192K,  74% used [0x29550000, 0x2cbbd6b0, 0x2cbbd800, 0x2debe000)
 compacting perm gen  total 12288K, used 9523K [0x34000000, 0x34c00000, 0x38000000)
   the space 12288K,  77% used [0x34000000, 0x3494ccb0, 0x3494ce00, 0x34c00000)
    ro space 10240K,  42% used [0x38000000, 0x38434778, 0x38434800, 0x38a00000)
    rw space 12288K,  52% used [0x38a00000, 0x39049a68, 0x39049c00, 0x39600000)
Event: 58.001 GC heap after
Heap after GC invocations=75 (full 6):
 def new generation   total 33920K, used 2K [0x24000000, 0x264c0000, 0x29550000)
  eden space 30208K,   0% used [0x24000000, 0x24000000, 0x25d80000)
  from space 3712K,   0% used [0x26120000, 0x26120908, 0x264c0000)
  to   space 3712K,   0% used [0x25d80000, 0x25d80000, 0x26120000)
 tenured generation   total 75192K, used 55733K [0x29550000, 0x2debe000, 0x34000000)
   the space 75192K,  74% used [0x29550000, 0x2cbbd6b0, 0x2cbbd800, 0x2debe000)
 compacting perm gen  total 12288K, used 9523K [0x34000000, 0x34c00000, 0x38000000)
   the space 12288K,  77% used [0x34000000, 0x3494ccb0, 0x3494ce00, 0x34c00000)
    ro space 10240K,  42% used [0x38000000, 0x38434778, 0x38434800, 0x38a00000)
    rw space 12288K,  52% used [0x38a00000, 0x39049a68, 0x39049c00, 0x39600000)
}
Event: 58.043 GC heap before
{Heap before GC invocations=75 (full 6):
 def new generation   total 33920K, used 30210K [0x24000000, 0x264c0000, 0x29550000)
  eden space 30208K, 100% used [0x24000000, 0x25d80000, 0x25d80000)
  from space 3712K,   0% used [0x26120000, 0x26120908, 0x264c0000)
  to   space 3712K,   0% used [0x25d80000, 0x25d80000, 0x26120000)
 tenured generation   total 75192K, used 55733K [0x29550000, 0x2debe000, 0x34000000)
   the space 75192K,  74% used [0x29550000, 0x2cbbd6b0, 0x2cbbd800, 0x2debe000)
 compacting perm gen  total 12288K, used 9523K [0x34000000, 0x34c00000, 0x38000000)
   the space 12288K,  77% used [0x34000000, 0x3494ccb0, 0x3494ce00, 0x34c00000)
    ro space 10240K,  42% used [0x38000000, 0x38434778, 0x38434800, 0x38a00000)
    rw space 12288K,  52% used [0x38a00000, 0x39049a68, 0x39049c00, 0x39600000)
Event: 58.044 GC heap after
Heap after GC invocations=76 (full 6):
 def new generation   total 33920K, used 2K [0x24000000, 0x264c0000, 0x29550000)
  eden space 30208K,   0% used [0x24000000, 0x24000000, 0x25d80000)
  from space 3712K,   0% used [0x25d80000, 0x25d80908, 0x26120000)
  to   space 3712K,   0% used [0x26120000, 0x26120000, 0x264c0000)
 tenured generation   total 75192K, used 55733K [0x29550000, 0x2debe000, 0x34000000)
   the space 75192K,  74% used [0x29550000, 0x2cbbd6b0, 0x2cbbd800, 0x2debe000)
 compacting perm gen  total 12288K, used 9523K [0x34000000, 0x34c00000, 0x38000000)
   the space 12288K,  77% used [0x34000000, 0x3494ccb0, 0x3494ce00, 0x34c00000)
    ro space 10240K,  42% used [0x38000000, 0x38434778, 0x38434800, 0x38a00000)
    rw space 12288K,  52% used [0x38a00000, 0x39049a68, 0x39049c00, 0x39600000)
}
Event: 60.993 GC heap before
{Heap before GC invocations=76 (full 6):
 def new generation   total 33920K, used 31177K [0x24000000, 0x264c0000, 0x29550000)
  eden space 30208K,  99% used [0x24000000, 0x25d51ae0, 0x25d80000)
  from space 3712K,  31% used [0x25d80000, 0x25ea0968, 0x26120000)
  to   space 3712K,   0% used [0x26120000, 0x26120000, 0x264c0000)
 tenured generation   total 75192K, used 55733K [0x29550000, 0x2debe000, 0x34000000)
   the space 75192K,  74% used [0x29550000, 0x2cbbd6b0, 0x2cbbd800, 0x2debe000)
 compacting perm gen  total 12288K, used 9531K [0x34000000, 0x34c00000, 0x38000000)
   the space 12288K,  77% used [0x34000000, 0x3494ee20, 0x3494f000, 0x34c00000)
    ro space 10240K,  42% used [0x38000000, 0x38434778, 0x38434800, 0x38a00000)
    rw space 12288K,  52% used [0x38a00000, 0x39049a68, 0x39049c00, 0x39600000)
Event: 60.996 GC heap after
Heap after GC invocations=77 (full 6):
 def new generation   total 33920K, used 3712K [0x24000000, 0x264c0000, 0x29550000)
  eden space 30208K,   0% used [0x24000000, 0x24000000, 0x25d80000)
  from space 3712K, 100% used [0x26120000, 0x264c0000, 0x264c0000)
  to   space 3712K,   0% used [0x25d80000, 0x25d80000, 0x26120000)
 tenured generation   total 75192K, used 55740K [0x29550000, 0x2debe000, 0x34000000)
   the space 75192K,  74% used [0x29550000, 0x2cbbf218, 0x2cbbf400, 0x2debe000)
 compacting perm gen  total 12288K, used 9531K [0x34000000, 0x34c00000, 0x38000000)
   the space 12288K,  77% used [0x34000000, 0x3494ee20, 0x3494f000, 0x34c00000)
    ro space 10240K,  42% used [0x38000000, 0x38434778, 0x38434800, 0x38a00000)
    rw space 12288K,  52% used [0x38a00000, 0x39049a68, 0x39049c00, 0x39600000)
}
Event: 84.383 GC heap before
{Heap before GC invocations=77 (full 6):
 def new generation   total 33920K, used 33918K [0x24000000, 0x264c0000, 0x29550000)
  eden space 30208K,  99% used [0x24000000, 0x25d7f910, 0x25d80000)
  from space 3712K, 100% used [0x26120000, 0x264c0000, 0x264c0000)
  to   space 3712K,   0% used [0x25d80000, 0x25d80000, 0x26120000)
 tenured generation   total 75192K, used 55740K [0x29550000, 0x2debe000, 0x34000000)
   the space 75192K,  74% used [0x29550000, 0x2cbbf218, 0x2cbbf400, 0x2debe000)
 compacting perm gen  total 12288K, used 9595K [0x34000000, 0x34c00000, 0x38000000)
   the space 12288K,  78% used [0x34000000, 0x3495ef68, 0x3495f000, 0x34c00000)
    ro space 10240K,  42% used [0x38000000, 0x38434778, 0x38434800, 0x38a00000)
    rw space 12288K,  52% used [0x38a00000, 0x39049a68, 0x39049c00, 0x39600000)
Event: 84.402 GC heap after
Heap after GC invocations=78 (full 6):
 def new generation   total 33920K, used 3712K [0x24000000, 0x264c0000, 0x29550000)
  eden space 30208K,   0% used [0x24000000, 0x24000000, 0x25d80000)
  from space 3712K, 100% used [0x25d80000, 0x26120000, 0x26120000)
  to   space 3712K,   0% used [0x26120000, 0x26120000, 0x264c0000)
 tenured generation   total 75192K, used 62674K [0x29550000, 0x2debe000, 0x34000000)
   the space 75192K,  83% used [0x29550000, 0x2d284a20, 0x2d284c00, 0x2debe000)
 compacting perm gen  total 12288K, used 9595K [0x34000000, 0x34c00000, 0x38000000)
   the space 12288K,  78% used [0x34000000, 0x3495ef68, 0x3495f000, 0x34c00000)
    ro space 10240K,  42% used [0x38000000, 0x38434778, 0x38434800, 0x38a00000)
    rw space 12288K,  52% used [0x38a00000, 0x39049a68, 0x39049c00, 0x39600000)
}
Event: 96.447 GC heap before
{Heap before GC invocations=78 (full 6):
 def new generation   total 33920K, used 32667K [0x24000000, 0x264c0000, 0x29550000)
  eden space 30208K,  95% used [0x24000000, 0x25c46e98, 0x25d80000)
  from space 3712K, 100% used [0x25d80000, 0x26120000, 0x26120000)
  to   space 3712K,   0% used [0x26120000, 0x26120000, 0x264c0000)
 tenured generation   total 75192K, used 62674K [0x29550000, 0x2debe000, 0x34000000)
   the space 75192K,  83% used [0x29550000, 0x2d284a20, 0x2d284c00, 0x2debe000)
 compacting perm gen  total 12288K, used 9612K [0x34000000, 0x34c00000, 0x38000000)
   the space 12288K,  78% used [0x34000000, 0x349632d8, 0x34963400, 0x34c00000)
    ro space 10240K,  42% used [0x38000000, 0x38434778, 0x38434800, 0x38a00000)
    rw space 12288K,  52% used [0x38a00000, 0x39049a68, 0x39049c00, 0x39600000)
Event: 96.528 GC heap after
Heap after GC invocations=79 (full 7):
 def new generation   total 33920K, used 0K [0x24000000, 0x264c0000, 0x29550000)
  eden space 30208K,   0% used [0x24000000, 0x24000000, 0x25d80000)
  from space 3712K,   0% used [0x26120000, 0x26120000, 0x264c0000)
  to   space 3712K,   0% used [0x25d80000, 0x25d80000, 0x26120000)
 tenured generation   total 75192K, used 40673K [0x29550000, 0x2debe000, 0x34000000)
   the space 75192K,  54% used [0x29550000, 0x2bd08760, 0x2bd08800, 0x2debe000)
 compacting perm gen  total 12288K, used 9612K [0x34000000, 0x34c00000, 0x38000000)
   the space 12288K,  78% used [0x34000000, 0x349632d8, 0x34963400, 0x34c00000)
    ro space 10240K,  42% used [0x38000000, 0x38434778, 0x38434800, 0x38a00000)
    rw space 12288K,  52% used [0x38a00000, 0x39049a68, 0x39049c00, 0x39600000)
}

