# JRE version: Java(TM) SE Runtime Environment (7.0_60-b19) (build 1.7.0_60-b19)
# Java VM: Java HotSpot(TM) Client VM (24.60-b09 mixed mode, sharing windows-x86 )
Heap
 def new generation   total 68672K, used 31917K [0x24000000, 0x28a80000, 0x29550000)
  eden space 61056K,  51% used [0x24000000, 0x25e8a270, 0x27ba0000)
  from space 7616K,   8% used [0x28310000, 0x283b13d8, 0x28a80000)
  to   space 7616K,   0% used [0x27ba0000, 0x27ba0000, 0x28310000)
 tenured generation   total 152464K, used 119853K [0x29550000, 0x32a34000, 0x34000000)
   the space 152464K,  78% used [0x29550000, 0x30a5b608, 0x30a5b800, 0x32a34000)
 compacting perm gen  total 12288K, used 10960K [0x34000000, 0x34c00000, 0x38000000)
   the space 12288K,  89% used [0x34000000, 0x34ab43d0, 0x34ab4400, 0x34c00000)
    ro space 10240K,  42% used [0x38000000, 0x38434778, 0x38434800, 0x38a00000)
    rw space 12288K,  52% used [0x38a00000, 0x39049a68, 0x39049c00, 0x39600000)
GC Heap History (10 events):
Event: 95.805 GC heap before
{Heap before GC invocations=34 (full 8):
 def new generation   total 68672K, used 60864K [0x24000000, 0x28a80000, 0x29550000)
  eden space 61056K,  99% used [0x24000000, 0x27b70210, 0x27ba0000)
  from space 7616K,   0% used [0x27ba0000, 0x27ba0000, 0x28310000)
  to   space 7616K,   0% used [0x28310000, 0x28310000, 0x28a80000)
 tenured generation   total 152464K, used 91478K [0x29550000, 0x32a34000, 0x34000000)
   the space 152464K,  59% used [0x29550000, 0x2eea5960, 0x2eea5a00, 0x32a34000)
 compacting perm gen  total 12288K, used 10959K [0x34000000, 0x34c00000, 0x38000000)
   the space 12288K,  89% used [0x34000000, 0x34ab3da8, 0x34ab3e00, 0x34c00000)
    ro space 10240K,  42% used [0x38000000, 0x38434778, 0x38434800, 0x38a00000)
    rw space 12288K,  52% used [0x38a00000, 0x39049a68, 0x39049c00, 0x39600000)
Event: 95.814 GC heap after
Heap after GC invocations=35 (full 8):
 def new generation   total 68672K, used 7604K [0x24000000, 0x28a80000, 0x29550000)
  eden space 61056K,   0% used [0x24000000, 0x24000000, 0x27ba0000)
  from space 7616K,  99% used [0x28310000, 0x28a7d278, 0x28a80000)
  to   space 7616K,   0% used [0x27ba0000, 0x27ba0000, 0x28310000)
 tenured generation   total 152464K, used 107015K [0x29550000, 0x32a34000, 0x34000000)
   the space 152464K,  70% used [0x29550000, 0x2fdd1e58, 0x2fdd2000, 0x32a34000)
 compacting perm gen  total 12288K, used 10959K [0x34000000, 0x34c00000, 0x38000000)
   the space 12288K,  89% used [0x34000000, 0x34ab3da8, 0x34ab3e00, 0x34c00000)
    ro space 10240K,  42% used [0x38000000, 0x38434778, 0x38434800, 0x38a00000)
    rw space 12288K,  52% used [0x38a00000, 0x39049a68, 0x39049c00, 0x39600000)
}
Event: 96.853 GC heap before
{Heap before GC invocations=35 (full 8):
 def new generation   total 68672K, used 68457K [0x24000000, 0x28a80000, 0x29550000)
  eden space 61056K,  99% used [0x24000000, 0x27b6d3e0, 0x27ba0000)
  from space 7616K,  99% used [0x28310000, 0x28a7d278, 0x28a80000)
  to   space 7616K,   0% used [0x27ba0000, 0x27ba0000, 0x28310000)
 tenured generation   total 152464K, used 107015K [0x29550000, 0x32a34000, 0x34000000)
   the space 152464K,  70% used [0x29550000, 0x2fdd1e58, 0x2fdd2000, 0x32a34000)
 compacting perm gen  total 12288K, used 10959K [0x34000000, 0x34c00000, 0x38000000)
   the space 12288K,  89% used [0x34000000, 0x34ab3db8, 0x34ab3e00, 0x34c00000)
    ro space 10240K,  42% used [0x38000000, 0x38434778, 0x38434800, 0x38a00000)
    rw space 12288K,  52% used [0x38a00000, 0x39049a68, 0x39049c00, 0x39600000)
Event: 96.858 GC heap after
Heap after GC invocations=36 (full 8):
 def new generation   total 68672K, used 5896K [0x24000000, 0x28a80000, 0x29550000)
  eden space 61056K,   0% used [0x24000000, 0x24000000, 0x27ba0000)
  from space 7616K,  77% used [0x27ba0000, 0x28162270, 0x28310000)
  to   space 7616K,   0% used [0x28310000, 0x28310000, 0x28a80000)
 tenured generation   total 152464K, used 113900K [0x29550000, 0x32a34000, 0x34000000)
   the space 152464K,  74% used [0x29550000, 0x3048b190, 0x3048b200, 0x32a34000)
 compacting perm gen  total 12288K, used 10959K [0x34000000, 0x34c00000, 0x38000000)
   the space 12288K,  89% used [0x34000000, 0x34ab3db8, 0x34ab3e00, 0x34c00000)
    ro space 10240K,  42% used [0x38000000, 0x38434778, 0x38434800, 0x38a00000)
    rw space 12288K,  52% used [0x38a00000, 0x39049a68, 0x39049c00, 0x39600000)
}
Event: 97.693 GC heap before
{Heap before GC invocations=36 (full 8):
 def new generation   total 68672K, used 66817K [0x24000000, 0x28a80000, 0x29550000)
  eden space 61056K,  99% used [0x24000000, 0x27b7e230, 0x27ba0000)
  from space 7616K,  77% used [0x27ba0000, 0x28162270, 0x28310000)
  to   space 7616K,   0% used [0x28310000, 0x28310000, 0x28a80000)
 tenured generation   total 152464K, used 113900K [0x29550000, 0x32a34000, 0x34000000)
   the space 152464K,  74% used [0x29550000, 0x3048b190, 0x3048b200, 0x32a34000)
 compacting perm gen  total 12288K, used 10959K [0x34000000, 0x34c00000, 0x38000000)
   the space 12288K,  89% used [0x34000000, 0x34ab3dc8, 0x34ab3e00, 0x34c00000)
    ro space 10240K,  42% used [0x38000000, 0x38434778, 0x38434800, 0x38a00000)
    rw space 12288K,  52% used [0x38a00000, 0x39049a68, 0x39049c00, 0x39600000)
Event: 97.697 GC heap after
Heap after GC invocations=37 (full 8):
 def new generation   total 68672K, used 4483K [0x24000000, 0x28a80000, 0x29550000)
  eden space 61056K,   0% used [0x24000000, 0x24000000, 0x27ba0000)
  from space 7616K,  58% used [0x28310000, 0x28770f58, 0x28a80000)
  to   space 7616K,   0% used [0x27ba0000, 0x27ba0000, 0x28310000)
 tenured generation   total 152464K, used 115321K [0x29550000, 0x32a34000, 0x34000000)
   the space 152464K,  75% used [0x29550000, 0x305ee6c8, 0x305ee800, 0x32a34000)
 compacting perm gen  total 12288K, used 10959K [0x34000000, 0x34c00000, 0x38000000)
   the space 12288K,  89% used [0x34000000, 0x34ab3dc8, 0x34ab3e00, 0x34c00000)
    ro space 10240K,  42% used [0x38000000, 0x38434778, 0x38434800, 0x38a00000)
    rw space 12288K,  52% used [0x38a00000, 0x39049a68, 0x39049c00, 0x39600000)
}
Event: 99.741 GC heap before
{Heap before GC invocations=37 (full 8):
 def new generation   total 68672K, used 65337K [0x24000000, 0x28a80000, 0x29550000)
  eden space 61056K,  99% used [0x24000000, 0x27b6d520, 0x27ba0000)
  from space 7616K,  58% used [0x28310000, 0x28770f58, 0x28a80000)
  to   space 7616K,   0% used [0x27ba0000, 0x27ba0000, 0x28310000)
 tenured generation   total 152464K, used 115321K [0x29550000, 0x32a34000, 0x34000000)
   the space 152464K,  75% used [0x29550000, 0x305ee6c8, 0x305ee800, 0x32a34000)
 compacting perm gen  total 12288K, used 10959K [0x34000000, 0x34c00000, 0x38000000)
   the space 12288K,  89% used [0x34000000, 0x34ab3de8, 0x34ab3e00, 0x34c00000)
    ro space 10240K,  42% used [0x38000000, 0x38434778, 0x38434800, 0x38a00000)
    rw space 12288K,  52% used [0x38a00000, 0x39049a68, 0x39049c00, 0x39600000)
Event: 99.743 GC heap after
Heap after GC invocations=38 (full 8):
 def new generation   total 68672K, used 4240K [0x24000000, 0x28a80000, 0x29550000)
  eden space 61056K,   0% used [0x24000000, 0x24000000, 0x27ba0000)
  from space 7616K,  55% used [0x27ba0000, 0x27fc4320, 0x28310000)
  to   space 7616K,   0% used [0x28310000, 0x28310000, 0x28a80000)
 tenured generation   total 152464K, used 117273K [0x29550000, 0x32a34000, 0x34000000)
   the space 152464K,  76% used [0x29550000, 0x307d64a0, 0x307d6600, 0x32a34000)
 compacting perm gen  total 12288K, used 10959K [0x34000000, 0x34c00000, 0x38000000)
   the space 12288K,  89% used [0x34000000, 0x34ab3de8, 0x34ab3e00, 0x34c00000)
    ro space 10240K,  42% used [0x38000000, 0x38434778, 0x38434800, 0x38a00000)
    rw space 12288K,  52% used [0x38a00000, 0x39049a68, 0x39049c00, 0x39600000)
}
Event: 102.346 GC heap before
{Heap before GC invocations=38 (full 8):
 def new generation   total 68672K, used 65064K [0x24000000, 0x28a80000, 0x29550000)
  eden space 61056K,  99% used [0x24000000, 0x27b65ea8, 0x27ba0000)
  from space 7616K,  55% used [0x27ba0000, 0x27fc4320, 0x28310000)
  to   space 7616K,   0% used [0x28310000, 0x28310000, 0x28a80000)
 tenured generation   total 152464K, used 117273K [0x29550000, 0x32a34000, 0x34000000)
   the space 152464K,  76% used [0x29550000, 0x307d64a0, 0x307d6600, 0x32a34000)
 compacting perm gen  total 12288K, used 10959K [0x34000000, 0x34c00000, 0x38000000)
   the space 12288K,  89% used [0x34000000, 0x34ab3de8, 0x34ab3e00, 0x34c00000)
    ro space 10240K,  42% used [0x38000000, 0x38434778, 0x38434800, 0x38a00000)
    rw space 12288K,  52% used [0x38a00000, 0x39049a68, 0x39049c00, 0x39600000)
Event: 102.349 GC heap after
Heap after GC invocations=39 (full 8):
 def new generation   total 68672K, used 644K [0x24000000, 0x28a80000, 0x29550000)
  eden space 61056K,   0% used [0x24000000, 0x24000000, 0x27ba0000)
  from space 7616K,   8% used [0x28310000, 0x283b13d8, 0x28a80000)
  to   space 7616K,   0% used [0x27ba0000, 0x27ba0000, 0x28310000)
 tenured generation   total 152464K, used 119853K [0x29550000, 0x32a34000, 0x34000000)
   the space 152464K,  78% used [0x29550000, 0x30a5b608, 0x30a5b800, 0x32a34000)
 compacting perm gen  total 12288K, used 10959K [0x34000000, 0x34c00000, 0x38000000)
   the space 12288K,  89% used [0x34000000, 0x34ab3de8, 0x34ab3e00, 0x34c00000)
    ro space 10240K,  42% used [0x38000000, 0x38434778, 0x38434800, 0x38a00000)
    rw space 12288K,  52% used [0x38a00000, 0x39049a68, 0x39049c00, 0x39600000)
}

