# JRE version: Java(TM) SE Runtime Environment (7.0_60-b19) (build 1.7.0_60-b19)
# Java VM: Java HotSpot(TM) Client VM (24.60-b09 mixed mode, sharing windows-x86 )
Heap
 def new generation   total 23360K, used 5643K [0x24000000, 0x25950000, 0x29550000)
  eden space 20800K,  14% used [0x24000000, 0x24302c98, 0x25450000)
  from space 2560K, 100% used [0x256d0000, 0x25950000, 0x25950000)
  to   space 2560K,   0% used [0x25450000, 0x25450000, 0x256d0000)
 tenured generation   total 51672K, used 39657K [0x29550000, 0x2c7c6000, 0x34000000)
   the space 51672K,  76% used [0x29550000, 0x2bc0a5e8, 0x2bc0a600, 0x2c7c6000)
 compacting perm gen  total 12288K, used 9498K [0x34000000, 0x34c00000, 0x38000000)
   the space 12288K,  77% used [0x34000000, 0x34946830, 0x34946a00, 0x34c00000)
    ro space 10240K,  42% used [0x38000000, 0x38434778, 0x38434800, 0x38a00000)
    rw space 12288K,  52% used [0x38a00000, 0x39049a68, 0x39049c00, 0x39600000)
GC Heap History (10 events):
Event: 13.870 GC heap before
{Heap before GC invocations=16 (full 4):
 def new generation   total 14848K, used 12090K [0x24000000, 0x25010000, 0x29550000)
  eden space 13248K,  91% used [0x24000000, 0x24bceb60, 0x24cf0000)
  from space 1600K,   0% used [0x24cf0000, 0x24cf0000, 0x24e80000)
  to   space 1600K,   0% used [0x24e80000, 0x24e80000, 0x25010000)
 tenured generation   total 32664K, used 19597K [0x29550000, 0x2b536000, 0x34000000)
   the space 32664K,  59% used [0x29550000, 0x2a8736f8, 0x2a873800, 0x2b536000)
 compacting perm gen  total 12288K, used 8585K [0x34000000, 0x34c00000, 0x38000000)
   the space 12288K,  69% used [0x34000000, 0x348626b8, 0x34862800, 0x34c00000)
    ro space 10240K,  42% used [0x38000000, 0x38434778, 0x38434800, 0x38a00000)
    rw space 12288K,  52% used [0x38a00000, 0x39049a68, 0x39049c00, 0x39600000)
Event: 13.872 GC heap after
Heap after GC invocations=17 (full 4):
 def new generation   total 14848K, used 1588K [0x24000000, 0x25010000, 0x29550000)
  eden space 13248K,   0% used [0x24000000, 0x24000000, 0x24cf0000)
  from space 1600K,  99% used [0x24e80000, 0x2500d0c0, 0x25010000)
  to   space 1600K,   0% used [0x24cf0000, 0x24cf0000, 0x24e80000)
 tenured generation   total 32664K, used 20796K [0x29550000, 0x2b536000, 0x34000000)
   the space 32664K,  63% used [0x29550000, 0x2a99f2e8, 0x2a99f400, 0x2b536000)
 compacting perm gen  total 12288K, used 8585K [0x34000000, 0x34c00000, 0x38000000)
   the space 12288K,  69% used [0x34000000, 0x348626b8, 0x34862800, 0x34c00000)
    ro space 10240K,  42% used [0x38000000, 0x38434778, 0x38434800, 0x38a00000)
    rw space 12288K,  52% used [0x38a00000, 0x39049a68, 0x39049c00, 0x39600000)
}
Event: 14.907 GC heap before
{Heap before GC invocations=17 (full 4):
 def new generation   total 14848K, used 14835K [0x24000000, 0x25010000, 0x29550000)
  eden space 13248K,  99% used [0x24000000, 0x24cefc88, 0x24cf0000)
  from space 1600K,  99% used [0x24e80000, 0x2500d0c0, 0x25010000)
  to   space 1600K,   0% used [0x24cf0000, 0x24cf0000, 0x24e80000)
 tenured generation   total 32664K, used 20796K [0x29550000, 0x2b536000, 0x34000000)
   the space 32664K,  63% used [0x29550000, 0x2a99f2e8, 0x2a99f400, 0x2b536000)
 compacting perm gen  total 12288K, used 8585K [0x34000000, 0x34c00000, 0x38000000)
   the space 12288K,  69% used [0x34000000, 0x34862728, 0x34862800, 0x34c00000)
    ro space 10240K,  42% used [0x38000000, 0x38434778, 0x38434800, 0x38a00000)
    rw space 12288K,  52% used [0x38a00000, 0x39049a68, 0x39049c00, 0x39600000)
Event: 14.910 GC heap after
Heap after GC invocations=18 (full 4):
 def new generation   total 14848K, used 1480K [0x24000000, 0x25010000, 0x29550000)
  eden space 13248K,   0% used [0x24000000, 0x24000000, 0x24cf0000)
  from space 1600K,  92% used [0x24cf0000, 0x24e62368, 0x24e80000)
  to   space 1600K,   0% used [0x24e80000, 0x24e80000, 0x25010000)
 tenured generation   total 32664K, used 29504K [0x29550000, 0x2b536000, 0x34000000)
   the space 32664K,  90% used [0x29550000, 0x2b2202e0, 0x2b220400, 0x2b536000)
 compacting perm gen  total 12288K, used 8585K [0x34000000, 0x34c00000, 0x38000000)
   the space 12288K,  69% used [0x34000000, 0x34862728, 0x34862800, 0x34c00000)
    ro space 10240K,  42% used [0x38000000, 0x38434778, 0x38434800, 0x38a00000)
    rw space 12288K,  52% used [0x38a00000, 0x39049a68, 0x39049c00, 0x39600000)
}
Event: 16.536 GC heap before
{Heap before GC invocations=18 (full 4):
 def new generation   total 14848K, used 14728K [0x24000000, 0x25010000, 0x29550000)
  eden space 13248K, 100% used [0x24000000, 0x24cf0000, 0x24cf0000)
  from space 1600K,  92% used [0x24cf0000, 0x24e62368, 0x24e80000)
  to   space 1600K,   0% used [0x24e80000, 0x24e80000, 0x25010000)
 tenured generation   total 32664K, used 29696K [0x29550000, 0x2b536000, 0x34000000)
   the space 32664K,  90% used [0x29550000, 0x2b2502f0, 0x2b250400, 0x2b536000)
 compacting perm gen  total 12288K, used 8585K [0x34000000, 0x34c00000, 0x38000000)
   the space 12288K,  69% used [0x34000000, 0x34862778, 0x34862800, 0x34c00000)
    ro space 10240K,  42% used [0x38000000, 0x38434778, 0x38434800, 0x38a00000)
    rw space 12288K,  52% used [0x38a00000, 0x39049a68, 0x39049c00, 0x39600000)
Event: 16.542 GC heap after
Heap after GC invocations=19 (full 4):
 def new generation   total 14848K, used 1246K [0x24000000, 0x25010000, 0x29550000)
  eden space 13248K,   0% used [0x24000000, 0x24000000, 0x24cf0000)
  from space 1600K,  77% used [0x24e80000, 0x24fb79b8, 0x25010000)
  to   space 1600K,   0% used [0x24cf0000, 0x24cf0000, 0x24e80000)
 tenured generation   total 36792K, used 36709K [0x29550000, 0x2b93e000, 0x34000000)
   the space 36792K,  99% used [0x29550000, 0x2b9297a0, 0x2b929800, 0x2b93e000)
 compacting perm gen  total 12288K, used 8585K [0x34000000, 0x34c00000, 0x38000000)
   the space 12288K,  69% used [0x34000000, 0x34862778, 0x34862800, 0x34c00000)
    ro space 10240K,  42% used [0x38000000, 0x38434778, 0x38434800, 0x38a00000)
    rw space 12288K,  52% used [0x38a00000, 0x39049a68, 0x39049c00, 0x39600000)
}
Event: 26.776 GC heap before
{Heap before GC invocations=19 (full 4):
 def new generation   total 14848K, used 14494K [0x24000000, 0x25010000, 0x29550000)
  eden space 13248K, 100% used [0x24000000, 0x24cf0000, 0x24cf0000)
  from space 1600K,  77% used [0x24e80000, 0x24fb79b8, 0x25010000)
  to   space 1600K,   0% used [0x24cf0000, 0x24cf0000, 0x24e80000)
 tenured generation   total 36792K, used 36709K [0x29550000, 0x2b93e000, 0x34000000)
   the space 36792K,  99% used [0x29550000, 0x2b9297a0, 0x2b929800, 0x2b93e000)
 compacting perm gen  total 12288K, used 9260K [0x34000000, 0x34c00000, 0x38000000)
   the space 12288K,  75% used [0x34000000, 0x3490b108, 0x3490b200, 0x34c00000)
    ro space 10240K,  42% used [0x38000000, 0x38434778, 0x38434800, 0x38a00000)
    rw space 12288K,  52% used [0x38a00000, 0x39049a68, 0x39049c00, 0x39600000)
Event: 26.842 GC heap after
Heap after GC invocations=20 (full 5):
 def new generation   total 23360K, used 0K [0x24000000, 0x25950000, 0x29550000)
  eden space 20800K,   0% used [0x24000000, 0x24000000, 0x25450000)
  from space 2560K,   0% used [0x25450000, 0x25450000, 0x256d0000)
  to   space 2560K,   0% used [0x256d0000, 0x256d0000, 0x25950000)
 tenured generation   total 51672K, used 31002K [0x29550000, 0x2c7c6000, 0x34000000)
   the space 51672K,  59% used [0x29550000, 0x2b396a78, 0x2b396c00, 0x2c7c6000)
 compacting perm gen  total 12288K, used 9260K [0x34000000, 0x34c00000, 0x38000000)
   the space 12288K,  75% used [0x34000000, 0x3490b108, 0x3490b200, 0x34c00000)
    ro space 10240K,  42% used [0x38000000, 0x38434778, 0x38434800, 0x38a00000)
    rw space 12288K,  52% used [0x38a00000, 0x39049a68, 0x39049c00, 0x39600000)
}
Event: 28.735 GC heap before
{Heap before GC invocations=20 (full 5):
 def new generation   total 23360K, used 20812K [0x24000000, 0x25950000, 0x29550000)
  eden space 20800K, 100% used [0x24000000, 0x25450000, 0x25450000)
  from space 2560K,   0% used [0x25450000, 0x25453270, 0x256d0000)
  to   space 2560K,   0% used [0x256d0000, 0x256d0000, 0x25950000)
 tenured generation   total 51672K, used 31002K [0x29550000, 0x2c7c6000, 0x34000000)
   the space 51672K,  59% used [0x29550000, 0x2b396a78, 0x2b396c00, 0x2c7c6000)
 compacting perm gen  total 12288K, used 9494K [0x34000000, 0x34c00000, 0x38000000)
   the space 12288K,  77% used [0x34000000, 0x349459c0, 0x34945a00, 0x34c00000)
    ro space 10240K,  42% used [0x38000000, 0x38434778, 0x38434800, 0x38a00000)
    rw space 12288K,  52% used [0x38a00000, 0x39049a68, 0x39049c00, 0x39600000)
Event: 28.741 GC heap after
Heap after GC invocations=21 (full 5):
 def new generation   total 23360K, used 2560K [0x24000000, 0x25950000, 0x29550000)
  eden space 20800K,   0% used [0x24000000, 0x24000000, 0x25450000)
  from space 2560K, 100% used [0x256d0000, 0x25950000, 0x25950000)
  to   space 2560K,   0% used [0x25450000, 0x25450000, 0x256d0000)
 tenured generation   total 51672K, used 39657K [0x29550000, 0x2c7c6000, 0x34000000)
   the space 51672K,  76% used [0x29550000, 0x2bc0a5e8, 0x2bc0a600, 0x2c7c6000)
 compacting perm gen  total 12288K, used 9494K [0x34000000, 0x34c00000, 0x38000000)
   the space 12288K,  77% used [0x34000000, 0x349459c0, 0x34945a00, 0x34c00000)
    ro space 10240K,  42% used [0x38000000, 0x38434778, 0x38434800, 0x38a00000)
    rw space 12288K,  52% used [0x38a00000, 0x39049a68, 0x39049c00, 0x39600000)
}

