# JRE version: Java(TM) SE Runtime Environment (7.0_60-b19) (build 1.7.0_60-b19)
# Java VM: Java HotSpot(TM) Client VM (24.60-b09 mixed mode, sharing windows-x86 )
Heap
 def new generation   total 13312K, used 5549K [0x24000000, 0x24e70000, 0x29550000)
  eden space 11840K,  35% used [0x24000000, 0x2440cfc8, 0x24b90000)
  from space 1472K,  95% used [0x24d00000, 0x24e5e828, 0x24e70000)
  to   space 1472K,   0% used [0x24b90000, 0x24b90000, 0x24d00000)
 tenured generation   total 29492K, used 29236K [0x29550000, 0x2b21d000, 0x34000000)
   the space 29492K,  99% used [0x29550000, 0x2b1dd290, 0x2b1dd400, 0x2b21d000)
 compacting perm gen  total 12288K, used 8814K [0x34000000, 0x34c00000, 0x38000000)
   the space 12288K,  71% used [0x34000000, 0x3489bb78, 0x3489bc00, 0x34c00000)
    ro space 10240K,  42% used [0x38000000, 0x38434778, 0x38434800, 0x38a00000)
    rw space 12288K,  52% used [0x38a00000, 0x39049a68, 0x39049c00, 0x39600000)
GC Heap History (10 events):
Event: 2.912 GC heap before
{Heap before GC invocations=12 (full 2):
 def new generation   total 11648K, used 9599K [0x24000000, 0x24ca0000, 0x29550000)
  eden space 10368K,  92% used [0x24000000, 0x2495fdd8, 0x24a20000)
  from space 1280K,   0% used [0x24a20000, 0x24a20000, 0x24b60000)
  to   space 1280K,   0% used [0x24b60000, 0x24b60000, 0x24ca0000)
 tenured generation   total 25760K, used 15455K [0x29550000, 0x2ae78000, 0x34000000)
   the space 25760K,  59% used [0x29550000, 0x2a467c18, 0x2a467e00, 0x2ae78000)
 compacting perm gen  total 12288K, used 8517K [0x34000000, 0x34c00000, 0x38000000)
   the space 12288K,  69% used [0x34000000, 0x34851718, 0x34851800, 0x34c00000)
    ro space 10240K,  42% used [0x38000000, 0x38434778, 0x38434800, 0x38a00000)
    rw space 12288K,  52% used [0x38a00000, 0x39049a68, 0x39049c00, 0x39600000)
Event: 2.914 GC heap after
Heap after GC invocations=13 (full 2):
 def new generation   total 11648K, used 42K [0x24000000, 0x24ca0000, 0x29550000)
  eden space 10368K,   0% used [0x24000000, 0x24000000, 0x24a20000)
  from space 1280K,   3% used [0x24b60000, 0x24b6a968, 0x24ca0000)
  to   space 1280K,   0% used [0x24a20000, 0x24a20000, 0x24b60000)
 tenured generation   total 25760K, used 24773K [0x29550000, 0x2ae78000, 0x34000000)
   the space 25760K,  96% used [0x29550000, 0x2ad81690, 0x2ad81800, 0x2ae78000)
 compacting perm gen  total 12288K, used 8517K [0x34000000, 0x34c00000, 0x38000000)
   the space 12288K,  69% used [0x34000000, 0x34851718, 0x34851800, 0x34c00000)
    ro space 10240K,  42% used [0x38000000, 0x38434778, 0x38434800, 0x38a00000)
    rw space 12288K,  52% used [0x38a00000, 0x39049a68, 0x39049c00, 0x39600000)
}
Event: 2.929 GC heap before
{Heap before GC invocations=13 (full 2):
 def new generation   total 11648K, used 9445K [0x24000000, 0x24ca0000, 0x29550000)
  eden space 10368K,  90% used [0x24000000, 0x2492eab8, 0x24a20000)
  from space 1280K,   3% used [0x24b60000, 0x24b6a968, 0x24ca0000)
  to   space 1280K,   0% used [0x24a20000, 0x24a20000, 0x24b60000)
 tenured generation   total 25760K, used 24773K [0x29550000, 0x2ae78000, 0x34000000)
   the space 25760K,  96% used [0x29550000, 0x2ad81690, 0x2ad81800, 0x2ae78000)
 compacting perm gen  total 12288K, used 8517K [0x34000000, 0x34c00000, 0x38000000)
   the space 12288K,  69% used [0x34000000, 0x34851758, 0x34851800, 0x34c00000)
    ro space 10240K,  42% used [0x38000000, 0x38434778, 0x38434800, 0x38a00000)
    rw space 12288K,  52% used [0x38a00000, 0x39049a68, 0x39049c00, 0x39600000)
Event: 2.970 GC heap after
Heap after GC invocations=14 (full 3):
 def new generation   total 13312K, used 0K [0x24000000, 0x24e70000, 0x29550000)
  eden space 11840K,   0% used [0x24000000, 0x24000000, 0x24b90000)
  from space 1472K,   0% used [0x24b90000, 0x24b90000, 0x24d00000)
  to   space 1472K,   0% used [0x24d00000, 0x24d00000, 0x24e70000)
 tenured generation   total 29492K, used 17694K [0x29550000, 0x2b21d000, 0x34000000)
   the space 29492K,  59% used [0x29550000, 0x2a697950, 0x2a697a00, 0x2b21d000)
 compacting perm gen  total 12288K, used 8517K [0x34000000, 0x34c00000, 0x38000000)
   the space 12288K,  69% used [0x34000000, 0x34851758, 0x34851800, 0x34c00000)
    ro space 10240K,  42% used [0x38000000, 0x38434778, 0x38434800, 0x38a00000)
    rw space 12288K,  52% used [0x38a00000, 0x39049a68, 0x39049c00, 0x39600000)
}
Event: 5.548 GC heap before
{Heap before GC invocations=14 (full 3):
 def new generation   total 13312K, used 11840K [0x24000000, 0x24e70000, 0x29550000)
  eden space 11840K, 100% used [0x24000000, 0x24b90000, 0x24b90000)
  from space 1472K,   0% used [0x24b90000, 0x24b90000, 0x24d00000)
  to   space 1472K,   0% used [0x24d00000, 0x24d00000, 0x24e70000)
 tenured generation   total 29492K, used 17694K [0x29550000, 0x2b21d000, 0x34000000)
   the space 29492K,  59% used [0x29550000, 0x2a697950, 0x2a697a00, 0x2b21d000)
 compacting perm gen  total 12288K, used 8638K [0x34000000, 0x34c00000, 0x38000000)
   the space 12288K,  70% used [0x34000000, 0x3486f998, 0x3486fa00, 0x34c00000)
    ro space 10240K,  42% used [0x38000000, 0x38434778, 0x38434800, 0x38a00000)
    rw space 12288K,  52% used [0x38a00000, 0x39049a68, 0x39049c00, 0x39600000)
Event: 5.554 GC heap after
Heap after GC invocations=15 (full 3):
 def new generation   total 13312K, used 1472K [0x24000000, 0x24e70000, 0x29550000)
  eden space 11840K,   0% used [0x24000000, 0x24000000, 0x24b90000)
  from space 1472K, 100% used [0x24d00000, 0x24e70000, 0x24e70000)
  to   space 1472K,   0% used [0x24b90000, 0x24b90000, 0x24d00000)
 tenured generation   total 29492K, used 20178K [0x29550000, 0x2b21d000, 0x34000000)
   the space 29492K,  68% used [0x29550000, 0x2a9049d0, 0x2a904a00, 0x2b21d000)
 compacting perm gen  total 12288K, used 8638K [0x34000000, 0x34c00000, 0x38000000)
   the space 12288K,  70% used [0x34000000, 0x3486f998, 0x3486fa00, 0x34c00000)
    ro space 10240K,  42% used [0x38000000, 0x38434778, 0x38434800, 0x38a00000)
    rw space 12288K,  52% used [0x38a00000, 0x39049a68, 0x39049c00, 0x39600000)
}
Event: 9.249 GC heap before
{Heap before GC invocations=15 (full 3):
 def new generation   total 13312K, used 13312K [0x24000000, 0x24e70000, 0x29550000)
  eden space 11840K, 100% used [0x24000000, 0x24b90000, 0x24b90000)
  from space 1472K, 100% used [0x24d00000, 0x24e70000, 0x24e70000)
  to   space 1472K,   0% used [0x24b90000, 0x24b90000, 0x24d00000)
 tenured generation   total 29492K, used 20178K [0x29550000, 0x2b21d000, 0x34000000)
   the space 29492K,  68% used [0x29550000, 0x2a9049d0, 0x2a904a00, 0x2b21d000)
 compacting perm gen  total 12288K, used 8810K [0x34000000, 0x34c00000, 0x38000000)
   the space 12288K,  71% used [0x34000000, 0x3489ab40, 0x3489ac00, 0x34c00000)
    ro space 10240K,  42% used [0x38000000, 0x38434778, 0x38434800, 0x38a00000)
    rw space 12288K,  52% used [0x38a00000, 0x39049a68, 0x39049c00, 0x39600000)
Event: 9.258 GC heap after
Heap after GC invocations=16 (full 3):
 def new generation   total 13312K, used 1472K [0x24000000, 0x24e70000, 0x29550000)
  eden space 11840K,   0% used [0x24000000, 0x24000000, 0x24b90000)
  from space 1472K, 100% used [0x24b90000, 0x24d00000, 0x24d00000)
  to   space 1472K,   0% used [0x24d00000, 0x24d00000, 0x24e70000)
 tenured generation   total 29492K, used 22222K [0x29550000, 0x2b21d000, 0x34000000)
   the space 29492K,  75% used [0x29550000, 0x2ab03a20, 0x2ab03c00, 0x2b21d000)
 compacting perm gen  total 12288K, used 8810K [0x34000000, 0x34c00000, 0x38000000)
   the space 12288K,  71% used [0x34000000, 0x3489ab40, 0x3489ac00, 0x34c00000)
    ro space 10240K,  42% used [0x38000000, 0x38434778, 0x38434800, 0x38a00000)
    rw space 12288K,  52% used [0x38a00000, 0x39049a68, 0x39049c00, 0x39600000)
}
Event: 9.302 GC heap before
{Heap before GC invocations=16 (full 3):
 def new generation   total 13312K, used 13312K [0x24000000, 0x24e70000, 0x29550000)
  eden space 11840K, 100% used [0x24000000, 0x24b90000, 0x24b90000)
  from space 1472K, 100% used [0x24b90000, 0x24d00000, 0x24d00000)
  to   space 1472K,   0% used [0x24d00000, 0x24d00000, 0x24e70000)
 tenured generation   total 29492K, used 22240K [0x29550000, 0x2b21d000, 0x34000000)
   the space 29492K,  75% used [0x29550000, 0x2ab08340, 0x2ab08400, 0x2b21d000)
 compacting perm gen  total 12288K, used 8810K [0x34000000, 0x34c00000, 0x38000000)
   the space 12288K,  71% used [0x34000000, 0x3489ab60, 0x3489ac00, 0x34c00000)
    ro space 10240K,  42% used [0x38000000, 0x38434778, 0x38434800, 0x38a00000)
    rw space 12288K,  52% used [0x38a00000, 0x39049a68, 0x39049c00, 0x39600000)
Event: 9.306 GC heap after
Heap after GC invocations=17 (full 3):
 def new generation   total 13312K, used 1402K [0x24000000, 0x24e70000, 0x29550000)
  eden space 11840K,   0% used [0x24000000, 0x24000000, 0x24b90000)
  from space 1472K,  95% used [0x24d00000, 0x24e5e828, 0x24e70000)
  to   space 1472K,   0% used [0x24b90000, 0x24b90000, 0x24d00000)
 tenured generation   total 29492K, used 29236K [0x29550000, 0x2b21d000, 0x34000000)
   the space 29492K,  99% used [0x29550000, 0x2b1dd290, 0x2b1dd400, 0x2b21d000)
 compacting perm gen  total 12288K, used 8810K [0x34000000, 0x34c00000, 0x38000000)
   the space 12288K,  71% used [0x34000000, 0x3489ab60, 0x3489ac00, 0x34c00000)
    ro space 10240K,  42% used [0x38000000, 0x38434778, 0x38434800, 0x38a00000)
    rw space 12288K,  52% used [0x38a00000, 0x39049a68, 0x39049c00, 0x39600000)
}

