# JRE version: Java(TM) SE Runtime Environment (7.0_60-b19) (build 1.7.0_60-b19)
# Java VM: Java HotSpot(TM) Client VM (24.60-b09 mixed mode, sharing windows-x86 )
Heap
 def new generation   total 35136K, used 13602K [0x24000000, 0x26610000, 0x29550000)
  eden space 31296K,  34% used [0x24000000, 0x24a995c8, 0x25e90000)
  from space 3840K,  71% used [0x25e90000, 0x2613f3c0, 0x26250000)
  to   space 3840K,   0% used [0x26250000, 0x26250000, 0x26610000)
 tenured generation   total 77340K, used 72059K [0x29550000, 0x2e0d7000, 0x34000000)
   the space 77340K,  93% used [0x29550000, 0x2dbaecc0, 0x2dbaee00, 0x2e0d7000)
 compacting perm gen  total 12288K, used 10826K [0x34000000, 0x34c00000, 0x38000000)
   the space 12288K,  88% used [0x34000000, 0x34a92ac8, 0x34a92c00, 0x34c00000)
    ro space 10240K,  42% used [0x38000000, 0x38434778, 0x38434800, 0x38a00000)
    rw space 12288K,  52% used [0x38a00000, 0x39049a68, 0x39049c00, 0x39600000)
GC Heap History (10 events):
Event: 61.045 GC heap before
{Heap before GC invocations=37 (full 8):
 def new generation   total 32256K, used 32230K [0x24000000, 0x262f0000, 0x29550000)
  eden space 28736K, 100% used [0x24000000, 0x25c10000, 0x25c10000)
  from space 3520K,  99% used [0x25c10000, 0x25f79908, 0x25f80000)
  to   space 3520K,   0% used [0x25f80000, 0x25f80000, 0x262f0000)
 tenured generation   total 77340K, used 77200K [0x29550000, 0x2e0d7000, 0x34000000)
   the space 77340K,  99% used [0x29550000, 0x2e0b4120, 0x2e0b4200, 0x2e0d7000)
 compacting perm gen  total 12288K, used 10824K [0x34000000, 0x34c00000, 0x38000000)
   the space 12288K,  88% used [0x34000000, 0x34a923e0, 0x34a92400, 0x34c00000)
    ro space 10240K,  42% used [0x38000000, 0x38434778, 0x38434800, 0x38a00000)
    rw space 12288K,  52% used [0x38a00000, 0x39049a68, 0x39049c00, 0x39600000)
Event: 61.128 GC heap after
Heap after GC invocations=38 (full 9):
 def new generation   total 35136K, used 0K [0x24000000, 0x26610000, 0x29550000)
  eden space 31296K,   0% used [0x24000000, 0x24000000, 0x25e90000)
  from space 3840K,   0% used [0x25e90000, 0x25e90000, 0x26250000)
  to   space 3840K,   0% used [0x26250000, 0x26250000, 0x26610000)
 tenured generation   total 77340K, used 34613K [0x29550000, 0x2e0d7000, 0x34000000)
   the space 77340K,  44% used [0x29550000, 0x2b71d6e8, 0x2b71d800, 0x2e0d7000)
 compacting perm gen  total 12288K, used 10824K [0x34000000, 0x34c00000, 0x38000000)
   the space 12288K,  88% used [0x34000000, 0x34a923e0, 0x34a92400, 0x34c00000)
    ro space 10240K,  42% used [0x38000000, 0x38434778, 0x38434800, 0x38a00000)
    rw space 12288K,  52% used [0x38a00000, 0x39049a68, 0x39049c00, 0x39600000)
}
Event: 65.238 GC heap before
{Heap before GC invocations=38 (full 9):
 def new generation   total 35136K, used 30413K [0x24000000, 0x26610000, 0x29550000)
  eden space 31296K,  97% used [0x24000000, 0x25db37c0, 0x25e90000)
  from space 3840K,   0% used [0x25e90000, 0x25e90000, 0x26250000)
  to   space 3840K,   0% used [0x26250000, 0x26250000, 0x26610000)
 tenured generation   total 77340K, used 34613K [0x29550000, 0x2e0d7000, 0x34000000)
   the space 77340K,  44% used [0x29550000, 0x2b71d6e8, 0x2b71d800, 0x2e0d7000)
 compacting perm gen  total 12288K, used 10825K [0x34000000, 0x34c00000, 0x38000000)
   the space 12288K,  88% used [0x34000000, 0x34a92410, 0x34a92600, 0x34c00000)
    ro space 10240K,  42% used [0x38000000, 0x38434778, 0x38434800, 0x38a00000)
    rw space 12288K,  52% used [0x38a00000, 0x39049a68, 0x39049c00, 0x39600000)
Event: 65.329 GC heap after
Heap after GC invocations=39 (full 9):
 def new generation   total 35136K, used 3840K [0x24000000, 0x26610000, 0x29550000)
  eden space 31296K,   0% used [0x24000000, 0x24000000, 0x25e90000)
  from space 3840K, 100% used [0x26250000, 0x26610000, 0x26610000)
  to   space 3840K,   0% used [0x25e90000, 0x25e90000, 0x26250000)
 tenured generation   total 77340K, used 42625K [0x29550000, 0x2e0d7000, 0x34000000)
   the space 77340K,  55% used [0x29550000, 0x2bef0600, 0x2bef0600, 0x2e0d7000)
 compacting perm gen  total 12288K, used 10825K [0x34000000, 0x34c00000, 0x38000000)
   the space 12288K,  88% used [0x34000000, 0x34a92410, 0x34a92600, 0x34c00000)
    ro space 10240K,  42% used [0x38000000, 0x38434778, 0x38434800, 0x38a00000)
    rw space 12288K,  52% used [0x38a00000, 0x39049a68, 0x39049c00, 0x39600000)
}
Event: 65.812 GC heap before
{Heap before GC invocations=39 (full 9):
 def new generation   total 35136K, used 35136K [0x24000000, 0x26610000, 0x29550000)
  eden space 31296K, 100% used [0x24000000, 0x25e90000, 0x25e90000)
  from space 3840K, 100% used [0x26250000, 0x26610000, 0x26610000)
  to   space 3840K,   0% used [0x25e90000, 0x25e90000, 0x26250000)
 tenured generation   total 77340K, used 42625K [0x29550000, 0x2e0d7000, 0x34000000)
   the space 77340K,  55% used [0x29550000, 0x2bef0600, 0x2bef0600, 0x2e0d7000)
 compacting perm gen  total 12288K, used 10825K [0x34000000, 0x34c00000, 0x38000000)
   the space 12288K,  88% used [0x34000000, 0x34a92410, 0x34a92600, 0x34c00000)
    ro space 10240K,  42% used [0x38000000, 0x38434778, 0x38434800, 0x38a00000)
    rw space 12288K,  52% used [0x38a00000, 0x39049a68, 0x39049c00, 0x39600000)
Event: 65.819 GC heap after
Heap after GC invocations=40 (full 9):
 def new generation   total 35136K, used 3840K [0x24000000, 0x26610000, 0x29550000)
  eden space 31296K,   0% used [0x24000000, 0x24000000, 0x25e90000)
  from space 3840K, 100% used [0x25e90000, 0x26250000, 0x26250000)
  to   space 3840K,   0% used [0x26250000, 0x26250000, 0x26610000)
 tenured generation   total 77340K, used 52066K [0x29550000, 0x2e0d7000, 0x34000000)
   the space 77340K,  67% used [0x29550000, 0x2c828810, 0x2c828a00, 0x2e0d7000)
 compacting perm gen  total 12288K, used 10825K [0x34000000, 0x34c00000, 0x38000000)
   the space 12288K,  88% used [0x34000000, 0x34a92410, 0x34a92600, 0x34c00000)
    ro space 10240K,  42% used [0x38000000, 0x38434778, 0x38434800, 0x38a00000)
    rw space 12288K,  52% used [0x38a00000, 0x39049a68, 0x39049c00, 0x39600000)
}
Event: 70.640 GC heap before
{Heap before GC invocations=40 (full 9):
 def new generation   total 35136K, used 34918K [0x24000000, 0x26610000, 0x29550000)
  eden space 31296K,  99% used [0x24000000, 0x25e59b48, 0x25e90000)
  from space 3840K, 100% used [0x25e90000, 0x26250000, 0x26250000)
  to   space 3840K,   0% used [0x26250000, 0x26250000, 0x26610000)
 tenured generation   total 77340K, used 52066K [0x29550000, 0x2e0d7000, 0x34000000)
   the space 77340K,  67% used [0x29550000, 0x2c828810, 0x2c828a00, 0x2e0d7000)
 compacting perm gen  total 12288K, used 10825K [0x34000000, 0x34c00000, 0x38000000)
   the space 12288K,  88% used [0x34000000, 0x34a924e0, 0x34a92600, 0x34c00000)
    ro space 10240K,  42% used [0x38000000, 0x38434778, 0x38434800, 0x38a00000)
    rw space 12288K,  52% used [0x38a00000, 0x39049a68, 0x39049c00, 0x39600000)
Event: 70.645 GC heap after
Heap after GC invocations=41 (full 9):
 def new generation   total 35136K, used 3840K [0x24000000, 0x26610000, 0x29550000)
  eden space 31296K,   0% used [0x24000000, 0x24000000, 0x25e90000)
  from space 3840K, 100% used [0x26250000, 0x26610000, 0x26610000)
  to   space 3840K,   0% used [0x25e90000, 0x25e90000, 0x26250000)
 tenured generation   total 77340K, used 61007K [0x29550000, 0x2e0d7000, 0x34000000)
   the space 77340K,  78% used [0x29550000, 0x2d0e3f68, 0x2d0e4000, 0x2e0d7000)
 compacting perm gen  total 12288K, used 10825K [0x34000000, 0x34c00000, 0x38000000)
   the space 12288K,  88% used [0x34000000, 0x34a924e0, 0x34a92600, 0x34c00000)
    ro space 10240K,  42% used [0x38000000, 0x38434778, 0x38434800, 0x38a00000)
    rw space 12288K,  52% used [0x38a00000, 0x39049a68, 0x39049c00, 0x39600000)
}
Event: 70.919 GC heap before
{Heap before GC invocations=41 (full 9):
 def new generation   total 35136K, used 35103K [0x24000000, 0x26610000, 0x29550000)
  eden space 31296K,  99% used [0x24000000, 0x25e87ca8, 0x25e90000)
  from space 3840K, 100% used [0x26250000, 0x26610000, 0x26610000)
  to   space 3840K,   0% used [0x25e90000, 0x25e90000, 0x26250000)
 tenured generation   total 77340K, used 61007K [0x29550000, 0x2e0d7000, 0x34000000)
   the space 77340K,  78% used [0x29550000, 0x2d0e3f68, 0x2d0e4000, 0x2e0d7000)
 compacting perm gen  total 12288K, used 10825K [0x34000000, 0x34c00000, 0x38000000)
   the space 12288K,  88% used [0x34000000, 0x34a924e0, 0x34a92600, 0x34c00000)
    ro space 10240K,  42% used [0x38000000, 0x38434778, 0x38434800, 0x38a00000)
    rw space 12288K,  52% used [0x38a00000, 0x39049a68, 0x39049c00, 0x39600000)
Event: 70.923 GC heap after
Heap after GC invocations=42 (full 9):
 def new generation   total 35136K, used 2748K [0x24000000, 0x26610000, 0x29550000)
  eden space 31296K,   0% used [0x24000000, 0x24000000, 0x25e90000)
  from space 3840K,  71% used [0x25e90000, 0x2613f3c0, 0x26250000)
  to   space 3840K,   0% used [0x26250000, 0x26250000, 0x26610000)
 tenured generation   total 77340K, used 72059K [0x29550000, 0x2e0d7000, 0x34000000)
   the space 77340K,  93% used [0x29550000, 0x2dbaecc0, 0x2dbaee00, 0x2e0d7000)
 compacting perm gen  total 12288K, used 10825K [0x34000000, 0x34c00000, 0x38000000)
   the space 12288K,  88% used [0x34000000, 0x34a924e0, 0x34a92600, 0x34c00000)
    ro space 10240K,  42% used [0x38000000, 0x38434778, 0x38434800, 0x38a00000)
    rw space 12288K,  52% used [0x38a00000, 0x39049a68, 0x39049c00, 0x39600000)
}

