# JRE version: Java(TM) SE Runtime Environment (7.0_60-b19) (build 1.7.0_60-b19)
# Java VM: Java HotSpot(TM) Client VM (24.60-b09 mixed mode, sharing windows-x86 )
Heap
 def new generation   total 14784K, used 5709K [0x24000000, 0x25000000, 0x29550000)
  eden space 13184K,  43% used [0x24000000, 0x24593510, 0x24ce0000)
  from space 1600K,   0% used [0x24ce0000, 0x24ce0000, 0x24e70000)
  to   space 1600K,   0% used [0x24e70000, 0x24e70000, 0x25000000)
 tenured generation   total 32668K, used 19598K [0x29550000, 0x2b537000, 0x34000000)
   the space 32668K,  59% used [0x29550000, 0x2a873bc0, 0x2a873c00, 0x2b537000)
 compacting perm gen  total 12288K, used 8571K [0x34000000, 0x34c00000, 0x38000000)
   the space 12288K,  69% used [0x34000000, 0x3485ef78, 0x3485f000, 0x34c00000)
    ro space 10240K,  42% used [0x38000000, 0x38434778, 0x38434800, 0x38a00000)
    rw space 12288K,  52% used [0x38a00000, 0x39049a68, 0x39049c00, 0x39600000)
GC Heap History (10 events):
Event: 3.068 GC heap before
{Heap before GC invocations=9 (full 1):
 def new generation   total 9408K, used 9222K [0x24000000, 0x24a30000, 0x29550000)
  eden space 8384K,  97% used [0x24000000, 0x24801850, 0x24830000)
  from space 1024K, 100% used [0x24930000, 0x24a30000, 0x24a30000)
  to   space 1024K,   0% used [0x24830000, 0x24830000, 0x24930000)
 tenured generation   total 20736K, used 15758K [0x29550000, 0x2a990000, 0x34000000)
   the space 20736K,  75% used [0x29550000, 0x2a4b3870, 0x2a4b3a00, 0x2a990000)
 compacting perm gen  total 12288K, used 7629K [0x34000000, 0x34c00000, 0x38000000)
   the space 12288K,  62% used [0x34000000, 0x34773510, 0x34773600, 0x34c00000)
    ro space 10240K,  42% used [0x38000000, 0x38434778, 0x38434800, 0x38a00000)
    rw space 12288K,  52% used [0x38a00000, 0x39049a68, 0x39049c00, 0x39600000)
Event: 3.078 GC heap after
Heap after GC invocations=10 (full 1):
 def new generation   total 9408K, used 1023K [0x24000000, 0x24a30000, 0x29550000)
  eden space 8384K,   0% used [0x24000000, 0x24000000, 0x24830000)
  from space 1024K,  99% used [0x24830000, 0x2492fff8, 0x24930000)
  to   space 1024K,   0% used [0x24930000, 0x24930000, 0x24a30000)
 tenured generation   total 20736K, used 17282K [0x29550000, 0x2a990000, 0x34000000)
   the space 20736K,  83% used [0x29550000, 0x2a6309c0, 0x2a630a00, 0x2a990000)
 compacting perm gen  total 12288K, used 7629K [0x34000000, 0x34c00000, 0x38000000)
   the space 12288K,  62% used [0x34000000, 0x34773510, 0x34773600, 0x34c00000)
    ro space 10240K,  42% used [0x38000000, 0x38434778, 0x38434800, 0x38a00000)
    rw space 12288K,  52% used [0x38a00000, 0x39049a68, 0x39049c00, 0x39600000)
}
Event: 3.279 GC heap before
{Heap before GC invocations=10 (full 1):
 def new generation   total 9408K, used 9407K [0x24000000, 0x24a30000, 0x29550000)
  eden space 8384K, 100% used [0x24000000, 0x24830000, 0x24830000)
  from space 1024K,  99% used [0x24830000, 0x2492fff8, 0x24930000)
  to   space 1024K,   0% used [0x24930000, 0x24930000, 0x24a30000)
 tenured generation   total 20736K, used 17282K [0x29550000, 0x2a990000, 0x34000000)
   the space 20736K,  83% used [0x29550000, 0x2a6309c0, 0x2a630a00, 0x2a990000)
 compacting perm gen  total 12288K, used 8100K [0x34000000, 0x34c00000, 0x38000000)
   the space 12288K,  65% used [0x34000000, 0x347e9348, 0x347e9400, 0x34c00000)
    ro space 10240K,  42% used [0x38000000, 0x38434778, 0x38434800, 0x38a00000)
    rw space 12288K,  52% used [0x38a00000, 0x39049a68, 0x39049c00, 0x39600000)
Event: 3.284 GC heap after
Heap after GC invocations=11 (full 1):
 def new generation   total 9408K, used 1024K [0x24000000, 0x24a30000, 0x29550000)
  eden space 8384K,   0% used [0x24000000, 0x24000000, 0x24830000)
  from space 1024K, 100% used [0x24930000, 0x24a30000, 0x24a30000)
  to   space 1024K,   0% used [0x24830000, 0x24830000, 0x24930000)
 tenured generation   total 20736K, used 19723K [0x29550000, 0x2a990000, 0x34000000)
   the space 20736K,  95% used [0x29550000, 0x2a892f10, 0x2a893000, 0x2a990000)
 compacting perm gen  total 12288K, used 8100K [0x34000000, 0x34c00000, 0x38000000)
   the space 12288K,  65% used [0x34000000, 0x347e9348, 0x347e9400, 0x34c00000)
    ro space 10240K,  42% used [0x38000000, 0x38434778, 0x38434800, 0x38a00000)
    rw space 12288K,  52% used [0x38a00000, 0x39049a68, 0x39049c00, 0x39600000)
}
Event: 3.347 GC heap before
{Heap before GC invocations=11 (full 1):
 def new generation   total 9408K, used 8711K [0x24000000, 0x24a30000, 0x29550000)
  eden space 8384K,  91% used [0x24000000, 0x24781f78, 0x24830000)
  from space 1024K, 100% used [0x24930000, 0x24a30000, 0x24a30000)
  to   space 1024K,   0% used [0x24830000, 0x24830000, 0x24930000)
 tenured generation   total 20736K, used 19723K [0x29550000, 0x2a990000, 0x34000000)
   the space 20736K,  95% used [0x29550000, 0x2a892f10, 0x2a893000, 0x2a990000)
 compacting perm gen  total 12288K, used 8509K [0x34000000, 0x34c00000, 0x38000000)
   the space 12288K,  69% used [0x34000000, 0x3484f7f8, 0x3484f800, 0x34c00000)
    ro space 10240K,  42% used [0x38000000, 0x38434778, 0x38434800, 0x38a00000)
    rw space 12288K,  52% used [0x38a00000, 0x39049a68, 0x39049c00, 0x39600000)
Event: 3.396 GC heap after
Heap after GC invocations=12 (full 2):
 def new generation   total 10944K, used 0K [0x24000000, 0x24bd0000, 0x29550000)
  eden space 9792K,   0% used [0x24000000, 0x24000000, 0x24990000)
  from space 1152K,   0% used [0x24990000, 0x24990000, 0x24ab0000)
  to   space 1152K,   0% used [0x24ab0000, 0x24ab0000, 0x24bd0000)
 tenured generation   total 24104K, used 14460K [0x29550000, 0x2acda000, 0x34000000)
   the space 24104K,  59% used [0x29550000, 0x2a36f2c0, 0x2a36f400, 0x2acda000)
 compacting perm gen  total 12288K, used 8509K [0x34000000, 0x34c00000, 0x38000000)
   the space 12288K,  69% used [0x34000000, 0x3484f7f8, 0x3484f800, 0x34c00000)
    ro space 10240K,  42% used [0x38000000, 0x38434778, 0x38434800, 0x38a00000)
    rw space 12288K,  52% used [0x38a00000, 0x39049a68, 0x39049c00, 0x39600000)
}
Event: 3.411 GC heap before
{Heap before GC invocations=12 (full 2):
 def new generation   total 10944K, used 8564K [0x24000000, 0x24bd0000, 0x29550000)
  eden space 9792K,  87% used [0x24000000, 0x2485d0b0, 0x24990000)
  from space 1152K,   0% used [0x24990000, 0x24990000, 0x24ab0000)
  to   space 1152K,   0% used [0x24ab0000, 0x24ab0000, 0x24bd0000)
 tenured generation   total 24104K, used 14460K [0x29550000, 0x2acda000, 0x34000000)
   the space 24104K,  59% used [0x29550000, 0x2a36f2c0, 0x2a36f400, 0x2acda000)
 compacting perm gen  total 12288K, used 8518K [0x34000000, 0x34c00000, 0x38000000)
   the space 12288K,  69% used [0x34000000, 0x34851bf8, 0x34851c00, 0x34c00000)
    ro space 10240K,  42% used [0x38000000, 0x38434778, 0x38434800, 0x38a00000)
    rw space 12288K,  52% used [0x38a00000, 0x39049a68, 0x39049c00, 0x39600000)
Event: 3.413 GC heap after
Heap after GC invocations=13 (full 2):
 def new generation   total 10944K, used 997K [0x24000000, 0x24bd0000, 0x29550000)
  eden space 9792K,   0% used [0x24000000, 0x24000000, 0x24990000)
  from space 1152K,  86% used [0x24ab0000, 0x24ba9470, 0x24bd0000)
  to   space 1152K,   0% used [0x24990000, 0x24990000, 0x24ab0000)
 tenured generation   total 24104K, used 21914K [0x29550000, 0x2acda000, 0x34000000)
   the space 24104K,  90% used [0x29550000, 0x2aab6838, 0x2aab6a00, 0x2acda000)
 compacting perm gen  total 12288K, used 8518K [0x34000000, 0x34c00000, 0x38000000)
   the space 12288K,  69% used [0x34000000, 0x34851bf8, 0x34851c00, 0x34c00000)
    ro space 10240K,  42% used [0x38000000, 0x38434778, 0x38434800, 0x38a00000)
    rw space 12288K,  52% used [0x38a00000, 0x39049a68, 0x39049c00, 0x39600000)
}
Event: 3.429 GC heap before
{Heap before GC invocations=13 (full 2):
 def new generation   total 10944K, used 10404K [0x24000000, 0x24bd0000, 0x29550000)
  eden space 9792K,  96% used [0x24000000, 0x2492fbd8, 0x24990000)
  from space 1152K,  86% used [0x24ab0000, 0x24ba9470, 0x24bd0000)
  to   space 1152K,   0% used [0x24990000, 0x24990000, 0x24ab0000)
 tenured generation   total 24104K, used 21914K [0x29550000, 0x2acda000, 0x34000000)
   the space 24104K,  90% used [0x29550000, 0x2aab6838, 0x2aab6a00, 0x2acda000)
 compacting perm gen  total 12288K, used 8518K [0x34000000, 0x34c00000, 0x38000000)
   the space 12288K,  69% used [0x34000000, 0x34851bf8, 0x34851c00, 0x34c00000)
    ro space 10240K,  42% used [0x38000000, 0x38434778, 0x38434800, 0x38a00000)
    rw space 12288K,  52% used [0x38a00000, 0x39049a68, 0x39049c00, 0x39600000)
Event: 3.468 GC heap after
Heap after GC invocations=14 (full 3):
 def new generation   total 14784K, used 0K [0x24000000, 0x25000000, 0x29550000)
  eden space 13184K,   0% used [0x24000000, 0x24000000, 0x24ce0000)
  from space 1600K,   0% used [0x24ce0000, 0x24ce0000, 0x24e70000)
  to   space 1600K,   0% used [0x24e70000, 0x24e70000, 0x25000000)
 tenured generation   total 32668K, used 19598K [0x29550000, 0x2b537000, 0x34000000)
   the space 32668K,  59% used [0x29550000, 0x2a873bc0, 0x2a873c00, 0x2b537000)
 compacting perm gen  total 12288K, used 8518K [0x34000000, 0x34c00000, 0x38000000)
   the space 12288K,  69% used [0x34000000, 0x34851bf8, 0x34851c00, 0x34c00000)
    ro space 10240K,  42% used [0x38000000, 0x38434778, 0x38434800, 0x38a00000)
    rw space 12288K,  52% used [0x38a00000, 0x39049a68, 0x39049c00, 0x39600000)
}

