# JRE version: Java(TM) SE Runtime Environment (7.0_60-b19) (build 1.7.0_60-b19)
# Java VM: Java HotSpot(TM) Client VM (24.60-b09 mixed mode, sharing windows-x86 )
Heap
 def new generation   total 46144K, used 17003K [0x24000000, 0x27210000, 0x29550000)
  eden space 41024K,  28% used [0x24000000, 0x24b9acf8, 0x26810000)
  from space 5120K, 100% used [0x26d10000, 0x27210000, 0x27210000)
  to   space 5120K,   0% used [0x26810000, 0x26810000, 0x26d10000)
 tenured generation   total 102436K, used 67557K [0x29550000, 0x2f959000, 0x34000000)
   the space 102436K,  65% used [0x29550000, 0x2d749690, 0x2d749800, 0x2f959000)
 compacting perm gen  total 12288K, used 10651K [0x34000000, 0x34c00000, 0x38000000)
   the space 12288K,  86% used [0x34000000, 0x34a66ce8, 0x34a66e00, 0x34c00000)
    ro space 10240K,  42% used [0x38000000, 0x38434778, 0x38434800, 0x38a00000)
    rw space 12288K,  52% used [0x38a00000, 0x39049a68, 0x39049c00, 0x39600000)
GC Heap History (10 events):
Event: 10.013 GC heap before
{Heap before GC invocations=18 (full 4):
 def new generation   total 20928K, used 20908K [0x24000000, 0x256b0000, 0x29550000)
  eden space 18624K, 100% used [0x24000000, 0x25230000, 0x25230000)
  from space 2304K,  99% used [0x25230000, 0x2546b210, 0x25470000)
  to   space 2304K,   0% used [0x25470000, 0x25470000, 0x256b0000)
 tenured generation   total 46312K, used 37867K [0x29550000, 0x2c28a000, 0x34000000)
   the space 46312K,  81% used [0x29550000, 0x2ba4ac78, 0x2ba4ae00, 0x2c28a000)
 compacting perm gen  total 12288K, used 10583K [0x34000000, 0x34c00000, 0x38000000)
   the space 12288K,  86% used [0x34000000, 0x34a55d10, 0x34a55e00, 0x34c00000)
    ro space 10240K,  42% used [0x38000000, 0x38434778, 0x38434800, 0x38a00000)
    rw space 12288K,  52% used [0x38a00000, 0x39049a68, 0x39049c00, 0x39600000)
Event: 10.020 GC heap after
Heap after GC invocations=19 (full 4):
 def new generation   total 20928K, used 2304K [0x24000000, 0x256b0000, 0x29550000)
  eden space 18624K,   0% used [0x24000000, 0x24000000, 0x25230000)
  from space 2304K, 100% used [0x25470000, 0x256b0000, 0x256b0000)
  to   space 2304K,   0% used [0x25230000, 0x25230000, 0x25470000)
 tenured generation   total 46312K, used 43021K [0x29550000, 0x2c28a000, 0x34000000)
   the space 46312K,  92% used [0x29550000, 0x2bf535d8, 0x2bf53600, 0x2c28a000)
 compacting perm gen  total 12288K, used 10583K [0x34000000, 0x34c00000, 0x38000000)
   the space 12288K,  86% used [0x34000000, 0x34a55d10, 0x34a55e00, 0x34c00000)
    ro space 10240K,  42% used [0x38000000, 0x38434778, 0x38434800, 0x38a00000)
    rw space 12288K,  52% used [0x38a00000, 0x39049a68, 0x39049c00, 0x39600000)
}
Event: 13.895 GC heap before
{Heap before GC invocations=19 (full 4):
 def new generation   total 20928K, used 20928K [0x24000000, 0x256b0000, 0x29550000)
  eden space 18624K, 100% used [0x24000000, 0x25230000, 0x25230000)
  from space 2304K, 100% used [0x25470000, 0x256b0000, 0x256b0000)
  to   space 2304K,   0% used [0x25230000, 0x25230000, 0x25470000)
 tenured generation   total 46312K, used 43021K [0x29550000, 0x2c28a000, 0x34000000)
   the space 46312K,  92% used [0x29550000, 0x2bf535d8, 0x2bf53600, 0x2c28a000)
 compacting perm gen  total 12288K, used 10583K [0x34000000, 0x34c00000, 0x38000000)
   the space 12288K,  86% used [0x34000000, 0x34a55d90, 0x34a55e00, 0x34c00000)
    ro space 10240K,  42% used [0x38000000, 0x38434778, 0x38434800, 0x38a00000)
    rw space 12288K,  52% used [0x38a00000, 0x39049a68, 0x39049c00, 0x39600000)
Event: 14.025 GC heap after
Heap after GC invocations=20 (full 5):
 def new generation   total 34048K, used 0K [0x24000000, 0x264f0000, 0x29550000)
  eden space 30272K,   0% used [0x24000000, 0x24000000, 0x25d90000)
  from space 3776K,   0% used [0x25d90000, 0x25d90000, 0x26140000)
  to   space 3776K,   0% used [0x26140000, 0x26140000, 0x264f0000)
 tenured generation   total 75612K, used 45365K [0x29550000, 0x2df27000, 0x34000000)
   the space 75612K,  59% used [0x29550000, 0x2c19d578, 0x2c19d600, 0x2df27000)
 compacting perm gen  total 12288K, used 10583K [0x34000000, 0x34c00000, 0x38000000)
   the space 12288K,  86% used [0x34000000, 0x34a55d90, 0x34a55e00, 0x34c00000)
    ro space 10240K,  42% used [0x38000000, 0x38434778, 0x38434800, 0x38a00000)
    rw space 12288K,  52% used [0x38a00000, 0x39049a68, 0x39049c00, 0x39600000)
}
Event: 14.423 GC heap before
{Heap before GC invocations=20 (full 5):
 def new generation   total 34048K, used 30272K [0x24000000, 0x264f0000, 0x29550000)
  eden space 30272K, 100% used [0x24000000, 0x25d90000, 0x25d90000)
  from space 3776K,   0% used [0x25d90000, 0x25d90000, 0x26140000)
  to   space 3776K,   0% used [0x26140000, 0x26140000, 0x264f0000)
 tenured generation   total 75612K, used 45365K [0x29550000, 0x2df27000, 0x34000000)
   the space 75612K,  59% used [0x29550000, 0x2c19d578, 0x2c19d600, 0x2df27000)
 compacting perm gen  total 12288K, used 10585K [0x34000000, 0x34c00000, 0x38000000)
   the space 12288K,  86% used [0x34000000, 0x34a56448, 0x34a56600, 0x34c00000)
    ro space 10240K,  42% used [0x38000000, 0x38434778, 0x38434800, 0x38a00000)
    rw space 12288K,  52% used [0x38a00000, 0x39049a68, 0x39049c00, 0x39600000)
Event: 14.474 GC heap after
Heap after GC invocations=21 (full 5):
 def new generation   total 34048K, used 3776K [0x24000000, 0x264f0000, 0x29550000)
  eden space 30272K,   0% used [0x24000000, 0x24000000, 0x25d90000)
  from space 3776K, 100% used [0x26140000, 0x264f0000, 0x264f0000)
  to   space 3776K,   0% used [0x25d90000, 0x25d90000, 0x26140000)
 tenured generation   total 75612K, used 68882K [0x29550000, 0x2df27000, 0x34000000)
   the space 75612K,  91% used [0x29550000, 0x2d894868, 0x2d894a00, 0x2df27000)
 compacting perm gen  total 12288K, used 10585K [0x34000000, 0x34c00000, 0x38000000)
   the space 12288K,  86% used [0x34000000, 0x34a56448, 0x34a56600, 0x34c00000)
    ro space 10240K,  42% used [0x38000000, 0x38434778, 0x38434800, 0x38a00000)
    rw space 12288K,  52% used [0x38a00000, 0x39049a68, 0x39049c00, 0x39600000)
}
Event: 16.318 GC heap before
{Heap before GC invocations=21 (full 5):
 def new generation   total 34048K, used 34048K [0x24000000, 0x264f0000, 0x29550000)
  eden space 30272K, 100% used [0x24000000, 0x25d90000, 0x25d90000)
  from space 3776K, 100% used [0x26140000, 0x264f0000, 0x264f0000)
  to   space 3776K,   0% used [0x25d90000, 0x25d90000, 0x26140000)
 tenured generation   total 75612K, used 68882K [0x29550000, 0x2df27000, 0x34000000)
   the space 75612K,  91% used [0x29550000, 0x2d894868, 0x2d894a00, 0x2df27000)
 compacting perm gen  total 12288K, used 10585K [0x34000000, 0x34c00000, 0x38000000)
   the space 12288K,  86% used [0x34000000, 0x34a56458, 0x34a56600, 0x34c00000)
    ro space 10240K,  42% used [0x38000000, 0x38434778, 0x38434800, 0x38a00000)
    rw space 12288K,  52% used [0x38a00000, 0x39049a68, 0x39049c00, 0x39600000)
Event: 16.476 GC heap after
Heap after GC invocations=22 (full 6):
 def new generation   total 46144K, used 0K [0x24000000, 0x27210000, 0x29550000)
  eden space 41024K,   0% used [0x24000000, 0x24000000, 0x26810000)
  from space 5120K,   0% used [0x26810000, 0x26810000, 0x26d10000)
  to   space 5120K,   0% used [0x26d10000, 0x26d10000, 0x27210000)
 tenured generation   total 102436K, used 61460K [0x29550000, 0x2f959000, 0x34000000)
   the space 102436K,  59% used [0x29550000, 0x2d155308, 0x2d155400, 0x2f959000)
 compacting perm gen  total 12288K, used 10585K [0x34000000, 0x34c00000, 0x38000000)
   the space 12288K,  86% used [0x34000000, 0x34a56458, 0x34a56600, 0x34c00000)
    ro space 10240K,  42% used [0x38000000, 0x38434778, 0x38434800, 0x38a00000)
    rw space 12288K,  52% used [0x38a00000, 0x39049a68, 0x39049c00, 0x39600000)
}
Event: 23.057 GC heap before
{Heap before GC invocations=22 (full 6):
 def new generation   total 46144K, used 41024K [0x24000000, 0x27210000, 0x29550000)
  eden space 41024K, 100% used [0x24000000, 0x26810000, 0x26810000)
  from space 5120K,   0% used [0x26810000, 0x26810000, 0x26d10000)
  to   space 5120K,   0% used [0x26d10000, 0x26d10000, 0x27210000)
 tenured generation   total 102436K, used 61460K [0x29550000, 0x2f959000, 0x34000000)
   the space 102436K,  59% used [0x29550000, 0x2d155308, 0x2d155400, 0x2f959000)
 compacting perm gen  total 12288K, used 10649K [0x34000000, 0x34c00000, 0x38000000)
   the space 12288K,  86% used [0x34000000, 0x34a66670, 0x34a66800, 0x34c00000)
    ro space 10240K,  42% used [0x38000000, 0x38434778, 0x38434800, 0x38a00000)
    rw space 12288K,  52% used [0x38a00000, 0x39049a68, 0x39049c00, 0x39600000)
Event: 23.068 GC heap after
Heap after GC invocations=23 (full 6):
 def new generation   total 46144K, used 5120K [0x24000000, 0x27210000, 0x29550000)
  eden space 41024K,   0% used [0x24000000, 0x24000000, 0x26810000)
  from space 5120K, 100% used [0x26d10000, 0x27210000, 0x27210000)
  to   space 5120K,   0% used [0x26810000, 0x26810000, 0x26d10000)
 tenured generation   total 102436K, used 67557K [0x29550000, 0x2f959000, 0x34000000)
   the space 102436K,  65% used [0x29550000, 0x2d749690, 0x2d749800, 0x2f959000)
 compacting perm gen  total 12288K, used 10649K [0x34000000, 0x34c00000, 0x38000000)
   the space 12288K,  86% used [0x34000000, 0x34a66670, 0x34a66800, 0x34c00000)
    ro space 10240K,  42% used [0x38000000, 0x38434778, 0x38434800, 0x38a00000)
    rw space 12288K,  52% used [0x38a00000, 0x39049a68, 0x39049c00, 0x39600000)
}

