# JRE version: Java(TM) SE Runtime Environment (7.0_60-b19) (build 1.7.0_60-b19)
# Java VM: Java HotSpot(TM) Client VM (24.60-b09 mixed mode, sharing windows-x86 )
Heap
 def new generation   total 36160K, used 27026K [0x24000000, 0x26730000, 0x29550000)
  eden space 32192K,  83% used [0x24000000, 0x25a649b0, 0x25f70000)
  from space 3968K,   0% used [0x25f70000, 0x25f70000, 0x26350000)
  to   space 3968K,   0% used [0x26350000, 0x26350000, 0x26730000)
 tenured generation   total 80188K, used 48112K [0x29550000, 0x2e39f000, 0x34000000)
   the space 80188K,  59% used [0x29550000, 0x2c44c090, 0x2c44c200, 0x2e39f000)
 compacting perm gen  total 12288K, used 9295K [0x34000000, 0x34c00000, 0x38000000)
   the space 12288K,  75% used [0x34000000, 0x34913c88, 0x34913e00, 0x34c00000)
    ro space 10240K,  42% used [0x38000000, 0x38434778, 0x38434800, 0x38a00000)
    rw space 12288K,  52% used [0x38a00000, 0x39049a68, 0x39049c00, 0x39600000)
GC Heap History (10 events):
Event: 3.357 GC heap before
{Heap before GC invocations=13 (full 2):
 def new generation   total 11584K, used 9462K [0x24000000, 0x24c90000, 0x29550000)
  eden space 10304K,  91% used [0x24000000, 0x24932da0, 0x24a10000)
  from space 1280K,   3% used [0x24b50000, 0x24b5aba8, 0x24c90000)
  to   space 1280K,   0% used [0x24a10000, 0x24a10000, 0x24b50000)
 tenured generation   total 25668K, used 24764K [0x29550000, 0x2ae61000, 0x34000000)
   the space 25668K,  96% used [0x29550000, 0x2ad7f1d0, 0x2ad7f200, 0x2ae61000)
 compacting perm gen  total 12288K, used 8518K [0x34000000, 0x34c00000, 0x38000000)
   the space 12288K,  69% used [0x34000000, 0x34851820, 0x34851a00, 0x34c00000)
    ro space 10240K,  42% used [0x38000000, 0x38434778, 0x38434800, 0x38a00000)
    rw space 12288K,  52% used [0x38a00000, 0x39049a68, 0x39049c00, 0x39600000)
Event: 3.399 GC heap after
Heap after GC invocations=14 (full 3):
 def new generation   total 13376K, used 0K [0x24000000, 0x24e80000, 0x29550000)
  eden space 11904K,   0% used [0x24000000, 0x24000000, 0x24ba0000)
  from space 1472K,   0% used [0x24ba0000, 0x24ba0000, 0x24d10000)
  to   space 1472K,   0% used [0x24d10000, 0x24d10000, 0x24e80000)
 tenured generation   total 29564K, used 17737K [0x29550000, 0x2b22f000, 0x34000000)
   the space 29564K,  59% used [0x29550000, 0x2a6a25d8, 0x2a6a2600, 0x2b22f000)
 compacting perm gen  total 12288K, used 8518K [0x34000000, 0x34c00000, 0x38000000)
   the space 12288K,  69% used [0x34000000, 0x34851820, 0x34851a00, 0x34c00000)
    ro space 10240K,  42% used [0x38000000, 0x38434778, 0x38434800, 0x38a00000)
    rw space 12288K,  52% used [0x38a00000, 0x39049a68, 0x39049c00, 0x39600000)
}
Event: 4.930 GC heap before
{Heap before GC invocations=14 (full 3):
 def new generation   total 13376K, used 9534K [0x24000000, 0x24e80000, 0x29550000)
  eden space 11904K,  80% used [0x24000000, 0x2494f8d8, 0x24ba0000)
  from space 1472K,   0% used [0x24ba0000, 0x24ba0000, 0x24d10000)
  to   space 1472K,   0% used [0x24d10000, 0x24d10000, 0x24e80000)
 tenured generation   total 29564K, used 17737K [0x29550000, 0x2b22f000, 0x34000000)
   the space 29564K,  59% used [0x29550000, 0x2a6a25d8, 0x2a6a2600, 0x2b22f000)
 compacting perm gen  total 12288K, used 8563K [0x34000000, 0x34c00000, 0x38000000)
   the space 12288K,  69% used [0x34000000, 0x3485cc48, 0x3485ce00, 0x34c00000)
    ro space 10240K,  42% used [0x38000000, 0x38434778, 0x38434800, 0x38a00000)
    rw space 12288K,  52% used [0x38a00000, 0x39049a68, 0x39049c00, 0x39600000)
Event: 4.933 GC heap after
Heap after GC invocations=15 (full 3):
 def new generation   total 13376K, used 159K [0x24000000, 0x24e80000, 0x29550000)
  eden space 11904K,   0% used [0x24000000, 0x24000000, 0x24ba0000)
  from space 1472K,  10% used [0x24d10000, 0x24d37cf8, 0x24e80000)
  to   space 1472K,   0% used [0x24ba0000, 0x24ba0000, 0x24d10000)
 tenured generation   total 29564K, used 26313K [0x29550000, 0x2b22f000, 0x34000000)
   the space 29564K,  89% used [0x29550000, 0x2af024c8, 0x2af02600, 0x2b22f000)
 compacting perm gen  total 12288K, used 8563K [0x34000000, 0x34c00000, 0x38000000)
   the space 12288K,  69% used [0x34000000, 0x3485cc48, 0x3485ce00, 0x34c00000)
    ro space 10240K,  42% used [0x38000000, 0x38434778, 0x38434800, 0x38a00000)
    rw space 12288K,  52% used [0x38a00000, 0x39049a68, 0x39049c00, 0x39600000)
}
Event: 4.959 GC heap before
{Heap before GC invocations=15 (full 3):
 def new generation   total 13376K, used 9947K [0x24000000, 0x24e80000, 0x29550000)
  eden space 11904K,  82% used [0x24000000, 0x2498f068, 0x24ba0000)
  from space 1472K,  10% used [0x24d10000, 0x24d37cf8, 0x24e80000)
  to   space 1472K,   0% used [0x24ba0000, 0x24ba0000, 0x24d10000)
 tenured generation   total 29564K, used 26313K [0x29550000, 0x2b22f000, 0x34000000)
   the space 29564K,  89% used [0x29550000, 0x2af024c8, 0x2af02600, 0x2b22f000)
 compacting perm gen  total 12288K, used 8563K [0x34000000, 0x34c00000, 0x38000000)
   the space 12288K,  69% used [0x34000000, 0x3485cc58, 0x3485ce00, 0x34c00000)
    ro space 10240K,  42% used [0x38000000, 0x38434778, 0x38434800, 0x38a00000)
    rw space 12288K,  52% used [0x38a00000, 0x39049a68, 0x39049c00, 0x39600000)
Event: 5.017 GC heap after
Heap after GC invocations=16 (full 4):
 def new generation   total 18944K, used 0K [0x24000000, 0x25480000, 0x29550000)
  eden space 16896K,   0% used [0x24000000, 0x24000000, 0x25080000)
  from space 2048K,   0% used [0x25080000, 0x25080000, 0x25280000)
  to   space 2048K,   0% used [0x25280000, 0x25280000, 0x25480000)
 tenured generation   total 41792K, used 25073K [0x29550000, 0x2be20000, 0x34000000)
   the space 41792K,  59% used [0x29550000, 0x2adcc7e8, 0x2adcc800, 0x2be20000)
 compacting perm gen  total 12288K, used 8557K [0x34000000, 0x34c00000, 0x38000000)
   the space 12288K,  69% used [0x34000000, 0x3485b440, 0x3485b600, 0x34c00000)
    ro space 10240K,  42% used [0x38000000, 0x38434778, 0x38434800, 0x38a00000)
    rw space 12288K,  52% used [0x38a00000, 0x39049a68, 0x39049c00, 0x39600000)
}
Event: 11.622 GC heap before
{Heap before GC invocations=16 (full 4):
 def new generation   total 18944K, used 16896K [0x24000000, 0x25480000, 0x29550000)
  eden space 16896K, 100% used [0x24000000, 0x25080000, 0x25080000)
  from space 2048K,   0% used [0x25080000, 0x25080000, 0x25280000)
  to   space 2048K,   0% used [0x25280000, 0x25280000, 0x25480000)
 tenured generation   total 41792K, used 25073K [0x29550000, 0x2be20000, 0x34000000)
   the space 41792K,  59% used [0x29550000, 0x2adcc7e8, 0x2adcc800, 0x2be20000)
 compacting perm gen  total 12288K, used 9121K [0x34000000, 0x34c00000, 0x38000000)
   the space 12288K,  74% used [0x34000000, 0x348e87e8, 0x348e8800, 0x34c00000)
    ro space 10240K,  42% used [0x38000000, 0x38434778, 0x38434800, 0x38a00000)
    rw space 12288K,  52% used [0x38a00000, 0x39049a68, 0x39049c00, 0x39600000)
Event: 11.636 GC heap after
Heap after GC invocations=17 (full 4):
 def new generation   total 18944K, used 2048K [0x24000000, 0x25480000, 0x29550000)
  eden space 16896K,   0% used [0x24000000, 0x24000000, 0x25080000)
  from space 2048K, 100% used [0x25280000, 0x25480000, 0x25480000)
  to   space 2048K,   0% used [0x25080000, 0x25080000, 0x25280000)
 tenured generation   total 41792K, used 33983K [0x29550000, 0x2be20000, 0x34000000)
   the space 41792K,  81% used [0x29550000, 0x2b67fdb8, 0x2b67fe00, 0x2be20000)
 compacting perm gen  total 12288K, used 9121K [0x34000000, 0x34c00000, 0x38000000)
   the space 12288K,  74% used [0x34000000, 0x348e87e8, 0x348e8800, 0x34c00000)
    ro space 10240K,  42% used [0x38000000, 0x38434778, 0x38434800, 0x38a00000)
    rw space 12288K,  52% used [0x38a00000, 0x39049a68, 0x39049c00, 0x39600000)
}
Event: 11.735 GC heap before
{Heap before GC invocations=17 (full 4):
 def new generation   total 18944K, used 18944K [0x24000000, 0x25480000, 0x29550000)
  eden space 16896K, 100% used [0x24000000, 0x25080000, 0x25080000)
  from space 2048K, 100% used [0x25280000, 0x25480000, 0x25480000)
  to   space 2048K,   0% used [0x25080000, 0x25080000, 0x25280000)
 tenured generation   total 41792K, used 33983K [0x29550000, 0x2be20000, 0x34000000)
   the space 41792K,  81% used [0x29550000, 0x2b67fdb8, 0x2b67fe00, 0x2be20000)
 compacting perm gen  total 12288K, used 9230K [0x34000000, 0x34c00000, 0x38000000)
   the space 12288K,  75% used [0x34000000, 0x34903ba0, 0x34903c00, 0x34c00000)
    ro space 10240K,  42% used [0x38000000, 0x38434778, 0x38434800, 0x38a00000)
    rw space 12288K,  52% used [0x38a00000, 0x39049a68, 0x39049c00, 0x39600000)
Event: 11.836 GC heap after
Heap after GC invocations=18 (full 5):
 def new generation   total 36160K, used 0K [0x24000000, 0x26730000, 0x29550000)
  eden space 32192K,   0% used [0x24000000, 0x24000000, 0x25f70000)
  from space 3968K,   0% used [0x25f70000, 0x25f70000, 0x26350000)
  to   space 3968K,   0% used [0x26350000, 0x26350000, 0x26730000)
 tenured generation   total 80188K, used 48112K [0x29550000, 0x2e39f000, 0x34000000)
   the space 80188K,  59% used [0x29550000, 0x2c44c090, 0x2c44c200, 0x2e39f000)
 compacting perm gen  total 12288K, used 9230K [0x34000000, 0x34c00000, 0x38000000)
   the space 12288K,  75% used [0x34000000, 0x34903ba0, 0x34903c00, 0x34c00000)
    ro space 10240K,  42% used [0x38000000, 0x38434778, 0x38434800, 0x38a00000)
    rw space 12288K,  52% used [0x38a00000, 0x39049a68, 0x39049c00, 0x39600000)
}

