# JRE version: Java(TM) SE Runtime Environment (7.0_60-b19) (build 1.7.0_60-b19)
# Java VM: Java HotSpot(TM) Client VM (24.60-b09 mixed mode, sharing windows-x86 )
Heap
 def new generation   total 78656K, used 63957K [0x24000000, 0x29550000, 0x29550000)
  eden space 69952K,  78% used [0x24000000, 0x275f55f8, 0x28450000)
  from space 8704K, 100% used [0x28450000, 0x28cd0000, 0x28cd0000)
  to   space 8704K,   0% used [0x28cd0000, 0x28cd0000, 0x29550000)
 tenured generation   total 174784K, used 78241K [0x29550000, 0x34000000, 0x34000000)
   the space 174784K,  44% used [0x29550000, 0x2e1b84a8, 0x2e1b8600, 0x34000000)
 compacting perm gen  total 12288K, used 10870K [0x34000000, 0x34c00000, 0x38000000)
   the space 12288K,  88% used [0x34000000, 0x34a9d9e8, 0x34a9da00, 0x34c00000)
    ro space 10240K,  42% used [0x38000000, 0x38434778, 0x38434800, 0x38a00000)
    rw space 12288K,  52% used [0x38a00000, 0x39049a68, 0x39049c00, 0x39600000)
GC Heap History (10 events):
Event: 55.631 GC heap before
{Heap before GC invocations=46 (full 9):
 def new generation   total 78656K, used 72847K [0x24000000, 0x29550000, 0x29550000)
  eden space 69952K,  99% used [0x24000000, 0x2841f790, 0x28450000)
  from space 8704K,  35% used [0x28450000, 0x287545e8, 0x28cd0000)
  to   space 8704K,   0% used [0x28cd0000, 0x28cd0000, 0x29550000)
 tenured generation   total 174784K, used 148978K [0x29550000, 0x34000000, 0x34000000)
   the space 174784K,  85% used [0x29550000, 0x326cc810, 0x326cca00, 0x34000000)
 compacting perm gen  total 12288K, used 8814K [0x34000000, 0x34c00000, 0x38000000)
   the space 12288K,  71% used [0x34000000, 0x3489bae0, 0x3489bc00, 0x34c00000)
    ro space 10240K,  42% used [0x38000000, 0x38434778, 0x38434800, 0x38a00000)
    rw space 12288K,  52% used [0x38a00000, 0x39049a68, 0x39049c00, 0x39600000)
Event: 55.634 GC heap after
Heap after GC invocations=47 (full 9):
 def new generation   total 78656K, used 6646K [0x24000000, 0x29550000, 0x29550000)
  eden space 69952K,   0% used [0x24000000, 0x24000000, 0x28450000)
  from space 8704K,  76% used [0x28cd0000, 0x2934db38, 0x29550000)
  to   space 8704K,   0% used [0x28450000, 0x28450000, 0x28cd0000)
 tenured generation   total 174784K, used 148978K [0x29550000, 0x34000000, 0x34000000)
   the space 174784K,  85% used [0x29550000, 0x326cc810, 0x326cca00, 0x34000000)
 compacting perm gen  total 12288K, used 8814K [0x34000000, 0x34c00000, 0x38000000)
   the space 12288K,  71% used [0x34000000, 0x3489bae0, 0x3489bc00, 0x34c00000)
    ro space 10240K,  42% used [0x38000000, 0x38434778, 0x38434800, 0x38a00000)
    rw space 12288K,  52% used [0x38a00000, 0x39049a68, 0x39049c00, 0x39600000)
}
Event: 63.268 GC heap before
{Heap before GC invocations=47 (full 9):
 def new generation   total 78656K, used 76409K [0x24000000, 0x29550000, 0x29550000)
  eden space 69952K,  99% used [0x24000000, 0x284209f8, 0x28450000)
  from space 8704K,  76% used [0x28cd0000, 0x2934db38, 0x29550000)
  to   space 8704K,   0% used [0x28450000, 0x28450000, 0x28cd0000)
 tenured generation   total 174784K, used 148978K [0x29550000, 0x34000000, 0x34000000)
   the space 174784K,  85% used [0x29550000, 0x326cc810, 0x326cca00, 0x34000000)
 compacting perm gen  total 12288K, used 8819K [0x34000000, 0x34c00000, 0x38000000)
   the space 12288K,  71% used [0x34000000, 0x3489ccc8, 0x3489ce00, 0x34c00000)
    ro space 10240K,  42% used [0x38000000, 0x38434778, 0x38434800, 0x38a00000)
    rw space 12288K,  52% used [0x38a00000, 0x39049a68, 0x39049c00, 0x39600000)
Event: 63.274 GC heap after
Heap after GC invocations=48 (full 9):
 def new generation   total 78656K, used 8704K [0x24000000, 0x29550000, 0x29550000)
  eden space 69952K,   0% used [0x24000000, 0x24000000, 0x28450000)
  from space 8704K, 100% used [0x28450000, 0x28cd0000, 0x28cd0000)
  to   space 8704K,   0% used [0x28cd0000, 0x28cd0000, 0x29550000)
 tenured generation   total 174784K, used 155729K [0x29550000, 0x34000000, 0x34000000)
   the space 174784K,  89% used [0x29550000, 0x32d646e8, 0x32d64800, 0x34000000)
 compacting perm gen  total 12288K, used 8819K [0x34000000, 0x34c00000, 0x38000000)
   the space 12288K,  71% used [0x34000000, 0x3489ccc8, 0x3489ce00, 0x34c00000)
    ro space 10240K,  42% used [0x38000000, 0x38434778, 0x38434800, 0x38a00000)
    rw space 12288K,  52% used [0x38a00000, 0x39049a68, 0x39049c00, 0x39600000)
}
Event: 67.790 GC heap before
{Heap before GC invocations=48 (full 9):
 def new generation   total 78656K, used 78656K [0x24000000, 0x29550000, 0x29550000)
  eden space 69952K, 100% used [0x24000000, 0x28450000, 0x28450000)
  from space 8704K, 100% used [0x28450000, 0x28cd0000, 0x28cd0000)
  to   space 8704K,   0% used [0x28cd0000, 0x28cd0000, 0x29550000)
 tenured generation   total 174784K, used 155729K [0x29550000, 0x34000000, 0x34000000)
   the space 174784K,  89% used [0x29550000, 0x32d646e8, 0x32d64800, 0x34000000)
 compacting perm gen  total 12288K, used 8852K [0x34000000, 0x34c00000, 0x38000000)
   the space 12288K,  72% used [0x34000000, 0x348a50d0, 0x348a5200, 0x34c00000)
    ro space 10240K,  42% used [0x38000000, 0x38434778, 0x38434800, 0x38a00000)
    rw space 12288K,  52% used [0x38a00000, 0x39049a68, 0x39049c00, 0x39600000)
Event: 67.854 GC heap after
Heap after GC invocations=49 (full 10):
 def new generation   total 78656K, used 0K [0x24000000, 0x29550000, 0x29550000)
  eden space 69952K,   0% used [0x24000000, 0x24000000, 0x28450000)
  from space 8704K,   0% used [0x28450000, 0x28450000, 0x28cd0000)
  to   space 8704K,   0% used [0x28cd0000, 0x28cd0000, 0x29550000)
 tenured generation   total 174784K, used 36903K [0x29550000, 0x34000000, 0x34000000)
   the space 174784K,  21% used [0x29550000, 0x2b959d70, 0x2b959e00, 0x34000000)
 compacting perm gen  total 12288K, used 8852K [0x34000000, 0x34c00000, 0x38000000)
   the space 12288K,  72% used [0x34000000, 0x348a50d0, 0x348a5200, 0x34c00000)
    ro space 10240K,  42% used [0x38000000, 0x38434778, 0x38434800, 0x38a00000)
    rw space 12288K,  52% used [0x38a00000, 0x39049a68, 0x39049c00, 0x39600000)
}
Event: 94.694 GC heap before
{Heap before GC invocations=49 (full 10):
 def new generation   total 78656K, used 75043K [0x24000000, 0x29550000, 0x29550000)
  eden space 69952K,  97% used [0x24000000, 0x28291630, 0x28450000)
  from space 8704K,  79% used [0x28450000, 0x28b07700, 0x28cd0000)
  to   space 8704K,   0% used [0x28cd0000, 0x28cd0000, 0x29550000)
 tenured generation   total 174784K, used 40342K [0x29550000, 0x34000000, 0x34000000)
   the space 174784K,  23% used [0x29550000, 0x2bcb58f0, 0x2bcb5a00, 0x34000000)
 compacting perm gen  total 12288K, used 9544K [0x34000000, 0x34c00000, 0x38000000)
   the space 12288K,  77% used [0x34000000, 0x349523d0, 0x34952400, 0x34c00000)
    ro space 10240K,  42% used [0x38000000, 0x38434778, 0x38434800, 0x38a00000)
    rw space 12288K,  52% used [0x38a00000, 0x39049a68, 0x39049c00, 0x39600000)
Event: 94.707 GC heap after
Heap after GC invocations=50 (full 10):
 def new generation   total 78656K, used 8704K [0x24000000, 0x29550000, 0x29550000)
  eden space 69952K,   0% used [0x24000000, 0x24000000, 0x28450000)
  from space 8704K, 100% used [0x28cd0000, 0x29550000, 0x29550000)
  to   space 8704K,   0% used [0x28450000, 0x28450000, 0x28cd0000)
 tenured generation   total 174784K, used 55167K [0x29550000, 0x34000000, 0x34000000)
   the space 174784K,  31% used [0x29550000, 0x2cb2ff00, 0x2cb30000, 0x34000000)
 compacting perm gen  total 12288K, used 9544K [0x34000000, 0x34c00000, 0x38000000)
   the space 12288K,  77% used [0x34000000, 0x349523d0, 0x34952400, 0x34c00000)
    ro space 10240K,  42% used [0x38000000, 0x38434778, 0x38434800, 0x38a00000)
    rw space 12288K,  52% used [0x38a00000, 0x39049a68, 0x39049c00, 0x39600000)
}
Event: 97.695 GC heap before
{Heap before GC invocations=50 (full 10):
 def new generation   total 78656K, used 78575K [0x24000000, 0x29550000, 0x29550000)
  eden space 69952K,  99% used [0x24000000, 0x2843bd90, 0x28450000)
  from space 8704K, 100% used [0x28cd0000, 0x29550000, 0x29550000)
  to   space 8704K,   0% used [0x28450000, 0x28450000, 0x28cd0000)
 tenured generation   total 174784K, used 55167K [0x29550000, 0x34000000, 0x34000000)
   the space 174784K,  31% used [0x29550000, 0x2cb2ff00, 0x2cb30000, 0x34000000)
 compacting perm gen  total 12288K, used 10809K [0x34000000, 0x34c00000, 0x38000000)
   the space 12288K,  87% used [0x34000000, 0x34a8e7e0, 0x34a8e800, 0x34c00000)
    ro space 10240K,  42% used [0x38000000, 0x38434778, 0x38434800, 0x38a00000)
    rw space 12288K,  52% used [0x38a00000, 0x39049a68, 0x39049c00, 0x39600000)
Event: 97.713 GC heap after
Heap after GC invocations=51 (full 10):
 def new generation   total 78656K, used 8704K [0x24000000, 0x29550000, 0x29550000)
  eden space 69952K,   0% used [0x24000000, 0x24000000, 0x28450000)
  from space 8704K, 100% used [0x28450000, 0x28cd0000, 0x28cd0000)
  to   space 8704K,   0% used [0x28cd0000, 0x28cd0000, 0x29550000)
 tenured generation   total 174784K, used 78241K [0x29550000, 0x34000000, 0x34000000)
   the space 174784K,  44% used [0x29550000, 0x2e1b84a8, 0x2e1b8600, 0x34000000)
 compacting perm gen  total 12288K, used 10809K [0x34000000, 0x34c00000, 0x38000000)
   the space 12288K,  87% used [0x34000000, 0x34a8e7e0, 0x34a8e800, 0x34c00000)
    ro space 10240K,  42% used [0x38000000, 0x38434778, 0x38434800, 0x38a00000)
    rw space 12288K,  52% used [0x38a00000, 0x39049a68, 0x39049c00, 0x39600000)
}

