# JRE version: Java(TM) SE Runtime Environment (7.0_60-b19) (build 1.7.0_60-b19)
# Java VM: Java HotSpot(TM) Client VM (24.60-b09 mixed mode, sharing windows-x86 )
Heap
 def new generation   total 51648K, used 42441K [0x24000000, 0x27800000, 0x29550000)
  eden space 45952K,  79% used [0x24000000, 0x263e2470, 0x26ce0000)
  from space 5696K, 100% used [0x26ce0000, 0x27270000, 0x27270000)
  to   space 5696K,   0% used [0x27270000, 0x27270000, 0x27800000)
 tenured generation   total 114844K, used 87672K [0x29550000, 0x30577000, 0x34000000)
   the space 114844K,  76% used [0x29550000, 0x2eaee240, 0x2eaee400, 0x30577000)
 compacting perm gen  total 12288K, used 10856K [0x34000000, 0x34c00000, 0x38000000)
   the space 12288K,  88% used [0x34000000, 0x34a9a2a8, 0x34a9a400, 0x34c00000)
    ro space 10240K,  42% used [0x38000000, 0x38434778, 0x38434800, 0x38a00000)
    rw space 12288K,  52% used [0x38a00000, 0x39049a68, 0x39049c00, 0x39600000)
GC Heap History (10 events):
Event: 25.409 GC heap before
{Heap before GC invocations=28 (full 6):
 def new generation   total 27968K, used 27959K [0x24000000, 0x25e50000, 0x29550000)
  eden space 24896K,  99% used [0x24000000, 0x2584e0c8, 0x25850000)
  from space 3072K,  99% used [0x25850000, 0x25b4fe28, 0x25b50000)
  to   space 3072K,   0% used [0x25b50000, 0x25b50000, 0x25e50000)
 tenured generation   total 61904K, used 45878K [0x29550000, 0x2d1c4000, 0x34000000)
   the space 61904K,  74% used [0x29550000, 0x2c21d868, 0x2c21da00, 0x2d1c4000)
 compacting perm gen  total 12288K, used 8814K [0x34000000, 0x34c00000, 0x38000000)
   the space 12288K,  71% used [0x34000000, 0x3489bb58, 0x3489bc00, 0x34c00000)
    ro space 10240K,  42% used [0x38000000, 0x38434778, 0x38434800, 0x38a00000)
    rw space 12288K,  52% used [0x38a00000, 0x39049a68, 0x39049c00, 0x39600000)
Event: 25.411 GC heap after
Heap after GC invocations=29 (full 6):
 def new generation   total 27968K, used 1245K [0x24000000, 0x25e50000, 0x29550000)
  eden space 24896K,   0% used [0x24000000, 0x24000000, 0x25850000)
  from space 3072K,  40% used [0x25b50000, 0x25c875e8, 0x25e50000)
  to   space 3072K,   0% used [0x25850000, 0x25850000, 0x25b50000)
 tenured generation   total 61904K, used 46361K [0x29550000, 0x2d1c4000, 0x34000000)
   the space 61904K,  74% used [0x29550000, 0x2c296530, 0x2c296600, 0x2d1c4000)
 compacting perm gen  total 12288K, used 8814K [0x34000000, 0x34c00000, 0x38000000)
   the space 12288K,  71% used [0x34000000, 0x3489bb58, 0x3489bc00, 0x34c00000)
    ro space 10240K,  42% used [0x38000000, 0x38434778, 0x38434800, 0x38a00000)
    rw space 12288K,  52% used [0x38a00000, 0x39049a68, 0x39049c00, 0x39600000)
}
Event: 29.970 GC heap before
{Heap before GC invocations=29 (full 6):
 def new generation   total 27968K, used 26141K [0x24000000, 0x25e50000, 0x29550000)
  eden space 24896K, 100% used [0x24000000, 0x25850000, 0x25850000)
  from space 3072K,  40% used [0x25b50000, 0x25c875e8, 0x25e50000)
  to   space 3072K,   0% used [0x25850000, 0x25850000, 0x25b50000)
 tenured generation   total 61904K, used 46361K [0x29550000, 0x2d1c4000, 0x34000000)
   the space 61904K,  74% used [0x29550000, 0x2c296530, 0x2c296600, 0x2d1c4000)
 compacting perm gen  total 12288K, used 9207K [0x34000000, 0x34c00000, 0x38000000)
   the space 12288K,  74% used [0x34000000, 0x348fdfe8, 0x348fe000, 0x34c00000)
    ro space 10240K,  42% used [0x38000000, 0x38434778, 0x38434800, 0x38a00000)
    rw space 12288K,  52% used [0x38a00000, 0x39049a68, 0x39049c00, 0x39600000)
Event: 29.974 GC heap after
Heap after GC invocations=30 (full 6):
 def new generation   total 27968K, used 3072K [0x24000000, 0x25e50000, 0x29550000)
  eden space 24896K,   0% used [0x24000000, 0x24000000, 0x25850000)
  from space 3072K, 100% used [0x25850000, 0x25b50000, 0x25b50000)
  to   space 3072K,   0% used [0x25b50000, 0x25b50000, 0x25e50000)
 tenured generation   total 61904K, used 51996K [0x29550000, 0x2d1c4000, 0x34000000)
   the space 61904K,  83% used [0x29550000, 0x2c8171e0, 0x2c817200, 0x2d1c4000)
 compacting perm gen  total 12288K, used 9207K [0x34000000, 0x34c00000, 0x38000000)
   the space 12288K,  74% used [0x34000000, 0x348fdfe8, 0x348fe000, 0x34c00000)
    ro space 10240K,  42% used [0x38000000, 0x38434778, 0x38434800, 0x38a00000)
    rw space 12288K,  52% used [0x38a00000, 0x39049a68, 0x39049c00, 0x39600000)
}
Event: 32.852 GC heap before
{Heap before GC invocations=30 (full 6):
 def new generation   total 27968K, used 27968K [0x24000000, 0x25e50000, 0x29550000)
  eden space 24896K, 100% used [0x24000000, 0x25850000, 0x25850000)
  from space 3072K, 100% used [0x25850000, 0x25b50000, 0x25b50000)
  to   space 3072K,   0% used [0x25b50000, 0x25b50000, 0x25e50000)
 tenured generation   total 61904K, used 51996K [0x29550000, 0x2d1c4000, 0x34000000)
   the space 61904K,  83% used [0x29550000, 0x2c8171e0, 0x2c817200, 0x2d1c4000)
 compacting perm gen  total 12288K, used 9526K [0x34000000, 0x34c00000, 0x38000000)
   the space 12288K,  77% used [0x34000000, 0x3494dab8, 0x3494dc00, 0x34c00000)
    ro space 10240K,  42% used [0x38000000, 0x38434778, 0x38434800, 0x38a00000)
    rw space 12288K,  52% used [0x38a00000, 0x39049a68, 0x39049c00, 0x39600000)
Event: 32.976 GC heap after
Heap after GC invocations=31 (full 7):
 def new generation   total 51648K, used 0K [0x24000000, 0x27800000, 0x29550000)
  eden space 45952K,   0% used [0x24000000, 0x24000000, 0x26ce0000)
  from space 5696K,   0% used [0x26ce0000, 0x26ce0000, 0x27270000)
  to   space 5696K,   0% used [0x27270000, 0x27270000, 0x27800000)
 tenured generation   total 114584K, used 68750K [0x29550000, 0x30536000, 0x34000000)
   the space 114584K,  59% used [0x29550000, 0x2d873810, 0x2d873a00, 0x30536000)
 compacting perm gen  total 12288K, used 9526K [0x34000000, 0x34c00000, 0x38000000)
   the space 12288K,  77% used [0x34000000, 0x3494dab8, 0x3494dc00, 0x34c00000)
    ro space 10240K,  42% used [0x38000000, 0x38434778, 0x38434800, 0x38a00000)
    rw space 12288K,  52% used [0x38a00000, 0x39049a68, 0x39049c00, 0x39600000)
}
Event: 39.815 GC heap before
{Heap before GC invocations=31 (full 7):
 def new generation   total 51648K, used 46464K [0x24000000, 0x27800000, 0x29550000)
  eden space 45952K, 100% used [0x24000000, 0x26ce0000, 0x26ce0000)
  from space 5696K,   8% used [0x26ce0000, 0x26d60020, 0x27270000)
  to   space 5696K,   0% used [0x27270000, 0x27270000, 0x27800000)
 tenured generation   total 114584K, used 68750K [0x29550000, 0x30536000, 0x34000000)
   the space 114584K,  59% used [0x29550000, 0x2d873810, 0x2d873a00, 0x30536000)
 compacting perm gen  total 12288K, used 9527K [0x34000000, 0x34c00000, 0x38000000)
   the space 12288K,  77% used [0x34000000, 0x3494dc28, 0x3494de00, 0x34c00000)
    ro space 10240K,  42% used [0x38000000, 0x38434778, 0x38434800, 0x38a00000)
    rw space 12288K,  52% used [0x38a00000, 0x39049a68, 0x39049c00, 0x39600000)
Event: 39.824 GC heap after
Heap after GC invocations=32 (full 7):
 def new generation   total 51648K, used 5696K [0x24000000, 0x27800000, 0x29550000)
  eden space 45952K,   0% used [0x24000000, 0x24000000, 0x26ce0000)
  from space 5696K, 100% used [0x27270000, 0x27800000, 0x27800000)
  to   space 5696K,   0% used [0x26ce0000, 0x26ce0000, 0x27270000)
 tenured generation   total 114584K, used 72146K [0x29550000, 0x30536000, 0x34000000)
   the space 114584K,  62% used [0x29550000, 0x2dbc4ba0, 0x2dbc4c00, 0x30536000)
 compacting perm gen  total 12288K, used 9527K [0x34000000, 0x34c00000, 0x38000000)
   the space 12288K,  77% used [0x34000000, 0x3494dc28, 0x3494de00, 0x34c00000)
    ro space 10240K,  42% used [0x38000000, 0x38434778, 0x38434800, 0x38a00000)
    rw space 12288K,  52% used [0x38a00000, 0x39049a68, 0x39049c00, 0x39600000)
}
Event: 42.019 GC heap before
{Heap before GC invocations=32 (full 7):
 def new generation   total 51648K, used 51441K [0x24000000, 0x27800000, 0x29550000)
  eden space 45952K,  99% used [0x24000000, 0x26cac7c0, 0x26ce0000)
  from space 5696K, 100% used [0x27270000, 0x27800000, 0x27800000)
  to   space 5696K,   0% used [0x26ce0000, 0x26ce0000, 0x27270000)
 tenured generation   total 114844K, used 72658K [0x29550000, 0x30577000, 0x34000000)
   the space 114844K,  63% used [0x29550000, 0x2dc44bc0, 0x2dc44c00, 0x30577000)
 compacting perm gen  total 12288K, used 10795K [0x34000000, 0x34c00000, 0x38000000)
   the space 12288K,  87% used [0x34000000, 0x34a8add0, 0x34a8ae00, 0x34c00000)
    ro space 10240K,  42% used [0x38000000, 0x38434778, 0x38434800, 0x38a00000)
    rw space 12288K,  52% used [0x38a00000, 0x39049a68, 0x39049c00, 0x39600000)
Event: 42.033 GC heap after
Heap after GC invocations=33 (full 7):
 def new generation   total 51648K, used 5696K [0x24000000, 0x27800000, 0x29550000)
  eden space 45952K,   0% used [0x24000000, 0x24000000, 0x26ce0000)
  from space 5696K, 100% used [0x26ce0000, 0x27270000, 0x27270000)
  to   space 5696K,   0% used [0x27270000, 0x27270000, 0x27800000)
 tenured generation   total 114844K, used 87672K [0x29550000, 0x30577000, 0x34000000)
   the space 114844K,  76% used [0x29550000, 0x2eaee240, 0x2eaee400, 0x30577000)
 compacting perm gen  total 12288K, used 10795K [0x34000000, 0x34c00000, 0x38000000)
   the space 12288K,  87% used [0x34000000, 0x34a8add0, 0x34a8ae00, 0x34c00000)
    ro space 10240K,  42% used [0x38000000, 0x38434778, 0x38434800, 0x38a00000)
    rw space 12288K,  52% used [0x38a00000, 0x39049a68, 0x39049c00, 0x39600000)
}

