# JRE version: Java(TM) SE Runtime Environment (7.0_60-b19) (build 1.7.0_60-b19)
# Java VM: Java HotSpot(TM) Client VM (24.60-b09 mixed mode, sharing windows-x86 )
Heap
 def new generation   total 13824K, used 5866K [0x24000000, 0x24ef0000, 0x29550000)
  eden space 12352K,  47% used [0x24000000, 0x245ba9d8, 0x24c10000)
  from space 1472K,   0% used [0x24c10000, 0x24c10000, 0x24d80000)
  to   space 1472K,   0% used [0x24d80000, 0x24d80000, 0x24ef0000)
 tenured generation   total 30432K, used 18257K [0x29550000, 0x2b308000, 0x34000000)
   the space 30432K,  59% used [0x29550000, 0x2a724750, 0x2a724800, 0x2b308000)
 compacting perm gen  total 12288K, used 8571K [0x34000000, 0x34c00000, 0x38000000)
   the space 12288K,  69% used [0x34000000, 0x3485efb8, 0x3485f000, 0x34c00000)
    ro space 10240K,  42% used [0x38000000, 0x38434778, 0x38434800, 0x38a00000)
    rw space 12288K,  52% used [0x38a00000, 0x39049a68, 0x39049c00, 0x39600000)
GC Heap History (10 events):
Event: 4.859 GC heap before
{Heap before GC invocations=9 (full 1):
 def new generation   total 9408K, used 9408K [0x24000000, 0x24a30000, 0x29550000)
  eden space 8384K, 100% used [0x24000000, 0x24830000, 0x24830000)
  from space 1024K, 100% used [0x24930000, 0x24a30000, 0x24a30000)
  to   space 1024K,   0% used [0x24830000, 0x24830000, 0x24930000)
 tenured generation   total 20772K, used 16964K [0x29550000, 0x2a999000, 0x34000000)
   the space 20772K,  81% used [0x29550000, 0x2a5e11c0, 0x2a5e1200, 0x2a999000)
 compacting perm gen  total 12288K, used 7167K [0x34000000, 0x34c00000, 0x38000000)
   the space 12288K,  58% used [0x34000000, 0x346ffec0, 0x34700000, 0x34c00000)
    ro space 10240K,  42% used [0x38000000, 0x38434778, 0x38434800, 0x38a00000)
    rw space 12288K,  52% used [0x38a00000, 0x39049a68, 0x39049c00, 0x39600000)
Event: 4.866 GC heap after
Heap after GC invocations=10 (full 1):
 def new generation   total 9408K, used 1023K [0x24000000, 0x24a30000, 0x29550000)
  eden space 8384K,   0% used [0x24000000, 0x24000000, 0x24830000)
  from space 1024K,  99% used [0x24830000, 0x2492fff8, 0x24930000)
  to   space 1024K,   0% used [0x24930000, 0x24930000, 0x24a30000)
 tenured generation   total 20772K, used 18634K [0x29550000, 0x2a999000, 0x34000000)
   the space 20772K,  89% used [0x29550000, 0x2a782bd0, 0x2a782c00, 0x2a999000)
 compacting perm gen  total 12288K, used 7167K [0x34000000, 0x34c00000, 0x38000000)
   the space 12288K,  58% used [0x34000000, 0x346ffec0, 0x34700000, 0x34c00000)
    ro space 10240K,  42% used [0x38000000, 0x38434778, 0x38434800, 0x38a00000)
    rw space 12288K,  52% used [0x38a00000, 0x39049a68, 0x39049c00, 0x39600000)
}
Event: 5.008 GC heap before
{Heap before GC invocations=10 (full 1):
 def new generation   total 9408K, used 9407K [0x24000000, 0x24a30000, 0x29550000)
  eden space 8384K, 100% used [0x24000000, 0x24830000, 0x24830000)
  from space 1024K,  99% used [0x24830000, 0x2492fff8, 0x24930000)
  to   space 1024K,   0% used [0x24930000, 0x24930000, 0x24a30000)
 tenured generation   total 20772K, used 18635K [0x29550000, 0x2a999000, 0x34000000)
   the space 20772K,  89% used [0x29550000, 0x2a782e40, 0x2a783000, 0x2a999000)
 compacting perm gen  total 12288K, used 8325K [0x34000000, 0x34c00000, 0x38000000)
   the space 12288K,  67% used [0x34000000, 0x348217c8, 0x34821800, 0x34c00000)
    ro space 10240K,  42% used [0x38000000, 0x38434778, 0x38434800, 0x38a00000)
    rw space 12288K,  52% used [0x38a00000, 0x39049a68, 0x39049c00, 0x39600000)
Event: 5.015 GC heap after
Heap after GC invocations=11 (full 1):
 def new generation   total 9408K, used 1024K [0x24000000, 0x24a30000, 0x29550000)
  eden space 8384K,   0% used [0x24000000, 0x24000000, 0x24830000)
  from space 1024K, 100% used [0x24930000, 0x24a30000, 0x24a30000)
  to   space 1024K,   0% used [0x24830000, 0x24830000, 0x24930000)
 tenured generation   total 20772K, used 20204K [0x29550000, 0x2a999000, 0x34000000)
   the space 20772K,  97% used [0x29550000, 0x2a90b238, 0x2a90b400, 0x2a999000)
 compacting perm gen  total 12288K, used 8325K [0x34000000, 0x34c00000, 0x38000000)
   the space 12288K,  67% used [0x34000000, 0x348217c8, 0x34821800, 0x34c00000)
    ro space 10240K,  42% used [0x38000000, 0x38434778, 0x38434800, 0x38a00000)
    rw space 12288K,  52% used [0x38a00000, 0x39049a68, 0x39049c00, 0x39600000)
}
Event: 5.062 GC heap before
{Heap before GC invocations=11 (full 1):
 def new generation   total 9408K, used 7770K [0x24000000, 0x24a30000, 0x29550000)
  eden space 8384K,  80% used [0x24000000, 0x24696990, 0x24830000)
  from space 1024K, 100% used [0x24930000, 0x24a30000, 0x24a30000)
  to   space 1024K,   0% used [0x24830000, 0x24830000, 0x24930000)
 tenured generation   total 20772K, used 20204K [0x29550000, 0x2a999000, 0x34000000)
   the space 20772K,  97% used [0x29550000, 0x2a90b238, 0x2a90b400, 0x2a999000)
 compacting perm gen  total 12288K, used 8502K [0x34000000, 0x34c00000, 0x38000000)
   the space 12288K,  69% used [0x34000000, 0x3484d970, 0x3484da00, 0x34c00000)
    ro space 10240K,  42% used [0x38000000, 0x38434778, 0x38434800, 0x38a00000)
    rw space 12288K,  52% used [0x38a00000, 0x39049a68, 0x39049c00, 0x39600000)
Event: 5.109 GC heap after
Heap after GC invocations=12 (full 2):
 def new generation   total 10624K, used 0K [0x24000000, 0x24b80000, 0x29550000)
  eden space 9472K,   0% used [0x24000000, 0x24000000, 0x24940000)
  from space 1152K,   0% used [0x24940000, 0x24940000, 0x24a60000)
  to   space 1152K,   0% used [0x24a60000, 0x24a60000, 0x24b80000)
 tenured generation   total 23416K, used 14047K [0x29550000, 0x2ac2e000, 0x34000000)
   the space 23416K,  59% used [0x29550000, 0x2a307de8, 0x2a307e00, 0x2ac2e000)
 compacting perm gen  total 12288K, used 8502K [0x34000000, 0x34c00000, 0x38000000)
   the space 12288K,  69% used [0x34000000, 0x3484d970, 0x3484da00, 0x34c00000)
    ro space 10240K,  42% used [0x38000000, 0x38434778, 0x38434800, 0x38a00000)
    rw space 12288K,  52% used [0x38a00000, 0x39049a68, 0x39049c00, 0x39600000)
}
Event: 5.123 GC heap before
{Heap before GC invocations=12 (full 2):
 def new generation   total 10624K, used 9441K [0x24000000, 0x24b80000, 0x29550000)
  eden space 9472K,  99% used [0x24000000, 0x24938638, 0x24940000)
  from space 1152K,   0% used [0x24940000, 0x24940000, 0x24a60000)
  to   space 1152K,   0% used [0x24a60000, 0x24a60000, 0x24b80000)
 tenured generation   total 23416K, used 14047K [0x29550000, 0x2ac2e000, 0x34000000)
   the space 23416K,  59% used [0x29550000, 0x2a307de8, 0x2a307e00, 0x2ac2e000)
 compacting perm gen  total 12288K, used 8502K [0x34000000, 0x34c00000, 0x38000000)
   the space 12288K,  69% used [0x34000000, 0x3484d970, 0x3484da00, 0x34c00000)
    ro space 10240K,  42% used [0x38000000, 0x38434778, 0x38434800, 0x38a00000)
    rw space 12288K,  52% used [0x38a00000, 0x39049a68, 0x39049c00, 0x39600000)
Event: 5.126 GC heap after
Heap after GC invocations=13 (full 2):
 def new generation   total 10624K, used 7K [0x24000000, 0x24b80000, 0x29550000)
  eden space 9472K,   0% used [0x24000000, 0x24000000, 0x24940000)
  from space 1152K,   0% used [0x24a60000, 0x24a61d60, 0x24b80000)
  to   space 1152K,   0% used [0x24940000, 0x24940000, 0x24a60000)
 tenured generation   total 23416K, used 23366K [0x29550000, 0x2ac2e000, 0x34000000)
   the space 23416K,  99% used [0x29550000, 0x2ac21860, 0x2ac21a00, 0x2ac2e000)
 compacting perm gen  total 12288K, used 8502K [0x34000000, 0x34c00000, 0x38000000)
   the space 12288K,  69% used [0x34000000, 0x3484d970, 0x3484da00, 0x34c00000)
    ro space 10240K,  42% used [0x38000000, 0x38434778, 0x38434800, 0x38a00000)
    rw space 12288K,  52% used [0x38a00000, 0x39049a68, 0x39049c00, 0x39600000)
}
Event: 5.140 GC heap before
{Heap before GC invocations=13 (full 2):
 def new generation   total 10624K, used 9406K [0x24000000, 0x24b80000, 0x29550000)
  eden space 9472K,  99% used [0x24000000, 0x2492dd80, 0x24940000)
  from space 1152K,   0% used [0x24a60000, 0x24a61d60, 0x24b80000)
  to   space 1152K,   0% used [0x24940000, 0x24940000, 0x24a60000)
 tenured generation   total 23416K, used 23366K [0x29550000, 0x2ac2e000, 0x34000000)
   the space 23416K,  99% used [0x29550000, 0x2ac21860, 0x2ac21a00, 0x2ac2e000)
 compacting perm gen  total 12288K, used 8502K [0x34000000, 0x34c00000, 0x38000000)
   the space 12288K,  69% used [0x34000000, 0x3484d9b0, 0x3484da00, 0x34c00000)
    ro space 10240K,  42% used [0x38000000, 0x38434778, 0x38434800, 0x38a00000)
    rw space 12288K,  52% used [0x38a00000, 0x39049a68, 0x39049c00, 0x39600000)
Event: 5.199 GC heap after
Heap after GC invocations=14 (full 3):
 def new generation   total 13824K, used 0K [0x24000000, 0x24ef0000, 0x29550000)
  eden space 12352K,   0% used [0x24000000, 0x24000000, 0x24c10000)
  from space 1472K,   0% used [0x24c10000, 0x24c10000, 0x24d80000)
  to   space 1472K,   0% used [0x24d80000, 0x24d80000, 0x24ef0000)
 tenured generation   total 30432K, used 18257K [0x29550000, 0x2b308000, 0x34000000)
   the space 30432K,  59% used [0x29550000, 0x2a724750, 0x2a724800, 0x2b308000)
 compacting perm gen  total 12288K, used 8502K [0x34000000, 0x34c00000, 0x38000000)
   the space 12288K,  69% used [0x34000000, 0x3484d9b0, 0x3484da00, 0x34c00000)
    ro space 10240K,  42% used [0x38000000, 0x38434778, 0x38434800, 0x38a00000)
    rw space 12288K,  52% used [0x38a00000, 0x39049a68, 0x39049c00, 0x39600000)
}

