# JRE version: Java(TM) SE Runtime Environment (7.0_60-b19) (build 1.7.0_60-b19)
# Java VM: Java HotSpot(TM) Client VM (24.60-b09 mixed mode, sharing windows-x86 )
Heap
 def new generation   total 14784K, used 3632K [0x24000000, 0x25000000, 0x29550000)
  eden space 13184K,  27% used [0x24000000, 0x2438c1e8, 0x24ce0000)
  from space 1600K,   0% used [0x24ce0000, 0x24ce0000, 0x24e70000)
  to   space 1600K,   0% used [0x24e70000, 0x24e70000, 0x25000000)
 tenured generation   total 32720K, used 19630K [0x29550000, 0x2b544000, 0x34000000)
   the space 32720K,  59% used [0x29550000, 0x2a87ba30, 0x2a87bc00, 0x2b544000)
 compacting perm gen  total 12288K, used 8567K [0x34000000, 0x34c00000, 0x38000000)
   the space 12288K,  69% used [0x34000000, 0x3485df40, 0x3485e000, 0x34c00000)
    ro space 10240K,  42% used [0x38000000, 0x38434778, 0x38434800, 0x38a00000)
    rw space 12288K,  52% used [0x38a00000, 0x39049a68, 0x39049c00, 0x39600000)
GC Heap History (10 events):
Event: 3.056 GC heap before
{Heap before GC invocations=9 (full 1):
 def new generation   total 9408K, used 9407K [0x24000000, 0x24a30000, 0x29550000)
  eden space 8384K, 100% used [0x24000000, 0x24830000, 0x24830000)
  from space 1024K,  99% used [0x24930000, 0x24a2fff8, 0x24a30000)
  to   space 1024K,   0% used [0x24830000, 0x24830000, 0x24930000)
 tenured generation   total 20744K, used 15767K [0x29550000, 0x2a992000, 0x34000000)
   the space 20744K,  76% used [0x29550000, 0x2a4b5cd0, 0x2a4b5e00, 0x2a992000)
 compacting perm gen  total 12288K, used 7708K [0x34000000, 0x34c00000, 0x38000000)
   the space 12288K,  62% used [0x34000000, 0x34787268, 0x34787400, 0x34c00000)
    ro space 10240K,  42% used [0x38000000, 0x38434778, 0x38434800, 0x38a00000)
    rw space 12288K,  52% used [0x38a00000, 0x39049a68, 0x39049c00, 0x39600000)
Event: 3.064 GC heap after
Heap after GC invocations=10 (full 1):
 def new generation   total 9408K, used 1024K [0x24000000, 0x24a30000, 0x29550000)
  eden space 8384K,   0% used [0x24000000, 0x24000000, 0x24830000)
  from space 1024K, 100% used [0x24830000, 0x24930000, 0x24930000)
  to   space 1024K,   0% used [0x24930000, 0x24930000, 0x24a30000)
 tenured generation   total 20744K, used 17336K [0x29550000, 0x2a992000, 0x34000000)
   the space 20744K,  83% used [0x29550000, 0x2a63e120, 0x2a63e200, 0x2a992000)
 compacting perm gen  total 12288K, used 7708K [0x34000000, 0x34c00000, 0x38000000)
   the space 12288K,  62% used [0x34000000, 0x34787268, 0x34787400, 0x34c00000)
    ro space 10240K,  42% used [0x38000000, 0x38434778, 0x38434800, 0x38a00000)
    rw space 12288K,  52% used [0x38a00000, 0x39049a68, 0x39049c00, 0x39600000)
}
Event: 3.204 GC heap before
{Heap before GC invocations=10 (full 1):
 def new generation   total 9408K, used 9375K [0x24000000, 0x24a30000, 0x29550000)
  eden space 8384K,  99% used [0x24000000, 0x24827d78, 0x24830000)
  from space 1024K, 100% used [0x24830000, 0x24930000, 0x24930000)
  to   space 1024K,   0% used [0x24930000, 0x24930000, 0x24a30000)
 tenured generation   total 20744K, used 17336K [0x29550000, 0x2a992000, 0x34000000)
   the space 20744K,  83% used [0x29550000, 0x2a63e120, 0x2a63e200, 0x2a992000)
 compacting perm gen  total 12288K, used 8132K [0x34000000, 0x34c00000, 0x38000000)
   the space 12288K,  66% used [0x34000000, 0x347f1368, 0x347f1400, 0x34c00000)
    ro space 10240K,  42% used [0x38000000, 0x38434778, 0x38434800, 0x38a00000)
    rw space 12288K,  52% used [0x38a00000, 0x39049a68, 0x39049c00, 0x39600000)
Event: 3.208 GC heap after
Heap after GC invocations=11 (full 1):
 def new generation   total 9408K, used 1024K [0x24000000, 0x24a30000, 0x29550000)
  eden space 8384K,   0% used [0x24000000, 0x24000000, 0x24830000)
  from space 1024K, 100% used [0x24930000, 0x24a30000, 0x24a30000)
  to   space 1024K,   0% used [0x24830000, 0x24830000, 0x24930000)
 tenured generation   total 20744K, used 19738K [0x29550000, 0x2a992000, 0x34000000)
   the space 20744K,  95% used [0x29550000, 0x2a896a98, 0x2a896c00, 0x2a992000)
 compacting perm gen  total 12288K, used 8132K [0x34000000, 0x34c00000, 0x38000000)
   the space 12288K,  66% used [0x34000000, 0x347f1368, 0x347f1400, 0x34c00000)
    ro space 10240K,  42% used [0x38000000, 0x38434778, 0x38434800, 0x38a00000)
    rw space 12288K,  52% used [0x38a00000, 0x39049a68, 0x39049c00, 0x39600000)
}
Event: 3.280 GC heap before
{Heap before GC invocations=11 (full 1):
 def new generation   total 9408K, used 9408K [0x24000000, 0x24a30000, 0x29550000)
  eden space 8384K, 100% used [0x24000000, 0x24830000, 0x24830000)
  from space 1024K, 100% used [0x24930000, 0x24a30000, 0x24a30000)
  to   space 1024K,   0% used [0x24830000, 0x24830000, 0x24930000)
 tenured generation   total 20744K, used 19738K [0x29550000, 0x2a992000, 0x34000000)
   the space 20744K,  95% used [0x29550000, 0x2a896a98, 0x2a896c00, 0x2a992000)
 compacting perm gen  total 12288K, used 8517K [0x34000000, 0x34c00000, 0x38000000)
   the space 12288K,  69% used [0x34000000, 0x34851520, 0x34851600, 0x34c00000)
    ro space 10240K,  42% used [0x38000000, 0x38434778, 0x38434800, 0x38a00000)
    rw space 12288K,  52% used [0x38a00000, 0x39049a68, 0x39049c00, 0x39600000)
Event: 3.325 GC heap after
Heap after GC invocations=12 (full 2):
 def new generation   total 11584K, used 0K [0x24000000, 0x24c90000, 0x29550000)
  eden space 10304K,   0% used [0x24000000, 0x24000000, 0x24a10000)
  from space 1280K,   0% used [0x24a10000, 0x24a10000, 0x24b50000)
  to   space 1280K,   0% used [0x24b50000, 0x24b50000, 0x24c90000)
 tenured generation   total 25636K, used 15432K [0x29550000, 0x2ae59000, 0x34000000)
   the space 25636K,  60% used [0x29550000, 0x2a4621d8, 0x2a462200, 0x2ae59000)
 compacting perm gen  total 12288K, used 8517K [0x34000000, 0x34c00000, 0x38000000)
   the space 12288K,  69% used [0x34000000, 0x34851520, 0x34851600, 0x34c00000)
    ro space 10240K,  42% used [0x38000000, 0x38434778, 0x38434800, 0x38a00000)
    rw space 12288K,  52% used [0x38a00000, 0x39049a68, 0x39049c00, 0x39600000)
}
Event: 3.344 GC heap before
{Heap before GC invocations=12 (full 2):
 def new generation   total 11584K, used 9469K [0x24000000, 0x24c90000, 0x29550000)
  eden space 10304K,  91% used [0x24000000, 0x2493f440, 0x24a10000)
  from space 1280K,   0% used [0x24a10000, 0x24a10000, 0x24b50000)
  to   space 1280K,   0% used [0x24b50000, 0x24b50000, 0x24c90000)
 tenured generation   total 25636K, used 15432K [0x29550000, 0x2ae59000, 0x34000000)
   the space 25636K,  60% used [0x29550000, 0x2a4621d8, 0x2a462200, 0x2ae59000)
 compacting perm gen  total 12288K, used 8518K [0x34000000, 0x34c00000, 0x38000000)
   the space 12288K,  69% used [0x34000000, 0x34851bf8, 0x34851c00, 0x34c00000)
    ro space 10240K,  42% used [0x38000000, 0x38434778, 0x38434800, 0x38a00000)
    rw space 12288K,  52% used [0x38a00000, 0x39049a68, 0x39049c00, 0x39600000)
Event: 3.346 GC heap after
Heap after GC invocations=13 (full 2):
 def new generation   total 11584K, used 8K [0x24000000, 0x24c90000, 0x29550000)
  eden space 10304K,   0% used [0x24000000, 0x24000000, 0x24a10000)
  from space 1280K,   0% used [0x24b50000, 0x24b520b0, 0x24c90000)
  to   space 1280K,   0% used [0x24a10000, 0x24a10000, 0x24b50000)
 tenured generation   total 25636K, used 24751K [0x29550000, 0x2ae59000, 0x34000000)
   the space 25636K,  96% used [0x29550000, 0x2ad7bc50, 0x2ad7be00, 0x2ae59000)
 compacting perm gen  total 12288K, used 8518K [0x34000000, 0x34c00000, 0x38000000)
   the space 12288K,  69% used [0x34000000, 0x34851bf8, 0x34851c00, 0x34c00000)
    ro space 10240K,  42% used [0x38000000, 0x38434778, 0x38434800, 0x38a00000)
    rw space 12288K,  52% used [0x38a00000, 0x39049a68, 0x39049c00, 0x39600000)
}
Event: 3.362 GC heap before
{Heap before GC invocations=13 (full 2):
 def new generation   total 11584K, used 9540K [0x24000000, 0x24c90000, 0x29550000)
  eden space 10304K,  92% used [0x24000000, 0x2494f2d8, 0x24a10000)
  from space 1280K,   0% used [0x24b50000, 0x24b520b0, 0x24c90000)
  to   space 1280K,   0% used [0x24a10000, 0x24a10000, 0x24b50000)
 tenured generation   total 25636K, used 24751K [0x29550000, 0x2ae59000, 0x34000000)
   the space 25636K,  96% used [0x29550000, 0x2ad7bc50, 0x2ad7be00, 0x2ae59000)
 compacting perm gen  total 12288K, used 8519K [0x34000000, 0x34c00000, 0x38000000)
   the space 12288K,  69% used [0x34000000, 0x34851ca8, 0x34851e00, 0x34c00000)
    ro space 10240K,  42% used [0x38000000, 0x38434778, 0x38434800, 0x38a00000)
    rw space 12288K,  52% used [0x38a00000, 0x39049a68, 0x39049c00, 0x39600000)
Event: 3.402 GC heap after
Heap after GC invocations=14 (full 3):
 def new generation   total 14784K, used 0K [0x24000000, 0x25000000, 0x29550000)
  eden space 13184K,   0% used [0x24000000, 0x24000000, 0x24ce0000)
  from space 1600K,   0% used [0x24ce0000, 0x24ce0000, 0x24e70000)
  to   space 1600K,   0% used [0x24e70000, 0x24e70000, 0x25000000)
 tenured generation   total 32720K, used 19630K [0x29550000, 0x2b544000, 0x34000000)
   the space 32720K,  59% used [0x29550000, 0x2a87ba30, 0x2a87bc00, 0x2b544000)
 compacting perm gen  total 12288K, used 8519K [0x34000000, 0x34c00000, 0x38000000)
   the space 12288K,  69% used [0x34000000, 0x34851ca8, 0x34851e00, 0x34c00000)
    ro space 10240K,  42% used [0x38000000, 0x38434778, 0x38434800, 0x38a00000)
    rw space 12288K,  52% used [0x38a00000, 0x39049a68, 0x39049c00, 0x39600000)
}

