# JRE version: Java(TM) SE Runtime Environment (7.0_60-b19) (build 1.7.0_60-b19)
# Java VM: Java HotSpot(TM) Client VM (24.60-b09 mixed mode, sharing windows-x86 )
Heap
 def new generation   total 26240K, used 12840K [0x24000000, 0x25c70000, 0x29550000)
  eden space 23360K,  50% used [0x24000000, 0x24b69d90, 0x256d0000)
  from space 2880K,  40% used [0x259a0000, 0x25ac02c8, 0x25c70000)
  to   space 2880K,   0% used [0x256d0000, 0x256d0000, 0x259a0000)
 tenured generation   total 58084K, used 47094K [0x29550000, 0x2ce09000, 0x34000000)
   the space 58084K,  81% used [0x29550000, 0x2c34dad8, 0x2c34dc00, 0x2ce09000)
 compacting perm gen  total 12288K, used 8578K [0x34000000, 0x34c00000, 0x38000000)
   the space 12288K,  69% used [0x34000000, 0x34860af0, 0x34860c00, 0x34c00000)
    ro space 10240K,  42% used [0x38000000, 0x38434778, 0x38434800, 0x38a00000)
    rw space 12288K,  52% used [0x38a00000, 0x39049a68, 0x39049c00, 0x39600000)
GC Heap History (10 events):
Event: 85.989 GC heap before
{Heap before GC invocations=15 (full 3):
 def new generation   total 13376K, used 9512K [0x24000000, 0x24e80000, 0x29550000)
  eden space 11904K,  78% used [0x24000000, 0x2491e5e8, 0x24ba0000)
  from space 1472K,  11% used [0x24d10000, 0x24d3bd68, 0x24e80000)
  to   space 1472K,   0% used [0x24ba0000, 0x24ba0000, 0x24d10000)
 tenured generation   total 29560K, used 26986K [0x29550000, 0x2b22e000, 0x34000000)
   the space 29560K,  91% used [0x29550000, 0x2afaab68, 0x2afaac00, 0x2b22e000)
 compacting perm gen  total 12288K, used 8553K [0x34000000, 0x34c00000, 0x38000000)
   the space 12288K,  69% used [0x34000000, 0x3485a4a0, 0x3485a600, 0x34c00000)
    ro space 10240K,  42% used [0x38000000, 0x38434778, 0x38434800, 0x38a00000)
    rw space 12288K,  52% used [0x38a00000, 0x39049a68, 0x39049c00, 0x39600000)
Event: 86.038 GC heap after
Heap after GC invocations=16 (full 4):
 def new generation   total 17664K, used 0K [0x24000000, 0x25320000, 0x29550000)
  eden space 15744K,   0% used [0x24000000, 0x24000000, 0x24f60000)
  from space 1920K,   0% used [0x24f60000, 0x24f60000, 0x25140000)
  to   space 1920K,   0% used [0x25140000, 0x25140000, 0x25320000)
 tenured generation   total 39124K, used 23472K [0x29550000, 0x2bb85000, 0x34000000)
   the space 39124K,  59% used [0x29550000, 0x2ac3c118, 0x2ac3c200, 0x2bb85000)
 compacting perm gen  total 12288K, used 8538K [0x34000000, 0x34c00000, 0x38000000)
   the space 12288K,  69% used [0x34000000, 0x34856990, 0x34856a00, 0x34c00000)
    ro space 10240K,  42% used [0x38000000, 0x38434778, 0x38434800, 0x38a00000)
    rw space 12288K,  52% used [0x38a00000, 0x39049a68, 0x39049c00, 0x39600000)
}
Event: 87.193 GC heap before
{Heap before GC invocations=16 (full 4):
 def new generation   total 17664K, used 15744K [0x24000000, 0x25320000, 0x29550000)
  eden space 15744K, 100% used [0x24000000, 0x24f60000, 0x24f60000)
  from space 1920K,   0% used [0x24f60000, 0x24f60018, 0x25140000)
  to   space 1920K,   0% used [0x25140000, 0x25140000, 0x25320000)
 tenured generation   total 39124K, used 23472K [0x29550000, 0x2bb85000, 0x34000000)
   the space 39124K,  59% used [0x29550000, 0x2ac3c130, 0x2ac3c200, 0x2bb85000)
 compacting perm gen  total 12288K, used 8549K [0x34000000, 0x34c00000, 0x38000000)
   the space 12288K,  69% used [0x34000000, 0x34859680, 0x34859800, 0x34c00000)
    ro space 10240K,  42% used [0x38000000, 0x38434778, 0x38434800, 0x38a00000)
    rw space 12288K,  52% used [0x38a00000, 0x39049a68, 0x39049c00, 0x39600000)
Event: 87.197 GC heap after
Heap after GC invocations=17 (full 4):
 def new generation   total 17664K, used 1796K [0x24000000, 0x25320000, 0x29550000)
  eden space 15744K,   0% used [0x24000000, 0x24000000, 0x24f60000)
  from space 1920K,  93% used [0x25140000, 0x25301050, 0x25320000)
  to   space 1920K,   0% used [0x24f60000, 0x24f60000, 0x25140000)
 tenured generation   total 39124K, used 30349K [0x29550000, 0x2bb85000, 0x34000000)
   the space 39124K,  77% used [0x29550000, 0x2b2f3428, 0x2b2f3600, 0x2bb85000)
 compacting perm gen  total 12288K, used 8549K [0x34000000, 0x34c00000, 0x38000000)
   the space 12288K,  69% used [0x34000000, 0x34859680, 0x34859800, 0x34c00000)
    ro space 10240K,  42% used [0x38000000, 0x38434778, 0x38434800, 0x38a00000)
    rw space 12288K,  52% used [0x38a00000, 0x39049a68, 0x39049c00, 0x39600000)
}
Event: 89.230 GC heap before
{Heap before GC invocations=17 (full 4):
 def new generation   total 17664K, used 17540K [0x24000000, 0x25320000, 0x29550000)
  eden space 15744K, 100% used [0x24000000, 0x24f60000, 0x24f60000)
  from space 1920K,  93% used [0x25140000, 0x25301050, 0x25320000)
  to   space 1920K,   0% used [0x24f60000, 0x24f60000, 0x25140000)
 tenured generation   total 39124K, used 30349K [0x29550000, 0x2bb85000, 0x34000000)
   the space 39124K,  77% used [0x29550000, 0x2b2f3428, 0x2b2f3600, 0x2bb85000)
 compacting perm gen  total 12288K, used 8557K [0x34000000, 0x34c00000, 0x38000000)
   the space 12288K,  69% used [0x34000000, 0x3485b560, 0x3485b600, 0x34c00000)
    ro space 10240K,  42% used [0x38000000, 0x38434778, 0x38434800, 0x38a00000)
    rw space 12288K,  52% used [0x38a00000, 0x39049a68, 0x39049c00, 0x39600000)
Event: 89.233 GC heap after
Heap after GC invocations=18 (full 4):
 def new generation   total 17664K, used 1763K [0x24000000, 0x25320000, 0x29550000)
  eden space 15744K,   0% used [0x24000000, 0x24000000, 0x24f60000)
  from space 1920K,  91% used [0x24f60000, 0x25118c48, 0x25140000)
  to   space 1920K,   0% used [0x25140000, 0x25140000, 0x25320000)
 tenured generation   total 39124K, used 35670K [0x29550000, 0x2bb85000, 0x34000000)
   the space 39124K,  91% used [0x29550000, 0x2b825b28, 0x2b825c00, 0x2bb85000)
 compacting perm gen  total 12288K, used 8557K [0x34000000, 0x34c00000, 0x38000000)
   the space 12288K,  69% used [0x34000000, 0x3485b560, 0x3485b600, 0x34c00000)
    ro space 10240K,  42% used [0x38000000, 0x38434778, 0x38434800, 0x38a00000)
    rw space 12288K,  52% used [0x38a00000, 0x39049a68, 0x39049c00, 0x39600000)
}
Event: 1019.288 GC heap before
{Heap before GC invocations=18 (full 4):
 def new generation   total 17664K, used 16186K [0x24000000, 0x25320000, 0x29550000)
  eden space 15744K,  91% used [0x24000000, 0x24e15c38, 0x24f60000)
  from space 1920K,  91% used [0x24f60000, 0x25118c48, 0x25140000)
  to   space 1920K,   0% used [0x25140000, 0x25140000, 0x25320000)
 tenured generation   total 39124K, used 35670K [0x29550000, 0x2bb85000, 0x34000000)
   the space 39124K,  91% used [0x29550000, 0x2b825b28, 0x2b825c00, 0x2bb85000)
 compacting perm gen  total 12288K, used 8574K [0x34000000, 0x34c00000, 0x38000000)
   the space 12288K,  69% used [0x34000000, 0x3485fb60, 0x3485fc00, 0x34c00000)
    ro space 10240K,  42% used [0x38000000, 0x38434778, 0x38434800, 0x38a00000)
    rw space 12288K,  52% used [0x38a00000, 0x39049a68, 0x39049c00, 0x39600000)
Event: 1019.342 GC heap after
Heap after GC invocations=19 (full 5):
 def new generation   total 26240K, used 0K [0x24000000, 0x25c70000, 0x29550000)
  eden space 23360K,   0% used [0x24000000, 0x24000000, 0x256d0000)
  from space 2880K,   0% used [0x256d0000, 0x256d0000, 0x259a0000)
  to   space 2880K,   0% used [0x259a0000, 0x259a0000, 0x25c70000)
 tenured generation   total 58084K, used 34848K [0x29550000, 0x2ce09000, 0x34000000)
   the space 58084K,  59% used [0x29550000, 0x2b758258, 0x2b758400, 0x2ce09000)
 compacting perm gen  total 12288K, used 8574K [0x34000000, 0x34c00000, 0x38000000)
   the space 12288K,  69% used [0x34000000, 0x3485fb60, 0x3485fc00, 0x34c00000)
    ro space 10240K,  42% used [0x38000000, 0x38434778, 0x38434800, 0x38a00000)
    rw space 12288K,  52% used [0x38a00000, 0x39049a68, 0x39049c00, 0x39600000)
}
Event: 1023.248 GC heap before
{Heap before GC invocations=19 (full 5):
 def new generation   total 26240K, used 23361K [0x24000000, 0x25c70000, 0x29550000)
  eden space 23360K, 100% used [0x24000000, 0x256d0000, 0x256d0000)
  from space 2880K,   0% used [0x256d0000, 0x256d0620, 0x259a0000)
  to   space 2880K,   0% used [0x259a0000, 0x259a0000, 0x25c70000)
 tenured generation   total 58084K, used 34848K [0x29550000, 0x2ce09000, 0x34000000)
   the space 58084K,  59% used [0x29550000, 0x2b758258, 0x2b758400, 0x2ce09000)
 compacting perm gen  total 12288K, used 8574K [0x34000000, 0x34c00000, 0x38000000)
   the space 12288K,  69% used [0x34000000, 0x3485fbd0, 0x3485fc00, 0x34c00000)
    ro space 10240K,  42% used [0x38000000, 0x38434778, 0x38434800, 0x38a00000)
    rw space 12288K,  52% used [0x38a00000, 0x39049a68, 0x39049c00, 0x39600000)
Event: 1023.254 GC heap after
Heap after GC invocations=20 (full 5):
 def new generation   total 26240K, used 1152K [0x24000000, 0x25c70000, 0x29550000)
  eden space 23360K,   0% used [0x24000000, 0x24000000, 0x256d0000)
  from space 2880K,  40% used [0x259a0000, 0x25ac02c8, 0x25c70000)
  to   space 2880K,   0% used [0x256d0000, 0x256d0000, 0x259a0000)
 tenured generation   total 58084K, used 47094K [0x29550000, 0x2ce09000, 0x34000000)
   the space 58084K,  81% used [0x29550000, 0x2c34dad8, 0x2c34dc00, 0x2ce09000)
 compacting perm gen  total 12288K, used 8574K [0x34000000, 0x34c00000, 0x38000000)
   the space 12288K,  69% used [0x34000000, 0x3485fbd0, 0x3485fc00, 0x34c00000)
    ro space 10240K,  42% used [0x38000000, 0x38434778, 0x38434800, 0x38a00000)
    rw space 12288K,  52% used [0x38a00000, 0x39049a68, 0x39049c00, 0x39600000)
}

