# JRE version: Java(TM) SE Runtime Environment (7.0_60-b19) (build 1.7.0_60-b19)
# Java VM: Java HotSpot(TM) Client VM (24.60-b09 mixed mode, sharing windows-x86 )
Heap
 def new generation   total 13376K, used 8083K [0x24000000, 0x24e80000, 0x29550000)
  eden space 11904K,  67% used [0x24000000, 0x247e4ec8, 0x24ba0000)
  from space 1472K,   0% used [0x24ba0000, 0x24ba0000, 0x24d10000)
  to   space 1472K,   0% used [0x24d10000, 0x24d10000, 0x24e80000)
 tenured generation   total 29612K, used 17766K [0x29550000, 0x2b23b000, 0x34000000)
   the space 29612K,  59% used [0x29550000, 0x2a6a99c0, 0x2a6a9a00, 0x2b23b000)
 compacting perm gen  total 12288K, used 8560K [0x34000000, 0x34c00000, 0x38000000)
   the space 12288K,  69% used [0x34000000, 0x3485c348, 0x3485c400, 0x34c00000)
    ro space 10240K,  42% used [0x38000000, 0x38434778, 0x38434800, 0x38a00000)
    rw space 12288K,  52% used [0x38a00000, 0x39049a68, 0x39049c00, 0x39600000)
GC Heap History (10 events):
Event: 2.665 GC heap before
{Heap before GC invocations=9 (full 1):
 def new generation   total 9408K, used 9408K [0x24000000, 0x24a30000, 0x29550000)
  eden space 8384K, 100% used [0x24000000, 0x24830000, 0x24830000)
  from space 1024K, 100% used [0x24930000, 0x24a30000, 0x24a30000)
  to   space 1024K,   0% used [0x24830000, 0x24830000, 0x24930000)
 tenured generation   total 20772K, used 15750K [0x29550000, 0x2a999000, 0x34000000)
   the space 20772K,  75% used [0x29550000, 0x2a4b1a80, 0x2a4b1c00, 0x2a999000)
 compacting perm gen  total 12288K, used 7681K [0x34000000, 0x34c00000, 0x38000000)
   the space 12288K,  62% used [0x34000000, 0x34780798, 0x34780800, 0x34c00000)
    ro space 10240K,  42% used [0x38000000, 0x38434778, 0x38434800, 0x38a00000)
    rw space 12288K,  52% used [0x38a00000, 0x39049a68, 0x39049c00, 0x39600000)
Event: 2.673 GC heap after
Heap after GC invocations=10 (full 1):
 def new generation   total 9408K, used 1024K [0x24000000, 0x24a30000, 0x29550000)
  eden space 8384K,   0% used [0x24000000, 0x24000000, 0x24830000)
  from space 1024K, 100% used [0x24830000, 0x24930000, 0x24930000)
  to   space 1024K,   0% used [0x24930000, 0x24930000, 0x24a30000)
 tenured generation   total 20772K, used 17325K [0x29550000, 0x2a999000, 0x34000000)
   the space 20772K,  83% used [0x29550000, 0x2a63b7a8, 0x2a63b800, 0x2a999000)
 compacting perm gen  total 12288K, used 7681K [0x34000000, 0x34c00000, 0x38000000)
   the space 12288K,  62% used [0x34000000, 0x34780798, 0x34780800, 0x34c00000)
    ro space 10240K,  42% used [0x38000000, 0x38434778, 0x38434800, 0x38a00000)
    rw space 12288K,  52% used [0x38a00000, 0x39049a68, 0x39049c00, 0x39600000)
}
Event: 2.851 GC heap before
{Heap before GC invocations=10 (full 1):
 def new generation   total 9408K, used 9408K [0x24000000, 0x24a30000, 0x29550000)
  eden space 8384K, 100% used [0x24000000, 0x24830000, 0x24830000)
  from space 1024K, 100% used [0x24830000, 0x24930000, 0x24930000)
  to   space 1024K,   0% used [0x24930000, 0x24930000, 0x24a30000)
 tenured generation   total 20772K, used 17325K [0x29550000, 0x2a999000, 0x34000000)
   the space 20772K,  83% used [0x29550000, 0x2a63b7a8, 0x2a63b800, 0x2a999000)
 compacting perm gen  total 12288K, used 8119K [0x34000000, 0x34c00000, 0x38000000)
   the space 12288K,  66% used [0x34000000, 0x347edfd8, 0x347ee000, 0x34c00000)
    ro space 10240K,  42% used [0x38000000, 0x38434778, 0x38434800, 0x38a00000)
    rw space 12288K,  52% used [0x38a00000, 0x39049a68, 0x39049c00, 0x39600000)
Event: 2.860 GC heap after
Heap after GC invocations=11 (full 1):
 def new generation   total 9408K, used 1024K [0x24000000, 0x24a30000, 0x29550000)
  eden space 8384K,   0% used [0x24000000, 0x24000000, 0x24830000)
  from space 1024K, 100% used [0x24930000, 0x24a30000, 0x24a30000)
  to   space 1024K,   0% used [0x24830000, 0x24830000, 0x24930000)
 tenured generation   total 20772K, used 19758K [0x29550000, 0x2a999000, 0x34000000)
   the space 20772K,  95% used [0x29550000, 0x2a89bad0, 0x2a89bc00, 0x2a999000)
 compacting perm gen  total 12288K, used 8119K [0x34000000, 0x34c00000, 0x38000000)
   the space 12288K,  66% used [0x34000000, 0x347edfd8, 0x347ee000, 0x34c00000)
    ro space 10240K,  42% used [0x38000000, 0x38434778, 0x38434800, 0x38a00000)
    rw space 12288K,  52% used [0x38a00000, 0x39049a68, 0x39049c00, 0x39600000)
}
Event: 2.935 GC heap before
{Heap before GC invocations=11 (full 1):
 def new generation   total 9408K, used 8990K [0x24000000, 0x24a30000, 0x29550000)
  eden space 8384K,  95% used [0x24000000, 0x247c7a88, 0x24830000)
  from space 1024K, 100% used [0x24930000, 0x24a30000, 0x24a30000)
  to   space 1024K,   0% used [0x24830000, 0x24830000, 0x24930000)
 tenured generation   total 20772K, used 19758K [0x29550000, 0x2a999000, 0x34000000)
   the space 20772K,  95% used [0x29550000, 0x2a89bad0, 0x2a89bc00, 0x2a999000)
 compacting perm gen  total 12288K, used 8502K [0x34000000, 0x34c00000, 0x38000000)
   the space 12288K,  69% used [0x34000000, 0x3484d980, 0x3484da00, 0x34c00000)
    ro space 10240K,  42% used [0x38000000, 0x38434778, 0x38434800, 0x38a00000)
    rw space 12288K,  52% used [0x38a00000, 0x39049a68, 0x39049c00, 0x39600000)
Event: 2.984 GC heap after
Heap after GC invocations=12 (full 2):
 def new generation   total 10112K, used 0K [0x24000000, 0x24af0000, 0x29550000)
  eden space 9024K,   0% used [0x24000000, 0x24000000, 0x248d0000)
  from space 1088K,   0% used [0x248d0000, 0x248d0000, 0x249e0000)
  to   space 1088K,   0% used [0x249e0000, 0x249e0000, 0x24af0000)
 tenured generation   total 22344K, used 13405K [0x29550000, 0x2ab22000, 0x34000000)
   the space 22344K,  59% used [0x29550000, 0x2a2676b0, 0x2a267800, 0x2ab22000)
 compacting perm gen  total 12288K, used 8502K [0x34000000, 0x34c00000, 0x38000000)
   the space 12288K,  69% used [0x34000000, 0x3484d980, 0x3484da00, 0x34c00000)
    ro space 10240K,  42% used [0x38000000, 0x38434778, 0x38434800, 0x38a00000)
    rw space 12288K,  52% used [0x38a00000, 0x39049a68, 0x39049c00, 0x39600000)
}
Event: 2.985 GC heap before
{Heap before GC invocations=12 (full 2):
 def new generation   total 10112K, used 7608K [0x24000000, 0x24af0000, 0x29550000)
  eden space 9024K,  84% used [0x24000000, 0x2476e308, 0x248d0000)
  from space 1088K,   0% used [0x248d0000, 0x248d0000, 0x249e0000)
  to   space 1088K,   0% used [0x249e0000, 0x249e0000, 0x24af0000)
 tenured generation   total 22344K, used 13405K [0x29550000, 0x2ab22000, 0x34000000)
   the space 22344K,  59% used [0x29550000, 0x2a2676b0, 0x2a267800, 0x2ab22000)
 compacting perm gen  total 12288K, used 8502K [0x34000000, 0x34c00000, 0x38000000)
   the space 12288K,  69% used [0x34000000, 0x3484d980, 0x3484da00, 0x34c00000)
    ro space 10240K,  42% used [0x38000000, 0x38434778, 0x38434800, 0x38a00000)
    rw space 12288K,  52% used [0x38a00000, 0x39049a68, 0x39049c00, 0x39600000)
Event: 2.987 GC heap after
Heap after GC invocations=13 (full 2):
 def new generation   total 10112K, used 26K [0x24000000, 0x24af0000, 0x29550000)
  eden space 9024K,   0% used [0x24000000, 0x24000000, 0x248d0000)
  from space 1088K,   2% used [0x249e0000, 0x249e68d8, 0x24af0000)
  to   space 1088K,   0% used [0x248d0000, 0x248d0000, 0x249e0000)
 tenured generation   total 22344K, used 20859K [0x29550000, 0x2ab22000, 0x34000000)
   the space 22344K,  93% used [0x29550000, 0x2a9aec28, 0x2a9aee00, 0x2ab22000)
 compacting perm gen  total 12288K, used 8502K [0x34000000, 0x34c00000, 0x38000000)
   the space 12288K,  69% used [0x34000000, 0x3484d980, 0x3484da00, 0x34c00000)
    ro space 10240K,  42% used [0x38000000, 0x38434778, 0x38434800, 0x38a00000)
    rw space 12288K,  52% used [0x38a00000, 0x39049a68, 0x39049c00, 0x39600000)
}
Event: 3.002 GC heap before
{Heap before GC invocations=13 (full 2):
 def new generation   total 10112K, used 8050K [0x24000000, 0x24af0000, 0x29550000)
  eden space 9024K,  88% used [0x24000000, 0x247d5f98, 0x248d0000)
  from space 1088K,   2% used [0x249e0000, 0x249e68d8, 0x24af0000)
  to   space 1088K,   0% used [0x248d0000, 0x248d0000, 0x249e0000)
 tenured generation   total 22344K, used 20859K [0x29550000, 0x2ab22000, 0x34000000)
   the space 22344K,  93% used [0x29550000, 0x2a9aec28, 0x2a9aee00, 0x2ab22000)
 compacting perm gen  total 12288K, used 8507K [0x34000000, 0x34c00000, 0x38000000)
   the space 12288K,  69% used [0x34000000, 0x3484ef98, 0x3484f000, 0x34c00000)
    ro space 10240K,  42% used [0x38000000, 0x38434778, 0x38434800, 0x38a00000)
    rw space 12288K,  52% used [0x38a00000, 0x39049a68, 0x39049c00, 0x39600000)
Event: 3.042 GC heap after
Heap after GC invocations=14 (full 3):
 def new generation   total 13376K, used 0K [0x24000000, 0x24e80000, 0x29550000)
  eden space 11904K,   0% used [0x24000000, 0x24000000, 0x24ba0000)
  from space 1472K,   0% used [0x24ba0000, 0x24ba0000, 0x24d10000)
  to   space 1472K,   0% used [0x24d10000, 0x24d10000, 0x24e80000)
 tenured generation   total 29612K, used 17766K [0x29550000, 0x2b23b000, 0x34000000)
   the space 29612K,  59% used [0x29550000, 0x2a6a99c0, 0x2a6a9a00, 0x2b23b000)
 compacting perm gen  total 12288K, used 8507K [0x34000000, 0x34c00000, 0x38000000)
   the space 12288K,  69% used [0x34000000, 0x3484ef98, 0x3484f000, 0x34c00000)
    ro space 10240K,  42% used [0x38000000, 0x38434778, 0x38434800, 0x38a00000)
    rw space 12288K,  52% used [0x38a00000, 0x39049a68, 0x39049c00, 0x39600000)
}

