# JRE version: Java(TM) SE Runtime Environment (7.0_60-b19) (build 1.7.0_60-b19)
# Java VM: Java HotSpot(TM) Client VM (24.60-b09 mixed mode, sharing windows-x86 )
Heap
 def new generation   total 33472K, used 17838K [0x24000000, 0x26450000, 0x29550000)
  eden space 29760K,  47% used [0x24000000, 0x24dcb958, 0x25d10000)
  from space 3712K, 100% used [0x260b0000, 0x26450000, 0x26450000)
  to   space 3712K,   0% used [0x25d10000, 0x25d10000, 0x260b0000)
 tenured generation   total 74328K, used 66965K [0x29550000, 0x2dde6000, 0x34000000)
   the space 74328K,  90% used [0x29550000, 0x2d6b5660, 0x2d6b5800, 0x2dde6000)
 compacting perm gen  total 12288K, used 10647K [0x34000000, 0x34c00000, 0x38000000)
   the space 12288K,  86% used [0x34000000, 0x34a65f40, 0x34a66000, 0x34c00000)
    ro space 10240K,  42% used [0x38000000, 0x38434778, 0x38434800, 0x38a00000)
    rw space 12288K,  52% used [0x38a00000, 0x39049a68, 0x39049c00, 0x39600000)
GC Heap History (10 events):
Event: 8.229 GC heap before
{Heap before GC invocations=16 (full 4):
 def new generation   total 17984K, used 15964K [0x24000000, 0x25380000, 0x29550000)
  eden space 16000K,  99% used [0x24000000, 0x24f97170, 0x24fa0000)
  from space 1984K,   0% used [0x24fa0000, 0x24fa0000, 0x25190000)
  to   space 1984K,   0% used [0x25190000, 0x25190000, 0x25380000)
 tenured generation   total 39784K, used 23868K [0x29550000, 0x2bc2a000, 0x34000000)
   the space 39784K,  59% used [0x29550000, 0x2ac9f0e0, 0x2ac9f200, 0x2bc2a000)
 compacting perm gen  total 12288K, used 9124K [0x34000000, 0x34c00000, 0x38000000)
   the space 12288K,  74% used [0x34000000, 0x348e93c0, 0x348e9400, 0x34c00000)
    ro space 10240K,  42% used [0x38000000, 0x38434778, 0x38434800, 0x38a00000)
    rw space 12288K,  52% used [0x38a00000, 0x39049a68, 0x39049c00, 0x39600000)
Event: 8.235 GC heap after
Heap after GC invocations=17 (full 4):
 def new generation   total 17984K, used 1984K [0x24000000, 0x25380000, 0x29550000)
  eden space 16000K,   0% used [0x24000000, 0x24000000, 0x24fa0000)
  from space 1984K, 100% used [0x25190000, 0x25380000, 0x25380000)
  to   space 1984K,   0% used [0x24fa0000, 0x24fa0000, 0x25190000)
 tenured generation   total 39784K, used 31783K [0x29550000, 0x2bc2a000, 0x34000000)
   the space 39784K,  79% used [0x29550000, 0x2b459eb0, 0x2b45a000, 0x2bc2a000)
 compacting perm gen  total 12288K, used 9124K [0x34000000, 0x34c00000, 0x38000000)
   the space 12288K,  74% used [0x34000000, 0x348e93c0, 0x348e9400, 0x34c00000)
    ro space 10240K,  42% used [0x38000000, 0x38434778, 0x38434800, 0x38a00000)
    rw space 12288K,  52% used [0x38a00000, 0x39049a68, 0x39049c00, 0x39600000)
}
Event: 8.421 GC heap before
{Heap before GC invocations=17 (full 4):
 def new generation   total 17984K, used 17984K [0x24000000, 0x25380000, 0x29550000)
  eden space 16000K, 100% used [0x24000000, 0x24fa0000, 0x24fa0000)
  from space 1984K, 100% used [0x25190000, 0x25380000, 0x25380000)
  to   space 1984K,   0% used [0x24fa0000, 0x24fa0000, 0x25190000)
 tenured generation   total 39784K, used 31783K [0x29550000, 0x2bc2a000, 0x34000000)
   the space 39784K,  79% used [0x29550000, 0x2b459eb0, 0x2b45a000, 0x2bc2a000)
 compacting perm gen  total 12288K, used 9294K [0x34000000, 0x34c00000, 0x38000000)
   the space 12288K,  75% used [0x34000000, 0x34913890, 0x34913a00, 0x34c00000)
    ro space 10240K,  42% used [0x38000000, 0x38434778, 0x38434800, 0x38a00000)
    rw space 12288K,  52% used [0x38a00000, 0x39049a68, 0x39049c00, 0x39600000)
Event: 8.512 GC heap after
Heap after GC invocations=18 (full 5):
 def new generation   total 33472K, used 0K [0x24000000, 0x26450000, 0x29550000)
  eden space 29760K,   0% used [0x24000000, 0x24000000, 0x25d10000)
  from space 3712K,   0% used [0x25d10000, 0x25d10000, 0x260b0000)
  to   space 3712K,   0% used [0x260b0000, 0x260b0000, 0x26450000)
 tenured generation   total 74328K, used 44596K [0x29550000, 0x2dde6000, 0x34000000)
   the space 74328K,  59% used [0x29550000, 0x2c0dd2a8, 0x2c0dd400, 0x2dde6000)
 compacting perm gen  total 12288K, used 9294K [0x34000000, 0x34c00000, 0x38000000)
   the space 12288K,  75% used [0x34000000, 0x34913890, 0x34913a00, 0x34c00000)
    ro space 10240K,  42% used [0x38000000, 0x38434778, 0x38434800, 0x38a00000)
    rw space 12288K,  52% used [0x38a00000, 0x39049a68, 0x39049c00, 0x39600000)
}
Event: 8.949 GC heap before
{Heap before GC invocations=18 (full 5):
 def new generation   total 33472K, used 29760K [0x24000000, 0x26450000, 0x29550000)
  eden space 29760K, 100% used [0x24000000, 0x25d10000, 0x25d10000)
  from space 3712K,   0% used [0x25d10000, 0x25d10000, 0x260b0000)
  to   space 3712K,   0% used [0x260b0000, 0x260b0000, 0x26450000)
 tenured generation   total 74328K, used 44596K [0x29550000, 0x2dde6000, 0x34000000)
   the space 74328K,  59% used [0x29550000, 0x2c0dd2a8, 0x2c0dd400, 0x2dde6000)
 compacting perm gen  total 12288K, used 9294K [0x34000000, 0x34c00000, 0x38000000)
   the space 12288K,  75% used [0x34000000, 0x34913980, 0x34913a00, 0x34c00000)
    ro space 10240K,  42% used [0x38000000, 0x38434778, 0x38434800, 0x38a00000)
    rw space 12288K,  52% used [0x38a00000, 0x39049a68, 0x39049c00, 0x39600000)
Event: 8.959 GC heap after
Heap after GC invocations=19 (full 5):
 def new generation   total 33472K, used 3712K [0x24000000, 0x26450000, 0x29550000)
  eden space 29760K,   0% used [0x24000000, 0x24000000, 0x25d10000)
  from space 3712K, 100% used [0x260b0000, 0x26450000, 0x26450000)
  to   space 3712K,   0% used [0x25d10000, 0x25d10000, 0x260b0000)
 tenured generation   total 74328K, used 47242K [0x29550000, 0x2dde6000, 0x34000000)
   the space 74328K,  63% used [0x29550000, 0x2c372a00, 0x2c372a00, 0x2dde6000)
 compacting perm gen  total 12288K, used 9294K [0x34000000, 0x34c00000, 0x38000000)
   the space 12288K,  75% used [0x34000000, 0x34913980, 0x34913a00, 0x34c00000)
    ro space 10240K,  42% used [0x38000000, 0x38434778, 0x38434800, 0x38a00000)
    rw space 12288K,  52% used [0x38a00000, 0x39049a68, 0x39049c00, 0x39600000)
}
Event: 14.737 GC heap before
{Heap before GC invocations=19 (full 5):
 def new generation   total 33472K, used 33472K [0x24000000, 0x26450000, 0x29550000)
  eden space 29760K, 100% used [0x24000000, 0x25d10000, 0x25d10000)
  from space 3712K, 100% used [0x260b0000, 0x26450000, 0x26450000)
  to   space 3712K,   0% used [0x25d10000, 0x25d10000, 0x260b0000)
 tenured generation   total 74328K, used 47242K [0x29550000, 0x2dde6000, 0x34000000)
   the space 74328K,  63% used [0x29550000, 0x2c372a00, 0x2c372a00, 0x2dde6000)
 compacting perm gen  total 12288K, used 9313K [0x34000000, 0x34c00000, 0x38000000)
   the space 12288K,  75% used [0x34000000, 0x34918548, 0x34918600, 0x34c00000)
    ro space 10240K,  42% used [0x38000000, 0x38434778, 0x38434800, 0x38a00000)
    rw space 12288K,  52% used [0x38a00000, 0x39049a68, 0x39049c00, 0x39600000)
Event: 14.752 GC heap after
Heap after GC invocations=20 (full 5):
 def new generation   total 33472K, used 3712K [0x24000000, 0x26450000, 0x29550000)
  eden space 29760K,   0% used [0x24000000, 0x24000000, 0x25d10000)
  from space 3712K, 100% used [0x25d10000, 0x260b0000, 0x260b0000)
  to   space 3712K,   0% used [0x260b0000, 0x260b0000, 0x26450000)
 tenured generation   total 74328K, used 58862K [0x29550000, 0x2dde6000, 0x34000000)
   the space 74328K,  79% used [0x29550000, 0x2cecb880, 0x2cecba00, 0x2dde6000)
 compacting perm gen  total 12288K, used 9313K [0x34000000, 0x34c00000, 0x38000000)
   the space 12288K,  75% used [0x34000000, 0x34918548, 0x34918600, 0x34c00000)
    ro space 10240K,  42% used [0x38000000, 0x38434778, 0x38434800, 0x38a00000)
    rw space 12288K,  52% used [0x38a00000, 0x39049a68, 0x39049c00, 0x39600000)
}
Event: 19.526 GC heap before
{Heap before GC invocations=20 (full 5):
 def new generation   total 33472K, used 33472K [0x24000000, 0x26450000, 0x29550000)
  eden space 29760K, 100% used [0x24000000, 0x25d10000, 0x25d10000)
  from space 3712K, 100% used [0x25d10000, 0x260b0000, 0x260b0000)
  to   space 3712K,   0% used [0x260b0000, 0x260b0000, 0x26450000)
 tenured generation   total 74328K, used 58862K [0x29550000, 0x2dde6000, 0x34000000)
   the space 74328K,  79% used [0x29550000, 0x2cecb880, 0x2cecba00, 0x2dde6000)
 compacting perm gen  total 12288K, used 10588K [0x34000000, 0x34c00000, 0x38000000)
   the space 12288K,  86% used [0x34000000, 0x34a57150, 0x34a57200, 0x34c00000)
    ro space 10240K,  42% used [0x38000000, 0x38434778, 0x38434800, 0x38a00000)
    rw space 12288K,  52% used [0x38a00000, 0x39049a68, 0x39049c00, 0x39600000)
Event: 19.544 GC heap after
Heap after GC invocations=21 (full 5):
 def new generation   total 33472K, used 3712K [0x24000000, 0x26450000, 0x29550000)
  eden space 29760K,   0% used [0x24000000, 0x24000000, 0x25d10000)
  from space 3712K, 100% used [0x260b0000, 0x26450000, 0x26450000)
  to   space 3712K,   0% used [0x25d10000, 0x25d10000, 0x260b0000)
 tenured generation   total 74328K, used 66965K [0x29550000, 0x2dde6000, 0x34000000)
   the space 74328K,  90% used [0x29550000, 0x2d6b5660, 0x2d6b5800, 0x2dde6000)
 compacting perm gen  total 12288K, used 10588K [0x34000000, 0x34c00000, 0x38000000)
   the space 12288K,  86% used [0x34000000, 0x34a57150, 0x34a57200, 0x34c00000)
    ro space 10240K,  42% used [0x38000000, 0x38434778, 0x38434800, 0x38a00000)
    rw space 12288K,  52% used [0x38a00000, 0x39049a68, 0x39049c00, 0x39600000)
}

