# JRE version: Java(TM) SE Runtime Environment (7.0_60-b19) (build 1.7.0_60-b19)
# Java VM: Java HotSpot(TM) Client VM (24.60-b09 mixed mode windows-x86 )
Heap
 def new generation   total 15104K, used 11906K [0x04800000, 0x05860000, 0x09d50000)
  eden space 13440K,  76% used [0x04800000, 0x05200af8, 0x05520000)
  from space 1664K, 100% used [0x05520000, 0x056c0000, 0x056c0000)
  to   space 1664K,   0% used [0x056c0000, 0x056c0000, 0x05860000)
 tenured generation   total 33412K, used 32400K [0x09d50000, 0x0bdf1000, 0x14800000)
   the space 33412K,  96% used [0x09d50000, 0x0bcf4038, 0x0bcf4200, 0x0bdf1000)
 compacting perm gen  total 16896K, used 16751K [0x14800000, 0x15880000, 0x18800000)
   the space 16896K,  99% used [0x14800000, 0x1585bfc0, 0x1585c000, 0x15880000)
GC Heap History (10 events):
Event: 4.616 GC heap before
{Heap before GC invocations=13 (full 2):
 def new generation   total 11328K, used 10036K [0x04800000, 0x05440000, 0x09d50000)
  eden space 10112K,  99% used [0x04800000, 0x051cb568, 0x051e0000)
  from space 1216K,   0% used [0x05310000, 0x05311bd0, 0x05440000)
  to   space 1216K,   0% used [0x051e0000, 0x051e0000, 0x05310000)
 tenured generation   total 24952K, used 24289K [0x09d50000, 0x0b5ae000, 0x14800000)
   the space 24952K,  97% used [0x09d50000, 0x0b5084d0, 0x0b508600, 0x0b5ae000)
 compacting perm gen  total 15872K, used 15683K [0x14800000, 0x15780000, 0x18800000)
   the space 15872K,  98% used [0x14800000, 0x15750f98, 0x15751000, 0x15780000)
No shared spaces configured.
Event: 4.678 GC heap after
Heap after GC invocations=14 (full 3):
 def new generation   total 15104K, used 0K [0x04800000, 0x05860000, 0x09d50000)
  eden space 13440K,   0% used [0x04800000, 0x04800000, 0x05520000)
  from space 1664K,   0% used [0x05520000, 0x05520000, 0x056c0000)
  to   space 1664K,   0% used [0x056c0000, 0x056c0000, 0x05860000)
 tenured generation   total 33412K, used 20045K [0x09d50000, 0x0bdf1000, 0x14800000)
   the space 33412K,  59% used [0x09d50000, 0x0b0e35c8, 0x0b0e3600, 0x0bdf1000)
 compacting perm gen  total 15872K, used 15683K [0x14800000, 0x15780000, 0x18800000)
   the space 15872K,  98% used [0x14800000, 0x15750f98, 0x15751000, 0x15780000)
No shared spaces configured.
}
Event: 107.985 GC heap before
{Heap before GC invocations=14 (full 3):
 def new generation   total 15104K, used 13113K [0x04800000, 0x05860000, 0x09d50000)
  eden space 13440K,  97% used [0x04800000, 0x054ce7d0, 0x05520000)
  from space 1664K,   0% used [0x05520000, 0x05520000, 0x056c0000)
  to   space 1664K,   0% used [0x056c0000, 0x056c0000, 0x05860000)
 tenured generation   total 33412K, used 20045K [0x09d50000, 0x0bdf1000, 0x14800000)
   the space 33412K,  59% used [0x09d50000, 0x0b0e35c8, 0x0b0e3600, 0x0bdf1000)
 compacting perm gen  total 16640K, used 16569K [0x14800000, 0x15840000, 0x18800000)
   the space 16640K,  99% used [0x14800000, 0x1582e6f8, 0x1582e800, 0x15840000)
No shared spaces configured.
Event: 107.992 GC heap after
Heap after GC invocations=15 (full 3):
 def new generation   total 15104K, used 1664K [0x04800000, 0x05860000, 0x09d50000)
  eden space 13440K,   0% used [0x04800000, 0x04800000, 0x05520000)
  from space 1664K, 100% used [0x056c0000, 0x05860000, 0x05860000)
  to   space 1664K,   0% used [0x05520000, 0x05520000, 0x056c0000)
 tenured generation   total 33412K, used 21695K [0x09d50000, 0x0bdf1000, 0x14800000)
   the space 33412K,  64% used [0x09d50000, 0x0b27fc50, 0x0b27fe00, 0x0bdf1000)
 compacting perm gen  total 16640K, used 16569K [0x14800000, 0x15840000, 0x18800000)
   the space 16640K,  99% used [0x14800000, 0x1582e6f8, 0x1582e800, 0x15840000)
No shared spaces configured.
}
Event: 108.142 GC heap before
{Heap before GC invocations=15 (full 3):
 def new generation   total 15104K, used 15104K [0x04800000, 0x05860000, 0x09d50000)
  eden space 13440K, 100% used [0x04800000, 0x05520000, 0x05520000)
  from space 1664K, 100% used [0x056c0000, 0x05860000, 0x05860000)
  to   space 1664K,   0% used [0x05520000, 0x05520000, 0x056c0000)
 tenured generation   total 33412K, used 21700K [0x09d50000, 0x0bdf1000, 0x14800000)
   the space 33412K,  64% used [0x09d50000, 0x0b281190, 0x0b281200, 0x0bdf1000)
 compacting perm gen  total 16640K, used 16578K [0x14800000, 0x15840000, 0x18800000)
   the space 16640K,  99% used [0x14800000, 0x15830aa0, 0x15830c00, 0x15840000)
No shared spaces configured.
Event: 108.150 GC heap after
Heap after GC invocations=16 (full 3):
 def new generation   total 15104K, used 1368K [0x04800000, 0x05860000, 0x09d50000)
  eden space 13440K,   0% used [0x04800000, 0x04800000, 0x05520000)
  from space 1664K,  82% used [0x05520000, 0x05676168, 0x056c0000)
  to   space 1664K,   0% used [0x056c0000, 0x056c0000, 0x05860000)
 tenured generation   total 33412K, used 28426K [0x09d50000, 0x0bdf1000, 0x14800000)
   the space 33412K,  85% used [0x09d50000, 0x0b912ba0, 0x0b912c00, 0x0bdf1000)
 compacting perm gen  total 16640K, used 16578K [0x14800000, 0x15840000, 0x18800000)
   the space 16640K,  99% used [0x14800000, 0x15830aa0, 0x15830c00, 0x15840000)
No shared spaces configured.
}
Event: 108.151 GC heap before
{Heap before GC invocations=16 (full 3):
 def new generation   total 15104K, used 1409K [0x04800000, 0x05860000, 0x09d50000)
  eden space 13440K,   0% used [0x04800000, 0x0480a568, 0x05520000)
  from space 1664K,  82% used [0x05520000, 0x05676168, 0x056c0000)
  to   space 1664K,   0% used [0x056c0000, 0x056c0000, 0x05860000)
 tenured generation   total 33412K, used 28426K [0x09d50000, 0x0bdf1000, 0x14800000)
   the space 33412K,  85% used [0x09d50000, 0x0b912ba0, 0x0b912c00, 0x0bdf1000)
 compacting perm gen  total 16640K, used 16580K [0x14800000, 0x15840000, 0x18800000)
   the space 16640K,  99% used [0x14800000, 0x15831070, 0x15831200, 0x15840000)
No shared spaces configured.
Event: 108.153 GC heap after
Heap after GC invocations=17 (full 3):
 def new generation   total 15104K, used 1K [0x04800000, 0x05860000, 0x09d50000)
  eden space 13440K,   0% used [0x04800000, 0x04800000, 0x05520000)
  from space 1664K,   0% used [0x056c0000, 0x056c05a0, 0x05860000)
  to   space 1664K,   0% used [0x05520000, 0x05520000, 0x056c0000)
 tenured generation   total 33412K, used 29793K [0x09d50000, 0x0bdf1000, 0x14800000)
   the space 33412K,  89% used [0x09d50000, 0x0ba68680, 0x0ba68800, 0x0bdf1000)
 compacting perm gen  total 16640K, used 16580K [0x14800000, 0x15840000, 0x18800000)
   the space 16640K,  99% used [0x14800000, 0x15831070, 0x15831200, 0x15840000)
No shared spaces configured.
}
Event: 157.828 GC heap before
{Heap before GC invocations=17 (full 3):
 def new generation   total 15104K, used 11932K [0x04800000, 0x05860000, 0x09d50000)
  eden space 13440K,  88% used [0x04800000, 0x053a6d30, 0x05520000)
  from space 1664K,   0% used [0x056c0000, 0x056c05a0, 0x05860000)
  to   space 1664K,   0% used [0x05520000, 0x05520000, 0x056c0000)
 tenured generation   total 33412K, used 29793K [0x09d50000, 0x0bdf1000, 0x14800000)
   the space 33412K,  89% used [0x09d50000, 0x0ba68680, 0x0ba68800, 0x0bdf1000)
 compacting perm gen  total 16896K, used 16748K [0x14800000, 0x15880000, 0x18800000)
   the space 16896K,  99% used [0x14800000, 0x1585b128, 0x1585b200, 0x15880000)
No shared spaces configured.
Event: 157.835 GC heap after
Heap after GC invocations=18 (full 3):
 def new generation   total 15104K, used 1664K [0x04800000, 0x05860000, 0x09d50000)
  eden space 13440K,   0% used [0x04800000, 0x04800000, 0x05520000)
  from space 1664K, 100% used [0x05520000, 0x056c0000, 0x056c0000)
  to   space 1664K,   0% used [0x056c0000, 0x056c0000, 0x05860000)
 tenured generation   total 33412K, used 32400K [0x09d50000, 0x0bdf1000, 0x14800000)
   the space 33412K,  96% used [0x09d50000, 0x0bcf4038, 0x0bcf4200, 0x0bdf1000)
 compacting perm gen  total 16896K, used 16748K [0x14800000, 0x15880000, 0x18800000)
   the space 16896K,  99% used [0x14800000, 0x1585b128, 0x1585b200, 0x15880000)
No shared spaces configured.
}

