# JRE version: Java(TM) SE Runtime Environment (7.0_60-b19) (build 1.7.0_60-b19)
# Java VM: Java HotSpot(TM) Client VM (24.60-b09 mixed mode, sharing windows-x86 )
Heap
 def new generation   total 78656K, used 26803K [0x24000000, 0x29550000, 0x29550000)
  eden space 69952K,  25% used [0x24000000, 0x251acec8, 0x28450000)
  from space 8704K, 100% used [0x28450000, 0x28cd0000, 0x28cd0000)
  to   space 8704K,   0% used [0x28cd0000, 0x28cd0000, 0x29550000)
 tenured generation   total 174784K, used 66589K [0x29550000, 0x34000000, 0x34000000)
   the space 174784K,  38% used [0x29550000, 0x2d6576e8, 0x2d657800, 0x34000000)
 compacting perm gen  total 12288K, used 12190K [0x34000000, 0x34c00000, 0x38000000)
   the space 12288K,  99% used [0x34000000, 0x34be7808, 0x34be7a00, 0x34c00000)
    ro space 10240K,  42% used [0x38000000, 0x38434778, 0x38434800, 0x38a00000)
    rw space 12288K,  52% used [0x38a00000, 0x39049a68, 0x39049c00, 0x39600000)
GC Heap History (10 events):
Event: 418.417 GC heap before
{Heap before GC invocations=89 (full 13):
 def new generation   total 78656K, used 78432K [0x24000000, 0x29550000, 0x29550000)
  eden space 69952K,  99% used [0x24000000, 0x28418db8, 0x28450000)
  from space 8704K,  99% used [0x28cd0000, 0x2954f370, 0x29550000)
  to   space 8704K,   0% used [0x28450000, 0x28450000, 0x28cd0000)
 tenured generation   total 174784K, used 148401K [0x29550000, 0x34000000, 0x34000000)
   the space 174784K,  84% used [0x29550000, 0x3263c6c0, 0x3263c800, 0x34000000)
 compacting perm gen  total 12288K, used 10913K [0x34000000, 0x34c00000, 0x38000000)
   the space 12288K,  88% used [0x34000000, 0x34aa8500, 0x34aa8600, 0x34c00000)
    ro space 10240K,  42% used [0x38000000, 0x38434778, 0x38434800, 0x38a00000)
    rw space 12288K,  52% used [0x38a00000, 0x39049a68, 0x39049c00, 0x39600000)
Event: 418.422 GC heap after
Heap after GC invocations=90 (full 13):
 def new generation   total 78656K, used 7479K [0x24000000, 0x29550000, 0x29550000)
  eden space 69952K,   0% used [0x24000000, 0x24000000, 0x28450000)
  from space 8704K,  85% used [0x28450000, 0x28b9dcf0, 0x28cd0000)
  to   space 8704K,   0% used [0x28cd0000, 0x28cd0000, 0x29550000)
 tenured generation   total 174784K, used 153602K [0x29550000, 0x34000000, 0x34000000)
   the space 174784K,  87% used [0x29550000, 0x32b50b80, 0x32b50c00, 0x34000000)
 compacting perm gen  total 12288K, used 10913K [0x34000000, 0x34c00000, 0x38000000)
   the space 12288K,  88% used [0x34000000, 0x34aa8500, 0x34aa8600, 0x34c00000)
    ro space 10240K,  42% used [0x38000000, 0x38434778, 0x38434800, 0x38a00000)
    rw space 12288K,  52% used [0x38a00000, 0x39049a68, 0x39049c00, 0x39600000)
}
Event: 447.489 GC heap before
{Heap before GC invocations=90 (full 13):
 def new generation   total 78656K, used 76123K [0x24000000, 0x29550000, 0x29550000)
  eden space 69952K,  98% used [0x24000000, 0x283092f0, 0x28450000)
  from space 8704K,  85% used [0x28450000, 0x28b9dcf0, 0x28cd0000)
  to   space 8704K,   0% used [0x28cd0000, 0x28cd0000, 0x29550000)
 tenured generation   total 174784K, used 153602K [0x29550000, 0x34000000, 0x34000000)
   the space 174784K,  87% used [0x29550000, 0x32b50b80, 0x32b50c00, 0x34000000)
 compacting perm gen  total 12288K, used 10917K [0x34000000, 0x34c00000, 0x38000000)
   the space 12288K,  88% used [0x34000000, 0x34aa9750, 0x34aa9800, 0x34c00000)
    ro space 10240K,  42% used [0x38000000, 0x38434778, 0x38434800, 0x38a00000)
    rw space 12288K,  52% used [0x38a00000, 0x39049a68, 0x39049c00, 0x39600000)
Event: 447.496 GC heap after
Heap after GC invocations=91 (full 13):
 def new generation   total 78656K, used 8704K [0x24000000, 0x29550000, 0x29550000)
  eden space 69952K,   0% used [0x24000000, 0x24000000, 0x28450000)
  from space 8704K, 100% used [0x28cd0000, 0x29550000, 0x29550000)
  to   space 8704K,   0% used [0x28450000, 0x28450000, 0x28cd0000)
 tenured generation   total 174784K, used 160898K [0x29550000, 0x34000000, 0x34000000)
   the space 174784K,  92% used [0x29550000, 0x33270a28, 0x33270c00, 0x34000000)
 compacting perm gen  total 12288K, used 10917K [0x34000000, 0x34c00000, 0x38000000)
   the space 12288K,  88% used [0x34000000, 0x34aa9750, 0x34aa9800, 0x34c00000)
    ro space 10240K,  42% used [0x38000000, 0x38434778, 0x38434800, 0x38a00000)
    rw space 12288K,  52% used [0x38a00000, 0x39049a68, 0x39049c00, 0x39600000)
}
Event: 462.240 GC heap before
{Heap before GC invocations=91 (full 13):
 def new generation   total 78656K, used 78656K [0x24000000, 0x29550000, 0x29550000)
  eden space 69952K, 100% used [0x24000000, 0x28450000, 0x28450000)
  from space 8704K, 100% used [0x28cd0000, 0x29550000, 0x29550000)
  to   space 8704K,   0% used [0x28450000, 0x28450000, 0x28cd0000)
 tenured generation   total 174784K, used 160898K [0x29550000, 0x34000000, 0x34000000)
   the space 174784K,  92% used [0x29550000, 0x33270a28, 0x33270c00, 0x34000000)
 compacting perm gen  total 12288K, used 11623K [0x34000000, 0x34c00000, 0x38000000)
   the space 12288K,  94% used [0x34000000, 0x34b59c88, 0x34b59e00, 0x34c00000)
    ro space 10240K,  42% used [0x38000000, 0x38434778, 0x38434800, 0x38a00000)
    rw space 12288K,  52% used [0x38a00000, 0x39049a68, 0x39049c00, 0x39600000)
Event: 462.313 GC heap after
Heap after GC invocations=92 (full 14):
 def new generation   total 78656K, used 0K [0x24000000, 0x29550000, 0x29550000)
  eden space 69952K,   0% used [0x24000000, 0x24000000, 0x28450000)
  from space 8704K,   0% used [0x28450000, 0x28450000, 0x28cd0000)
  to   space 8704K,   0% used [0x28cd0000, 0x28cd0000, 0x29550000)
 tenured generation   total 174784K, used 41585K [0x29550000, 0x34000000, 0x34000000)
   the space 174784K,  23% used [0x29550000, 0x2bdec4e8, 0x2bdec600, 0x34000000)
 compacting perm gen  total 12288K, used 11623K [0x34000000, 0x34c00000, 0x38000000)
   the space 12288K,  94% used [0x34000000, 0x34b59c88, 0x34b59e00, 0x34c00000)
    ro space 10240K,  42% used [0x38000000, 0x38434778, 0x38434800, 0x38a00000)
    rw space 12288K,  52% used [0x38a00000, 0x39049a68, 0x39049c00, 0x39600000)
}
Event: 470.962 GC heap before
{Heap before GC invocations=92 (full 14):
 def new generation   total 78656K, used 70206K [0x24000000, 0x29550000, 0x29550000)
  eden space 69952K, 100% used [0x24000000, 0x28450000, 0x28450000)
  from space 8704K,   2% used [0x28450000, 0x2848f840, 0x28cd0000)
  to   space 8704K,   0% used [0x28cd0000, 0x28cd0000, 0x29550000)
 tenured generation   total 174784K, used 41585K [0x29550000, 0x34000000, 0x34000000)
   the space 174784K,  23% used [0x29550000, 0x2bdec4e8, 0x2bdec600, 0x34000000)
 compacting perm gen  total 12288K, used 12188K [0x34000000, 0x34c00000, 0x38000000)
   the space 12288K,  99% used [0x34000000, 0x34be7210, 0x34be7400, 0x34c00000)
    ro space 10240K,  42% used [0x38000000, 0x38434778, 0x38434800, 0x38a00000)
    rw space 12288K,  52% used [0x38a00000, 0x39049a68, 0x39049c00, 0x39600000)
Event: 470.973 GC heap after
Heap after GC invocations=93 (full 14):
 def new generation   total 78656K, used 8704K [0x24000000, 0x29550000, 0x29550000)
  eden space 69952K,   0% used [0x24000000, 0x24000000, 0x28450000)
  from space 8704K, 100% used [0x28cd0000, 0x29550000, 0x29550000)
  to   space 8704K,   0% used [0x28450000, 0x28450000, 0x28cd0000)
 tenured generation   total 174784K, used 49297K [0x29550000, 0x34000000, 0x34000000)
   the space 174784K,  28% used [0x29550000, 0x2c5747a0, 0x2c574800, 0x34000000)
 compacting perm gen  total 12288K, used 12188K [0x34000000, 0x34c00000, 0x38000000)
   the space 12288K,  99% used [0x34000000, 0x34be7210, 0x34be7400, 0x34c00000)
    ro space 10240K,  42% used [0x38000000, 0x38434778, 0x38434800, 0x38a00000)
    rw space 12288K,  52% used [0x38a00000, 0x39049a68, 0x39049c00, 0x39600000)
}
Event: 478.636 GC heap before
{Heap before GC invocations=93 (full 14):
 def new generation   total 78656K, used 78611K [0x24000000, 0x29550000, 0x29550000)
  eden space 69952K,  99% used [0x24000000, 0x28444f88, 0x28450000)
  from space 8704K, 100% used [0x28cd0000, 0x29550000, 0x29550000)
  to   space 8704K,   0% used [0x28450000, 0x28450000, 0x28cd0000)
 tenured generation   total 174784K, used 49553K [0x29550000, 0x34000000, 0x34000000)
   the space 174784K,  28% used [0x29550000, 0x2c5b47b0, 0x2c5b4800, 0x34000000)
 compacting perm gen  total 12288K, used 12188K [0x34000000, 0x34c00000, 0x38000000)
   the space 12288K,  99% used [0x34000000, 0x34be7220, 0x34be7400, 0x34c00000)
    ro space 10240K,  42% used [0x38000000, 0x38434778, 0x38434800, 0x38a00000)
    rw space 12288K,  52% used [0x38a00000, 0x39049a68, 0x39049c00, 0x39600000)
Event: 478.654 GC heap after
Heap after GC invocations=94 (full 14):
 def new generation   total 78656K, used 8704K [0x24000000, 0x29550000, 0x29550000)
  eden space 69952K,   0% used [0x24000000, 0x24000000, 0x28450000)
  from space 8704K, 100% used [0x28450000, 0x28cd0000, 0x28cd0000)
  to   space 8704K,   0% used [0x28cd0000, 0x28cd0000, 0x29550000)
 tenured generation   total 174784K, used 66589K [0x29550000, 0x34000000, 0x34000000)
   the space 174784K,  38% used [0x29550000, 0x2d6576e8, 0x2d657800, 0x34000000)
 compacting perm gen  total 12288K, used 12188K [0x34000000, 0x34c00000, 0x38000000)
   the space 12288K,  99% used [0x34000000, 0x34be7220, 0x34be7400, 0x34c00000)
    ro space 10240K,  42% used [0x38000000, 0x38434778, 0x38434800, 0x38a00000)
    rw space 12288K,  52% used [0x38a00000, 0x39049a68, 0x39049c00, 0x39600000)
}

