# JRE version: Java(TM) SE Runtime Environment (7.0_60-b19) (build 1.7.0_60-b19)
# Java VM: Java HotSpot(TM) Client VM (24.60-b09 mixed mode, sharing windows-x86 )
Heap
 def new generation   total 13248K, used 5578K [0x24000000, 0x24e60000, 0x29550000)
  eden space 11776K,  47% used [0x24000000, 0x24572a58, 0x24b80000)
  from space 1472K,   0% used [0x24b80000, 0x24b80000, 0x24cf0000)
  to   space 1472K,   0% used [0x24cf0000, 0x24cf0000, 0x24e60000)
 tenured generation   total 29352K, used 17610K [0x29550000, 0x2b1fa000, 0x34000000)
   the space 29352K,  59% used [0x29550000, 0x2a682970, 0x2a682a00, 0x2b1fa000)
 compacting perm gen  total 12288K, used 8570K [0x34000000, 0x34c00000, 0x38000000)
   the space 12288K,  69% used [0x34000000, 0x3485eb18, 0x3485ec00, 0x34c00000)
    ro space 10240K,  42% used [0x38000000, 0x38434778, 0x38434800, 0x38a00000)
    rw space 12288K,  52% used [0x38a00000, 0x39049a68, 0x39049c00, 0x39600000)
GC Heap History (10 events):
Event: 7.210 GC heap before
{Heap before GC invocations=9 (full 1):
 def new generation   total 9408K, used 9408K [0x24000000, 0x24a30000, 0x29550000)
  eden space 8384K, 100% used [0x24000000, 0x24830000, 0x24830000)
  from space 1024K, 100% used [0x24930000, 0x24a30000, 0x24a30000)
  to   space 1024K,   0% used [0x24830000, 0x24830000, 0x24930000)
 tenured generation   total 20744K, used 15777K [0x29550000, 0x2a992000, 0x34000000)
   the space 20744K,  76% used [0x29550000, 0x2a4b8528, 0x2a4b8600, 0x2a992000)
 compacting perm gen  total 12288K, used 7644K [0x34000000, 0x34c00000, 0x38000000)
   the space 12288K,  62% used [0x34000000, 0x347771d0, 0x34777200, 0x34c00000)
    ro space 10240K,  42% used [0x38000000, 0x38434778, 0x38434800, 0x38a00000)
    rw space 12288K,  52% used [0x38a00000, 0x39049a68, 0x39049c00, 0x39600000)
Event: 7.220 GC heap after
Heap after GC invocations=10 (full 1):
 def new generation   total 9408K, used 1024K [0x24000000, 0x24a30000, 0x29550000)
  eden space 8384K,   0% used [0x24000000, 0x24000000, 0x24830000)
  from space 1024K, 100% used [0x24830000, 0x24930000, 0x24930000)
  to   space 1024K,   0% used [0x24930000, 0x24930000, 0x24a30000)
 tenured generation   total 20744K, used 17382K [0x29550000, 0x2a992000, 0x34000000)
   the space 20744K,  83% used [0x29550000, 0x2a649998, 0x2a649a00, 0x2a992000)
 compacting perm gen  total 12288K, used 7644K [0x34000000, 0x34c00000, 0x38000000)
   the space 12288K,  62% used [0x34000000, 0x347771d0, 0x34777200, 0x34c00000)
    ro space 10240K,  42% used [0x38000000, 0x38434778, 0x38434800, 0x38a00000)
    rw space 12288K,  52% used [0x38a00000, 0x39049a68, 0x39049c00, 0x39600000)
}
Event: 7.362 GC heap before
{Heap before GC invocations=10 (full 1):
 def new generation   total 9408K, used 9408K [0x24000000, 0x24a30000, 0x29550000)
  eden space 8384K, 100% used [0x24000000, 0x24830000, 0x24830000)
  from space 1024K, 100% used [0x24830000, 0x24930000, 0x24930000)
  to   space 1024K,   0% used [0x24930000, 0x24930000, 0x24a30000)
 tenured generation   total 20744K, used 17382K [0x29550000, 0x2a992000, 0x34000000)
   the space 20744K,  83% used [0x29550000, 0x2a649998, 0x2a649a00, 0x2a992000)
 compacting perm gen  total 12288K, used 8121K [0x34000000, 0x34c00000, 0x38000000)
   the space 12288K,  66% used [0x34000000, 0x347ee6d8, 0x347ee800, 0x34c00000)
    ro space 10240K,  42% used [0x38000000, 0x38434778, 0x38434800, 0x38a00000)
    rw space 12288K,  52% used [0x38a00000, 0x39049a68, 0x39049c00, 0x39600000)
Event: 7.368 GC heap after
Heap after GC invocations=11 (full 1):
 def new generation   total 9408K, used 1024K [0x24000000, 0x24a30000, 0x29550000)
  eden space 8384K,   0% used [0x24000000, 0x24000000, 0x24830000)
  from space 1024K, 100% used [0x24930000, 0x24a30000, 0x24a30000)
  to   space 1024K,   0% used [0x24830000, 0x24830000, 0x24930000)
 tenured generation   total 20744K, used 19836K [0x29550000, 0x2a992000, 0x34000000)
   the space 20744K,  95% used [0x29550000, 0x2a8af148, 0x2a8af200, 0x2a992000)
 compacting perm gen  total 12288K, used 8121K [0x34000000, 0x34c00000, 0x38000000)
   the space 12288K,  66% used [0x34000000, 0x347ee6d8, 0x347ee800, 0x34c00000)
    ro space 10240K,  42% used [0x38000000, 0x38434778, 0x38434800, 0x38a00000)
    rw space 12288K,  52% used [0x38a00000, 0x39049a68, 0x39049c00, 0x39600000)
}
Event: 7.437 GC heap before
{Heap before GC invocations=11 (full 1):
 def new generation   total 9408K, used 8518K [0x24000000, 0x24a30000, 0x29550000)
  eden space 8384K,  89% used [0x24000000, 0x24751a50, 0x24830000)
  from space 1024K, 100% used [0x24930000, 0x24a30000, 0x24a30000)
  to   space 1024K,   0% used [0x24830000, 0x24830000, 0x24930000)
 tenured generation   total 20744K, used 19836K [0x29550000, 0x2a992000, 0x34000000)
   the space 20744K,  95% used [0x29550000, 0x2a8af148, 0x2a8af200, 0x2a992000)
 compacting perm gen  total 12288K, used 8508K [0x34000000, 0x34c00000, 0x38000000)
   the space 12288K,  69% used [0x34000000, 0x3484f388, 0x3484f400, 0x34c00000)
    ro space 10240K,  42% used [0x38000000, 0x38434778, 0x38434800, 0x38a00000)
    rw space 12288K,  52% used [0x38a00000, 0x39049a68, 0x39049c00, 0x39600000)
Event: 7.487 GC heap after
Heap after GC invocations=12 (full 2):
 def new generation   total 10944K, used 0K [0x24000000, 0x24bd0000, 0x29550000)
  eden space 9792K,   0% used [0x24000000, 0x24000000, 0x24990000)
  from space 1152K,   0% used [0x24990000, 0x24990000, 0x24ab0000)
  to   space 1152K,   0% used [0x24ab0000, 0x24ab0000, 0x24bd0000)
 tenured generation   total 24080K, used 14445K [0x29550000, 0x2acd4000, 0x34000000)
   the space 24080K,  59% used [0x29550000, 0x2a36b720, 0x2a36b800, 0x2acd4000)
 compacting perm gen  total 12288K, used 8508K [0x34000000, 0x34c00000, 0x38000000)
   the space 12288K,  69% used [0x34000000, 0x3484f388, 0x3484f400, 0x34c00000)
    ro space 10240K,  42% used [0x38000000, 0x38434778, 0x38434800, 0x38a00000)
    rw space 12288K,  52% used [0x38a00000, 0x39049a68, 0x39049c00, 0x39600000)
}
Event: 7.502 GC heap before
{Heap before GC invocations=12 (full 2):
 def new generation   total 10944K, used 8576K [0x24000000, 0x24bd0000, 0x29550000)
  eden space 9792K,  87% used [0x24000000, 0x248601b0, 0x24990000)
  from space 1152K,   0% used [0x24990000, 0x24990000, 0x24ab0000)
  to   space 1152K,   0% used [0x24ab0000, 0x24ab0000, 0x24bd0000)
 tenured generation   total 24080K, used 14445K [0x29550000, 0x2acd4000, 0x34000000)
   the space 24080K,  59% used [0x29550000, 0x2a36b720, 0x2a36b800, 0x2acd4000)
 compacting perm gen  total 12288K, used 8517K [0x34000000, 0x34c00000, 0x38000000)
   the space 12288K,  69% used [0x34000000, 0x34851788, 0x34851800, 0x34c00000)
    ro space 10240K,  42% used [0x38000000, 0x38434778, 0x38434800, 0x38a00000)
    rw space 12288K,  52% used [0x38a00000, 0x39049a68, 0x39049c00, 0x39600000)
Event: 7.505 GC heap after
Heap after GC invocations=13 (full 2):
 def new generation   total 10944K, used 997K [0x24000000, 0x24bd0000, 0x29550000)
  eden space 9792K,   0% used [0x24000000, 0x24000000, 0x24990000)
  from space 1152K,  86% used [0x24ab0000, 0x24ba9470, 0x24bd0000)
  to   space 1152K,   0% used [0x24990000, 0x24990000, 0x24ab0000)
 tenured generation   total 24080K, used 21899K [0x29550000, 0x2acd4000, 0x34000000)
   the space 24080K,  90% used [0x29550000, 0x2aab2c98, 0x2aab2e00, 0x2acd4000)
 compacting perm gen  total 12288K, used 8517K [0x34000000, 0x34c00000, 0x38000000)
   the space 12288K,  69% used [0x34000000, 0x34851788, 0x34851800, 0x34c00000)
    ro space 10240K,  42% used [0x38000000, 0x38434778, 0x38434800, 0x38a00000)
    rw space 12288K,  52% used [0x38a00000, 0x39049a68, 0x39049c00, 0x39600000)
}
Event: 7.525 GC heap before
{Heap before GC invocations=13 (full 2):
 def new generation   total 10944K, used 10556K [0x24000000, 0x24bd0000, 0x29550000)
  eden space 9792K,  97% used [0x24000000, 0x24955c60, 0x24990000)
  from space 1152K,  86% used [0x24ab0000, 0x24ba9470, 0x24bd0000)
  to   space 1152K,   0% used [0x24990000, 0x24990000, 0x24ab0000)
 tenured generation   total 24080K, used 21899K [0x29550000, 0x2acd4000, 0x34000000)
   the space 24080K,  90% used [0x29550000, 0x2aab2c98, 0x2aab2e00, 0x2acd4000)
 compacting perm gen  total 12288K, used 8517K [0x34000000, 0x34c00000, 0x38000000)
   the space 12288K,  69% used [0x34000000, 0x348517e8, 0x34851800, 0x34c00000)
    ro space 10240K,  42% used [0x38000000, 0x38434778, 0x38434800, 0x38a00000)
    rw space 12288K,  52% used [0x38a00000, 0x39049a68, 0x39049c00, 0x39600000)
Event: 7.565 GC heap after
Heap after GC invocations=14 (full 3):
 def new generation   total 13248K, used 0K [0x24000000, 0x24e60000, 0x29550000)
  eden space 11776K,   0% used [0x24000000, 0x24000000, 0x24b80000)
  from space 1472K,   0% used [0x24b80000, 0x24b80000, 0x24cf0000)
  to   space 1472K,   0% used [0x24cf0000, 0x24cf0000, 0x24e60000)
 tenured generation   total 29352K, used 17610K [0x29550000, 0x2b1fa000, 0x34000000)
   the space 29352K,  59% used [0x29550000, 0x2a682970, 0x2a682a00, 0x2b1fa000)
 compacting perm gen  total 12288K, used 8517K [0x34000000, 0x34c00000, 0x38000000)
   the space 12288K,  69% used [0x34000000, 0x348517e8, 0x34851800, 0x34c00000)
    ro space 10240K,  42% used [0x38000000, 0x38434778, 0x38434800, 0x38a00000)
    rw space 12288K,  52% used [0x38a00000, 0x39049a68, 0x39049c00, 0x39600000)
}

