# JRE version: Java(TM) SE Runtime Environment (7.0_60-b19) (build 1.7.0_60-b19)
# Java VM: Java HotSpot(TM) Client VM (24.60-b09 mixed mode, sharing windows-x86 )
Heap
 def new generation   total 60608K, used 10014K [0x24000000, 0x281c0000, 0x29550000)
  eden space 53888K,  10% used [0x24000000, 0x2457aae0, 0x274a0000)
  from space 6720K,  65% used [0x274a0000, 0x278ed098, 0x27b30000)
  to   space 6720K,   0% used [0x27b30000, 0x27b30000, 0x281c0000)
 tenured generation   total 134500K, used 114286K [0x29550000, 0x318a9000, 0x34000000)
   the space 134500K,  84% used [0x29550000, 0x304eb810, 0x304eba00, 0x318a9000)
 compacting perm gen  total 12288K, used 8828K [0x34000000, 0x34c00000, 0x38000000)
   the space 12288K,  71% used [0x34000000, 0x3489f1e8, 0x3489f200, 0x34c00000)
    ro space 10240K,  42% used [0x38000000, 0x38434778, 0x38434800, 0x38a00000)
    rw space 12288K,  52% used [0x38a00000, 0x39049a68, 0x39049c00, 0x39600000)
GC Heap History (10 events):
Event: 58.512 GC heap before
{Heap before GC invocations=37 (full 8):
 def new generation   total 60608K, used 56799K [0x24000000, 0x281c0000, 0x29550000)
  eden space 53888K, 100% used [0x24000000, 0x274a0000, 0x274a0000)
  from space 6720K,  43% used [0x27b30000, 0x27e07ea8, 0x281c0000)
  to   space 6720K,   0% used [0x274a0000, 0x274a0000, 0x27b30000)
 tenured generation   total 134500K, used 107703K [0x29550000, 0x318a9000, 0x34000000)
   the space 134500K,  80% used [0x29550000, 0x2fe7df40, 0x2fe7e000, 0x318a9000)
 compacting perm gen  total 12288K, used 8824K [0x34000000, 0x34c00000, 0x38000000)
   the space 12288K,  71% used [0x34000000, 0x3489e348, 0x3489e400, 0x34c00000)
    ro space 10240K,  42% used [0x38000000, 0x38434778, 0x38434800, 0x38a00000)
    rw space 12288K,  52% used [0x38a00000, 0x39049a68, 0x39049c00, 0x39600000)
Event: 58.514 GC heap after
Heap after GC invocations=38 (full 8):
 def new generation   total 60608K, used 4716K [0x24000000, 0x281c0000, 0x29550000)
  eden space 53888K,   0% used [0x24000000, 0x24000000, 0x274a0000)
  from space 6720K,  70% used [0x274a0000, 0x2793b0e0, 0x27b30000)
  to   space 6720K,   0% used [0x27b30000, 0x27b30000, 0x281c0000)
 tenured generation   total 134500K, used 107703K [0x29550000, 0x318a9000, 0x34000000)
   the space 134500K,  80% used [0x29550000, 0x2fe7df40, 0x2fe7e000, 0x318a9000)
 compacting perm gen  total 12288K, used 8824K [0x34000000, 0x34c00000, 0x38000000)
   the space 12288K,  71% used [0x34000000, 0x3489e348, 0x3489e400, 0x34c00000)
    ro space 10240K,  42% used [0x38000000, 0x38434778, 0x38434800, 0x38a00000)
    rw space 12288K,  52% used [0x38a00000, 0x39049a68, 0x39049c00, 0x39600000)
}
Event: 59.770 GC heap before
{Heap before GC invocations=38 (full 8):
 def new generation   total 60608K, used 58474K [0x24000000, 0x281c0000, 0x29550000)
  eden space 53888K,  99% used [0x24000000, 0x2747f918, 0x274a0000)
  from space 6720K,  70% used [0x274a0000, 0x2793b0e0, 0x27b30000)
  to   space 6720K,   0% used [0x27b30000, 0x27b30000, 0x281c0000)
 tenured generation   total 134500K, used 107703K [0x29550000, 0x318a9000, 0x34000000)
   the space 134500K,  80% used [0x29550000, 0x2fe7df40, 0x2fe7e000, 0x318a9000)
 compacting perm gen  total 12288K, used 8824K [0x34000000, 0x34c00000, 0x38000000)
   the space 12288K,  71% used [0x34000000, 0x3489e348, 0x3489e400, 0x34c00000)
    ro space 10240K,  42% used [0x38000000, 0x38434778, 0x38434800, 0x38a00000)
    rw space 12288K,  52% used [0x38a00000, 0x39049a68, 0x39049c00, 0x39600000)
Event: 59.772 GC heap after
Heap after GC invocations=39 (full 8):
 def new generation   total 60608K, used 6636K [0x24000000, 0x281c0000, 0x29550000)
  eden space 53888K,   0% used [0x24000000, 0x24000000, 0x274a0000)
  from space 6720K,  98% used [0x27b30000, 0x281ab150, 0x281c0000)
  to   space 6720K,   0% used [0x274a0000, 0x274a0000, 0x27b30000)
 tenured generation   total 134500K, used 110525K [0x29550000, 0x318a9000, 0x34000000)
   the space 134500K,  82% used [0x29550000, 0x3013f730, 0x3013f800, 0x318a9000)
 compacting perm gen  total 12288K, used 8824K [0x34000000, 0x34c00000, 0x38000000)
   the space 12288K,  71% used [0x34000000, 0x3489e348, 0x3489e400, 0x34c00000)
    ro space 10240K,  42% used [0x38000000, 0x38434778, 0x38434800, 0x38a00000)
    rw space 12288K,  52% used [0x38a00000, 0x39049a68, 0x39049c00, 0x39600000)
}
Event: 60.304 GC heap before
{Heap before GC invocations=39 (full 8):
 def new generation   total 60608K, used 60492K [0x24000000, 0x281c0000, 0x29550000)
  eden space 53888K,  99% used [0x24000000, 0x27498090, 0x274a0000)
  from space 6720K,  98% used [0x27b30000, 0x281ab150, 0x281c0000)
  to   space 6720K,   0% used [0x274a0000, 0x274a0000, 0x27b30000)
 tenured generation   total 134500K, used 110525K [0x29550000, 0x318a9000, 0x34000000)
   the space 134500K,  82% used [0x29550000, 0x3013f730, 0x3013f800, 0x318a9000)
 compacting perm gen  total 12288K, used 8824K [0x34000000, 0x34c00000, 0x38000000)
   the space 12288K,  71% used [0x34000000, 0x3489e378, 0x3489e400, 0x34c00000)
    ro space 10240K,  42% used [0x38000000, 0x38434778, 0x38434800, 0x38a00000)
    rw space 12288K,  52% used [0x38a00000, 0x39049a68, 0x39049c00, 0x39600000)
Event: 60.306 GC heap after
Heap after GC invocations=40 (full 8):
 def new generation   total 60608K, used 4701K [0x24000000, 0x281c0000, 0x29550000)
  eden space 53888K,   0% used [0x24000000, 0x24000000, 0x274a0000)
  from space 6720K,  69% used [0x274a0000, 0x27937700, 0x27b30000)
  to   space 6720K,   0% used [0x27b30000, 0x27b30000, 0x281c0000)
 tenured generation   total 134500K, used 113500K [0x29550000, 0x318a9000, 0x34000000)
   the space 134500K,  84% used [0x29550000, 0x30427290, 0x30427400, 0x318a9000)
 compacting perm gen  total 12288K, used 8824K [0x34000000, 0x34c00000, 0x38000000)
   the space 12288K,  71% used [0x34000000, 0x3489e378, 0x3489e400, 0x34c00000)
    ro space 10240K,  42% used [0x38000000, 0x38434778, 0x38434800, 0x38a00000)
    rw space 12288K,  52% used [0x38a00000, 0x39049a68, 0x39049c00, 0x39600000)
}
Event: 60.554 GC heap before
{Heap before GC invocations=40 (full 8):
 def new generation   total 60608K, used 58433K [0x24000000, 0x281c0000, 0x29550000)
  eden space 53888K,  99% used [0x24000000, 0x27478f98, 0x274a0000)
  from space 6720K,  69% used [0x274a0000, 0x27937700, 0x27b30000)
  to   space 6720K,   0% used [0x27b30000, 0x27b30000, 0x281c0000)
 tenured generation   total 134500K, used 113500K [0x29550000, 0x318a9000, 0x34000000)
   the space 134500K,  84% used [0x29550000, 0x30427290, 0x30427400, 0x318a9000)
 compacting perm gen  total 12288K, used 8824K [0x34000000, 0x34c00000, 0x38000000)
   the space 12288K,  71% used [0x34000000, 0x3489e388, 0x3489e400, 0x34c00000)
    ro space 10240K,  42% used [0x38000000, 0x38434778, 0x38434800, 0x38a00000)
    rw space 12288K,  52% used [0x38a00000, 0x39049a68, 0x39049c00, 0x39600000)
Event: 60.556 GC heap after
Heap after GC invocations=41 (full 8):
 def new generation   total 60608K, used 2859K [0x24000000, 0x281c0000, 0x29550000)
  eden space 53888K,   0% used [0x24000000, 0x24000000, 0x274a0000)
  from space 6720K,  42% used [0x27b30000, 0x27dfaf28, 0x281c0000)
  to   space 6720K,   0% used [0x274a0000, 0x274a0000, 0x27b30000)
 tenured generation   total 134500K, used 114286K [0x29550000, 0x318a9000, 0x34000000)
   the space 134500K,  84% used [0x29550000, 0x304eb810, 0x304eba00, 0x318a9000)
 compacting perm gen  total 12288K, used 8824K [0x34000000, 0x34c00000, 0x38000000)
   the space 12288K,  71% used [0x34000000, 0x3489e388, 0x3489e400, 0x34c00000)
    ro space 10240K,  42% used [0x38000000, 0x38434778, 0x38434800, 0x38a00000)
    rw space 12288K,  52% used [0x38a00000, 0x39049a68, 0x39049c00, 0x39600000)
}
Event: 62.793 GC heap before
{Heap before GC invocations=41 (full 8):
 def new generation   total 60608K, used 56540K [0x24000000, 0x281c0000, 0x29550000)
  eden space 53888K,  99% used [0x24000000, 0x2746c288, 0x274a0000)
  from space 6720K,  42% used [0x27b30000, 0x27dfaf28, 0x281c0000)
  to   space 6720K,   0% used [0x274a0000, 0x274a0000, 0x27b30000)
 tenured generation   total 134500K, used 114286K [0x29550000, 0x318a9000, 0x34000000)
   the space 134500K,  84% used [0x29550000, 0x304eb810, 0x304eba00, 0x318a9000)
 compacting perm gen  total 12288K, used 8824K [0x34000000, 0x34c00000, 0x38000000)
   the space 12288K,  71% used [0x34000000, 0x3489e388, 0x3489e400, 0x34c00000)
    ro space 10240K,  42% used [0x38000000, 0x38434778, 0x38434800, 0x38a00000)
    rw space 12288K,  52% used [0x38a00000, 0x39049a68, 0x39049c00, 0x39600000)
Event: 62.795 GC heap after
Heap after GC invocations=42 (full 8):
 def new generation   total 60608K, used 4404K [0x24000000, 0x281c0000, 0x29550000)
  eden space 53888K,   0% used [0x24000000, 0x24000000, 0x274a0000)
  from space 6720K,  65% used [0x274a0000, 0x278ed098, 0x27b30000)
  to   space 6720K,   0% used [0x27b30000, 0x27b30000, 0x281c0000)
 tenured generation   total 134500K, used 114286K [0x29550000, 0x318a9000, 0x34000000)
   the space 134500K,  84% used [0x29550000, 0x304eb810, 0x304eba00, 0x318a9000)
 compacting perm gen  total 12288K, used 8824K [0x34000000, 0x34c00000, 0x38000000)
   the space 12288K,  71% used [0x34000000, 0x3489e388, 0x3489e400, 0x34c00000)
    ro space 10240K,  42% used [0x38000000, 0x38434778, 0x38434800, 0x38a00000)
    rw space 12288K,  52% used [0x38a00000, 0x39049a68, 0x39049c00, 0x39600000)
}

