# JRE version: Java(TM) SE Runtime Environment (7.0_60-b19) (build 1.7.0_60-b19)
# Java VM: Java HotSpot(TM) Client VM (24.60-b09 mixed mode, sharing windows-x86 )
Heap
 def new generation   total 13312K, used 4833K [0x24000000, 0x24e70000, 0x29550000)
  eden space 11840K,  28% used [0x24000000, 0x24357fc0, 0x24b90000)
  from space 1472K,  95% used [0x24b90000, 0x24cf04c0, 0x24d00000)
  to   space 1472K,   0% used [0x24d00000, 0x24d00000, 0x24e70000)
 tenured generation   total 30808K, used 30742K [0x29550000, 0x2b366000, 0x34000000)
   the space 30808K,  99% used [0x29550000, 0x2b355bd8, 0x2b355c00, 0x2b366000)
 compacting perm gen  total 12288K, used 8782K [0x34000000, 0x34c00000, 0x38000000)
   the space 12288K,  71% used [0x34000000, 0x34893a20, 0x34893c00, 0x34c00000)
    ro space 10240K,  42% used [0x38000000, 0x38434778, 0x38434800, 0x38a00000)
    rw space 12288K,  52% used [0x38a00000, 0x39049a68, 0x39049c00, 0x39600000)
GC Heap History (10 events):
Event: 3.183 GC heap before
{Heap before GC invocations=11 (full 1):
 def new generation   total 9408K, used 8643K [0x24000000, 0x24a30000, 0x29550000)
  eden space 8384K,  90% used [0x24000000, 0x24770e50, 0x24830000)
  from space 1024K, 100% used [0x24930000, 0x24a30000, 0x24a30000)
  to   space 1024K,   0% used [0x24830000, 0x24830000, 0x24930000)
 tenured generation   total 20720K, used 19956K [0x29550000, 0x2a98c000, 0x34000000)
   the space 20720K,  96% used [0x29550000, 0x2a8cd2c0, 0x2a8cd400, 0x2a98c000)
 compacting perm gen  total 12288K, used 8508K [0x34000000, 0x34c00000, 0x38000000)
   the space 12288K,  69% used [0x34000000, 0x3484f2e8, 0x3484f400, 0x34c00000)
    ro space 10240K,  42% used [0x38000000, 0x38434778, 0x38434800, 0x38a00000)
    rw space 12288K,  52% used [0x38a00000, 0x39049a68, 0x39049c00, 0x39600000)
Event: 3.235 GC heap after
Heap after GC invocations=12 (full 2):
 def new generation   total 10880K, used 0K [0x24000000, 0x24bc0000, 0x29550000)
  eden space 9728K,   0% used [0x24000000, 0x24000000, 0x24980000)
  from space 1152K,   0% used [0x24980000, 0x24980000, 0x24aa0000)
  to   space 1152K,   0% used [0x24aa0000, 0x24aa0000, 0x24bc0000)
 tenured generation   total 23980K, used 14386K [0x29550000, 0x2acbb000, 0x34000000)
   the space 23980K,  59% used [0x29550000, 0x2a35cbb8, 0x2a35cc00, 0x2acbb000)
 compacting perm gen  total 12288K, used 8508K [0x34000000, 0x34c00000, 0x38000000)
   the space 12288K,  69% used [0x34000000, 0x3484f2e8, 0x3484f400, 0x34c00000)
    ro space 10240K,  42% used [0x38000000, 0x38434778, 0x38434800, 0x38a00000)
    rw space 12288K,  52% used [0x38a00000, 0x39049a68, 0x39049c00, 0x39600000)
}
Event: 3.249 GC heap before
{Heap before GC invocations=12 (full 2):
 def new generation   total 10880K, used 8574K [0x24000000, 0x24bc0000, 0x29550000)
  eden space 9728K,  88% used [0x24000000, 0x2485fae0, 0x24980000)
  from space 1152K,   0% used [0x24980000, 0x24980000, 0x24aa0000)
  to   space 1152K,   0% used [0x24aa0000, 0x24aa0000, 0x24bc0000)
 tenured generation   total 23980K, used 14386K [0x29550000, 0x2acbb000, 0x34000000)
   the space 23980K,  59% used [0x29550000, 0x2a35cbb8, 0x2a35cc00, 0x2acbb000)
 compacting perm gen  total 12288K, used 8517K [0x34000000, 0x34c00000, 0x38000000)
   the space 12288K,  69% used [0x34000000, 0x348516e8, 0x34851800, 0x34c00000)
    ro space 10240K,  42% used [0x38000000, 0x38434778, 0x38434800, 0x38a00000)
    rw space 12288K,  52% used [0x38a00000, 0x39049a68, 0x39049c00, 0x39600000)
Event: 3.252 GC heap after
Heap after GC invocations=13 (full 2):
 def new generation   total 10880K, used 997K [0x24000000, 0x24bc0000, 0x29550000)
  eden space 9728K,   0% used [0x24000000, 0x24000000, 0x24980000)
  from space 1152K,  86% used [0x24aa0000, 0x24b99470, 0x24bc0000)
  to   space 1152K,   0% used [0x24980000, 0x24980000, 0x24aa0000)
 tenured generation   total 23980K, used 21840K [0x29550000, 0x2acbb000, 0x34000000)
   the space 23980K,  91% used [0x29550000, 0x2aaa4130, 0x2aaa4200, 0x2acbb000)
 compacting perm gen  total 12288K, used 8517K [0x34000000, 0x34c00000, 0x38000000)
   the space 12288K,  69% used [0x34000000, 0x348516e8, 0x34851800, 0x34c00000)
    ro space 10240K,  42% used [0x38000000, 0x38434778, 0x38434800, 0x38a00000)
    rw space 12288K,  52% used [0x38a00000, 0x39049a68, 0x39049c00, 0x39600000)
}
Event: 3.270 GC heap before
{Heap before GC invocations=13 (full 2):
 def new generation   total 10880K, used 10559K [0x24000000, 0x24bc0000, 0x29550000)
  eden space 9728K,  98% used [0x24000000, 0x249567d8, 0x24980000)
  from space 1152K,  86% used [0x24aa0000, 0x24b99470, 0x24bc0000)
  to   space 1152K,   0% used [0x24980000, 0x24980000, 0x24aa0000)
 tenured generation   total 23980K, used 21840K [0x29550000, 0x2acbb000, 0x34000000)
   the space 23980K,  91% used [0x29550000, 0x2aaa4130, 0x2aaa4200, 0x2acbb000)
 compacting perm gen  total 12288K, used 8517K [0x34000000, 0x34c00000, 0x38000000)
   the space 12288K,  69% used [0x34000000, 0x34851748, 0x34851800, 0x34c00000)
    ro space 10240K,  42% used [0x38000000, 0x38434778, 0x38434800, 0x38a00000)
    rw space 12288K,  52% used [0x38a00000, 0x39049a68, 0x39049c00, 0x39600000)
Event: 3.310 GC heap after
Heap after GC invocations=14 (full 3):
 def new generation   total 13312K, used 0K [0x24000000, 0x24e70000, 0x29550000)
  eden space 11840K,   0% used [0x24000000, 0x24000000, 0x24b90000)
  from space 1472K,   0% used [0x24b90000, 0x24b90000, 0x24d00000)
  to   space 1472K,   0% used [0x24d00000, 0x24d00000, 0x24e70000)
 tenured generation   total 29508K, used 17703K [0x29550000, 0x2b221000, 0x34000000)
   the space 29508K,  59% used [0x29550000, 0x2a699d18, 0x2a699e00, 0x2b221000)
 compacting perm gen  total 12288K, used 8517K [0x34000000, 0x34c00000, 0x38000000)
   the space 12288K,  69% used [0x34000000, 0x34851748, 0x34851800, 0x34c00000)
    ro space 10240K,  42% used [0x38000000, 0x38434778, 0x38434800, 0x38a00000)
    rw space 12288K,  52% used [0x38a00000, 0x39049a68, 0x39049c00, 0x39600000)
}
Event: 8.209 GC heap before
{Heap before GC invocations=14 (full 3):
 def new generation   total 13312K, used 12273K [0x24000000, 0x24e70000, 0x29550000)
  eden space 11840K,  99% used [0x24000000, 0x24b7c580, 0x24b90000)
  from space 1472K,  34% used [0x24b90000, 0x24c10020, 0x24d00000)
  to   space 1472K,   0% used [0x24d00000, 0x24d00000, 0x24e70000)
 tenured generation   total 29508K, used 17703K [0x29550000, 0x2b221000, 0x34000000)
   the space 29508K,  59% used [0x29550000, 0x2a699d18, 0x2a699e00, 0x2b221000)
 compacting perm gen  total 12288K, used 8778K [0x34000000, 0x34c00000, 0x38000000)
   the space 12288K,  71% used [0x34000000, 0x34892b40, 0x34892c00, 0x34c00000)
    ro space 10240K,  42% used [0x38000000, 0x38434778, 0x38434800, 0x38a00000)
    rw space 12288K,  52% used [0x38a00000, 0x39049a68, 0x39049c00, 0x39600000)
Event: 8.216 GC heap after
Heap after GC invocations=15 (full 3):
 def new generation   total 13312K, used 1472K [0x24000000, 0x24e70000, 0x29550000)
  eden space 11840K,   0% used [0x24000000, 0x24000000, 0x24b90000)
  from space 1472K, 100% used [0x24d00000, 0x24e70000, 0x24e70000)
  to   space 1472K,   0% used [0x24b90000, 0x24b90000, 0x24d00000)
 tenured generation   total 29508K, used 23225K [0x29550000, 0x2b221000, 0x34000000)
   the space 29508K,  78% used [0x29550000, 0x2abfe5f8, 0x2abfe600, 0x2b221000)
 compacting perm gen  total 12288K, used 8778K [0x34000000, 0x34c00000, 0x38000000)
   the space 12288K,  71% used [0x34000000, 0x34892b40, 0x34892c00, 0x34c00000)
    ro space 10240K,  42% used [0x38000000, 0x38434778, 0x38434800, 0x38a00000)
    rw space 12288K,  52% used [0x38a00000, 0x39049a68, 0x39049c00, 0x39600000)
}
Event: 8.258 GC heap before
{Heap before GC invocations=15 (full 3):
 def new generation   total 13312K, used 13312K [0x24000000, 0x24e70000, 0x29550000)
  eden space 11840K, 100% used [0x24000000, 0x24b90000, 0x24b90000)
  from space 1472K, 100% used [0x24d00000, 0x24e70000, 0x24e70000)
  to   space 1472K,   0% used [0x24b90000, 0x24b90000, 0x24d00000)
 tenured generation   total 29508K, used 23505K [0x29550000, 0x2b221000, 0x34000000)
   the space 29508K,  79% used [0x29550000, 0x2ac44560, 0x2ac44600, 0x2b221000)
 compacting perm gen  total 12288K, used 8778K [0x34000000, 0x34c00000, 0x38000000)
   the space 12288K,  71% used [0x34000000, 0x34892b70, 0x34892c00, 0x34c00000)
    ro space 10240K,  42% used [0x38000000, 0x38434778, 0x38434800, 0x38a00000)
    rw space 12288K,  52% used [0x38a00000, 0x39049a68, 0x39049c00, 0x39600000)
Event: 8.264 GC heap after
Heap after GC invocations=16 (full 3):
 def new generation   total 13312K, used 1409K [0x24000000, 0x24e70000, 0x29550000)
  eden space 11840K,   0% used [0x24000000, 0x24000000, 0x24b90000)
  from space 1472K,  95% used [0x24b90000, 0x24cf04c0, 0x24d00000)
  to   space 1472K,   0% used [0x24d00000, 0x24d00000, 0x24e70000)
 tenured generation   total 30808K, used 30742K [0x29550000, 0x2b366000, 0x34000000)
   the space 30808K,  99% used [0x29550000, 0x2b355bd8, 0x2b355c00, 0x2b366000)
 compacting perm gen  total 12288K, used 8778K [0x34000000, 0x34c00000, 0x38000000)
   the space 12288K,  71% used [0x34000000, 0x34892b70, 0x34892c00, 0x34c00000)
    ro space 10240K,  42% used [0x38000000, 0x38434778, 0x38434800, 0x38a00000)
    rw space 12288K,  52% used [0x38a00000, 0x39049a68, 0x39049c00, 0x39600000)
}

