# JRE version: Java(TM) SE Runtime Environment (7.0_60-b19) (build 1.7.0_60-b19)
# Java VM: Java HotSpot(TM) Client VM (24.60-b09 mixed mode, sharing windows-x86 )
Heap
 def new generation   total 29376K, used 6887K [0x24000000, 0x25fe0000, 0x29550000)
  eden space 26112K,  13% used [0x24000000, 0x2438acf0, 0x25980000)
  from space 3264K,  99% used [0x25cb0000, 0x25fdf2f0, 0x25fe0000)
  to   space 3264K,   0% used [0x25980000, 0x25980000, 0x25cb0000)
 tenured generation   total 68744K, used 68620K [0x29550000, 0x2d872000, 0x34000000)
   the space 68744K,  99% used [0x29550000, 0x2d8531f8, 0x2d853200, 0x2d872000)
 compacting perm gen  total 12288K, used 8848K [0x34000000, 0x34c00000, 0x38000000)
   the space 12288K,  72% used [0x34000000, 0x348a4040, 0x348a4200, 0x34c00000)
    ro space 10240K,  42% used [0x38000000, 0x38434778, 0x38434800, 0x38a00000)
    rw space 12288K,  52% used [0x38a00000, 0x39049a68, 0x39049c00, 0x39600000)
GC Heap History (10 events):
Event: 16.490 GC heap before
{Heap before GC invocations=19 (full 5):
 def new generation   total 29376K, used 26074K [0x24000000, 0x25fe0000, 0x29550000)
  eden space 26112K,  99% used [0x24000000, 0x25976ac0, 0x25980000)
  from space 3264K,   0% used [0x25980000, 0x25980000, 0x25cb0000)
  to   space 3264K,   0% used [0x25cb0000, 0x25cb0000, 0x25fe0000)
 tenured generation   total 65044K, used 39024K [0x29550000, 0x2d4d5000, 0x34000000)
   the space 65044K,  59% used [0x29550000, 0x2bb6c280, 0x2bb6c400, 0x2d4d5000)
 compacting perm gen  total 12288K, used 8820K [0x34000000, 0x34c00000, 0x38000000)
   the space 12288K,  71% used [0x34000000, 0x3489d030, 0x3489d200, 0x34c00000)
    ro space 10240K,  42% used [0x38000000, 0x38434778, 0x38434800, 0x38a00000)
    rw space 12288K,  52% used [0x38a00000, 0x39049a68, 0x39049c00, 0x39600000)
Event: 16.493 GC heap after
Heap after GC invocations=20 (full 5):
 def new generation   total 29376K, used 3264K [0x24000000, 0x25fe0000, 0x29550000)
  eden space 26112K,   0% used [0x24000000, 0x24000000, 0x25980000)
  from space 3264K, 100% used [0x25cb0000, 0x25fe0000, 0x25fe0000)
  to   space 3264K,   0% used [0x25980000, 0x25980000, 0x25cb0000)
 tenured generation   total 65044K, used 39525K [0x29550000, 0x2d4d5000, 0x34000000)
   the space 65044K,  60% used [0x29550000, 0x2bbe95c8, 0x2bbe9600, 0x2d4d5000)
 compacting perm gen  total 12288K, used 8820K [0x34000000, 0x34c00000, 0x38000000)
   the space 12288K,  71% used [0x34000000, 0x3489d030, 0x3489d200, 0x34c00000)
    ro space 10240K,  42% used [0x38000000, 0x38434778, 0x38434800, 0x38a00000)
    rw space 12288K,  52% used [0x38a00000, 0x39049a68, 0x39049c00, 0x39600000)
}
Event: 16.642 GC heap before
{Heap before GC invocations=20 (full 5):
 def new generation   total 29376K, used 29250K [0x24000000, 0x25fe0000, 0x29550000)
  eden space 26112K,  99% used [0x24000000, 0x25960860, 0x25980000)
  from space 3264K, 100% used [0x25cb0000, 0x25fe0000, 0x25fe0000)
  to   space 3264K,   0% used [0x25980000, 0x25980000, 0x25cb0000)
 tenured generation   total 65044K, used 39525K [0x29550000, 0x2d4d5000, 0x34000000)
   the space 65044K,  60% used [0x29550000, 0x2bbe95c8, 0x2bbe9600, 0x2d4d5000)
 compacting perm gen  total 12288K, used 8821K [0x34000000, 0x34c00000, 0x38000000)
   the space 12288K,  71% used [0x34000000, 0x3489d400, 0x3489d400, 0x34c00000)
    ro space 10240K,  42% used [0x38000000, 0x38434778, 0x38434800, 0x38a00000)
    rw space 12288K,  52% used [0x38a00000, 0x39049a68, 0x39049c00, 0x39600000)
Event: 16.646 GC heap after
Heap after GC invocations=21 (full 5):
 def new generation   total 29376K, used 2092K [0x24000000, 0x25fe0000, 0x29550000)
  eden space 26112K,   0% used [0x24000000, 0x24000000, 0x25980000)
  from space 3264K,  64% used [0x25980000, 0x25b8b258, 0x25cb0000)
  to   space 3264K,   0% used [0x25cb0000, 0x25cb0000, 0x25fe0000)
 tenured generation   total 65044K, used 42754K [0x29550000, 0x2d4d5000, 0x34000000)
   the space 65044K,  65% used [0x29550000, 0x2bf109d8, 0x2bf10a00, 0x2d4d5000)
 compacting perm gen  total 12288K, used 8821K [0x34000000, 0x34c00000, 0x38000000)
   the space 12288K,  71% used [0x34000000, 0x3489d400, 0x3489d400, 0x34c00000)
    ro space 10240K,  42% used [0x38000000, 0x38434778, 0x38434800, 0x38a00000)
    rw space 12288K,  52% used [0x38a00000, 0x39049a68, 0x39049c00, 0x39600000)
}
Event: 16.843 GC heap before
{Heap before GC invocations=21 (full 5):
 def new generation   total 29376K, used 28460K [0x24000000, 0x25fe0000, 0x29550000)
  eden space 26112K, 100% used [0x24000000, 0x25980000, 0x25980000)
  from space 3264K,  71% used [0x25980000, 0x25bcb268, 0x25cb0000)
  to   space 3264K,   0% used [0x25cb0000, 0x25cb0000, 0x25fe0000)
 tenured generation   total 65044K, used 42754K [0x29550000, 0x2d4d5000, 0x34000000)
   the space 65044K,  65% used [0x29550000, 0x2bf109d8, 0x2bf10a00, 0x2d4d5000)
 compacting perm gen  total 12288K, used 8821K [0x34000000, 0x34c00000, 0x38000000)
   the space 12288K,  71% used [0x34000000, 0x3489d400, 0x3489d400, 0x34c00000)
    ro space 10240K,  42% used [0x38000000, 0x38434778, 0x38434800, 0x38a00000)
    rw space 12288K,  52% used [0x38a00000, 0x39049a68, 0x39049c00, 0x39600000)
Event: 16.847 GC heap after
Heap after GC invocations=22 (full 5):
 def new generation   total 29376K, used 3171K [0x24000000, 0x25fe0000, 0x29550000)
  eden space 26112K,   0% used [0x24000000, 0x24000000, 0x25980000)
  from space 3264K,  97% used [0x25cb0000, 0x25fc8d48, 0x25fe0000)
  to   space 3264K,   0% used [0x25980000, 0x25980000, 0x25cb0000)
 tenured generation   total 65044K, used 47579K [0x29550000, 0x2d4d5000, 0x34000000)
   the space 65044K,  73% used [0x29550000, 0x2c3c6c40, 0x2c3c6e00, 0x2d4d5000)
 compacting perm gen  total 12288K, used 8821K [0x34000000, 0x34c00000, 0x38000000)
   the space 12288K,  71% used [0x34000000, 0x3489d400, 0x3489d400, 0x34c00000)
    ro space 10240K,  42% used [0x38000000, 0x38434778, 0x38434800, 0x38a00000)
    rw space 12288K,  52% used [0x38a00000, 0x39049a68, 0x39049c00, 0x39600000)
}
Event: 18.708 GC heap before
{Heap before GC invocations=22 (full 5):
 def new generation   total 29376K, used 29074K [0x24000000, 0x25fe0000, 0x29550000)
  eden space 26112K,  99% used [0x24000000, 0x2594bcc0, 0x25980000)
  from space 3264K,  97% used [0x25cb0000, 0x25fc8d48, 0x25fe0000)
  to   space 3264K,   0% used [0x25980000, 0x25980000, 0x25cb0000)
 tenured generation   total 65044K, used 47579K [0x29550000, 0x2d4d5000, 0x34000000)
   the space 65044K,  73% used [0x29550000, 0x2c3c6c40, 0x2c3c6e00, 0x2d4d5000)
 compacting perm gen  total 12288K, used 8844K [0x34000000, 0x34c00000, 0x38000000)
   the space 12288K,  71% used [0x34000000, 0x348a31d0, 0x348a3200, 0x34c00000)
    ro space 10240K,  42% used [0x38000000, 0x38434778, 0x38434800, 0x38a00000)
    rw space 12288K,  52% used [0x38a00000, 0x39049a68, 0x39049c00, 0x39600000)
Event: 18.716 GC heap after
Heap after GC invocations=23 (full 5):
 def new generation   total 29376K, used 3263K [0x24000000, 0x25fe0000, 0x29550000)
  eden space 26112K,   0% used [0x24000000, 0x24000000, 0x25980000)
  from space 3264K,  99% used [0x25980000, 0x25cafd00, 0x25cb0000)
  to   space 3264K,   0% used [0x25cb0000, 0x25cb0000, 0x25fe0000)
 tenured generation   total 65044K, used 59790K [0x29550000, 0x2d4d5000, 0x34000000)
   the space 65044K,  91% used [0x29550000, 0x2cfb3bc0, 0x2cfb3c00, 0x2d4d5000)
 compacting perm gen  total 12288K, used 8844K [0x34000000, 0x34c00000, 0x38000000)
   the space 12288K,  71% used [0x34000000, 0x348a31d0, 0x348a3200, 0x34c00000)
    ro space 10240K,  42% used [0x38000000, 0x38434778, 0x38434800, 0x38a00000)
    rw space 12288K,  52% used [0x38a00000, 0x39049a68, 0x39049c00, 0x39600000)
}
Event: 19.774 GC heap before
{Heap before GC invocations=23 (full 5):
 def new generation   total 29376K, used 29288K [0x24000000, 0x25fe0000, 0x29550000)
  eden space 26112K,  99% used [0x24000000, 0x2596a3c0, 0x25980000)
  from space 3264K,  99% used [0x25980000, 0x25cafd00, 0x25cb0000)
  to   space 3264K,   0% used [0x25cb0000, 0x25cb0000, 0x25fe0000)
 tenured generation   total 65044K, used 60046K [0x29550000, 0x2d4d5000, 0x34000000)
   the space 65044K,  92% used [0x29550000, 0x2cff3bd0, 0x2cff3c00, 0x2d4d5000)
 compacting perm gen  total 12288K, used 8844K [0x34000000, 0x34c00000, 0x38000000)
   the space 12288K,  71% used [0x34000000, 0x348a31f0, 0x348a3200, 0x34c00000)
    ro space 10240K,  42% used [0x38000000, 0x38434778, 0x38434800, 0x38a00000)
    rw space 12288K,  52% used [0x38a00000, 0x39049a68, 0x39049c00, 0x39600000)
Event: 19.779 GC heap after
Heap after GC invocations=24 (full 5):
 def new generation   total 29376K, used 3260K [0x24000000, 0x25fe0000, 0x29550000)
  eden space 26112K,   0% used [0x24000000, 0x24000000, 0x25980000)
  from space 3264K,  99% used [0x25cb0000, 0x25fdf2f0, 0x25fe0000)
  to   space 3264K,   0% used [0x25980000, 0x25980000, 0x25cb0000)
 tenured generation   total 68744K, used 68620K [0x29550000, 0x2d872000, 0x34000000)
   the space 68744K,  99% used [0x29550000, 0x2d8531f8, 0x2d853200, 0x2d872000)
 compacting perm gen  total 12288K, used 8844K [0x34000000, 0x34c00000, 0x38000000)
   the space 12288K,  71% used [0x34000000, 0x348a31f0, 0x348a3200, 0x34c00000)
    ro space 10240K,  42% used [0x38000000, 0x38434778, 0x38434800, 0x38a00000)
    rw space 12288K,  52% used [0x38a00000, 0x39049a68, 0x39049c00, 0x39600000)
}

