# JRE version: Java(TM) SE Runtime Environment (7.0_60-b19) (build 1.7.0_60-b19)
# Java VM: Java HotSpot(TM) Client VM (24.60-b09 mixed mode, sharing windows-x86 )
Heap
 def new generation   total 36288K, used 14273K [0x24000000, 0x26750000, 0x29550000)
  eden space 32320K,  32% used [0x24000000, 0x24a433b0, 0x25f90000)
  from space 3968K,  94% used [0x26370000, 0x2671d210, 0x26750000)
  to   space 3968K,   0% used [0x25f90000, 0x25f90000, 0x26370000)
 tenured generation   total 80404K, used 49079K [0x29550000, 0x2e3d5000, 0x34000000)
   the space 80404K,  61% used [0x29550000, 0x2c53de58, 0x2c53e000, 0x2e3d5000)
 compacting perm gen  total 12288K, used 8975K [0x34000000, 0x34c00000, 0x38000000)
   the space 12288K,  73% used [0x34000000, 0x348c3f98, 0x348c4000, 0x34c00000)
    ro space 10240K,  42% used [0x38000000, 0x38434778, 0x38434800, 0x38a00000)
    rw space 12288K,  52% used [0x38a00000, 0x39049a68, 0x39049c00, 0x39600000)
GC Heap History (10 events):
Event: 47.796 GC heap before
{Heap before GC invocations=27 (full 7):
 def new generation   total 36288K, used 32112K [0x24000000, 0x26750000, 0x29550000)
  eden space 32320K,  99% used [0x24000000, 0x25f5c078, 0x25f90000)
  from space 3968K,   0% used [0x25f90000, 0x25f90000, 0x26370000)
  to   space 3968K,   0% used [0x26370000, 0x26370000, 0x26750000)
 tenured generation   total 80404K, used 36050K [0x29550000, 0x2e3d5000, 0x34000000)
   the space 80404K,  44% used [0x29550000, 0x2b884bb8, 0x2b884c00, 0x2e3d5000)
 compacting perm gen  total 12288K, used 8972K [0x34000000, 0x34c00000, 0x38000000)
   the space 12288K,  73% used [0x34000000, 0x348c3028, 0x348c3200, 0x34c00000)
    ro space 10240K,  42% used [0x38000000, 0x38434778, 0x38434800, 0x38a00000)
    rw space 12288K,  52% used [0x38a00000, 0x39049a68, 0x39049c00, 0x39600000)
Event: 47.800 GC heap after
Heap after GC invocations=28 (full 7):
 def new generation   total 36288K, used 3519K [0x24000000, 0x26750000, 0x29550000)
  eden space 32320K,   0% used [0x24000000, 0x24000000, 0x25f90000)
  from space 3968K,  88% used [0x26370000, 0x266dfc58, 0x26750000)
  to   space 3968K,   0% used [0x25f90000, 0x25f90000, 0x26370000)
 tenured generation   total 80404K, used 36050K [0x29550000, 0x2e3d5000, 0x34000000)
   the space 80404K,  44% used [0x29550000, 0x2b884bb8, 0x2b884c00, 0x2e3d5000)
 compacting perm gen  total 12288K, used 8972K [0x34000000, 0x34c00000, 0x38000000)
   the space 12288K,  73% used [0x34000000, 0x348c3028, 0x348c3200, 0x34c00000)
    ro space 10240K,  42% used [0x38000000, 0x38434778, 0x38434800, 0x38a00000)
    rw space 12288K,  52% used [0x38a00000, 0x39049a68, 0x39049c00, 0x39600000)
}
Event: 48.008 GC heap before
{Heap before GC invocations=28 (full 7):
 def new generation   total 36288K, used 35649K [0x24000000, 0x26750000, 0x29550000)
  eden space 32320K,  99% used [0x24000000, 0x25f60a10, 0x25f90000)
  from space 3968K,  88% used [0x26370000, 0x266dfc58, 0x26750000)
  to   space 3968K,   0% used [0x25f90000, 0x25f90000, 0x26370000)
 tenured generation   total 80404K, used 36050K [0x29550000, 0x2e3d5000, 0x34000000)
   the space 80404K,  44% used [0x29550000, 0x2b884bb8, 0x2b884c00, 0x2e3d5000)
 compacting perm gen  total 12288K, used 8972K [0x34000000, 0x34c00000, 0x38000000)
   the space 12288K,  73% used [0x34000000, 0x348c3028, 0x348c3200, 0x34c00000)
    ro space 10240K,  42% used [0x38000000, 0x38434778, 0x38434800, 0x38a00000)
    rw space 12288K,  52% used [0x38a00000, 0x39049a68, 0x39049c00, 0x39600000)
Event: 48.010 GC heap after
Heap after GC invocations=29 (full 7):
 def new generation   total 36288K, used 3122K [0x24000000, 0x26750000, 0x29550000)
  eden space 32320K,   0% used [0x24000000, 0x24000000, 0x25f90000)
  from space 3968K,  78% used [0x25f90000, 0x2629c8c8, 0x26370000)
  to   space 3968K,   0% used [0x26370000, 0x26370000, 0x26750000)
 tenured generation   total 80404K, used 36473K [0x29550000, 0x2e3d5000, 0x34000000)
   the space 80404K,  45% used [0x29550000, 0x2b8ee5a8, 0x2b8ee600, 0x2e3d5000)
 compacting perm gen  total 12288K, used 8972K [0x34000000, 0x34c00000, 0x38000000)
   the space 12288K,  73% used [0x34000000, 0x348c3028, 0x348c3200, 0x34c00000)
    ro space 10240K,  42% used [0x38000000, 0x38434778, 0x38434800, 0x38a00000)
    rw space 12288K,  52% used [0x38a00000, 0x39049a68, 0x39049c00, 0x39600000)
}
Event: 48.346 GC heap before
{Heap before GC invocations=29 (full 7):
 def new generation   total 36288K, used 35331K [0x24000000, 0x26750000, 0x29550000)
  eden space 32320K,  99% used [0x24000000, 0x25f74350, 0x25f90000)
  from space 3968K,  78% used [0x25f90000, 0x2629c8c8, 0x26370000)
  to   space 3968K,   0% used [0x26370000, 0x26370000, 0x26750000)
 tenured generation   total 80404K, used 36473K [0x29550000, 0x2e3d5000, 0x34000000)
   the space 80404K,  45% used [0x29550000, 0x2b8ee5a8, 0x2b8ee600, 0x2e3d5000)
 compacting perm gen  total 12288K, used 8972K [0x34000000, 0x34c00000, 0x38000000)
   the space 12288K,  73% used [0x34000000, 0x348c3038, 0x348c3200, 0x34c00000)
    ro space 10240K,  42% used [0x38000000, 0x38434778, 0x38434800, 0x38a00000)
    rw space 12288K,  52% used [0x38a00000, 0x39049a68, 0x39049c00, 0x39600000)
Event: 48.347 GC heap after
Heap after GC invocations=30 (full 7):
 def new generation   total 36288K, used 3124K [0x24000000, 0x26750000, 0x29550000)
  eden space 32320K,   0% used [0x24000000, 0x24000000, 0x25f90000)
  from space 3968K,  78% used [0x26370000, 0x2667d128, 0x26750000)
  to   space 3968K,   0% used [0x25f90000, 0x25f90000, 0x26370000)
 tenured generation   total 80404K, used 36498K [0x29550000, 0x2e3d5000, 0x34000000)
   the space 80404K,  45% used [0x29550000, 0x2b8f4ac8, 0x2b8f4c00, 0x2e3d5000)
 compacting perm gen  total 12288K, used 8972K [0x34000000, 0x34c00000, 0x38000000)
   the space 12288K,  73% used [0x34000000, 0x348c3038, 0x348c3200, 0x34c00000)
    ro space 10240K,  42% used [0x38000000, 0x38434778, 0x38434800, 0x38a00000)
    rw space 12288K,  52% used [0x38a00000, 0x39049a68, 0x39049c00, 0x39600000)
}
Event: 49.604 GC heap before
{Heap before GC invocations=30 (full 7):
 def new generation   total 36288K, used 33437K [0x24000000, 0x26750000, 0x29550000)
  eden space 32320K,  93% used [0x24000000, 0x25d9a350, 0x25f90000)
  from space 3968K,  78% used [0x26370000, 0x2667d128, 0x26750000)
  to   space 3968K,   0% used [0x25f90000, 0x25f90000, 0x26370000)
 tenured generation   total 80404K, used 36498K [0x29550000, 0x2e3d5000, 0x34000000)
   the space 80404K,  45% used [0x29550000, 0x2b8f4ac8, 0x2b8f4c00, 0x2e3d5000)
 compacting perm gen  total 12288K, used 8972K [0x34000000, 0x34c00000, 0x38000000)
   the space 12288K,  73% used [0x34000000, 0x348c30a8, 0x348c3200, 0x34c00000)
    ro space 10240K,  42% used [0x38000000, 0x38434778, 0x38434800, 0x38a00000)
    rw space 12288K,  52% used [0x38a00000, 0x39049a68, 0x39049c00, 0x39600000)
Event: 49.610 GC heap after
Heap after GC invocations=31 (full 7):
 def new generation   total 36288K, used 3913K [0x24000000, 0x26750000, 0x29550000)
  eden space 32320K,   0% used [0x24000000, 0x24000000, 0x25f90000)
  from space 3968K,  98% used [0x25f90000, 0x26362538, 0x26370000)
  to   space 3968K,   0% used [0x26370000, 0x26370000, 0x26750000)
 tenured generation   total 80404K, used 37292K [0x29550000, 0x2e3d5000, 0x34000000)
   the space 80404K,  46% used [0x29550000, 0x2b9bb018, 0x2b9bb200, 0x2e3d5000)
 compacting perm gen  total 12288K, used 8972K [0x34000000, 0x34c00000, 0x38000000)
   the space 12288K,  73% used [0x34000000, 0x348c30a8, 0x348c3200, 0x34c00000)
    ro space 10240K,  42% used [0x38000000, 0x38434778, 0x38434800, 0x38a00000)
    rw space 12288K,  52% used [0x38a00000, 0x39049a68, 0x39049c00, 0x39600000)
}
Event: 51.770 GC heap before
{Heap before GC invocations=31 (full 7):
 def new generation   total 36288K, used 36238K [0x24000000, 0x26750000, 0x29550000)
  eden space 32320K, 100% used [0x24000000, 0x25f90000, 0x25f90000)
  from space 3968K,  98% used [0x25f90000, 0x26363988, 0x26370000)
  to   space 3968K,   0% used [0x26370000, 0x26370000, 0x26750000)
 tenured generation   total 80404K, used 37292K [0x29550000, 0x2e3d5000, 0x34000000)
   the space 80404K,  46% used [0x29550000, 0x2b9bb018, 0x2b9bb200, 0x2e3d5000)
 compacting perm gen  total 12288K, used 8972K [0x34000000, 0x34c00000, 0x38000000)
   the space 12288K,  73% used [0x34000000, 0x348c30d8, 0x348c3200, 0x34c00000)
    ro space 10240K,  42% used [0x38000000, 0x38434778, 0x38434800, 0x38a00000)
    rw space 12288K,  52% used [0x38a00000, 0x39049a68, 0x39049c00, 0x39600000)
Event: 51.776 GC heap after
Heap after GC invocations=32 (full 7):
 def new generation   total 36288K, used 3764K [0x24000000, 0x26750000, 0x29550000)
  eden space 32320K,   0% used [0x24000000, 0x24000000, 0x25f90000)
  from space 3968K,  94% used [0x26370000, 0x2671d210, 0x26750000)
  to   space 3968K,   0% used [0x25f90000, 0x25f90000, 0x26370000)
 tenured generation   total 80404K, used 49079K [0x29550000, 0x2e3d5000, 0x34000000)
   the space 80404K,  61% used [0x29550000, 0x2c53de58, 0x2c53e000, 0x2e3d5000)
 compacting perm gen  total 12288K, used 8972K [0x34000000, 0x34c00000, 0x38000000)
   the space 12288K,  73% used [0x34000000, 0x348c30d8, 0x348c3200, 0x34c00000)
    ro space 10240K,  42% used [0x38000000, 0x38434778, 0x38434800, 0x38a00000)
    rw space 12288K,  52% used [0x38a00000, 0x39049a68, 0x39049c00, 0x39600000)
}

