# JRE version: Java(TM) SE Runtime Environment (7.0_60-b19) (build 1.7.0_60-b19)
# Java VM: Java HotSpot(TM) Client VM (24.60-b09 mixed mode, sharing windows-x86 )
Heap
 def new generation   total 30016K, used 7796K [0x24000000, 0x26090000, 0x29550000)
  eden space 26688K,  17% used [0x24000000, 0x2448bda8, 0x25a10000)
  from space 3328K,  94% used [0x25a10000, 0x25d21450, 0x25d50000)
  to   space 3328K,   0% used [0x25d50000, 0x25d50000, 0x26090000)
 tenured generation   total 66544K, used 56266K [0x29550000, 0x2d64c000, 0x34000000)
   the space 66544K,  84% used [0x29550000, 0x2cc429f8, 0x2cc42a00, 0x2d64c000)
 compacting perm gen  total 12288K, used 8841K [0x34000000, 0x34c00000, 0x38000000)
   the space 12288K,  71% used [0x34000000, 0x348a2670, 0x348a2800, 0x34c00000)
    ro space 10240K,  42% used [0x38000000, 0x38434778, 0x38434800, 0x38a00000)
    rw space 12288K,  52% used [0x38a00000, 0x39049a68, 0x39049c00, 0x39600000)
GC Heap History (10 events):
Event: 15.190 GC heap before
{Heap before GC invocations=16 (full 4):
 def new generation   total 17984K, used 16000K [0x24000000, 0x25380000, 0x29550000)
  eden space 16000K, 100% used [0x24000000, 0x24fa0000, 0x24fa0000)
  from space 1984K,   0% used [0x24fa0000, 0x24fa0000, 0x25190000)
  to   space 1984K,   0% used [0x25190000, 0x25190000, 0x25380000)
 tenured generation   total 39808K, used 23883K [0x29550000, 0x2bc30000, 0x34000000)
   the space 39808K,  59% used [0x29550000, 0x2aca2ff0, 0x2aca3000, 0x2bc30000)
 compacting perm gen  total 12288K, used 8795K [0x34000000, 0x34c00000, 0x38000000)
   the space 12288K,  71% used [0x34000000, 0x34896f10, 0x34897000, 0x34c00000)
    ro space 10240K,  42% used [0x38000000, 0x38434778, 0x38434800, 0x38a00000)
    rw space 12288K,  52% used [0x38a00000, 0x39049a68, 0x39049c00, 0x39600000)
Event: 15.194 GC heap after
Heap after GC invocations=17 (full 4):
 def new generation   total 17984K, used 1882K [0x24000000, 0x25380000, 0x29550000)
  eden space 16000K,   0% used [0x24000000, 0x24000000, 0x24fa0000)
  from space 1984K,  94% used [0x25190000, 0x25366880, 0x25380000)
  to   space 1984K,   0% used [0x24fa0000, 0x24fa0000, 0x25190000)
 tenured generation   total 39808K, used 31016K [0x29550000, 0x2bc30000, 0x34000000)
   the space 39808K,  77% used [0x29550000, 0x2b39a388, 0x2b39a400, 0x2bc30000)
 compacting perm gen  total 12288K, used 8795K [0x34000000, 0x34c00000, 0x38000000)
   the space 12288K,  71% used [0x34000000, 0x34896f10, 0x34897000, 0x34c00000)
    ro space 10240K,  42% used [0x38000000, 0x38434778, 0x38434800, 0x38a00000)
    rw space 12288K,  52% used [0x38a00000, 0x39049a68, 0x39049c00, 0x39600000)
}
Event: 16.514 GC heap before
{Heap before GC invocations=17 (full 4):
 def new generation   total 17984K, used 17787K [0x24000000, 0x25380000, 0x29550000)
  eden space 16000K,  99% used [0x24000000, 0x24f88558, 0x24fa0000)
  from space 1984K,  94% used [0x25190000, 0x25366880, 0x25380000)
  to   space 1984K,   0% used [0x24fa0000, 0x24fa0000, 0x25190000)
 tenured generation   total 39808K, used 32040K [0x29550000, 0x2bc30000, 0x34000000)
   the space 39808K,  80% used [0x29550000, 0x2b49a3c8, 0x2b49a400, 0x2bc30000)
 compacting perm gen  total 12288K, used 8811K [0x34000000, 0x34c00000, 0x38000000)
   the space 12288K,  71% used [0x34000000, 0x3489afb0, 0x3489b000, 0x34c00000)
    ro space 10240K,  42% used [0x38000000, 0x38434778, 0x38434800, 0x38a00000)
    rw space 12288K,  52% used [0x38a00000, 0x39049a68, 0x39049c00, 0x39600000)
Event: 16.520 GC heap after
Heap after GC invocations=18 (full 4):
 def new generation   total 17984K, used 1896K [0x24000000, 0x25380000, 0x29550000)
  eden space 16000K,   0% used [0x24000000, 0x24000000, 0x24fa0000)
  from space 1984K,  95% used [0x24fa0000, 0x2517a198, 0x25190000)
  to   space 1984K,   0% used [0x25190000, 0x25190000, 0x25380000)
 tenured generation   total 39808K, used 37722K [0x29550000, 0x2bc30000, 0x34000000)
   the space 39808K,  94% used [0x29550000, 0x2ba269a8, 0x2ba26a00, 0x2bc30000)
 compacting perm gen  total 12288K, used 8811K [0x34000000, 0x34c00000, 0x38000000)
   the space 12288K,  71% used [0x34000000, 0x3489afb0, 0x3489b000, 0x34c00000)
    ro space 10240K,  42% used [0x38000000, 0x38434778, 0x38434800, 0x38a00000)
    rw space 12288K,  52% used [0x38a00000, 0x39049a68, 0x39049c00, 0x39600000)
}
Event: 19.395 GC heap before
{Heap before GC invocations=18 (full 4):
 def new generation   total 17984K, used 17271K [0x24000000, 0x25380000, 0x29550000)
  eden space 16000K,  96% used [0x24000000, 0x24f03d28, 0x24fa0000)
  from space 1984K,  95% used [0x24fa0000, 0x2517a198, 0x25190000)
  to   space 1984K,   0% used [0x25190000, 0x25190000, 0x25380000)
 tenured generation   total 39808K, used 37722K [0x29550000, 0x2bc30000, 0x34000000)
   the space 39808K,  94% used [0x29550000, 0x2ba269a8, 0x2ba26a00, 0x2bc30000)
 compacting perm gen  total 12288K, used 8831K [0x34000000, 0x34c00000, 0x38000000)
   the space 12288K,  71% used [0x34000000, 0x3489ff80, 0x348a0000, 0x34c00000)
    ro space 10240K,  42% used [0x38000000, 0x38434778, 0x38434800, 0x38a00000)
    rw space 12288K,  52% used [0x38a00000, 0x39049a68, 0x39049c00, 0x39600000)
Event: 19.465 GC heap after
Heap after GC invocations=19 (full 5):
 def new generation   total 30016K, used 0K [0x24000000, 0x26090000, 0x29550000)
  eden space 26688K,   0% used [0x24000000, 0x24000000, 0x25a10000)
  from space 3328K,   0% used [0x25a10000, 0x25a10000, 0x25d50000)
  to   space 3328K,   0% used [0x25d50000, 0x25d50000, 0x26090000)
 tenured generation   total 66544K, used 39924K [0x29550000, 0x2d64c000, 0x34000000)
   the space 66544K,  59% used [0x29550000, 0x2bc4d078, 0x2bc4d200, 0x2d64c000)
 compacting perm gen  total 12288K, used 8831K [0x34000000, 0x34c00000, 0x38000000)
   the space 12288K,  71% used [0x34000000, 0x3489ff80, 0x348a0000, 0x34c00000)
    ro space 10240K,  42% used [0x38000000, 0x38434778, 0x38434800, 0x38a00000)
    rw space 12288K,  52% used [0x38a00000, 0x39049a68, 0x39049c00, 0x39600000)
}
Event: 20.645 GC heap before
{Heap before GC invocations=19 (full 5):
 def new generation   total 30016K, used 26356K [0x24000000, 0x26090000, 0x29550000)
  eden space 26688K,  98% used [0x24000000, 0x259bd308, 0x25a10000)
  from space 3328K,   0% used [0x25a10000, 0x25a10000, 0x25d50000)
  to   space 3328K,   0% used [0x25d50000, 0x25d50000, 0x26090000)
 tenured generation   total 66544K, used 39924K [0x29550000, 0x2d64c000, 0x34000000)
   the space 66544K,  59% used [0x29550000, 0x2bc4d078, 0x2bc4d200, 0x2d64c000)
 compacting perm gen  total 12288K, used 8837K [0x34000000, 0x34c00000, 0x38000000)
   the space 12288K,  71% used [0x34000000, 0x348a1790, 0x348a1800, 0x34c00000)
    ro space 10240K,  42% used [0x38000000, 0x38434778, 0x38434800, 0x38a00000)
    rw space 12288K,  52% used [0x38a00000, 0x39049a68, 0x39049c00, 0x39600000)
Event: 20.650 GC heap after
Heap after GC invocations=20 (full 5):
 def new generation   total 30016K, used 865K [0x24000000, 0x26090000, 0x29550000)
  eden space 26688K,   0% used [0x24000000, 0x24000000, 0x25a10000)
  from space 3328K,  26% used [0x25d50000, 0x25e28668, 0x26090000)
  to   space 3328K,   0% used [0x25a10000, 0x25a10000, 0x25d50000)
 tenured generation   total 66544K, used 49108K [0x29550000, 0x2d64c000, 0x34000000)
   the space 66544K,  73% used [0x29550000, 0x2c5452d8, 0x2c545400, 0x2d64c000)
 compacting perm gen  total 12288K, used 8837K [0x34000000, 0x34c00000, 0x38000000)
   the space 12288K,  71% used [0x34000000, 0x348a1790, 0x348a1800, 0x34c00000)
    ro space 10240K,  42% used [0x38000000, 0x38434778, 0x38434800, 0x38a00000)
    rw space 12288K,  52% used [0x38a00000, 0x39049a68, 0x39049c00, 0x39600000)
}
Event: 21.645 GC heap before
{Heap before GC invocations=20 (full 5):
 def new generation   total 30016K, used 27327K [0x24000000, 0x26090000, 0x29550000)
  eden space 26688K,  99% used [0x24000000, 0x259d7680, 0x25a10000)
  from space 3328K,  26% used [0x25d50000, 0x25e28668, 0x26090000)
  to   space 3328K,   0% used [0x25a10000, 0x25a10000, 0x25d50000)
 tenured generation   total 66544K, used 49108K [0x29550000, 0x2d64c000, 0x34000000)
   the space 66544K,  73% used [0x29550000, 0x2c5452d8, 0x2c545400, 0x2d64c000)
 compacting perm gen  total 12288K, used 8838K [0x34000000, 0x34c00000, 0x38000000)
   the space 12288K,  71% used [0x34000000, 0x348a1820, 0x348a1a00, 0x34c00000)
    ro space 10240K,  42% used [0x38000000, 0x38434778, 0x38434800, 0x38a00000)
    rw space 12288K,  52% used [0x38a00000, 0x39049a68, 0x39049c00, 0x39600000)
Event: 21.650 GC heap after
Heap after GC invocations=21 (full 5):
 def new generation   total 30016K, used 3141K [0x24000000, 0x26090000, 0x29550000)
  eden space 26688K,   0% used [0x24000000, 0x24000000, 0x25a10000)
  from space 3328K,  94% used [0x25a10000, 0x25d21450, 0x25d50000)
  to   space 3328K,   0% used [0x25d50000, 0x25d50000, 0x26090000)
 tenured generation   total 66544K, used 56266K [0x29550000, 0x2d64c000, 0x34000000)
   the space 66544K,  84% used [0x29550000, 0x2cc429f8, 0x2cc42a00, 0x2d64c000)
 compacting perm gen  total 12288K, used 8838K [0x34000000, 0x34c00000, 0x38000000)
   the space 12288K,  71% used [0x34000000, 0x348a1820, 0x348a1a00, 0x34c00000)
    ro space 10240K,  42% used [0x38000000, 0x38434778, 0x38434800, 0x38a00000)
    rw space 12288K,  52% used [0x38a00000, 0x39049a68, 0x39049c00, 0x39600000)
}

