# JRE version: Java(TM) SE Runtime Environment (7.0_60-b19) (build 1.7.0_60-b19)
# Java VM: Java HotSpot(TM) Client VM (24.60-b09 mixed mode, sharing windows-x86 )
Heap
 def new generation   total 13248K, used 8654K [0x24000000, 0x24e60000, 0x29550000)
  eden space 11776K,  73% used [0x24000000, 0x248739c0, 0x24b80000)
  from space 1472K,   0% used [0x24b80000, 0x24b80000, 0x24cf0000)
  to   space 1472K,   0% used [0x24cf0000, 0x24cf0000, 0x24e60000)
 tenured generation   total 29396K, used 17637K [0x29550000, 0x2b205000, 0x34000000)
   the space 29396K,  59% used [0x29550000, 0x2a689568, 0x2a689600, 0x2b205000)
 compacting perm gen  total 12288K, used 9241K [0x34000000, 0x34c00000, 0x38000000)
   the space 12288K,  75% used [0x34000000, 0x34906638, 0x34906800, 0x34c00000)
    ro space 10240K,  42% used [0x38000000, 0x38434778, 0x38434800, 0x38a00000)
    rw space 12288K,  52% used [0x38a00000, 0x39049a68, 0x39049c00, 0x39600000)
GC Heap History (10 events):
Event: 2.631 GC heap before
{Heap before GC invocations=9 (full 1):
 def new generation   total 9408K, used 9408K [0x24000000, 0x24a30000, 0x29550000)
  eden space 8384K, 100% used [0x24000000, 0x24830000, 0x24830000)
  from space 1024K, 100% used [0x24930000, 0x24a30000, 0x24a30000)
  to   space 1024K,   0% used [0x24830000, 0x24830000, 0x24930000)
 tenured generation   total 20776K, used 15810K [0x29550000, 0x2a99a000, 0x34000000)
   the space 20776K,  76% used [0x29550000, 0x2a4c0858, 0x2a4c0a00, 0x2a99a000)
 compacting perm gen  total 12288K, used 7698K [0x34000000, 0x34c00000, 0x38000000)
   the space 12288K,  62% used [0x34000000, 0x34784808, 0x34784a00, 0x34c00000)
    ro space 10240K,  42% used [0x38000000, 0x38434778, 0x38434800, 0x38a00000)
    rw space 12288K,  52% used [0x38a00000, 0x39049a68, 0x39049c00, 0x39600000)
Event: 2.639 GC heap after
Heap after GC invocations=10 (full 1):
 def new generation   total 9408K, used 1023K [0x24000000, 0x24a30000, 0x29550000)
  eden space 8384K,   0% used [0x24000000, 0x24000000, 0x24830000)
  from space 1024K,  99% used [0x24830000, 0x2492fff8, 0x24930000)
  to   space 1024K,   0% used [0x24930000, 0x24930000, 0x24a30000)
 tenured generation   total 20776K, used 17371K [0x29550000, 0x2a99a000, 0x34000000)
   the space 20776K,  83% used [0x29550000, 0x2a646ea8, 0x2a647000, 0x2a99a000)
 compacting perm gen  total 12288K, used 7698K [0x34000000, 0x34c00000, 0x38000000)
   the space 12288K,  62% used [0x34000000, 0x34784808, 0x34784a00, 0x34c00000)
    ro space 10240K,  42% used [0x38000000, 0x38434778, 0x38434800, 0x38a00000)
    rw space 12288K,  52% used [0x38a00000, 0x39049a68, 0x39049c00, 0x39600000)
}
Event: 2.786 GC heap before
{Heap before GC invocations=10 (full 1):
 def new generation   total 9408K, used 9407K [0x24000000, 0x24a30000, 0x29550000)
  eden space 8384K,  99% used [0x24000000, 0x2482fe18, 0x24830000)
  from space 1024K,  99% used [0x24830000, 0x2492fff8, 0x24930000)
  to   space 1024K,   0% used [0x24930000, 0x24930000, 0x24a30000)
 tenured generation   total 20776K, used 17371K [0x29550000, 0x2a99a000, 0x34000000)
   the space 20776K,  83% used [0x29550000, 0x2a646ea8, 0x2a647000, 0x2a99a000)
 compacting perm gen  total 12288K, used 8131K [0x34000000, 0x34c00000, 0x38000000)
   the space 12288K,  66% used [0x34000000, 0x347f0f18, 0x347f1000, 0x34c00000)
    ro space 10240K,  42% used [0x38000000, 0x38434778, 0x38434800, 0x38a00000)
    rw space 12288K,  52% used [0x38a00000, 0x39049a68, 0x39049c00, 0x39600000)
Event: 2.791 GC heap after
Heap after GC invocations=11 (full 1):
 def new generation   total 9408K, used 1024K [0x24000000, 0x24a30000, 0x29550000)
  eden space 8384K,   0% used [0x24000000, 0x24000000, 0x24830000)
  from space 1024K, 100% used [0x24930000, 0x24a30000, 0x24a30000)
  to   space 1024K,   0% used [0x24830000, 0x24830000, 0x24930000)
 tenured generation   total 20776K, used 19823K [0x29550000, 0x2a99a000, 0x34000000)
   the space 20776K,  95% used [0x29550000, 0x2a8abec0, 0x2a8ac000, 0x2a99a000)
 compacting perm gen  total 12288K, used 8131K [0x34000000, 0x34c00000, 0x38000000)
   the space 12288K,  66% used [0x34000000, 0x347f0f18, 0x347f1000, 0x34c00000)
    ro space 10240K,  42% used [0x38000000, 0x38434778, 0x38434800, 0x38a00000)
    rw space 12288K,  52% used [0x38a00000, 0x39049a68, 0x39049c00, 0x39600000)
}
Event: 2.862 GC heap before
{Heap before GC invocations=11 (full 1):
 def new generation   total 9408K, used 9408K [0x24000000, 0x24a30000, 0x29550000)
  eden space 8384K, 100% used [0x24000000, 0x24830000, 0x24830000)
  from space 1024K, 100% used [0x24930000, 0x24a30000, 0x24a30000)
  to   space 1024K,   0% used [0x24830000, 0x24830000, 0x24930000)
 tenured generation   total 20776K, used 19823K [0x29550000, 0x2a99a000, 0x34000000)
   the space 20776K,  95% used [0x29550000, 0x2a8abec0, 0x2a8ac000, 0x2a99a000)
 compacting perm gen  total 12288K, used 8517K [0x34000000, 0x34c00000, 0x38000000)
   the space 12288K,  69% used [0x34000000, 0x348517a8, 0x34851800, 0x34c00000)
    ro space 10240K,  42% used [0x38000000, 0x38434778, 0x38434800, 0x38a00000)
    rw space 12288K,  52% used [0x38a00000, 0x39049a68, 0x39049c00, 0x39600000)
Event: 2.906 GC heap after
Heap after GC invocations=12 (full 2):
 def new generation   total 11648K, used 0K [0x24000000, 0x24ca0000, 0x29550000)
  eden space 10368K,   0% used [0x24000000, 0x24000000, 0x24a20000)
  from space 1280K,   0% used [0x24a20000, 0x24a20000, 0x24b60000)
  to   space 1280K,   0% used [0x24b60000, 0x24b60000, 0x24ca0000)
 tenured generation   total 25796K, used 15471K [0x29550000, 0x2ae81000, 0x34000000)
   the space 25796K,  59% used [0x29550000, 0x2a46bdd8, 0x2a46be00, 0x2ae81000)
 compacting perm gen  total 12288K, used 8517K [0x34000000, 0x34c00000, 0x38000000)
   the space 12288K,  69% used [0x34000000, 0x348517a8, 0x34851800, 0x34c00000)
    ro space 10240K,  42% used [0x38000000, 0x38434778, 0x38434800, 0x38a00000)
    rw space 12288K,  52% used [0x38a00000, 0x39049a68, 0x39049c00, 0x39600000)
}
Event: 2.922 GC heap before
{Heap before GC invocations=12 (full 2):
 def new generation   total 11648K, used 9615K [0x24000000, 0x24ca0000, 0x29550000)
  eden space 10368K,  92% used [0x24000000, 0x24963d70, 0x24a20000)
  from space 1280K,   0% used [0x24a20000, 0x24a20000, 0x24b60000)
  to   space 1280K,   0% used [0x24b60000, 0x24b60000, 0x24ca0000)
 tenured generation   total 25796K, used 15471K [0x29550000, 0x2ae81000, 0x34000000)
   the space 25796K,  59% used [0x29550000, 0x2a46bdd8, 0x2a46be00, 0x2ae81000)
 compacting perm gen  total 12288K, used 8517K [0x34000000, 0x34c00000, 0x38000000)
   the space 12288K,  69% used [0x34000000, 0x348517f8, 0x34851800, 0x34c00000)
    ro space 10240K,  42% used [0x38000000, 0x38434778, 0x38434800, 0x38a00000)
    rw space 12288K,  52% used [0x38a00000, 0x39049a68, 0x39049c00, 0x39600000)
Event: 2.924 GC heap after
Heap after GC invocations=13 (full 2):
 def new generation   total 11648K, used 42K [0x24000000, 0x24ca0000, 0x29550000)
  eden space 10368K,   0% used [0x24000000, 0x24000000, 0x24a20000)
  from space 1280K,   3% used [0x24b60000, 0x24b6aa88, 0x24ca0000)
  to   space 1280K,   0% used [0x24a20000, 0x24a20000, 0x24b60000)
 tenured generation   total 25796K, used 24790K [0x29550000, 0x2ae81000, 0x34000000)
   the space 25796K,  96% used [0x29550000, 0x2ad85850, 0x2ad85a00, 0x2ae81000)
 compacting perm gen  total 12288K, used 8517K [0x34000000, 0x34c00000, 0x38000000)
   the space 12288K,  69% used [0x34000000, 0x348517f8, 0x34851800, 0x34c00000)
    ro space 10240K,  42% used [0x38000000, 0x38434778, 0x38434800, 0x38a00000)
    rw space 12288K,  52% used [0x38a00000, 0x39049a68, 0x39049c00, 0x39600000)
}
Event: 2.939 GC heap before
{Heap before GC invocations=13 (full 2):
 def new generation   total 11648K, used 9450K [0x24000000, 0x24ca0000, 0x29550000)
  eden space 10368K,  90% used [0x24000000, 0x249300f0, 0x24a20000)
  from space 1280K,   3% used [0x24b60000, 0x24b6aa88, 0x24ca0000)
  to   space 1280K,   0% used [0x24a20000, 0x24a20000, 0x24b60000)
 tenured generation   total 25796K, used 24790K [0x29550000, 0x2ae81000, 0x34000000)
   the space 25796K,  96% used [0x29550000, 0x2ad85850, 0x2ad85a00, 0x2ae81000)
 compacting perm gen  total 12288K, used 8518K [0x34000000, 0x34c00000, 0x38000000)
   the space 12288K,  69% used [0x34000000, 0x34851838, 0x34851a00, 0x34c00000)
    ro space 10240K,  42% used [0x38000000, 0x38434778, 0x38434800, 0x38a00000)
    rw space 12288K,  52% used [0x38a00000, 0x39049a68, 0x39049c00, 0x39600000)
Event: 2.983 GC heap after
Heap after GC invocations=14 (full 3):
 def new generation   total 13248K, used 0K [0x24000000, 0x24e60000, 0x29550000)
  eden space 11776K,   0% used [0x24000000, 0x24000000, 0x24b80000)
  from space 1472K,   0% used [0x24b80000, 0x24b80000, 0x24cf0000)
  to   space 1472K,   0% used [0x24cf0000, 0x24cf0000, 0x24e60000)
 tenured generation   total 29396K, used 17637K [0x29550000, 0x2b205000, 0x34000000)
   the space 29396K,  59% used [0x29550000, 0x2a689568, 0x2a689600, 0x2b205000)
 compacting perm gen  total 12288K, used 8518K [0x34000000, 0x34c00000, 0x38000000)
   the space 12288K,  69% used [0x34000000, 0x34851838, 0x34851a00, 0x34c00000)
    ro space 10240K,  42% used [0x38000000, 0x38434778, 0x38434800, 0x38a00000)
    rw space 12288K,  52% used [0x38a00000, 0x39049a68, 0x39049c00, 0x39600000)
}

