# JRE version: Java(TM) SE Runtime Environment (7.0_60-b19) (build 1.7.0_60-b19)
# Java VM: Java HotSpot(TM) Client VM (24.60-b09 mixed mode, sharing windows-x86 )
Heap
 def new generation   total 34752K, used 6327K [0x24000000, 0x265b0000, 0x29550000)
  eden space 30912K,  20% used [0x24000000, 0x2462dd68, 0x25e30000)
  from space 3840K,   0% used [0x25e30000, 0x25e30000, 0x261f0000)
  to   space 3840K,   0% used [0x261f0000, 0x261f0000, 0x265b0000)
 tenured generation   total 77100K, used 43883K [0x29550000, 0x2e09b000, 0x34000000)
   the space 77100K,  56% used [0x29550000, 0x2c02ac90, 0x2c02ae00, 0x2e09b000)
 compacting perm gen  total 12288K, used 10871K [0x34000000, 0x34c00000, 0x38000000)
   the space 12288K,  88% used [0x34000000, 0x34a9dd48, 0x34a9de00, 0x34c00000)
    ro space 10240K,  42% used [0x38000000, 0x38434778, 0x38434800, 0x38a00000)
    rw space 12288K,  52% used [0x38a00000, 0x39049a68, 0x39049c00, 0x39600000)
GC Heap History (10 events):
Event: 46.703 GC heap before
{Heap before GC invocations=32 (full 7):
 def new generation   total 34880K, used 34738K [0x24000000, 0x265d0000, 0x29550000)
  eden space 31040K,  99% used [0x24000000, 0x25e2c8d8, 0x25e50000)
  from space 3840K, 100% used [0x25e50000, 0x26210000, 0x26210000)
  to   space 3840K,   0% used [0x26210000, 0x26210000, 0x265d0000)
 tenured generation   total 77100K, used 72941K [0x29550000, 0x2e09b000, 0x34000000)
   the space 77100K,  94% used [0x29550000, 0x2dc8b518, 0x2dc8b600, 0x2e09b000)
 compacting perm gen  total 12288K, used 10816K [0x34000000, 0x34c00000, 0x38000000)
   the space 12288K,  88% used [0x34000000, 0x34a90218, 0x34a90400, 0x34c00000)
    ro space 10240K,  42% used [0x38000000, 0x38434778, 0x38434800, 0x38a00000)
    rw space 12288K,  52% used [0x38a00000, 0x39049a68, 0x39049c00, 0x39600000)
Event: 46.783 GC heap after
Heap after GC invocations=33 (full 8):
 def new generation   total 34816K, used 0K [0x24000000, 0x265c0000, 0x29550000)
  eden space 30976K,   0% used [0x24000000, 0x24000000, 0x25e40000)
  from space 3840K,   0% used [0x25e40000, 0x25e40000, 0x26200000)
  to   space 3840K,   0% used [0x26200000, 0x26200000, 0x265c0000)
 tenured generation   total 77100K, used 30698K [0x29550000, 0x2e09b000, 0x34000000)
   the space 77100K,  39% used [0x29550000, 0x2b34aa00, 0x2b34aa00, 0x2e09b000)
 compacting perm gen  total 12288K, used 10813K [0x34000000, 0x34c00000, 0x38000000)
   the space 12288K,  88% used [0x34000000, 0x34a8f6a8, 0x34a8f800, 0x34c00000)
    ro space 10240K,  42% used [0x38000000, 0x38434778, 0x38434800, 0x38a00000)
    rw space 12288K,  52% used [0x38a00000, 0x39049a68, 0x39049c00, 0x39600000)
}
Event: 51.647 GC heap before
{Heap before GC invocations=33 (full 8):
 def new generation   total 34816K, used 30976K [0x24000000, 0x265c0000, 0x29550000)
  eden space 30976K, 100% used [0x24000000, 0x25e40000, 0x25e40000)
  from space 3840K,   0% used [0x25e40000, 0x25e40000, 0x26200000)
  to   space 3840K,   0% used [0x26200000, 0x26200000, 0x265c0000)
 tenured generation   total 77100K, used 30698K [0x29550000, 0x2e09b000, 0x34000000)
   the space 77100K,  39% used [0x29550000, 0x2b34aa00, 0x2b34aa00, 0x2e09b000)
 compacting perm gen  total 12288K, used 10869K [0x34000000, 0x34c00000, 0x38000000)
   the space 12288K,  88% used [0x34000000, 0x34a9d410, 0x34a9d600, 0x34c00000)
    ro space 10240K,  42% used [0x38000000, 0x38434778, 0x38434800, 0x38a00000)
    rw space 12288K,  52% used [0x38a00000, 0x39049a68, 0x39049c00, 0x39600000)
Event: 51.653 GC heap after
Heap after GC invocations=34 (full 8):
 def new generation   total 34816K, used 3840K [0x24000000, 0x265c0000, 0x29550000)
  eden space 30976K,   0% used [0x24000000, 0x24000000, 0x25e40000)
  from space 3840K, 100% used [0x26200000, 0x265c0000, 0x265c0000)
  to   space 3840K,   0% used [0x25e40000, 0x25e40000, 0x26200000)
 tenured generation   total 77100K, used 43563K [0x29550000, 0x2e09b000, 0x34000000)
   the space 77100K,  56% used [0x29550000, 0x2bfdaf80, 0x2bfdb000, 0x2e09b000)
 compacting perm gen  total 12288K, used 10869K [0x34000000, 0x34c00000, 0x38000000)
   the space 12288K,  88% used [0x34000000, 0x34a9d410, 0x34a9d600, 0x34c00000)
    ro space 10240K,  42% used [0x38000000, 0x38434778, 0x38434800, 0x38a00000)
    rw space 12288K,  52% used [0x38a00000, 0x39049a68, 0x39049c00, 0x39600000)
}
Event: 55.367 GC heap before
{Heap before GC invocations=34 (full 8):
 def new generation   total 34816K, used 34134K [0x24000000, 0x265c0000, 0x29550000)
  eden space 30976K,  97% used [0x24000000, 0x25d95830, 0x25e40000)
  from space 3840K, 100% used [0x26200000, 0x265c0000, 0x265c0000)
  to   space 3840K,   0% used [0x25e40000, 0x25e40000, 0x26200000)
 tenured generation   total 77100K, used 43563K [0x29550000, 0x2e09b000, 0x34000000)
   the space 77100K,  56% used [0x29550000, 0x2bfdaf80, 0x2bfdb000, 0x2e09b000)
 compacting perm gen  total 12288K, used 10869K [0x34000000, 0x34c00000, 0x38000000)
   the space 12288K,  88% used [0x34000000, 0x34a9d530, 0x34a9d600, 0x34c00000)
    ro space 10240K,  42% used [0x38000000, 0x38434778, 0x38434800, 0x38a00000)
    rw space 12288K,  52% used [0x38a00000, 0x39049a68, 0x39049c00, 0x39600000)
Event: 55.373 GC heap after
Heap after GC invocations=35 (full 8):
 def new generation   total 34816K, used 3806K [0x24000000, 0x265c0000, 0x29550000)
  eden space 30976K,   0% used [0x24000000, 0x24000000, 0x25e40000)
  from space 3840K,  99% used [0x25e40000, 0x261f7af0, 0x26200000)
  to   space 3840K,   0% used [0x26200000, 0x26200000, 0x265c0000)
 tenured generation   total 77100K, used 59551K [0x29550000, 0x2e09b000, 0x34000000)
   the space 77100K,  77% used [0x29550000, 0x2cf77d38, 0x2cf77e00, 0x2e09b000)
 compacting perm gen  total 12288K, used 10869K [0x34000000, 0x34c00000, 0x38000000)
   the space 12288K,  88% used [0x34000000, 0x34a9d530, 0x34a9d600, 0x34c00000)
    ro space 10240K,  42% used [0x38000000, 0x38434778, 0x38434800, 0x38a00000)
    rw space 12288K,  52% used [0x38a00000, 0x39049a68, 0x39049c00, 0x39600000)
}
Event: 57.866 GC heap before
{Heap before GC invocations=35 (full 8):
 def new generation   total 34816K, used 34816K [0x24000000, 0x265c0000, 0x29550000)
  eden space 30976K, 100% used [0x24000000, 0x25e40000, 0x25e40000)
  from space 3840K, 100% used [0x25e40000, 0x26200000, 0x26200000)
  to   space 3840K,   0% used [0x26200000, 0x26200000, 0x265c0000)
 tenured generation   total 77100K, used 60977K [0x29550000, 0x2e09b000, 0x34000000)
   the space 77100K,  79% used [0x29550000, 0x2d0dc760, 0x2d0dc800, 0x2e09b000)
 compacting perm gen  total 12288K, used 10869K [0x34000000, 0x34c00000, 0x38000000)
   the space 12288K,  88% used [0x34000000, 0x34a9d560, 0x34a9d600, 0x34c00000)
    ro space 10240K,  42% used [0x38000000, 0x38434778, 0x38434800, 0x38a00000)
    rw space 12288K,  52% used [0x38a00000, 0x39049a68, 0x39049c00, 0x39600000)
Event: 57.872 GC heap after
Heap after GC invocations=36 (full 8):
 def new generation   total 34816K, used 3840K [0x24000000, 0x265c0000, 0x29550000)
  eden space 30976K,   0% used [0x24000000, 0x24000000, 0x25e40000)
  from space 3840K, 100% used [0x26200000, 0x265c0000, 0x265c0000)
  to   space 3840K,   0% used [0x25e40000, 0x25e40000, 0x26200000)
 tenured generation   total 77100K, used 76941K [0x29550000, 0x2e09b000, 0x34000000)
   the space 77100K,  99% used [0x29550000, 0x2e073450, 0x2e073600, 0x2e09b000)
 compacting perm gen  total 12288K, used 10869K [0x34000000, 0x34c00000, 0x38000000)
   the space 12288K,  88% used [0x34000000, 0x34a9d560, 0x34a9d600, 0x34c00000)
    ro space 10240K,  42% used [0x38000000, 0x38434778, 0x38434800, 0x38a00000)
    rw space 12288K,  52% used [0x38a00000, 0x39049a68, 0x39049c00, 0x39600000)
}
Event: 115.197 GC heap before
{Heap before GC invocations=36 (full 8):
 def new generation   total 34816K, used 31494K [0x24000000, 0x265c0000, 0x29550000)
  eden space 30976K,  89% used [0x24000000, 0x25b01af0, 0x25e40000)
  from space 3840K, 100% used [0x26200000, 0x265c0000, 0x265c0000)
  to   space 3840K,   0% used [0x25e40000, 0x25e40000, 0x26200000)
 tenured generation   total 77100K, used 76941K [0x29550000, 0x2e09b000, 0x34000000)
   the space 77100K,  99% used [0x29550000, 0x2e073450, 0x2e073600, 0x2e09b000)
 compacting perm gen  total 12288K, used 10869K [0x34000000, 0x34c00000, 0x38000000)
   the space 12288K,  88% used [0x34000000, 0x34a9d650, 0x34a9d800, 0x34c00000)
    ro space 10240K,  42% used [0x38000000, 0x38434778, 0x38434800, 0x38a00000)
    rw space 12288K,  52% used [0x38a00000, 0x39049a68, 0x39049c00, 0x39600000)
Event: 115.269 GC heap after
Heap after GC invocations=37 (full 9):
 def new generation   total 34752K, used 0K [0x24000000, 0x265b0000, 0x29550000)
  eden space 30912K,   0% used [0x24000000, 0x24000000, 0x25e30000)
  from space 3840K,   0% used [0x25e30000, 0x25e30000, 0x261f0000)
  to   space 3840K,   0% used [0x261f0000, 0x261f0000, 0x265b0000)
 tenured generation   total 77100K, used 43883K [0x29550000, 0x2e09b000, 0x34000000)
   the space 77100K,  56% used [0x29550000, 0x2c02ac90, 0x2c02ae00, 0x2e09b000)
 compacting perm gen  total 12288K, used 10869K [0x34000000, 0x34c00000, 0x38000000)
   the space 12288K,  88% used [0x34000000, 0x34a9d650, 0x34a9d800, 0x34c00000)
    ro space 10240K,  42% used [0x38000000, 0x38434778, 0x38434800, 0x38a00000)
    rw space 12288K,  52% used [0x38a00000, 0x39049a68, 0x39049c00, 0x39600000)
}

