# JRE version: Java(TM) SE Runtime Environment (7.0_60-b19) (build 1.7.0_60-b19)
# Java VM: Java HotSpot(TM) Client VM (24.60-b09 mixed mode, sharing windows-x86 )
Heap
 def new generation   total 33664K, used 16836K [0x24000000, 0x26480000, 0x29550000)
  eden space 29952K,  56% used [0x24000000, 0x25071060, 0x25d40000)
  from space 3712K,   0% used [0x25d40000, 0x25d40000, 0x260e0000)
  to   space 3712K,   0% used [0x260e0000, 0x260e0000, 0x26480000)
 tenured generation   total 74696K, used 44817K [0x29550000, 0x2de42000, 0x34000000)
   the space 74696K,  59% used [0x29550000, 0x2c114458, 0x2c114600, 0x2de42000)
 compacting perm gen  total 12288K, used 8793K [0x34000000, 0x34c00000, 0x38000000)
   the space 12288K,  71% used [0x34000000, 0x348965c8, 0x34896600, 0x34c00000)
    ro space 10240K,  42% used [0x38000000, 0x38434778, 0x38434800, 0x38a00000)
    rw space 12288K,  52% used [0x38a00000, 0x39049a68, 0x39049c00, 0x39600000)
GC Heap History (10 events):
Event: 9.195 GC heap before
{Heap before GC invocations=18 (full 4):
 def new generation   total 21312K, used 21178K [0x24000000, 0x25720000, 0x29550000)
  eden space 18944K,  99% used [0x24000000, 0x2525e808, 0x25280000)
  from space 2368K, 100% used [0x254d0000, 0x25720000, 0x25720000)
  to   space 2368K,   0% used [0x25280000, 0x25280000, 0x254d0000)
 tenured generation   total 47296K, used 42931K [0x29550000, 0x2c380000, 0x34000000)
   the space 47296K,  90% used [0x29550000, 0x2bf3cdd8, 0x2bf3ce00, 0x2c380000)
 compacting perm gen  total 12288K, used 8783K [0x34000000, 0x34c00000, 0x38000000)
   the space 12288K,  71% used [0x34000000, 0x34893f78, 0x34894000, 0x34c00000)
    ro space 10240K,  42% used [0x38000000, 0x38434778, 0x38434800, 0x38a00000)
    rw space 12288K,  52% used [0x38a00000, 0x39049a68, 0x39049c00, 0x39600000)
Event: 9.203 GC heap after
Heap after GC invocations=19 (full 4):
 def new generation   total 21312K, used 2367K [0x24000000, 0x25720000, 0x29550000)
  eden space 18944K,   0% used [0x24000000, 0x24000000, 0x25280000)
  from space 2368K,  99% used [0x25280000, 0x254cfec8, 0x254d0000)
  to   space 2368K,   0% used [0x254d0000, 0x254d0000, 0x25720000)
 tenured generation   total 54692K, used 54607K [0x29550000, 0x2cab9000, 0x34000000)
   the space 54692K,  99% used [0x29550000, 0x2caa3d70, 0x2caa3e00, 0x2cab9000)
 compacting perm gen  total 12288K, used 8783K [0x34000000, 0x34c00000, 0x38000000)
   the space 12288K,  71% used [0x34000000, 0x34893f78, 0x34894000, 0x34c00000)
    ro space 10240K,  42% used [0x38000000, 0x38434778, 0x38434800, 0x38a00000)
    rw space 12288K,  52% used [0x38a00000, 0x39049a68, 0x39049c00, 0x39600000)
}
Event: 9.939 GC heap before
{Heap before GC invocations=19 (full 4):
 def new generation   total 21312K, used 21254K [0x24000000, 0x25720000, 0x29550000)
  eden space 18944K,  99% used [0x24000000, 0x25271d28, 0x25280000)
  from space 2368K,  99% used [0x25280000, 0x254cfec8, 0x254d0000)
  to   space 2368K,   0% used [0x254d0000, 0x254d0000, 0x25720000)
 tenured generation   total 54952K, used 54863K [0x29550000, 0x2cafa000, 0x34000000)
   the space 54952K,  99% used [0x29550000, 0x2cae3d80, 0x2cae3e00, 0x2cafa000)
 compacting perm gen  total 12288K, used 8783K [0x34000000, 0x34c00000, 0x38000000)
   the space 12288K,  71% used [0x34000000, 0x34893fb8, 0x34894000, 0x34c00000)
    ro space 10240K,  42% used [0x38000000, 0x38434778, 0x38434800, 0x38a00000)
    rw space 12288K,  52% used [0x38a00000, 0x39049a68, 0x39049c00, 0x39600000)
Event: 9.942 GC heap after
Heap after GC invocations=20 (full 4):
 def new generation   total 21312K, used 2368K [0x24000000, 0x25720000, 0x29550000)
  eden space 18944K,   0% used [0x24000000, 0x24000000, 0x25280000)
  from space 2368K, 100% used [0x254d0000, 0x25720000, 0x25720000)
  to   space 2368K,   0% used [0x25280000, 0x25280000, 0x254d0000)
 tenured generation   total 59500K, used 59395K [0x29550000, 0x2cf6b000, 0x34000000)
   the space 59500K,  99% used [0x29550000, 0x2cf50d30, 0x2cf50e00, 0x2cf6b000)
 compacting perm gen  total 12288K, used 8783K [0x34000000, 0x34c00000, 0x38000000)
   the space 12288K,  71% used [0x34000000, 0x34893fb8, 0x34894000, 0x34c00000)
    ro space 10240K,  42% used [0x38000000, 0x38434778, 0x38434800, 0x38a00000)
    rw space 12288K,  52% used [0x38a00000, 0x39049a68, 0x39049c00, 0x39600000)
}
Event: 11.751 GC heap before
{Heap before GC invocations=20 (full 4):
 def new generation   total 21312K, used 19570K [0x24000000, 0x25720000, 0x29550000)
  eden space 18944K,  90% used [0x24000000, 0x250cc9a8, 0x25280000)
  from space 2368K, 100% used [0x254d0000, 0x25720000, 0x25720000)
  to   space 2368K,   0% used [0x25280000, 0x25280000, 0x254d0000)
 tenured generation   total 59500K, used 59395K [0x29550000, 0x2cf6b000, 0x34000000)
   the space 59500K,  99% used [0x29550000, 0x2cf50d30, 0x2cf50e00, 0x2cf6b000)
 compacting perm gen  total 12288K, used 8789K [0x34000000, 0x34c00000, 0x38000000)
   the space 12288K,  71% used [0x34000000, 0x34895718, 0x34895800, 0x34c00000)
    ro space 10240K,  42% used [0x38000000, 0x38434778, 0x38434800, 0x38a00000)
    rw space 12288K,  52% used [0x38a00000, 0x39049a68, 0x39049c00, 0x39600000)
Event: 11.798 GC heap after
Heap after GC invocations=21 (full 5):
 def new generation   total 32832K, used 0K [0x24000000, 0x263a0000, 0x29550000)
  eden space 29184K,   0% used [0x24000000, 0x24000000, 0x25c80000)
  from space 3648K,   0% used [0x25c80000, 0x25c80000, 0x26010000)
  to   space 3648K,   0% used [0x26010000, 0x26010000, 0x263a0000)
 tenured generation   total 72868K, used 43719K [0x29550000, 0x2dc79000, 0x34000000)
   the space 72868K,  59% used [0x29550000, 0x2c001ce8, 0x2c001e00, 0x2dc79000)
 compacting perm gen  total 12288K, used 8789K [0x34000000, 0x34c00000, 0x38000000)
   the space 12288K,  71% used [0x34000000, 0x34895718, 0x34895800, 0x34c00000)
    ro space 10240K,  42% used [0x38000000, 0x38434778, 0x38434800, 0x38a00000)
    rw space 12288K,  52% used [0x38a00000, 0x39049a68, 0x39049c00, 0x39600000)
}
Event: 11.912 GC heap before
{Heap before GC invocations=21 (full 5):
 def new generation   total 32832K, used 28952K [0x24000000, 0x263a0000, 0x29550000)
  eden space 29184K,  99% used [0x24000000, 0x25c46278, 0x25c80000)
  from space 3648K,   0% used [0x25c80000, 0x25c80000, 0x26010000)
  to   space 3648K,   0% used [0x26010000, 0x26010000, 0x263a0000)
 tenured generation   total 72868K, used 43719K [0x29550000, 0x2dc79000, 0x34000000)
   the space 72868K,  59% used [0x29550000, 0x2c001ce8, 0x2c001e00, 0x2dc79000)
 compacting perm gen  total 12288K, used 8789K [0x34000000, 0x34c00000, 0x38000000)
   the space 12288K,  71% used [0x34000000, 0x34895738, 0x34895800, 0x34c00000)
    ro space 10240K,  42% used [0x38000000, 0x38434778, 0x38434800, 0x38a00000)
    rw space 12288K,  52% used [0x38a00000, 0x39049a68, 0x39049c00, 0x39600000)
Event: 11.917 GC heap after
Heap after GC invocations=22 (full 5):
 def new generation   total 32832K, used 3473K [0x24000000, 0x263a0000, 0x29550000)
  eden space 29184K,   0% used [0x24000000, 0x24000000, 0x25c80000)
  from space 3648K,  95% used [0x26010000, 0x26374430, 0x263a0000)
  to   space 3648K,   0% used [0x25c80000, 0x25c80000, 0x26010000)
 tenured generation   total 72868K, used 56485K [0x29550000, 0x2dc79000, 0x34000000)
   the space 72868K,  77% used [0x29550000, 0x2cc79558, 0x2cc79600, 0x2dc79000)
 compacting perm gen  total 12288K, used 8789K [0x34000000, 0x34c00000, 0x38000000)
   the space 12288K,  71% used [0x34000000, 0x34895738, 0x34895800, 0x34c00000)
    ro space 10240K,  42% used [0x38000000, 0x38434778, 0x38434800, 0x38a00000)
    rw space 12288K,  52% used [0x38a00000, 0x39049a68, 0x39049c00, 0x39600000)
}
Event: 11.961 GC heap before
{Heap before GC invocations=22 (full 5):
 def new generation   total 32832K, used 29972K [0x24000000, 0x263a0000, 0x29550000)
  eden space 29184K,  90% used [0x24000000, 0x259e0e08, 0x25c80000)
  from space 3648K,  95% used [0x26010000, 0x26374430, 0x263a0000)
  to   space 3648K,   0% used [0x25c80000, 0x25c80000, 0x26010000)
 tenured generation   total 72868K, used 56485K [0x29550000, 0x2dc79000, 0x34000000)
   the space 72868K,  77% used [0x29550000, 0x2cc79558, 0x2cc79600, 0x2dc79000)
 compacting perm gen  total 12288K, used 8789K [0x34000000, 0x34c00000, 0x38000000)
   the space 12288K,  71% used [0x34000000, 0x34895748, 0x34895800, 0x34c00000)
    ro space 10240K,  42% used [0x38000000, 0x38434778, 0x38434800, 0x38a00000)
    rw space 12288K,  52% used [0x38a00000, 0x39049a68, 0x39049c00, 0x39600000)
Event: 12.015 GC heap after
Heap after GC invocations=23 (full 6):
 def new generation   total 33664K, used 0K [0x24000000, 0x26480000, 0x29550000)
  eden space 29952K,   0% used [0x24000000, 0x24000000, 0x25d40000)
  from space 3712K,   0% used [0x25d40000, 0x25d40000, 0x260e0000)
  to   space 3712K,   0% used [0x260e0000, 0x260e0000, 0x26480000)
 tenured generation   total 74696K, used 44817K [0x29550000, 0x2de42000, 0x34000000)
   the space 74696K,  59% used [0x29550000, 0x2c114458, 0x2c114600, 0x2de42000)
 compacting perm gen  total 12288K, used 8789K [0x34000000, 0x34c00000, 0x38000000)
   the space 12288K,  71% used [0x34000000, 0x34895748, 0x34895800, 0x34c00000)
    ro space 10240K,  42% used [0x38000000, 0x38434778, 0x38434800, 0x38a00000)
    rw space 12288K,  52% used [0x38a00000, 0x39049a68, 0x39049c00, 0x39600000)
}

