# JRE version: Java(TM) SE Runtime Environment (7.0_60-b19) (build 1.7.0_60-b19)
# Java VM: Java HotSpot(TM) Client VM (24.60-b09 mixed mode, sharing windows-x86 )
Heap
 def new generation   total 35904K, used 9657K [0x24000000, 0x266f0000, 0x29550000)
  eden space 31936K,  17% used [0x24000000, 0x2458f7c0, 0x25f30000)
  from space 3968K,  99% used [0x26310000, 0x266eeda0, 0x266f0000)
  to   space 3968K,   0% used [0x25f30000, 0x25f30000, 0x26310000)
 tenured generation   total 79616K, used 55192K [0x29550000, 0x2e310000, 0x34000000)
   the space 79616K,  69% used [0x29550000, 0x2cb362b0, 0x2cb36400, 0x2e310000)
 compacting perm gen  total 12288K, used 8847K [0x34000000, 0x34c00000, 0x38000000)
   the space 12288K,  72% used [0x34000000, 0x348a3e10, 0x348a4000, 0x34c00000)
    ro space 10240K,  42% used [0x38000000, 0x38434778, 0x38434800, 0x38a00000)
    rw space 12288K,  52% used [0x38a00000, 0x39049a68, 0x39049c00, 0x39600000)
GC Heap History (10 events):
Event: 13.282 GC heap before
{Heap before GC invocations=22 (full 4):
 def new generation   total 17856K, used 17666K [0x24000000, 0x25360000, 0x29550000)
  eden space 15872K, 100% used [0x24000000, 0x24f80000, 0x24f80000)
  from space 1984K,  90% used [0x25170000, 0x253308f0, 0x25360000)
  to   space 1984K,   0% used [0x24f80000, 0x24f80000, 0x25170000)
 tenured generation   total 39540K, used 37298K [0x29550000, 0x2bbed000, 0x34000000)
   the space 39540K,  94% used [0x29550000, 0x2b9bc8f8, 0x2b9bca00, 0x2bbed000)
 compacting perm gen  total 12288K, used 8836K [0x34000000, 0x34c00000, 0x38000000)
   the space 12288K,  71% used [0x34000000, 0x348a13c0, 0x348a1400, 0x34c00000)
    ro space 10240K,  42% used [0x38000000, 0x38434778, 0x38434800, 0x38a00000)
    rw space 12288K,  52% used [0x38a00000, 0x39049a68, 0x39049c00, 0x39600000)
Event: 13.287 GC heap after
Heap after GC invocations=23 (full 4):
 def new generation   total 17856K, used 1984K [0x24000000, 0x25360000, 0x29550000)
  eden space 15872K,   0% used [0x24000000, 0x24000000, 0x24f80000)
  from space 1984K, 100% used [0x24f80000, 0x25170000, 0x25170000)
  to   space 1984K,   0% used [0x25170000, 0x25170000, 0x25360000)
 tenured generation   total 44252K, used 44131K [0x29550000, 0x2c087000, 0x34000000)
   the space 44252K,  99% used [0x29550000, 0x2c068d50, 0x2c068e00, 0x2c087000)
 compacting perm gen  total 12288K, used 8836K [0x34000000, 0x34c00000, 0x38000000)
   the space 12288K,  71% used [0x34000000, 0x348a13c0, 0x348a1400, 0x34c00000)
    ro space 10240K,  42% used [0x38000000, 0x38434778, 0x38434800, 0x38a00000)
    rw space 12288K,  52% used [0x38a00000, 0x39049a68, 0x39049c00, 0x39600000)
}
Event: 13.389 GC heap before
{Heap before GC invocations=23 (full 4):
 def new generation   total 17856K, used 17822K [0x24000000, 0x25360000, 0x29550000)
  eden space 15872K,  99% used [0x24000000, 0x24f779f8, 0x24f80000)
  from space 1984K, 100% used [0x24f80000, 0x25170000, 0x25170000)
  to   space 1984K,   0% used [0x25170000, 0x25170000, 0x25360000)
 tenured generation   total 44252K, used 44131K [0x29550000, 0x2c087000, 0x34000000)
   the space 44252K,  99% used [0x29550000, 0x2c068d50, 0x2c068e00, 0x2c087000)
 compacting perm gen  total 12288K, used 8837K [0x34000000, 0x34c00000, 0x38000000)
   the space 12288K,  71% used [0x34000000, 0x348a1480, 0x348a1600, 0x34c00000)
    ro space 10240K,  42% used [0x38000000, 0x38434778, 0x38434800, 0x38a00000)
    rw space 12288K,  52% used [0x38a00000, 0x39049a68, 0x39049c00, 0x39600000)
Event: 13.445 GC heap after
Heap after GC invocations=24 (full 5):
 def new generation   total 25920K, used 0K [0x24000000, 0x25c20000, 0x29550000)
  eden space 23040K,   0% used [0x24000000, 0x24000000, 0x25680000)
  from space 2880K,   0% used [0x25680000, 0x25680000, 0x25950000)
  to   space 2880K,   0% used [0x25950000, 0x25950000, 0x25c20000)
 tenured generation   total 57472K, used 34482K [0x29550000, 0x2cd70000, 0x34000000)
   the space 57472K,  59% used [0x29550000, 0x2b6fcac8, 0x2b6fcc00, 0x2cd70000)
 compacting perm gen  total 12288K, used 8837K [0x34000000, 0x34c00000, 0x38000000)
   the space 12288K,  71% used [0x34000000, 0x348a1480, 0x348a1600, 0x34c00000)
    ro space 10240K,  42% used [0x38000000, 0x38434778, 0x38434800, 0x38a00000)
    rw space 12288K,  52% used [0x38a00000, 0x39049a68, 0x39049c00, 0x39600000)
}
Event: 16.518 GC heap before
{Heap before GC invocations=24 (full 5):
 def new generation   total 25920K, used 20135K [0x24000000, 0x25c20000, 0x29550000)
  eden space 23040K,  87% used [0x24000000, 0x253a9db8, 0x25680000)
  from space 2880K,   0% used [0x25680000, 0x25680000, 0x25950000)
  to   space 2880K,   0% used [0x25950000, 0x25950000, 0x25c20000)
 tenured generation   total 57472K, used 34482K [0x29550000, 0x2cd70000, 0x34000000)
   the space 57472K,  59% used [0x29550000, 0x2b6fcac8, 0x2b6fcc00, 0x2cd70000)
 compacting perm gen  total 12288K, used 8843K [0x34000000, 0x34c00000, 0x38000000)
   the space 12288K,  71% used [0x34000000, 0x348a2c20, 0x348a2e00, 0x34c00000)
    ro space 10240K,  42% used [0x38000000, 0x38434778, 0x38434800, 0x38a00000)
    rw space 12288K,  52% used [0x38a00000, 0x39049a68, 0x39049c00, 0x39600000)
Event: 16.522 GC heap after
Heap after GC invocations=25 (full 5):
 def new generation   total 25920K, used 2872K [0x24000000, 0x25c20000, 0x29550000)
  eden space 23040K,   0% used [0x24000000, 0x24000000, 0x25680000)
  from space 2880K,  99% used [0x25950000, 0x25c1e368, 0x25c20000)
  to   space 2880K,   0% used [0x25680000, 0x25680000, 0x25950000)
 tenured generation   total 57472K, used 44251K [0x29550000, 0x2cd70000, 0x34000000)
   the space 57472K,  76% used [0x29550000, 0x2c086fd8, 0x2c087000, 0x2cd70000)
 compacting perm gen  total 12288K, used 8843K [0x34000000, 0x34c00000, 0x38000000)
   the space 12288K,  71% used [0x34000000, 0x348a2c20, 0x348a2e00, 0x34c00000)
    ro space 10240K,  42% used [0x38000000, 0x38434778, 0x38434800, 0x38a00000)
    rw space 12288K,  52% used [0x38a00000, 0x39049a68, 0x39049c00, 0x39600000)
}
Event: 16.584 GC heap before
{Heap before GC invocations=25 (full 5):
 def new generation   total 25920K, used 24606K [0x24000000, 0x25c20000, 0x29550000)
  eden space 23040K,  94% used [0x24000000, 0x25539640, 0x25680000)
  from space 2880K,  99% used [0x25950000, 0x25c1e368, 0x25c20000)
  to   space 2880K,   0% used [0x25680000, 0x25680000, 0x25950000)
 tenured generation   total 57472K, used 44251K [0x29550000, 0x2cd70000, 0x34000000)
   the space 57472K,  76% used [0x29550000, 0x2c086fd8, 0x2c087000, 0x2cd70000)
 compacting perm gen  total 12288K, used 8843K [0x34000000, 0x34c00000, 0x38000000)
   the space 12288K,  71% used [0x34000000, 0x348a2f80, 0x348a3000, 0x34c00000)
    ro space 10240K,  42% used [0x38000000, 0x38434778, 0x38434800, 0x38a00000)
    rw space 12288K,  52% used [0x38a00000, 0x39049a68, 0x39049c00, 0x39600000)
Event: 16.652 GC heap after
Heap after GC invocations=26 (full 6):
 def new generation   total 35904K, used 0K [0x24000000, 0x266f0000, 0x29550000)
  eden space 31936K,   0% used [0x24000000, 0x24000000, 0x25f30000)
  from space 3968K,   0% used [0x25f30000, 0x25f30000, 0x26310000)
  to   space 3968K,   0% used [0x26310000, 0x26310000, 0x266f0000)
 tenured generation   total 79616K, used 47768K [0x29550000, 0x2e310000, 0x34000000)
   the space 79616K,  59% used [0x29550000, 0x2c3f60e0, 0x2c3f6200, 0x2e310000)
 compacting perm gen  total 12288K, used 8843K [0x34000000, 0x34c00000, 0x38000000)
   the space 12288K,  71% used [0x34000000, 0x348a2f80, 0x348a3000, 0x34c00000)
    ro space 10240K,  42% used [0x38000000, 0x38434778, 0x38434800, 0x38a00000)
    rw space 12288K,  52% used [0x38a00000, 0x39049a68, 0x39049c00, 0x39600000)
}
Event: 17.869 GC heap before
{Heap before GC invocations=26 (full 6):
 def new generation   total 35904K, used 31960K [0x24000000, 0x266f0000, 0x29550000)
  eden space 31936K,  99% used [0x24000000, 0x25ef61e0, 0x25f30000)
  from space 3968K,   6% used [0x25f30000, 0x25f70010, 0x26310000)
  to   space 3968K,   0% used [0x26310000, 0x26310000, 0x266f0000)
 tenured generation   total 79616K, used 47768K [0x29550000, 0x2e310000, 0x34000000)
   the space 79616K,  59% used [0x29550000, 0x2c3f60e0, 0x2c3f6200, 0x2e310000)
 compacting perm gen  total 12288K, used 8843K [0x34000000, 0x34c00000, 0x38000000)
   the space 12288K,  71% used [0x34000000, 0x348a2fc0, 0x348a3000, 0x34c00000)
    ro space 10240K,  42% used [0x38000000, 0x38434778, 0x38434800, 0x38a00000)
    rw space 12288K,  52% used [0x38a00000, 0x39049a68, 0x39049c00, 0x39600000)
Event: 17.874 GC heap after
Heap after GC invocations=27 (full 6):
 def new generation   total 35904K, used 3963K [0x24000000, 0x266f0000, 0x29550000)
  eden space 31936K,   0% used [0x24000000, 0x24000000, 0x25f30000)
  from space 3968K,  99% used [0x26310000, 0x266eeda0, 0x266f0000)
  to   space 3968K,   0% used [0x25f30000, 0x25f30000, 0x26310000)
 tenured generation   total 79616K, used 55192K [0x29550000, 0x2e310000, 0x34000000)
   the space 79616K,  69% used [0x29550000, 0x2cb362b0, 0x2cb36400, 0x2e310000)
 compacting perm gen  total 12288K, used 8843K [0x34000000, 0x34c00000, 0x38000000)
   the space 12288K,  71% used [0x34000000, 0x348a2fc0, 0x348a3000, 0x34c00000)
    ro space 10240K,  42% used [0x38000000, 0x38434778, 0x38434800, 0x38a00000)
    rw space 12288K,  52% used [0x38a00000, 0x39049a68, 0x39049c00, 0x39600000)
}

