# JRE version: Java(TM) SE Runtime Environment (7.0_60-b19) (build 1.7.0_60-b19)
# Java VM: Java HotSpot(TM) Client VM (24.60-b09 mixed mode, sharing windows-x86 )
Heap
 def new generation   total 30848K, used 6343K [0x24000000, 0x26170000, 0x29550000)
  eden space 27456K,  10% used [0x24000000, 0x242e1d68, 0x25ad0000)
  from space 3392K, 100% used [0x25e20000, 0x26170000, 0x26170000)
  to   space 3392K,   0% used [0x25ad0000, 0x25ad0000, 0x25e20000)
 tenured generation   total 68328K, used 52444K [0x29550000, 0x2d80a000, 0x34000000)
   the space 68328K,  76% used [0x29550000, 0x2c887368, 0x2c887400, 0x2d80a000)
 compacting perm gen  total 12288K, used 9381K [0x34000000, 0x34c00000, 0x38000000)
   the space 12288K,  76% used [0x34000000, 0x34929780, 0x34929800, 0x34c00000)
    ro space 10240K,  42% used [0x38000000, 0x38434778, 0x38434800, 0x38a00000)
    rw space 12288K,  52% used [0x38a00000, 0x39049a68, 0x39049c00, 0x39600000)
GC Heap History (10 events):
Event: 47.882 GC heap before
{Heap before GC invocations=16 (full 3):
 def new generation   total 12160K, used 10655K [0x24000000, 0x24d30000, 0x29550000)
  eden space 10816K,  86% used [0x24000000, 0x24917e38, 0x24a90000)
  from space 1344K, 100% used [0x24a90000, 0x24be0000, 0x24be0000)
  to   space 1344K,   0% used [0x24be0000, 0x24be0000, 0x24d30000)
 tenured generation   total 26816K, used 22739K [0x29550000, 0x2af80000, 0x34000000)
   the space 26816K,  84% used [0x29550000, 0x2ab84fe8, 0x2ab85000, 0x2af80000)
 compacting perm gen  total 12288K, used 9357K [0x34000000, 0x34c00000, 0x38000000)
   the space 12288K,  76% used [0x34000000, 0x349236c8, 0x34923800, 0x34c00000)
    ro space 10240K,  42% used [0x38000000, 0x38434778, 0x38434800, 0x38a00000)
    rw space 12288K,  52% used [0x38a00000, 0x39049a68, 0x39049c00, 0x39600000)
Event: 47.935 GC heap after
Heap after GC invocations=17 (full 4):
 def new generation   total 16896K, used 0K [0x24000000, 0x25250000, 0x29550000)
  eden space 15040K,   0% used [0x24000000, 0x24000000, 0x24eb0000)
  from space 1856K,   0% used [0x24eb0000, 0x24eb0000, 0x25080000)
  to   space 1856K,   0% used [0x25080000, 0x25080000, 0x25250000)
 tenured generation   total 37464K, used 22477K [0x29550000, 0x2b9e6000, 0x34000000)
   the space 37464K,  59% used [0x29550000, 0x2ab43500, 0x2ab43600, 0x2b9e6000)
 compacting perm gen  total 12288K, used 9341K [0x34000000, 0x34c00000, 0x38000000)
   the space 12288K,  76% used [0x34000000, 0x3491f768, 0x3491f800, 0x34c00000)
    ro space 10240K,  42% used [0x38000000, 0x38434778, 0x38434800, 0x38a00000)
    rw space 12288K,  52% used [0x38a00000, 0x39049a68, 0x39049c00, 0x39600000)
}
Event: 48.545 GC heap before
{Heap before GC invocations=17 (full 4):
 def new generation   total 16896K, used 15040K [0x24000000, 0x25250000, 0x29550000)
  eden space 15040K, 100% used [0x24000000, 0x24eb0000, 0x24eb0000)
  from space 1856K,   0% used [0x24eb0000, 0x24eb0000, 0x25080000)
  to   space 1856K,   0% used [0x25080000, 0x25080000, 0x25250000)
 tenured generation   total 37464K, used 22477K [0x29550000, 0x2b9e6000, 0x34000000)
   the space 37464K,  59% used [0x29550000, 0x2ab43500, 0x2ab43600, 0x2b9e6000)
 compacting perm gen  total 12288K, used 9342K [0x34000000, 0x34c00000, 0x38000000)
   the space 12288K,  76% used [0x34000000, 0x3491f838, 0x3491fa00, 0x34c00000)
    ro space 10240K,  42% used [0x38000000, 0x38434778, 0x38434800, 0x38a00000)
    rw space 12288K,  52% used [0x38a00000, 0x39049a68, 0x39049c00, 0x39600000)
Event: 48.550 GC heap after
Heap after GC invocations=18 (full 4):
 def new generation   total 16896K, used 1692K [0x24000000, 0x25250000, 0x29550000)
  eden space 15040K,   0% used [0x24000000, 0x24000000, 0x24eb0000)
  from space 1856K,  91% used [0x25080000, 0x252270e0, 0x25250000)
  to   space 1856K,   0% used [0x24eb0000, 0x24eb0000, 0x25080000)
 tenured generation   total 37464K, used 32415K [0x29550000, 0x2b9e6000, 0x34000000)
   the space 37464K,  86% used [0x29550000, 0x2b4f7e18, 0x2b4f8000, 0x2b9e6000)
 compacting perm gen  total 12288K, used 9342K [0x34000000, 0x34c00000, 0x38000000)
   the space 12288K,  76% used [0x34000000, 0x3491f838, 0x3491fa00, 0x34c00000)
    ro space 10240K,  42% used [0x38000000, 0x38434778, 0x38434800, 0x38a00000)
    rw space 12288K,  52% used [0x38a00000, 0x39049a68, 0x39049c00, 0x39600000)
}
Event: 56.829 GC heap before
{Heap before GC invocations=18 (full 4):
 def new generation   total 16896K, used 16739K [0x24000000, 0x25250000, 0x29550000)
  eden space 15040K, 100% used [0x24000000, 0x24eb0000, 0x24eb0000)
  from space 1856K,  91% used [0x25080000, 0x25228ea0, 0x25250000)
  to   space 1856K,   0% used [0x24eb0000, 0x24eb0000, 0x25080000)
 tenured generation   total 37464K, used 32991K [0x29550000, 0x2b9e6000, 0x34000000)
   the space 37464K,  88% used [0x29550000, 0x2b587e48, 0x2b588000, 0x2b9e6000)
 compacting perm gen  total 12288K, used 9346K [0x34000000, 0x34c00000, 0x38000000)
   the space 12288K,  76% used [0x34000000, 0x34920a70, 0x34920c00, 0x34c00000)
    ro space 10240K,  42% used [0x38000000, 0x38434778, 0x38434800, 0x38a00000)
    rw space 12288K,  52% used [0x38a00000, 0x39049a68, 0x39049c00, 0x39600000)
Event: 56.834 GC heap after
Heap after GC invocations=19 (full 4):
 def new generation   total 16896K, used 1856K [0x24000000, 0x25250000, 0x29550000)
  eden space 15040K,   0% used [0x24000000, 0x24000000, 0x24eb0000)
  from space 1856K, 100% used [0x24eb0000, 0x25080000, 0x25080000)
  to   space 1856K,   0% used [0x25080000, 0x25080000, 0x25250000)
 tenured generation   total 37788K, used 37669K [0x29550000, 0x2ba37000, 0x34000000)
   the space 37788K,  99% used [0x29550000, 0x2ba195d8, 0x2ba19600, 0x2ba37000)
 compacting perm gen  total 12288K, used 9346K [0x34000000, 0x34c00000, 0x38000000)
   the space 12288K,  76% used [0x34000000, 0x34920a70, 0x34920c00, 0x34c00000)
    ro space 10240K,  42% used [0x38000000, 0x38434778, 0x38434800, 0x38a00000)
    rw space 12288K,  52% used [0x38a00000, 0x39049a68, 0x39049c00, 0x39600000)
}
Event: 62.561 GC heap before
{Heap before GC invocations=19 (full 4):
 def new generation   total 16896K, used 16896K [0x24000000, 0x25250000, 0x29550000)
  eden space 15040K, 100% used [0x24000000, 0x24eb0000, 0x24eb0000)
  from space 1856K, 100% used [0x24eb0000, 0x25080000, 0x25080000)
  to   space 1856K,   0% used [0x25080000, 0x25080000, 0x25250000)
 tenured generation   total 37788K, used 37669K [0x29550000, 0x2ba37000, 0x34000000)
   the space 37788K,  99% used [0x29550000, 0x2ba195d8, 0x2ba19600, 0x2ba37000)
 compacting perm gen  total 12288K, used 9364K [0x34000000, 0x34c00000, 0x38000000)
   the space 12288K,  76% used [0x34000000, 0x34925340, 0x34925400, 0x34c00000)
    ro space 10240K,  42% used [0x38000000, 0x38434778, 0x38434800, 0x38a00000)
    rw space 12288K,  52% used [0x38a00000, 0x39049a68, 0x39049c00, 0x39600000)
Event: 62.632 GC heap after
Heap after GC invocations=20 (full 5):
 def new generation   total 30848K, used 0K [0x24000000, 0x26170000, 0x29550000)
  eden space 27456K,   0% used [0x24000000, 0x24000000, 0x25ad0000)
  from space 3392K,   0% used [0x25ad0000, 0x25ad0000, 0x25e20000)
  to   space 3392K,   0% used [0x25e20000, 0x25e20000, 0x26170000)
 tenured generation   total 68328K, used 40995K [0x29550000, 0x2d80a000, 0x34000000)
   the space 68328K,  59% used [0x29550000, 0x2bd58e48, 0x2bd59000, 0x2d80a000)
 compacting perm gen  total 12288K, used 9364K [0x34000000, 0x34c00000, 0x38000000)
   the space 12288K,  76% used [0x34000000, 0x34925340, 0x34925400, 0x34c00000)
    ro space 10240K,  42% used [0x38000000, 0x38434778, 0x38434800, 0x38a00000)
    rw space 12288K,  52% used [0x38a00000, 0x39049a68, 0x39049c00, 0x39600000)
}
Event: 71.339 GC heap before
{Heap before GC invocations=20 (full 5):
 def new generation   total 30848K, used 27456K [0x24000000, 0x26170000, 0x29550000)
  eden space 27456K, 100% used [0x24000000, 0x25ad0000, 0x25ad0000)
  from space 3392K,   0% used [0x25ad0000, 0x25ad0000, 0x25e20000)
  to   space 3392K,   0% used [0x25e20000, 0x25e20000, 0x26170000)
 tenured generation   total 68328K, used 40995K [0x29550000, 0x2d80a000, 0x34000000)
   the space 68328K,  59% used [0x29550000, 0x2bd58e48, 0x2bd59000, 0x2d80a000)
 compacting perm gen  total 12288K, used 9367K [0x34000000, 0x34c00000, 0x38000000)
   the space 12288K,  76% used [0x34000000, 0x34925f28, 0x34926000, 0x34c00000)
    ro space 10240K,  42% used [0x38000000, 0x38434778, 0x38434800, 0x38a00000)
    rw space 12288K,  52% used [0x38a00000, 0x39049a68, 0x39049c00, 0x39600000)
Event: 71.348 GC heap after
Heap after GC invocations=21 (full 5):
 def new generation   total 30848K, used 3392K [0x24000000, 0x26170000, 0x29550000)
  eden space 27456K,   0% used [0x24000000, 0x24000000, 0x25ad0000)
  from space 3392K, 100% used [0x25e20000, 0x26170000, 0x26170000)
  to   space 3392K,   0% used [0x25ad0000, 0x25ad0000, 0x25e20000)
 tenured generation   total 68328K, used 52444K [0x29550000, 0x2d80a000, 0x34000000)
   the space 68328K,  76% used [0x29550000, 0x2c887368, 0x2c887400, 0x2d80a000)
 compacting perm gen  total 12288K, used 9367K [0x34000000, 0x34c00000, 0x38000000)
   the space 12288K,  76% used [0x34000000, 0x34925f28, 0x34926000, 0x34c00000)
    ro space 10240K,  42% used [0x38000000, 0x38434778, 0x38434800, 0x38a00000)
    rw space 12288K,  52% used [0x38a00000, 0x39049a68, 0x39049c00, 0x39600000)
}

