# JRE version: Java(TM) SE Runtime Environment (7.0_60-b19) (build 1.7.0_60-b19)
# Java VM: Java HotSpot(TM) Client VM (24.60-b09 mixed mode, sharing windows-x86 )
Heap
 def new generation   total 17024K, used 11620K [0x24000000, 0x25270000, 0x29550000)
  eden space 15168K,  65% used [0x24000000, 0x249afc60, 0x24ed0000)
  from space 1856K,  91% used [0x24ed0000, 0x250794a0, 0x250a0000)
  to   space 1856K,   0% used [0x250a0000, 0x250a0000, 0x25270000)
 tenured generation   total 37704K, used 37215K [0x29550000, 0x2ba22000, 0x34000000)
   the space 37704K,  98% used [0x29550000, 0x2b9a7d60, 0x2b9a7e00, 0x2ba22000)
 compacting perm gen  total 12288K, used 8784K [0x34000000, 0x34c00000, 0x38000000)
   the space 12288K,  71% used [0x34000000, 0x34894228, 0x34894400, 0x34c00000)
    ro space 10240K,  42% used [0x38000000, 0x38434778, 0x38434800, 0x38a00000)
    rw space 12288K,  52% used [0x38a00000, 0x39049a68, 0x39049c00, 0x39600000)
GC Heap History (10 events):
Event: 4.228 GC heap before
{Heap before GC invocations=13 (full 2):
 def new generation   total 9728K, used 7534K [0x24000000, 0x24a80000, 0x29550000)
  eden space 8704K,  86% used [0x24000000, 0x2475a100, 0x24880000)
  from space 1024K,   0% used [0x24980000, 0x24981978, 0x24a80000)
  to   space 1024K,   0% used [0x24880000, 0x24880000, 0x24980000)
 tenured generation   total 21316K, used 20247K [0x29550000, 0x2aa21000, 0x34000000)
   the space 21316K,  94% used [0x29550000, 0x2a915df0, 0x2a915e00, 0x2aa21000)
 compacting perm gen  total 12288K, used 8501K [0x34000000, 0x34c00000, 0x38000000)
   the space 12288K,  69% used [0x34000000, 0x3484d448, 0x3484d600, 0x34c00000)
    ro space 10240K,  42% used [0x38000000, 0x38434778, 0x38434800, 0x38a00000)
    rw space 12288K,  52% used [0x38a00000, 0x39049a68, 0x39049c00, 0x39600000)
Event: 4.290 GC heap after
Heap after GC invocations=14 (full 3):
 def new generation   total 11712K, used 0K [0x24000000, 0x24cb0000, 0x29550000)
  eden space 10432K,   0% used [0x24000000, 0x24000000, 0x24a30000)
  from space 1280K,   0% used [0x24a30000, 0x24a30000, 0x24b70000)
  to   space 1280K,   0% used [0x24b70000, 0x24b70000, 0x24cb0000)
 tenured generation   total 25764K, used 15456K [0x29550000, 0x2ae79000, 0x34000000)
   the space 25764K,  59% used [0x29550000, 0x2a468308, 0x2a468400, 0x2ae79000)
 compacting perm gen  total 12288K, used 8501K [0x34000000, 0x34c00000, 0x38000000)
   the space 12288K,  69% used [0x34000000, 0x3484d448, 0x3484d600, 0x34c00000)
    ro space 10240K,  42% used [0x38000000, 0x38434778, 0x38434800, 0x38a00000)
    rw space 12288K,  52% used [0x38a00000, 0x39049a68, 0x39049c00, 0x39600000)
}
Event: 9.774 GC heap before
{Heap before GC invocations=14 (full 3):
 def new generation   total 11712K, used 10142K [0x24000000, 0x24cb0000, 0x29550000)
  eden space 10432K,  97% used [0x24000000, 0x249e7a58, 0x24a30000)
  from space 1280K,   0% used [0x24a30000, 0x24a30000, 0x24b70000)
  to   space 1280K,   0% used [0x24b70000, 0x24b70000, 0x24cb0000)
 tenured generation   total 25764K, used 15456K [0x29550000, 0x2ae79000, 0x34000000)
   the space 25764K,  59% used [0x29550000, 0x2a468308, 0x2a468400, 0x2ae79000)
 compacting perm gen  total 12288K, used 8566K [0x34000000, 0x34c00000, 0x38000000)
   the space 12288K,  69% used [0x34000000, 0x3485d828, 0x3485da00, 0x34c00000)
    ro space 10240K,  42% used [0x38000000, 0x38434778, 0x38434800, 0x38a00000)
    rw space 12288K,  52% used [0x38a00000, 0x39049a68, 0x39049c00, 0x39600000)
Event: 9.777 GC heap after
Heap after GC invocations=15 (full 3):
 def new generation   total 11712K, used 1280K [0x24000000, 0x24cb0000, 0x29550000)
  eden space 10432K,   0% used [0x24000000, 0x24000000, 0x24a30000)
  from space 1280K, 100% used [0x24b70000, 0x24cb0000, 0x24cb0000)
  to   space 1280K,   0% used [0x24a30000, 0x24a30000, 0x24b70000)
 tenured generation   total 25764K, used 19211K [0x29550000, 0x2ae79000, 0x34000000)
   the space 25764K,  74% used [0x29550000, 0x2a812c58, 0x2a812e00, 0x2ae79000)
 compacting perm gen  total 12288K, used 8566K [0x34000000, 0x34c00000, 0x38000000)
   the space 12288K,  69% used [0x34000000, 0x3485d828, 0x3485da00, 0x34c00000)
    ro space 10240K,  42% used [0x38000000, 0x38434778, 0x38434800, 0x38a00000)
    rw space 12288K,  52% used [0x38a00000, 0x39049a68, 0x39049c00, 0x39600000)
}
Event: 9.780 GC heap before
{Heap before GC invocations=15 (full 3):
 def new generation   total 11712K, used 10492K [0x24000000, 0x24cb0000, 0x29550000)
  eden space 10432K,  88% used [0x24000000, 0x248ff130, 0x24a30000)
  from space 1280K, 100% used [0x24b70000, 0x24cb0000, 0x24cb0000)
  to   space 1280K,   0% used [0x24a30000, 0x24a30000, 0x24b70000)
 tenured generation   total 25764K, used 19211K [0x29550000, 0x2ae79000, 0x34000000)
   the space 25764K,  74% used [0x29550000, 0x2a812c58, 0x2a812e00, 0x2ae79000)
 compacting perm gen  total 12288K, used 8566K [0x34000000, 0x34c00000, 0x38000000)
   the space 12288K,  69% used [0x34000000, 0x3485d828, 0x3485da00, 0x34c00000)
    ro space 10240K,  42% used [0x38000000, 0x38434778, 0x38434800, 0x38a00000)
    rw space 12288K,  52% used [0x38a00000, 0x39049a68, 0x39049c00, 0x39600000)
Event: 9.833 GC heap after
Heap after GC invocations=16 (full 4):
 def new generation   total 17024K, used 0K [0x24000000, 0x25270000, 0x29550000)
  eden space 15168K,   0% used [0x24000000, 0x24000000, 0x24ed0000)
  from space 1856K,   0% used [0x24ed0000, 0x24ed0000, 0x250a0000)
  to   space 1856K,   0% used [0x250a0000, 0x250a0000, 0x25270000)
 tenured generation   total 37704K, used 22622K [0x29550000, 0x2ba22000, 0x34000000)
   the space 37704K,  59% used [0x29550000, 0x2ab678b0, 0x2ab67a00, 0x2ba22000)
 compacting perm gen  total 12288K, used 8559K [0x34000000, 0x34c00000, 0x38000000)
   the space 12288K,  69% used [0x34000000, 0x3485bff0, 0x3485c000, 0x34c00000)
    ro space 10240K,  42% used [0x38000000, 0x38434778, 0x38434800, 0x38a00000)
    rw space 12288K,  52% used [0x38a00000, 0x39049a68, 0x39049c00, 0x39600000)
}
Event: 10.877 GC heap before
{Heap before GC invocations=16 (full 4):
 def new generation   total 17024K, used 15168K [0x24000000, 0x25270000, 0x29550000)
  eden space 15168K, 100% used [0x24000000, 0x24ed0000, 0x24ed0000)
  from space 1856K,   0% used [0x24ed0000, 0x24ed0000, 0x250a0000)
  to   space 1856K,   0% used [0x250a0000, 0x250a0000, 0x25270000)
 tenured generation   total 37704K, used 22622K [0x29550000, 0x2ba22000, 0x34000000)
   the space 37704K,  59% used [0x29550000, 0x2ab678b0, 0x2ab67a00, 0x2ba22000)
 compacting perm gen  total 12288K, used 8560K [0x34000000, 0x34c00000, 0x38000000)
   the space 12288K,  69% used [0x34000000, 0x3485c208, 0x3485c400, 0x34c00000)
    ro space 10240K,  42% used [0x38000000, 0x38434778, 0x38434800, 0x38a00000)
    rw space 12288K,  52% used [0x38a00000, 0x39049a68, 0x39049c00, 0x39600000)
Event: 10.883 GC heap after
Heap after GC invocations=17 (full 4):
 def new generation   total 17024K, used 1680K [0x24000000, 0x25270000, 0x29550000)
  eden space 15168K,   0% used [0x24000000, 0x24000000, 0x24ed0000)
  from space 1856K,  90% used [0x250a0000, 0x25244190, 0x25270000)
  to   space 1856K,   0% used [0x24ed0000, 0x24ed0000, 0x250a0000)
 tenured generation   total 37704K, used 32560K [0x29550000, 0x2ba22000, 0x34000000)
   the space 37704K,  86% used [0x29550000, 0x2b51c1c8, 0x2b51c200, 0x2ba22000)
 compacting perm gen  total 12288K, used 8560K [0x34000000, 0x34c00000, 0x38000000)
   the space 12288K,  69% used [0x34000000, 0x3485c208, 0x3485c400, 0x34c00000)
    ro space 10240K,  42% used [0x38000000, 0x38434778, 0x38434800, 0x38a00000)
    rw space 12288K,  52% used [0x38a00000, 0x39049a68, 0x39049c00, 0x39600000)
}
Event: 21.538 GC heap before
{Heap before GC invocations=17 (full 4):
 def new generation   total 17024K, used 16848K [0x24000000, 0x25270000, 0x29550000)
  eden space 15168K, 100% used [0x24000000, 0x24ed0000, 0x24ed0000)
  from space 1856K,  90% used [0x250a0000, 0x25244190, 0x25270000)
  to   space 1856K,   0% used [0x24ed0000, 0x24ed0000, 0x250a0000)
 tenured generation   total 37704K, used 32560K [0x29550000, 0x2ba22000, 0x34000000)
   the space 37704K,  86% used [0x29550000, 0x2b51c1c8, 0x2b51c200, 0x2ba22000)
 compacting perm gen  total 12288K, used 8568K [0x34000000, 0x34c00000, 0x38000000)
   the space 12288K,  69% used [0x34000000, 0x3485e000, 0x3485e000, 0x34c00000)
    ro space 10240K,  42% used [0x38000000, 0x38434778, 0x38434800, 0x38a00000)
    rw space 12288K,  52% used [0x38a00000, 0x39049a68, 0x39049c00, 0x39600000)
Event: 21.543 GC heap after
Heap after GC invocations=18 (full 4):
 def new generation   total 17024K, used 1701K [0x24000000, 0x25270000, 0x29550000)
  eden space 15168K,   0% used [0x24000000, 0x24000000, 0x24ed0000)
  from space 1856K,  91% used [0x24ed0000, 0x250794a0, 0x250a0000)
  to   space 1856K,   0% used [0x250a0000, 0x250a0000, 0x25270000)
 tenured generation   total 37704K, used 37215K [0x29550000, 0x2ba22000, 0x34000000)
   the space 37704K,  98% used [0x29550000, 0x2b9a7d60, 0x2b9a7e00, 0x2ba22000)
 compacting perm gen  total 12288K, used 8568K [0x34000000, 0x34c00000, 0x38000000)
   the space 12288K,  69% used [0x34000000, 0x3485e000, 0x3485e000, 0x34c00000)
    ro space 10240K,  42% used [0x38000000, 0x38434778, 0x38434800, 0x38a00000)
    rw space 12288K,  52% used [0x38a00000, 0x39049a68, 0x39049c00, 0x39600000)
}

