# JRE version: Java(TM) SE Runtime Environment (7.0_60-b19) (build 1.7.0_60-b19)
# Java VM: Java HotSpot(TM) Client VM (24.60-b09 mixed mode, sharing windows-x86 )
Heap
 def new generation   total 18368K, used 8853K [0x24000000, 0x253e0000, 0x29550000)
  eden space 16384K,  54% used [0x24000000, 0x248a54b8, 0x25000000)
  from space 1984K,   0% used [0x25000000, 0x25000000, 0x251f0000)
  to   space 1984K,   0% used [0x251f0000, 0x251f0000, 0x253e0000)
 tenured generation   total 40532K, used 24317K [0x29550000, 0x2bce5000, 0x34000000)
   the space 40532K,  59% used [0x29550000, 0x2ad0f720, 0x2ad0f800, 0x2bce5000)
 compacting perm gen  total 12288K, used 8786K [0x34000000, 0x34c00000, 0x38000000)
   the space 12288K,  71% used [0x34000000, 0x348948d8, 0x34894a00, 0x34c00000)
    ro space 10240K,  42% used [0x38000000, 0x38434778, 0x38434800, 0x38a00000)
    rw space 12288K,  52% used [0x38a00000, 0x39049a68, 0x39049c00, 0x39600000)
GC Heap History (10 events):
Event: 4.515 GC heap before
{Heap before GC invocations=12 (full 2):
 def new generation   total 9792K, used 7567K [0x24000000, 0x24a90000, 0x29550000)
  eden space 8768K,  86% used [0x24000000, 0x24763eb8, 0x24890000)
  from space 1024K,   0% used [0x24890000, 0x24890000, 0x24990000)
  to   space 1024K,   0% used [0x24990000, 0x24990000, 0x24a90000)
 tenured generation   total 21396K, used 12837K [0x29550000, 0x2aa35000, 0x34000000)
   the space 21396K,  59% used [0x29550000, 0x2a1d9538, 0x2a1d9600, 0x2aa35000)
 compacting perm gen  total 12288K, used 8501K [0x34000000, 0x34c00000, 0x38000000)
   the space 12288K,  69% used [0x34000000, 0x3484d458, 0x3484d600, 0x34c00000)
    ro space 10240K,  42% used [0x38000000, 0x38434778, 0x38434800, 0x38a00000)
    rw space 12288K,  52% used [0x38a00000, 0x39049a68, 0x39049c00, 0x39600000)
Event: 4.518 GC heap after
Heap after GC invocations=13 (full 2):
 def new generation   total 9792K, used 6K [0x24000000, 0x24a90000, 0x29550000)
  eden space 8768K,   0% used [0x24000000, 0x24000000, 0x24890000)
  from space 1024K,   0% used [0x24990000, 0x249919d8, 0x24a90000)
  to   space 1024K,   0% used [0x24890000, 0x24890000, 0x24990000)
 tenured generation   total 21396K, used 20296K [0x29550000, 0x2aa35000, 0x34000000)
   the space 21396K,  94% used [0x29550000, 0x2a922168, 0x2a922200, 0x2aa35000)
 compacting perm gen  total 12288K, used 8501K [0x34000000, 0x34c00000, 0x38000000)
   the space 12288K,  69% used [0x34000000, 0x3484d458, 0x3484d600, 0x34c00000)
    ro space 10240K,  42% used [0x38000000, 0x38434778, 0x38434800, 0x38a00000)
    rw space 12288K,  52% used [0x38a00000, 0x39049a68, 0x39049c00, 0x39600000)
}
Event: 4.533 GC heap before
{Heap before GC invocations=13 (full 2):
 def new generation   total 9792K, used 7533K [0x24000000, 0x24a90000, 0x29550000)
  eden space 8768K,  85% used [0x24000000, 0x24759b50, 0x24890000)
  from space 1024K,   0% used [0x24990000, 0x249919d8, 0x24a90000)
  to   space 1024K,   0% used [0x24890000, 0x24890000, 0x24990000)
 tenured generation   total 21396K, used 20296K [0x29550000, 0x2aa35000, 0x34000000)
   the space 21396K,  94% used [0x29550000, 0x2a922168, 0x2a922200, 0x2aa35000)
 compacting perm gen  total 12288K, used 8501K [0x34000000, 0x34c00000, 0x38000000)
   the space 12288K,  69% used [0x34000000, 0x3484d498, 0x3484d600, 0x34c00000)
    ro space 10240K,  42% used [0x38000000, 0x38434778, 0x38434800, 0x38a00000)
    rw space 12288K,  52% used [0x38a00000, 0x39049a68, 0x39049c00, 0x39600000)
Event: 4.597 GC heap after
Heap after GC invocations=14 (full 3):
 def new generation   total 11712K, used 0K [0x24000000, 0x24cb0000, 0x29550000)
  eden space 10432K,   0% used [0x24000000, 0x24000000, 0x24a30000)
  from space 1280K,   0% used [0x24a30000, 0x24a30000, 0x24b70000)
  to   space 1280K,   0% used [0x24b70000, 0x24b70000, 0x24cb0000)
 tenured generation   total 25844K, used 15505K [0x29550000, 0x2ae8d000, 0x34000000)
   the space 25844K,  59% used [0x29550000, 0x2a474680, 0x2a474800, 0x2ae8d000)
 compacting perm gen  total 12288K, used 8501K [0x34000000, 0x34c00000, 0x38000000)
   the space 12288K,  69% used [0x34000000, 0x3484d498, 0x3484d600, 0x34c00000)
    ro space 10240K,  42% used [0x38000000, 0x38434778, 0x38434800, 0x38a00000)
    rw space 12288K,  52% used [0x38a00000, 0x39049a68, 0x39049c00, 0x39600000)
}
Event: 7.254 GC heap before
{Heap before GC invocations=14 (full 3):
 def new generation   total 11712K, used 10432K [0x24000000, 0x24cb0000, 0x29550000)
  eden space 10432K, 100% used [0x24000000, 0x24a30000, 0x24a30000)
  from space 1280K,   0% used [0x24a30000, 0x24a30000, 0x24b70000)
  to   space 1280K,   0% used [0x24b70000, 0x24b70000, 0x24cb0000)
 tenured generation   total 25844K, used 15505K [0x29550000, 0x2ae8d000, 0x34000000)
   the space 25844K,  59% used [0x29550000, 0x2a474680, 0x2a474800, 0x2ae8d000)
 compacting perm gen  total 12288K, used 8565K [0x34000000, 0x34c00000, 0x38000000)
   the space 12288K,  69% used [0x34000000, 0x3485d400, 0x3485d400, 0x34c00000)
    ro space 10240K,  42% used [0x38000000, 0x38434778, 0x38434800, 0x38a00000)
    rw space 12288K,  52% used [0x38a00000, 0x39049a68, 0x39049c00, 0x39600000)
Event: 7.258 GC heap after
Heap after GC invocations=15 (full 3):
 def new generation   total 11712K, used 1280K [0x24000000, 0x24cb0000, 0x29550000)
  eden space 10432K,   0% used [0x24000000, 0x24000000, 0x24a30000)
  from space 1280K, 100% used [0x24b70000, 0x24cb0000, 0x24cb0000)
  to   space 1280K,   0% used [0x24a30000, 0x24a30000, 0x24b70000)
 tenured generation   total 25844K, used 19278K [0x29550000, 0x2ae8d000, 0x34000000)
   the space 25844K,  74% used [0x29550000, 0x2a823888, 0x2a823a00, 0x2ae8d000)
 compacting perm gen  total 12288K, used 8565K [0x34000000, 0x34c00000, 0x38000000)
   the space 12288K,  69% used [0x34000000, 0x3485d400, 0x3485d400, 0x34c00000)
    ro space 10240K,  42% used [0x38000000, 0x38434778, 0x38434800, 0x38a00000)
    rw space 12288K,  52% used [0x38a00000, 0x39049a68, 0x39049c00, 0x39600000)
}
Event: 11.511 GC heap before
{Heap before GC invocations=15 (full 3):
 def new generation   total 11712K, used 11712K [0x24000000, 0x24cb0000, 0x29550000)
  eden space 10432K, 100% used [0x24000000, 0x24a30000, 0x24a30000)
  from space 1280K, 100% used [0x24b70000, 0x24cb0000, 0x24cb0000)
  to   space 1280K,   0% used [0x24a30000, 0x24a30000, 0x24b70000)
 tenured generation   total 25844K, used 19278K [0x29550000, 0x2ae8d000, 0x34000000)
   the space 25844K,  74% used [0x29550000, 0x2a823888, 0x2a823a00, 0x2ae8d000)
 compacting perm gen  total 12288K, used 8779K [0x34000000, 0x34c00000, 0x38000000)
   the space 12288K,  71% used [0x34000000, 0x34892d98, 0x34892e00, 0x34c00000)
    ro space 10240K,  42% used [0x38000000, 0x38434778, 0x38434800, 0x38a00000)
    rw space 12288K,  52% used [0x38a00000, 0x39049a68, 0x39049c00, 0x39600000)
Event: 11.519 GC heap after
Heap after GC invocations=16 (full 3):
 def new generation   total 11712K, used 1280K [0x24000000, 0x24cb0000, 0x29550000)
  eden space 10432K,   0% used [0x24000000, 0x24000000, 0x24a30000)
  from space 1280K, 100% used [0x24a30000, 0x24b70000, 0x24b70000)
  to   space 1280K,   0% used [0x24b70000, 0x24b70000, 0x24cb0000)
 tenured generation   total 25844K, used 23695K [0x29550000, 0x2ae8d000, 0x34000000)
   the space 25844K,  91% used [0x29550000, 0x2ac73db8, 0x2ac73e00, 0x2ae8d000)
 compacting perm gen  total 12288K, used 8779K [0x34000000, 0x34c00000, 0x38000000)
   the space 12288K,  71% used [0x34000000, 0x34892d98, 0x34892e00, 0x34c00000)
    ro space 10240K,  42% used [0x38000000, 0x38434778, 0x38434800, 0x38a00000)
    rw space 12288K,  52% used [0x38a00000, 0x39049a68, 0x39049c00, 0x39600000)
}
Event: 12.646 GC heap before
{Heap before GC invocations=16 (full 3):
 def new generation   total 11712K, used 11648K [0x24000000, 0x24cb0000, 0x29550000)
  eden space 10432K,  99% used [0x24000000, 0x24a20090, 0x24a30000)
  from space 1280K, 100% used [0x24a30000, 0x24b70000, 0x24b70000)
  to   space 1280K,   0% used [0x24b70000, 0x24b70000, 0x24cb0000)
 tenured generation   total 25844K, used 23695K [0x29550000, 0x2ae8d000, 0x34000000)
   the space 25844K,  91% used [0x29550000, 0x2ac73db8, 0x2ac73e00, 0x2ae8d000)
 compacting perm gen  total 12288K, used 8789K [0x34000000, 0x34c00000, 0x38000000)
   the space 12288K,  71% used [0x34000000, 0x348954b0, 0x34895600, 0x34c00000)
    ro space 10240K,  42% used [0x38000000, 0x38434778, 0x38434800, 0x38a00000)
    rw space 12288K,  52% used [0x38a00000, 0x39049a68, 0x39049c00, 0x39600000)
Event: 12.714 GC heap after
Heap after GC invocations=17 (full 4):
 def new generation   total 18368K, used 0K [0x24000000, 0x253e0000, 0x29550000)
  eden space 16384K,   0% used [0x24000000, 0x24000000, 0x25000000)
  from space 1984K,   0% used [0x25000000, 0x25000000, 0x251f0000)
  to   space 1984K,   0% used [0x251f0000, 0x251f0000, 0x253e0000)
 tenured generation   total 40532K, used 24317K [0x29550000, 0x2bce5000, 0x34000000)
   the space 40532K,  59% used [0x29550000, 0x2ad0f720, 0x2ad0f800, 0x2bce5000)
 compacting perm gen  total 12288K, used 8782K [0x34000000, 0x34c00000, 0x38000000)
   the space 12288K,  71% used [0x34000000, 0x34893a58, 0x34893c00, 0x34c00000)
    ro space 10240K,  42% used [0x38000000, 0x38434778, 0x38434800, 0x38a00000)
    rw space 12288K,  52% used [0x38a00000, 0x39049a68, 0x39049c00, 0x39600000)
}

