# JRE version: Java(TM) SE Runtime Environment (7.0_60-b19) (build 1.7.0_60-b19)
# Java VM: Java HotSpot(TM) Client VM (24.60-b09 mixed mode, sharing windows-x86 )
Heap
 def new generation   total 23296K, used 8423K [0x24000000, 0x25940000, 0x29550000)
  eden space 20736K,  29% used [0x24000000, 0x245e6128, 0x25440000)
  from space 2560K,  93% used [0x256c0000, 0x25913d88, 0x25940000)
  to   space 2560K,   0% used [0x25440000, 0x25440000, 0x256c0000)
 tenured generation   total 51532K, used 50291K [0x29550000, 0x2c7a3000, 0x34000000)
   the space 51532K,  97% used [0x29550000, 0x2c66ced8, 0x2c66d000, 0x2c7a3000)
 compacting perm gen  total 12288K, used 8800K [0x34000000, 0x34c00000, 0x38000000)
   the space 12288K,  71% used [0x34000000, 0x34898368, 0x34898400, 0x34c00000)
    ro space 10240K,  42% used [0x38000000, 0x38434778, 0x38434800, 0x38a00000)
    rw space 12288K,  52% used [0x38a00000, 0x39049a68, 0x39049c00, 0x39600000)
GC Heap History (10 events):
Event: 18.176 GC heap before
{Heap before GC invocations=19 (full 5):
 def new generation   total 23296K, used 21390K [0x24000000, 0x25940000, 0x29550000)
  eden space 20736K,  99% used [0x24000000, 0x25423830, 0x25440000)
  from space 2560K,  30% used [0x25440000, 0x25500030, 0x256c0000)
  to   space 2560K,   0% used [0x256c0000, 0x256c0000, 0x25940000)
 tenured generation   total 51532K, used 30918K [0x29550000, 0x2c7a3000, 0x34000000)
   the space 51532K,  59% used [0x29550000, 0x2b381b58, 0x2b381c00, 0x2c7a3000)
 compacting perm gen  total 12288K, used 8789K [0x34000000, 0x34c00000, 0x38000000)
   the space 12288K,  71% used [0x34000000, 0x34895730, 0x34895800, 0x34c00000)
    ro space 10240K,  42% used [0x38000000, 0x38434778, 0x38434800, 0x38a00000)
    rw space 12288K,  52% used [0x38a00000, 0x39049a68, 0x39049c00, 0x39600000)
Event: 18.182 GC heap after
Heap after GC invocations=20 (full 5):
 def new generation   total 23296K, used 2560K [0x24000000, 0x25940000, 0x29550000)
  eden space 20736K,   0% used [0x24000000, 0x24000000, 0x25440000)
  from space 2560K, 100% used [0x256c0000, 0x25940000, 0x25940000)
  to   space 2560K,   0% used [0x25440000, 0x25440000, 0x256c0000)
 tenured generation   total 51532K, used 42096K [0x29550000, 0x2c7a3000, 0x34000000)
   the space 51532K,  81% used [0x29550000, 0x2be6c340, 0x2be6c400, 0x2c7a3000)
 compacting perm gen  total 12288K, used 8789K [0x34000000, 0x34c00000, 0x38000000)
   the space 12288K,  71% used [0x34000000, 0x34895730, 0x34895800, 0x34c00000)
    ro space 10240K,  42% used [0x38000000, 0x38434778, 0x38434800, 0x38a00000)
    rw space 12288K,  52% used [0x38a00000, 0x39049a68, 0x39049c00, 0x39600000)
}
Event: 18.908 GC heap before
{Heap before GC invocations=20 (full 5):
 def new generation   total 23296K, used 23234K [0x24000000, 0x25940000, 0x29550000)
  eden space 20736K,  99% used [0x24000000, 0x25430948, 0x25440000)
  from space 2560K, 100% used [0x256c0000, 0x25940000, 0x25940000)
  to   space 2560K,   0% used [0x25440000, 0x25440000, 0x256c0000)
 tenured generation   total 51532K, used 42096K [0x29550000, 0x2c7a3000, 0x34000000)
   the space 51532K,  81% used [0x29550000, 0x2be6c340, 0x2be6c400, 0x2c7a3000)
 compacting perm gen  total 12288K, used 8796K [0x34000000, 0x34c00000, 0x38000000)
   the space 12288K,  71% used [0x34000000, 0x34897338, 0x34897400, 0x34c00000)
    ro space 10240K,  42% used [0x38000000, 0x38434778, 0x38434800, 0x38a00000)
    rw space 12288K,  52% used [0x38a00000, 0x39049a68, 0x39049c00, 0x39600000)
Event: 18.911 GC heap after
Heap after GC invocations=21 (full 5):
 def new generation   total 23296K, used 2410K [0x24000000, 0x25940000, 0x29550000)
  eden space 20736K,   0% used [0x24000000, 0x24000000, 0x25440000)
  from space 2560K,  94% used [0x25440000, 0x2569a900, 0x256c0000)
  to   space 2560K,   0% used [0x256c0000, 0x256c0000, 0x25940000)
 tenured generation   total 51532K, used 45580K [0x29550000, 0x2c7a3000, 0x34000000)
   the space 51532K,  88% used [0x29550000, 0x2c1d3078, 0x2c1d3200, 0x2c7a3000)
 compacting perm gen  total 12288K, used 8796K [0x34000000, 0x34c00000, 0x38000000)
   the space 12288K,  71% used [0x34000000, 0x34897338, 0x34897400, 0x34c00000)
    ro space 10240K,  42% used [0x38000000, 0x38434778, 0x38434800, 0x38a00000)
    rw space 12288K,  52% used [0x38a00000, 0x39049a68, 0x39049c00, 0x39600000)
}
Event: 19.013 GC heap before
{Heap before GC invocations=21 (full 5):
 def new generation   total 23296K, used 22928K [0x24000000, 0x25940000, 0x29550000)
  eden space 20736K,  98% used [0x24000000, 0x25409930, 0x25440000)
  from space 2560K,  94% used [0x25440000, 0x2569a900, 0x256c0000)
  to   space 2560K,   0% used [0x256c0000, 0x256c0000, 0x25940000)
 tenured generation   total 51532K, used 45580K [0x29550000, 0x2c7a3000, 0x34000000)
   the space 51532K,  88% used [0x29550000, 0x2c1d3078, 0x2c1d3200, 0x2c7a3000)
 compacting perm gen  total 12288K, used 8796K [0x34000000, 0x34c00000, 0x38000000)
   the space 12288K,  71% used [0x34000000, 0x34897348, 0x34897400, 0x34c00000)
    ro space 10240K,  42% used [0x38000000, 0x38434778, 0x38434800, 0x38a00000)
    rw space 12288K,  52% used [0x38a00000, 0x39049a68, 0x39049c00, 0x39600000)
Event: 19.014 GC heap after
Heap after GC invocations=22 (full 5):
 def new generation   total 23296K, used 318K [0x24000000, 0x25940000, 0x29550000)
  eden space 20736K,   0% used [0x24000000, 0x24000000, 0x25440000)
  from space 2560K,  12% used [0x256c0000, 0x2570fb20, 0x25940000)
  to   space 2560K,   0% used [0x25440000, 0x25440000, 0x256c0000)
 tenured generation   total 51532K, used 45661K [0x29550000, 0x2c7a3000, 0x34000000)
   the space 51532K,  88% used [0x29550000, 0x2c1e7748, 0x2c1e7800, 0x2c7a3000)
 compacting perm gen  total 12288K, used 8796K [0x34000000, 0x34c00000, 0x38000000)
   the space 12288K,  71% used [0x34000000, 0x34897348, 0x34897400, 0x34c00000)
    ro space 10240K,  42% used [0x38000000, 0x38434778, 0x38434800, 0x38a00000)
    rw space 12288K,  52% used [0x38a00000, 0x39049a68, 0x39049c00, 0x39600000)
}
Event: 19.134 GC heap before
{Heap before GC invocations=22 (full 5):
 def new generation   total 23296K, used 20921K [0x24000000, 0x25940000, 0x29550000)
  eden space 20736K,  99% used [0x24000000, 0x2541ec50, 0x25440000)
  from space 2560K,  12% used [0x256c0000, 0x2570fb20, 0x25940000)
  to   space 2560K,   0% used [0x25440000, 0x25440000, 0x256c0000)
 tenured generation   total 51532K, used 45661K [0x29550000, 0x2c7a3000, 0x34000000)
   the space 51532K,  88% used [0x29550000, 0x2c1e7748, 0x2c1e7800, 0x2c7a3000)
 compacting perm gen  total 12288K, used 8797K [0x34000000, 0x34c00000, 0x38000000)
   the space 12288K,  71% used [0x34000000, 0x34897448, 0x34897600, 0x34c00000)
    ro space 10240K,  42% used [0x38000000, 0x38434778, 0x38434800, 0x38a00000)
    rw space 12288K,  52% used [0x38a00000, 0x39049a68, 0x39049c00, 0x39600000)
Event: 19.136 GC heap after
Heap after GC invocations=23 (full 5):
 def new generation   total 23296K, used 1394K [0x24000000, 0x25940000, 0x29550000)
  eden space 20736K,   0% used [0x24000000, 0x24000000, 0x25440000)
  from space 2560K,  54% used [0x25440000, 0x2559cba0, 0x256c0000)
  to   space 2560K,   0% used [0x256c0000, 0x256c0000, 0x25940000)
 tenured generation   total 51532K, used 45661K [0x29550000, 0x2c7a3000, 0x34000000)
   the space 51532K,  88% used [0x29550000, 0x2c1e7748, 0x2c1e7800, 0x2c7a3000)
 compacting perm gen  total 12288K, used 8797K [0x34000000, 0x34c00000, 0x38000000)
   the space 12288K,  71% used [0x34000000, 0x34897448, 0x34897600, 0x34c00000)
    ro space 10240K,  42% used [0x38000000, 0x38434778, 0x38434800, 0x38a00000)
    rw space 12288K,  52% used [0x38a00000, 0x39049a68, 0x39049c00, 0x39600000)
}
Event: 19.330 GC heap before
{Heap before GC invocations=23 (full 5):
 def new generation   total 23296K, used 21978K [0x24000000, 0x25940000, 0x29550000)
  eden space 20736K,  99% used [0x24000000, 0x25419e28, 0x25440000)
  from space 2560K,  54% used [0x25440000, 0x2559cba0, 0x256c0000)
  to   space 2560K,   0% used [0x256c0000, 0x256c0000, 0x25940000)
 tenured generation   total 51532K, used 45661K [0x29550000, 0x2c7a3000, 0x34000000)
   the space 51532K,  88% used [0x29550000, 0x2c1e7748, 0x2c1e7800, 0x2c7a3000)
 compacting perm gen  total 12288K, used 8797K [0x34000000, 0x34c00000, 0x38000000)
   the space 12288K,  71% used [0x34000000, 0x348974b8, 0x34897600, 0x34c00000)
    ro space 10240K,  42% used [0x38000000, 0x38434778, 0x38434800, 0x38a00000)
    rw space 12288K,  52% used [0x38a00000, 0x39049a68, 0x39049c00, 0x39600000)
Event: 19.333 GC heap after
Heap after GC invocations=24 (full 5):
 def new generation   total 23296K, used 2383K [0x24000000, 0x25940000, 0x29550000)
  eden space 20736K,   0% used [0x24000000, 0x24000000, 0x25440000)
  from space 2560K,  93% used [0x256c0000, 0x25913d88, 0x25940000)
  to   space 2560K,   0% used [0x25440000, 0x25440000, 0x256c0000)
 tenured generation   total 51532K, used 50291K [0x29550000, 0x2c7a3000, 0x34000000)
   the space 51532K,  97% used [0x29550000, 0x2c66ced8, 0x2c66d000, 0x2c7a3000)
 compacting perm gen  total 12288K, used 8797K [0x34000000, 0x34c00000, 0x38000000)
   the space 12288K,  71% used [0x34000000, 0x348974b8, 0x34897600, 0x34c00000)
    ro space 10240K,  42% used [0x38000000, 0x38434778, 0x38434800, 0x38a00000)
    rw space 12288K,  52% used [0x38a00000, 0x39049a68, 0x39049c00, 0x39600000)
}

