# JRE version: Java(TM) SE Runtime Environment (7.0_60-b19) (build 1.7.0_60-b19)
# Java VM: Java HotSpot(TM) Client VM (24.60-b09 mixed mode, sharing windows-x86 )
Heap
 def new generation   total 33728K, used 17154K [0x24000000, 0x26490000, 0x29550000)
  eden space 30016K,  57% used [0x24000000, 0x250c03b0, 0x25d50000)
  from space 3712K,   0% used [0x25d50000, 0x25d50828, 0x260f0000)
  to   space 3712K,   0% used [0x260f0000, 0x260f0000, 0x26490000)
 tenured generation   total 74776K, used 57597K [0x29550000, 0x2de56000, 0x34000000)
   the space 74776K,  77% used [0x29550000, 0x2cd8f790, 0x2cd8f800, 0x2de56000)
 compacting perm gen  total 12288K, used 10637K [0x34000000, 0x34c00000, 0x38000000)
   the space 12288K,  86% used [0x34000000, 0x34a63640, 0x34a63800, 0x34c00000)
    ro space 10240K,  42% used [0x38000000, 0x38434778, 0x38434800, 0x38a00000)
    rw space 12288K,  52% used [0x38a00000, 0x39049a68, 0x39049c00, 0x39600000)
GC Heap History (10 events):
Event: 89.077 GC heap before
{Heap before GC invocations=210 (full 8):
 def new generation   total 33728K, used 30018K [0x24000000, 0x26490000, 0x29550000)
  eden space 30016K, 100% used [0x24000000, 0x25d50000, 0x25d50000)
  from space 3712K,   0% used [0x260f0000, 0x260f0958, 0x26490000)
  to   space 3712K,   0% used [0x25d50000, 0x25d50000, 0x260f0000)
 tenured generation   total 74776K, used 57597K [0x29550000, 0x2de56000, 0x34000000)
   the space 74776K,  77% used [0x29550000, 0x2cd8f790, 0x2cd8f800, 0x2de56000)
 compacting perm gen  total 12288K, used 10633K [0x34000000, 0x34c00000, 0x38000000)
   the space 12288K,  86% used [0x34000000, 0x34a627c0, 0x34a62800, 0x34c00000)
    ro space 10240K,  42% used [0x38000000, 0x38434778, 0x38434800, 0x38a00000)
    rw space 12288K,  52% used [0x38a00000, 0x39049a68, 0x39049c00, 0x39600000)
Event: 89.077 GC heap after
Heap after GC invocations=211 (full 8):
 def new generation   total 33728K, used 2K [0x24000000, 0x26490000, 0x29550000)
  eden space 30016K,   0% used [0x24000000, 0x24000000, 0x25d50000)
  from space 3712K,   0% used [0x25d50000, 0x25d50828, 0x260f0000)
  to   space 3712K,   0% used [0x260f0000, 0x260f0000, 0x26490000)
 tenured generation   total 74776K, used 57597K [0x29550000, 0x2de56000, 0x34000000)
   the space 74776K,  77% used [0x29550000, 0x2cd8f790, 0x2cd8f800, 0x2de56000)
 compacting perm gen  total 12288K, used 10633K [0x34000000, 0x34c00000, 0x38000000)
   the space 12288K,  86% used [0x34000000, 0x34a627c0, 0x34a62800, 0x34c00000)
    ro space 10240K,  42% used [0x38000000, 0x38434778, 0x38434800, 0x38a00000)
    rw space 12288K,  52% used [0x38a00000, 0x39049a68, 0x39049c00, 0x39600000)
}
Event: 89.128 GC heap before
{Heap before GC invocations=211 (full 8):
 def new generation   total 33728K, used 30018K [0x24000000, 0x26490000, 0x29550000)
  eden space 30016K, 100% used [0x24000000, 0x25d50000, 0x25d50000)
  from space 3712K,   0% used [0x25d50000, 0x25d50828, 0x260f0000)
  to   space 3712K,   0% used [0x260f0000, 0x260f0000, 0x26490000)
 tenured generation   total 74776K, used 57597K [0x29550000, 0x2de56000, 0x34000000)
   the space 74776K,  77% used [0x29550000, 0x2cd8f790, 0x2cd8f800, 0x2de56000)
 compacting perm gen  total 12288K, used 10633K [0x34000000, 0x34c00000, 0x38000000)
   the space 12288K,  86% used [0x34000000, 0x34a627c0, 0x34a62800, 0x34c00000)
    ro space 10240K,  42% used [0x38000000, 0x38434778, 0x38434800, 0x38a00000)
    rw space 12288K,  52% used [0x38a00000, 0x39049a68, 0x39049c00, 0x39600000)
Event: 89.129 GC heap after
Heap after GC invocations=212 (full 8):
 def new generation   total 33728K, used 2K [0x24000000, 0x26490000, 0x29550000)
  eden space 30016K,   0% used [0x24000000, 0x24000000, 0x25d50000)
  from space 3712K,   0% used [0x260f0000, 0x260f0908, 0x26490000)
  to   space 3712K,   0% used [0x25d50000, 0x25d50000, 0x260f0000)
 tenured generation   total 74776K, used 57597K [0x29550000, 0x2de56000, 0x34000000)
   the space 74776K,  77% used [0x29550000, 0x2cd8f790, 0x2cd8f800, 0x2de56000)
 compacting perm gen  total 12288K, used 10633K [0x34000000, 0x34c00000, 0x38000000)
   the space 12288K,  86% used [0x34000000, 0x34a627c0, 0x34a62800, 0x34c00000)
    ro space 10240K,  42% used [0x38000000, 0x38434778, 0x38434800, 0x38a00000)
    rw space 12288K,  52% used [0x38a00000, 0x39049a68, 0x39049c00, 0x39600000)
}
Event: 89.172 GC heap before
{Heap before GC invocations=212 (full 8):
 def new generation   total 33728K, used 30018K [0x24000000, 0x26490000, 0x29550000)
  eden space 30016K, 100% used [0x24000000, 0x25d50000, 0x25d50000)
  from space 3712K,   0% used [0x260f0000, 0x260f0908, 0x26490000)
  to   space 3712K,   0% used [0x25d50000, 0x25d50000, 0x260f0000)
 tenured generation   total 74776K, used 57597K [0x29550000, 0x2de56000, 0x34000000)
   the space 74776K,  77% used [0x29550000, 0x2cd8f790, 0x2cd8f800, 0x2de56000)
 compacting perm gen  total 12288K, used 10633K [0x34000000, 0x34c00000, 0x38000000)
   the space 12288K,  86% used [0x34000000, 0x34a627c0, 0x34a62800, 0x34c00000)
    ro space 10240K,  42% used [0x38000000, 0x38434778, 0x38434800, 0x38a00000)
    rw space 12288K,  52% used [0x38a00000, 0x39049a68, 0x39049c00, 0x39600000)
Event: 89.173 GC heap after
Heap after GC invocations=213 (full 8):
 def new generation   total 33728K, used 2K [0x24000000, 0x26490000, 0x29550000)
  eden space 30016K,   0% used [0x24000000, 0x24000000, 0x25d50000)
  from space 3712K,   0% used [0x25d50000, 0x25d50898, 0x260f0000)
  to   space 3712K,   0% used [0x260f0000, 0x260f0000, 0x26490000)
 tenured generation   total 74776K, used 57597K [0x29550000, 0x2de56000, 0x34000000)
   the space 74776K,  77% used [0x29550000, 0x2cd8f790, 0x2cd8f800, 0x2de56000)
 compacting perm gen  total 12288K, used 10633K [0x34000000, 0x34c00000, 0x38000000)
   the space 12288K,  86% used [0x34000000, 0x34a627c0, 0x34a62800, 0x34c00000)
    ro space 10240K,  42% used [0x38000000, 0x38434778, 0x38434800, 0x38a00000)
    rw space 12288K,  52% used [0x38a00000, 0x39049a68, 0x39049c00, 0x39600000)
}
Event: 89.235 GC heap before
{Heap before GC invocations=213 (full 8):
 def new generation   total 33728K, used 30018K [0x24000000, 0x26490000, 0x29550000)
  eden space 30016K, 100% used [0x24000000, 0x25d50000, 0x25d50000)
  from space 3712K,   0% used [0x25d50000, 0x25d50898, 0x260f0000)
  to   space 3712K,   0% used [0x260f0000, 0x260f0000, 0x26490000)
 tenured generation   total 74776K, used 57597K [0x29550000, 0x2de56000, 0x34000000)
   the space 74776K,  77% used [0x29550000, 0x2cd8f790, 0x2cd8f800, 0x2de56000)
 compacting perm gen  total 12288K, used 10633K [0x34000000, 0x34c00000, 0x38000000)
   the space 12288K,  86% used [0x34000000, 0x34a627c0, 0x34a62800, 0x34c00000)
    ro space 10240K,  42% used [0x38000000, 0x38434778, 0x38434800, 0x38a00000)
    rw space 12288K,  52% used [0x38a00000, 0x39049a68, 0x39049c00, 0x39600000)
Event: 89.235 GC heap after
Heap after GC invocations=214 (full 8):
 def new generation   total 33728K, used 2K [0x24000000, 0x26490000, 0x29550000)
  eden space 30016K,   0% used [0x24000000, 0x24000000, 0x25d50000)
  from space 3712K,   0% used [0x260f0000, 0x260f0958, 0x26490000)
  to   space 3712K,   0% used [0x25d50000, 0x25d50000, 0x260f0000)
 tenured generation   total 74776K, used 57597K [0x29550000, 0x2de56000, 0x34000000)
   the space 74776K,  77% used [0x29550000, 0x2cd8f790, 0x2cd8f800, 0x2de56000)
 compacting perm gen  total 12288K, used 10633K [0x34000000, 0x34c00000, 0x38000000)
   the space 12288K,  86% used [0x34000000, 0x34a627c0, 0x34a62800, 0x34c00000)
    ro space 10240K,  42% used [0x38000000, 0x38434778, 0x38434800, 0x38a00000)
    rw space 12288K,  52% used [0x38a00000, 0x39049a68, 0x39049c00, 0x39600000)
}
Event: 89.303 GC heap before
{Heap before GC invocations=214 (full 8):
 def new generation   total 33728K, used 30018K [0x24000000, 0x26490000, 0x29550000)
  eden space 30016K, 100% used [0x24000000, 0x25d50000, 0x25d50000)
  from space 3712K,   0% used [0x260f0000, 0x260f0958, 0x26490000)
  to   space 3712K,   0% used [0x25d50000, 0x25d50000, 0x260f0000)
 tenured generation   total 74776K, used 57597K [0x29550000, 0x2de56000, 0x34000000)
   the space 74776K,  77% used [0x29550000, 0x2cd8f790, 0x2cd8f800, 0x2de56000)
 compacting perm gen  total 12288K, used 10633K [0x34000000, 0x34c00000, 0x38000000)
   the space 12288K,  86% used [0x34000000, 0x34a627c0, 0x34a62800, 0x34c00000)
    ro space 10240K,  42% used [0x38000000, 0x38434778, 0x38434800, 0x38a00000)
    rw space 12288K,  52% used [0x38a00000, 0x39049a68, 0x39049c00, 0x39600000)
Event: 89.304 GC heap after
Heap after GC invocations=215 (full 8):
 def new generation   total 33728K, used 2K [0x24000000, 0x26490000, 0x29550000)
  eden space 30016K,   0% used [0x24000000, 0x24000000, 0x25d50000)
  from space 3712K,   0% used [0x25d50000, 0x25d50828, 0x260f0000)
  to   space 3712K,   0% used [0x260f0000, 0x260f0000, 0x26490000)
 tenured generation   total 74776K, used 57597K [0x29550000, 0x2de56000, 0x34000000)
   the space 74776K,  77% used [0x29550000, 0x2cd8f790, 0x2cd8f800, 0x2de56000)
 compacting perm gen  total 12288K, used 10633K [0x34000000, 0x34c00000, 0x38000000)
   the space 12288K,  86% used [0x34000000, 0x34a627c0, 0x34a62800, 0x34c00000)
    ro space 10240K,  42% used [0x38000000, 0x38434778, 0x38434800, 0x38a00000)
    rw space 12288K,  52% used [0x38a00000, 0x39049a68, 0x39049c00, 0x39600000)
}

