# JRE version: Java(TM) SE Runtime Environment (7.0_60-b19) (build 1.7.0_60-b19)
# Java VM: Java HotSpot(TM) Client VM (24.60-b09 mixed mode, sharing windows-x86 )
Heap
 def new generation   total 27648K, used 10521K [0x24000000, 0x25e00000, 0x29550000)
  eden space 24576K,  30% used [0x24000000, 0x2474fe30, 0x25800000)
  from space 3072K,  98% used [0x25800000, 0x25af6848, 0x25b00000)
  to   space 3072K,   0% used [0x25b00000, 0x25b00000, 0x25e00000)
 tenured generation   total 61340K, used 59370K [0x29550000, 0x2d137000, 0x34000000)
   the space 61340K,  96% used [0x29550000, 0x2cf4a9f8, 0x2cf4aa00, 0x2d137000)
 compacting perm gen  total 12288K, used 10597K [0x34000000, 0x34c00000, 0x38000000)
   the space 12288K,  86% used [0x34000000, 0x34a595e8, 0x34a59600, 0x34c00000)
    ro space 10240K,  42% used [0x38000000, 0x38434778, 0x38434800, 0x38a00000)
    rw space 12288K,  52% used [0x38a00000, 0x39049a68, 0x39049c00, 0x39600000)
GC Heap History (10 events):
Event: 8.784 GC heap before
{Heap before GC invocations=17 (full 4):
 def new generation   total 20160K, used 20160K [0x24000000, 0x255e0000, 0x29550000)
  eden space 17920K, 100% used [0x24000000, 0x25180000, 0x25180000)
  from space 2240K, 100% used [0x253b0000, 0x255e0000, 0x255e0000)
  to   space 2240K,   0% used [0x25180000, 0x25180000, 0x253b0000)
 tenured generation   total 44692K, used 30755K [0x29550000, 0x2c0f5000, 0x34000000)
   the space 44692K,  68% used [0x29550000, 0x2b358ee8, 0x2b359000, 0x2c0f5000)
 compacting perm gen  total 12288K, used 9325K [0x34000000, 0x34c00000, 0x38000000)
   the space 12288K,  75% used [0x34000000, 0x3491b598, 0x3491b600, 0x34c00000)
    ro space 10240K,  42% used [0x38000000, 0x38434778, 0x38434800, 0x38a00000)
    rw space 12288K,  52% used [0x38a00000, 0x39049a68, 0x39049c00, 0x39600000)
Event: 8.794 GC heap after
Heap after GC invocations=18 (full 4):
 def new generation   total 20160K, used 966K [0x24000000, 0x255e0000, 0x29550000)
  eden space 17920K,   0% used [0x24000000, 0x24000000, 0x25180000)
  from space 2240K,  43% used [0x25180000, 0x25271b00, 0x253b0000)
  to   space 2240K,   0% used [0x253b0000, 0x253b0000, 0x255e0000)
 tenured generation   total 44692K, used 38183K [0x29550000, 0x2c0f5000, 0x34000000)
   the space 44692K,  85% used [0x29550000, 0x2ba99e50, 0x2ba9a000, 0x2c0f5000)
 compacting perm gen  total 12288K, used 9325K [0x34000000, 0x34c00000, 0x38000000)
   the space 12288K,  75% used [0x34000000, 0x3491b598, 0x3491b600, 0x34c00000)
    ro space 10240K,  42% used [0x38000000, 0x38434778, 0x38434800, 0x38a00000)
    rw space 12288K,  52% used [0x38a00000, 0x39049a68, 0x39049c00, 0x39600000)
}
Event: 9.953 GC heap before
{Heap before GC invocations=18 (full 4):
 def new generation   total 20160K, used 19014K [0x24000000, 0x255e0000, 0x29550000)
  eden space 17920K,  99% used [0x24000000, 0x2516fe18, 0x25180000)
  from space 2240K,  51% used [0x25180000, 0x252a1b10, 0x253b0000)
  to   space 2240K,   0% used [0x253b0000, 0x253b0000, 0x255e0000)
 tenured generation   total 44692K, used 38183K [0x29550000, 0x2c0f5000, 0x34000000)
   the space 44692K,  85% used [0x29550000, 0x2ba99e50, 0x2ba9a000, 0x2c0f5000)
 compacting perm gen  total 12288K, used 10582K [0x34000000, 0x34c00000, 0x38000000)
   the space 12288K,  86% used [0x34000000, 0x34a559b8, 0x34a55a00, 0x34c00000)
    ro space 10240K,  42% used [0x38000000, 0x38434778, 0x38434800, 0x38a00000)
    rw space 12288K,  52% used [0x38a00000, 0x39049a68, 0x39049c00, 0x39600000)
Event: 9.960 GC heap after
Heap after GC invocations=19 (full 4):
 def new generation   total 20160K, used 2240K [0x24000000, 0x255e0000, 0x29550000)
  eden space 17920K,   0% used [0x24000000, 0x24000000, 0x25180000)
  from space 2240K, 100% used [0x253b0000, 0x255e0000, 0x255e0000)
  to   space 2240K,   0% used [0x25180000, 0x25180000, 0x253b0000)
 tenured generation   total 44692K, used 41943K [0x29550000, 0x2c0f5000, 0x34000000)
   the space 44692K,  93% used [0x29550000, 0x2be45cc8, 0x2be45e00, 0x2c0f5000)
 compacting perm gen  total 12288K, used 10582K [0x34000000, 0x34c00000, 0x38000000)
   the space 12288K,  86% used [0x34000000, 0x34a559b8, 0x34a55a00, 0x34c00000)
    ro space 10240K,  42% used [0x38000000, 0x38434778, 0x38434800, 0x38a00000)
    rw space 12288K,  52% used [0x38a00000, 0x39049a68, 0x39049c00, 0x39600000)
}
Event: 10.730 GC heap before
{Heap before GC invocations=19 (full 4):
 def new generation   total 20160K, used 19038K [0x24000000, 0x255e0000, 0x29550000)
  eden space 17920K,  93% used [0x24000000, 0x25067a00, 0x25180000)
  from space 2240K, 100% used [0x253b0000, 0x255e0000, 0x255e0000)
  to   space 2240K,   0% used [0x25180000, 0x25180000, 0x253b0000)
 tenured generation   total 44692K, used 41943K [0x29550000, 0x2c0f5000, 0x34000000)
   the space 44692K,  93% used [0x29550000, 0x2be45cc8, 0x2be45e00, 0x2c0f5000)
 compacting perm gen  total 12288K, used 10582K [0x34000000, 0x34c00000, 0x38000000)
   the space 12288K,  86% used [0x34000000, 0x34a559c8, 0x34a55a00, 0x34c00000)
    ro space 10240K,  42% used [0x38000000, 0x38434778, 0x38434800, 0x38a00000)
    rw space 12288K,  52% used [0x38a00000, 0x39049a68, 0x39049c00, 0x39600000)
Event: 10.799 GC heap after
Heap after GC invocations=20 (full 5):
 def new generation   total 27648K, used 0K [0x24000000, 0x25e00000, 0x29550000)
  eden space 24576K,   0% used [0x24000000, 0x24000000, 0x25800000)
  from space 3072K,   0% used [0x25800000, 0x25800000, 0x25b00000)
  to   space 3072K,   0% used [0x25b00000, 0x25b00000, 0x25e00000)
 tenured generation   total 61340K, used 36803K [0x29550000, 0x2d137000, 0x34000000)
   the space 61340K,  59% used [0x29550000, 0x2b940fc8, 0x2b941000, 0x2d137000)
 compacting perm gen  total 12288K, used 10582K [0x34000000, 0x34c00000, 0x38000000)
   the space 12288K,  86% used [0x34000000, 0x34a559c8, 0x34a55a00, 0x34c00000)
    ro space 10240K,  42% used [0x38000000, 0x38434778, 0x38434800, 0x38a00000)
    rw space 12288K,  52% used [0x38a00000, 0x39049a68, 0x39049c00, 0x39600000)
}
Event: 21.165 GC heap before
{Heap before GC invocations=20 (full 5):
 def new generation   total 27648K, used 24576K [0x24000000, 0x25e00000, 0x29550000)
  eden space 24576K,  99% used [0x24000000, 0x257ffff8, 0x25800000)
  from space 3072K,   0% used [0x25800000, 0x25800140, 0x25b00000)
  to   space 3072K,   0% used [0x25b00000, 0x25b00000, 0x25e00000)
 tenured generation   total 61340K, used 36803K [0x29550000, 0x2d137000, 0x34000000)
   the space 61340K,  59% used [0x29550000, 0x2b940fc8, 0x2b941000, 0x2d137000)
 compacting perm gen  total 12288K, used 10587K [0x34000000, 0x34c00000, 0x38000000)
   the space 12288K,  86% used [0x34000000, 0x34a56e80, 0x34a57000, 0x34c00000)
    ro space 10240K,  42% used [0x38000000, 0x38434778, 0x38434800, 0x38a00000)
    rw space 12288K,  52% used [0x38a00000, 0x39049a68, 0x39049c00, 0x39600000)
Event: 21.170 GC heap after
Heap after GC invocations=21 (full 5):
 def new generation   total 27648K, used 3072K [0x24000000, 0x25e00000, 0x29550000)
  eden space 24576K,   0% used [0x24000000, 0x24000000, 0x25800000)
  from space 3072K, 100% used [0x25b00000, 0x25e00000, 0x25e00000)
  to   space 3072K,   0% used [0x25800000, 0x25800000, 0x25b00000)
 tenured generation   total 61340K, used 46718K [0x29550000, 0x2d137000, 0x34000000)
   the space 61340K,  76% used [0x29550000, 0x2c2ef898, 0x2c2efa00, 0x2d137000)
 compacting perm gen  total 12288K, used 10587K [0x34000000, 0x34c00000, 0x38000000)
   the space 12288K,  86% used [0x34000000, 0x34a56e80, 0x34a57000, 0x34c00000)
    ro space 10240K,  42% used [0x38000000, 0x38434778, 0x38434800, 0x38a00000)
    rw space 12288K,  52% used [0x38a00000, 0x39049a68, 0x39049c00, 0x39600000)
}
Event: 24.430 GC heap before
{Heap before GC invocations=21 (full 5):
 def new generation   total 27648K, used 27648K [0x24000000, 0x25e00000, 0x29550000)
  eden space 24576K, 100% used [0x24000000, 0x25800000, 0x25800000)
  from space 3072K, 100% used [0x25b00000, 0x25e00000, 0x25e00000)
  to   space 3072K,   0% used [0x25800000, 0x25800000, 0x25b00000)
 tenured generation   total 61340K, used 47118K [0x29550000, 0x2d137000, 0x34000000)
   the space 61340K,  76% used [0x29550000, 0x2c353930, 0x2c353a00, 0x2d137000)
 compacting perm gen  total 12288K, used 10587K [0x34000000, 0x34c00000, 0x38000000)
   the space 12288K,  86% used [0x34000000, 0x34a56f40, 0x34a57000, 0x34c00000)
    ro space 10240K,  42% used [0x38000000, 0x38434778, 0x38434800, 0x38a00000)
    rw space 12288K,  52% used [0x38a00000, 0x39049a68, 0x39049c00, 0x39600000)
Event: 24.437 GC heap after
Heap after GC invocations=22 (full 5):
 def new generation   total 27648K, used 3034K [0x24000000, 0x25e00000, 0x29550000)
  eden space 24576K,   0% used [0x24000000, 0x24000000, 0x25800000)
  from space 3072K,  98% used [0x25800000, 0x25af6848, 0x25b00000)
  to   space 3072K,   0% used [0x25b00000, 0x25b00000, 0x25e00000)
 tenured generation   total 61340K, used 59370K [0x29550000, 0x2d137000, 0x34000000)
   the space 61340K,  96% used [0x29550000, 0x2cf4a9f8, 0x2cf4aa00, 0x2d137000)
 compacting perm gen  total 12288K, used 10587K [0x34000000, 0x34c00000, 0x38000000)
   the space 12288K,  86% used [0x34000000, 0x34a56f40, 0x34a57000, 0x34c00000)
    ro space 10240K,  42% used [0x38000000, 0x38434778, 0x38434800, 0x38a00000)
    rw space 12288K,  52% used [0x38a00000, 0x39049a68, 0x39049c00, 0x39600000)
}

