# JRE version: Java(TM) SE Runtime Environment (7.0_60-b19) (build 1.7.0_60-b19)
# Java VM: Java HotSpot(TM) Client VM (24.60-b09 mixed mode, sharing windows-x86 )
Heap
 def new generation   total 13312K, used 7472K [0x24000000, 0x24e70000, 0x29550000)
  eden space 11840K,  63% used [0x24000000, 0x2474c160, 0x24b90000)
  from space 1472K,   0% used [0x24b90000, 0x24b90000, 0x24d00000)
  to   space 1472K,   0% used [0x24d00000, 0x24d00000, 0x24e70000)
 tenured generation   total 29524K, used 17713K [0x29550000, 0x2b225000, 0x34000000)
   the space 29524K,  59% used [0x29550000, 0x2a69c5e8, 0x2a69c600, 0x2b225000)
 compacting perm gen  total 12288K, used 8531K [0x34000000, 0x34c00000, 0x38000000)
   the space 12288K,  69% used [0x34000000, 0x34854ff0, 0x34855000, 0x34c00000)
    ro space 10240K,  42% used [0x38000000, 0x38434778, 0x38434800, 0x38a00000)
    rw space 12288K,  52% used [0x38a00000, 0x39049a68, 0x39049c00, 0x39600000)
GC Heap History (10 events):
Event: 4.375 GC heap before
{Heap before GC invocations=9 (full 1):
 def new generation   total 9408K, used 9407K [0x24000000, 0x24a30000, 0x29550000)
  eden space 8384K, 100% used [0x24000000, 0x24830000, 0x24830000)
  from space 1024K,  99% used [0x24930000, 0x24a2fff8, 0x24a30000)
  to   space 1024K,   0% used [0x24830000, 0x24830000, 0x24930000)
 tenured generation   total 20736K, used 15771K [0x29550000, 0x2a990000, 0x34000000)
   the space 20736K,  76% used [0x29550000, 0x2a4b6ee8, 0x2a4b7000, 0x2a990000)
 compacting perm gen  total 12288K, used 7713K [0x34000000, 0x34c00000, 0x38000000)
   the space 12288K,  62% used [0x34000000, 0x34788540, 0x34788600, 0x34c00000)
    ro space 10240K,  42% used [0x38000000, 0x38434778, 0x38434800, 0x38a00000)
    rw space 12288K,  52% used [0x38a00000, 0x39049a68, 0x39049c00, 0x39600000)
Event: 4.383 GC heap after
Heap after GC invocations=10 (full 1):
 def new generation   total 9408K, used 1023K [0x24000000, 0x24a30000, 0x29550000)
  eden space 8384K,   0% used [0x24000000, 0x24000000, 0x24830000)
  from space 1024K,  99% used [0x24830000, 0x2492fff8, 0x24930000)
  to   space 1024K,   0% used [0x24930000, 0x24930000, 0x24a30000)
 tenured generation   total 20736K, used 17330K [0x29550000, 0x2a990000, 0x34000000)
   the space 20736K,  83% used [0x29550000, 0x2a63ca30, 0x2a63cc00, 0x2a990000)
 compacting perm gen  total 12288K, used 7713K [0x34000000, 0x34c00000, 0x38000000)
   the space 12288K,  62% used [0x34000000, 0x34788540, 0x34788600, 0x34c00000)
    ro space 10240K,  42% used [0x38000000, 0x38434778, 0x38434800, 0x38a00000)
    rw space 12288K,  52% used [0x38a00000, 0x39049a68, 0x39049c00, 0x39600000)
}
Event: 4.558 GC heap before
{Heap before GC invocations=10 (full 1):
 def new generation   total 9408K, used 9401K [0x24000000, 0x24a30000, 0x29550000)
  eden space 8384K,  99% used [0x24000000, 0x2482e748, 0x24830000)
  from space 1024K,  99% used [0x24830000, 0x2492fff8, 0x24930000)
  to   space 1024K,   0% used [0x24930000, 0x24930000, 0x24a30000)
 tenured generation   total 20736K, used 17330K [0x29550000, 0x2a990000, 0x34000000)
   the space 20736K,  83% used [0x29550000, 0x2a63ca30, 0x2a63cc00, 0x2a990000)
 compacting perm gen  total 12288K, used 8131K [0x34000000, 0x34c00000, 0x38000000)
   the space 12288K,  66% used [0x34000000, 0x347f0ed8, 0x347f1000, 0x34c00000)
    ro space 10240K,  42% used [0x38000000, 0x38434778, 0x38434800, 0x38a00000)
    rw space 12288K,  52% used [0x38a00000, 0x39049a68, 0x39049c00, 0x39600000)
Event: 4.564 GC heap after
Heap after GC invocations=11 (full 1):
 def new generation   total 9408K, used 1024K [0x24000000, 0x24a30000, 0x29550000)
  eden space 8384K,   0% used [0x24000000, 0x24000000, 0x24830000)
  from space 1024K, 100% used [0x24930000, 0x24a30000, 0x24a30000)
  to   space 1024K,   0% used [0x24830000, 0x24830000, 0x24930000)
 tenured generation   total 20736K, used 19787K [0x29550000, 0x2a990000, 0x34000000)
   the space 20736K,  95% used [0x29550000, 0x2a8a2ed8, 0x2a8a3000, 0x2a990000)
 compacting perm gen  total 12288K, used 8131K [0x34000000, 0x34c00000, 0x38000000)
   the space 12288K,  66% used [0x34000000, 0x347f0ed8, 0x347f1000, 0x34c00000)
    ro space 10240K,  42% used [0x38000000, 0x38434778, 0x38434800, 0x38a00000)
    rw space 12288K,  52% used [0x38a00000, 0x39049a68, 0x39049c00, 0x39600000)
}
Event: 4.639 GC heap before
{Heap before GC invocations=11 (full 1):
 def new generation   total 9408K, used 9144K [0x24000000, 0x24a30000, 0x29550000)
  eden space 8384K,  96% used [0x24000000, 0x247ee2b0, 0x24830000)
  from space 1024K, 100% used [0x24930000, 0x24a30000, 0x24a30000)
  to   space 1024K,   0% used [0x24830000, 0x24830000, 0x24930000)
 tenured generation   total 20736K, used 19787K [0x29550000, 0x2a990000, 0x34000000)
   the space 20736K,  95% used [0x29550000, 0x2a8a2ed8, 0x2a8a3000, 0x2a990000)
 compacting perm gen  total 12288K, used 8501K [0x34000000, 0x34c00000, 0x38000000)
   the space 12288K,  69% used [0x34000000, 0x3484d520, 0x3484d600, 0x34c00000)
    ro space 10240K,  42% used [0x38000000, 0x38434778, 0x38434800, 0x38a00000)
    rw space 12288K,  52% used [0x38a00000, 0x39049a68, 0x39049c00, 0x39600000)
Event: 4.683 GC heap after
Heap after GC invocations=12 (full 2):
 def new generation   total 10304K, used 0K [0x24000000, 0x24b20000, 0x29550000)
  eden space 9216K,   0% used [0x24000000, 0x24000000, 0x24900000)
  from space 1088K,   0% used [0x24900000, 0x24900000, 0x24a10000)
  to   space 1088K,   0% used [0x24a10000, 0x24a10000, 0x24b20000)
 tenured generation   total 22636K, used 13579K [0x29550000, 0x2ab6b000, 0x34000000)
   the space 22636K,  59% used [0x29550000, 0x2a292d78, 0x2a292e00, 0x2ab6b000)
 compacting perm gen  total 12288K, used 8501K [0x34000000, 0x34c00000, 0x38000000)
   the space 12288K,  69% used [0x34000000, 0x3484d520, 0x3484d600, 0x34c00000)
    ro space 10240K,  42% used [0x38000000, 0x38434778, 0x38434800, 0x38a00000)
    rw space 12288K,  52% used [0x38a00000, 0x39049a68, 0x39049c00, 0x39600000)
}
Event: 4.685 GC heap before
{Heap before GC invocations=12 (full 2):
 def new generation   total 10304K, used 7604K [0x24000000, 0x24b20000, 0x29550000)
  eden space 9216K,  82% used [0x24000000, 0x2476d118, 0x24900000)
  from space 1088K,   0% used [0x24900000, 0x24900000, 0x24a10000)
  to   space 1088K,   0% used [0x24a10000, 0x24a10000, 0x24b20000)
 tenured generation   total 22636K, used 13579K [0x29550000, 0x2ab6b000, 0x34000000)
   the space 22636K,  59% used [0x29550000, 0x2a292d78, 0x2a292e00, 0x2ab6b000)
 compacting perm gen  total 12288K, used 8501K [0x34000000, 0x34c00000, 0x38000000)
   the space 12288K,  69% used [0x34000000, 0x3484d520, 0x3484d600, 0x34c00000)
    ro space 10240K,  42% used [0x38000000, 0x38434778, 0x38434800, 0x38a00000)
    rw space 12288K,  52% used [0x38a00000, 0x39049a68, 0x39049c00, 0x39600000)
Event: 4.686 GC heap after
Heap after GC invocations=13 (full 2):
 def new generation   total 10304K, used 3K [0x24000000, 0x24b20000, 0x29550000)
  eden space 9216K,   0% used [0x24000000, 0x24000000, 0x24900000)
  from space 1088K,   0% used [0x24a10000, 0x24a10dd8, 0x24b20000)
  to   space 1088K,   0% used [0x24900000, 0x24900000, 0x24a10000)
 tenured generation   total 22636K, used 21032K [0x29550000, 0x2ab6b000, 0x34000000)
   the space 22636K,  92% used [0x29550000, 0x2a9da2f0, 0x2a9da400, 0x2ab6b000)
 compacting perm gen  total 12288K, used 8501K [0x34000000, 0x34c00000, 0x38000000)
   the space 12288K,  69% used [0x34000000, 0x3484d520, 0x3484d600, 0x34c00000)
    ro space 10240K,  42% used [0x38000000, 0x38434778, 0x38434800, 0x38a00000)
    rw space 12288K,  52% used [0x38a00000, 0x39049a68, 0x39049c00, 0x39600000)
}
Event: 4.702 GC heap before
{Heap before GC invocations=13 (full 2):
 def new generation   total 10304K, used 7688K [0x24000000, 0x24b20000, 0x29550000)
  eden space 9216K,  83% used [0x24000000, 0x24781280, 0x24900000)
  from space 1088K,   0% used [0x24a10000, 0x24a10dd8, 0x24b20000)
  to   space 1088K,   0% used [0x24900000, 0x24900000, 0x24a10000)
 tenured generation   total 22636K, used 21032K [0x29550000, 0x2ab6b000, 0x34000000)
   the space 22636K,  92% used [0x29550000, 0x2a9da2f0, 0x2a9da400, 0x2ab6b000)
 compacting perm gen  total 12288K, used 8506K [0x34000000, 0x34c00000, 0x38000000)
   the space 12288K,  69% used [0x34000000, 0x3484eb38, 0x3484ec00, 0x34c00000)
    ro space 10240K,  42% used [0x38000000, 0x38434778, 0x38434800, 0x38a00000)
    rw space 12288K,  52% used [0x38a00000, 0x39049a68, 0x39049c00, 0x39600000)
Event: 4.746 GC heap after
Heap after GC invocations=14 (full 3):
 def new generation   total 13312K, used 0K [0x24000000, 0x24e70000, 0x29550000)
  eden space 11840K,   0% used [0x24000000, 0x24000000, 0x24b90000)
  from space 1472K,   0% used [0x24b90000, 0x24b90000, 0x24d00000)
  to   space 1472K,   0% used [0x24d00000, 0x24d00000, 0x24e70000)
 tenured generation   total 29524K, used 17713K [0x29550000, 0x2b225000, 0x34000000)
   the space 29524K,  59% used [0x29550000, 0x2a69c5e8, 0x2a69c600, 0x2b225000)
 compacting perm gen  total 12288K, used 8506K [0x34000000, 0x34c00000, 0x38000000)
   the space 12288K,  69% used [0x34000000, 0x3484eb38, 0x3484ec00, 0x34c00000)
    ro space 10240K,  42% used [0x38000000, 0x38434778, 0x38434800, 0x38a00000)
    rw space 12288K,  52% used [0x38a00000, 0x39049a68, 0x39049c00, 0x39600000)
}

