# JRE version: Java(TM) SE Runtime Environment (7.0_60-b19) (build 1.7.0_60-b19)
# Java VM: Java HotSpot(TM) Client VM (24.60-b09 mixed mode, sharing windows-x86 )
Heap
 def new generation   total 22528K, used 6231K [0x24000000, 0x25870000, 0x29550000)
  eden space 20032K,  18% used [0x24000000, 0x243aa368, 0x25390000)
  from space 2496K,  99% used [0x25600000, 0x2586bb58, 0x25870000)
  to   space 2496K,   0% used [0x25390000, 0x25390000, 0x25600000)
 tenured generation   total 49908K, used 36830K [0x29550000, 0x2c60d000, 0x34000000)
   the space 49908K,  73% used [0x29550000, 0x2b947868, 0x2b947a00, 0x2c60d000)
 compacting perm gen  total 12288K, used 9503K [0x34000000, 0x34c00000, 0x38000000)
   the space 12288K,  77% used [0x34000000, 0x34947e78, 0x34948000, 0x34c00000)
    ro space 10240K,  42% used [0x38000000, 0x38434778, 0x38434800, 0x38a00000)
    rw space 12288K,  52% used [0x38a00000, 0x39049a68, 0x39049c00, 0x39600000)
GC Heap History (10 events):
Event: 8.209 GC heap before
{Heap before GC invocations=15 (full 3):
 def new generation   total 11712K, used 9896K [0x24000000, 0x24cb0000, 0x29550000)
  eden space 10432K,  82% used [0x24000000, 0x2486a070, 0x24a30000)
  from space 1280K, 100% used [0x24b70000, 0x24cb0000, 0x24cb0000)
  to   space 1280K,   0% used [0x24a30000, 0x24a30000, 0x24b70000)
 tenured generation   total 25828K, used 19364K [0x29550000, 0x2ae89000, 0x34000000)
   the space 25828K,  74% used [0x29550000, 0x2a839270, 0x2a839400, 0x2ae89000)
 compacting perm gen  total 12288K, used 9268K [0x34000000, 0x34c00000, 0x38000000)
   the space 12288K,  75% used [0x34000000, 0x3490d080, 0x3490d200, 0x34c00000)
    ro space 10240K,  42% used [0x38000000, 0x38434778, 0x38434800, 0x38a00000)
    rw space 12288K,  52% used [0x38a00000, 0x39049a68, 0x39049c00, 0x39600000)
Event: 8.213 GC heap after
Heap after GC invocations=16 (full 3):
 def new generation   total 11712K, used 843K [0x24000000, 0x24cb0000, 0x29550000)
  eden space 10432K,   0% used [0x24000000, 0x24000000, 0x24a30000)
  from space 1280K,  65% used [0x24a30000, 0x24b02d78, 0x24b70000)
  to   space 1280K,   0% used [0x24b70000, 0x24b70000, 0x24cb0000)
 tenured generation   total 25828K, used 20617K [0x29550000, 0x2ae89000, 0x34000000)
   the space 25828K,  79% used [0x29550000, 0x2a9724d8, 0x2a972600, 0x2ae89000)
 compacting perm gen  total 12288K, used 9268K [0x34000000, 0x34c00000, 0x38000000)
   the space 12288K,  75% used [0x34000000, 0x3490d080, 0x3490d200, 0x34c00000)
    ro space 10240K,  42% used [0x38000000, 0x38434778, 0x38434800, 0x38a00000)
    rw space 12288K,  52% used [0x38a00000, 0x39049a68, 0x39049c00, 0x39600000)
}
Event: 8.531 GC heap before
{Heap before GC invocations=16 (full 3):
 def new generation   total 11712K, used 11242K [0x24000000, 0x24cb0000, 0x29550000)
  eden space 10432K,  99% used [0x24000000, 0x24a27c60, 0x24a30000)
  from space 1280K,  65% used [0x24a30000, 0x24b02d78, 0x24b70000)
  to   space 1280K,   0% used [0x24b70000, 0x24b70000, 0x24cb0000)
 tenured generation   total 25828K, used 20617K [0x29550000, 0x2ae89000, 0x34000000)
   the space 25828K,  79% used [0x29550000, 0x2a9724d8, 0x2a972600, 0x2ae89000)
 compacting perm gen  total 12288K, used 9442K [0x34000000, 0x34c00000, 0x38000000)
   the space 12288K,  76% used [0x34000000, 0x34938840, 0x34938a00, 0x34c00000)
    ro space 10240K,  42% used [0x38000000, 0x38434778, 0x38434800, 0x38a00000)
    rw space 12288K,  52% used [0x38a00000, 0x39049a68, 0x39049c00, 0x39600000)
Event: 8.603 GC heap after
Heap after GC invocations=17 (full 4):
 def new generation   total 15680K, used 0K [0x24000000, 0x25100000, 0x29550000)
  eden space 13952K,   0% used [0x24000000, 0x24000000, 0x24da0000)
  from space 1728K,   0% used [0x24da0000, 0x24da0000, 0x24f50000)
  to   space 1728K,   0% used [0x24f50000, 0x24f50000, 0x25100000)
 tenured generation   total 34640K, used 20783K [0x29550000, 0x2b724000, 0x34000000)
   the space 34640K,  59% used [0x29550000, 0x2a99bf10, 0x2a99c000, 0x2b724000)
 compacting perm gen  total 12288K, used 9434K [0x34000000, 0x34c00000, 0x38000000)
   the space 12288K,  76% used [0x34000000, 0x34936a78, 0x34936c00, 0x34c00000)
    ro space 10240K,  42% used [0x38000000, 0x38434778, 0x38434800, 0x38a00000)
    rw space 12288K,  52% used [0x38a00000, 0x39049a68, 0x39049c00, 0x39600000)
}
Event: 18.986 GC heap before
{Heap before GC invocations=17 (full 4):
 def new generation   total 15680K, used 12513K [0x24000000, 0x25100000, 0x29550000)
  eden space 13952K,  89% used [0x24000000, 0x24c387b0, 0x24da0000)
  from space 1728K,   0% used [0x24da0000, 0x24da0000, 0x24f50000)
  to   space 1728K,   0% used [0x24f50000, 0x24f50000, 0x25100000)
 tenured generation   total 34640K, used 20783K [0x29550000, 0x2b724000, 0x34000000)
   the space 34640K,  59% used [0x29550000, 0x2a99bf10, 0x2a99c000, 0x2b724000)
 compacting perm gen  total 12288K, used 9495K [0x34000000, 0x34c00000, 0x38000000)
   the space 12288K,  77% used [0x34000000, 0x34945c00, 0x34945c00, 0x34c00000)
    ro space 10240K,  42% used [0x38000000, 0x38434778, 0x38434800, 0x38a00000)
    rw space 12288K,  52% used [0x38a00000, 0x39049a68, 0x39049c00, 0x39600000)
Event: 18.989 GC heap after
Heap after GC invocations=18 (full 4):
 def new generation   total 15680K, used 1646K [0x24000000, 0x25100000, 0x29550000)
  eden space 13952K,   0% used [0x24000000, 0x24000000, 0x24da0000)
  from space 1728K,  95% used [0x24f50000, 0x250ebb90, 0x25100000)
  to   space 1728K,   0% used [0x24da0000, 0x24da0000, 0x24f50000)
 tenured generation   total 34640K, used 25762K [0x29550000, 0x2b724000, 0x34000000)
   the space 34640K,  74% used [0x29550000, 0x2ae78bc0, 0x2ae78c00, 0x2b724000)
 compacting perm gen  total 12288K, used 9495K [0x34000000, 0x34c00000, 0x38000000)
   the space 12288K,  77% used [0x34000000, 0x34945c00, 0x34945c00, 0x34c00000)
    ro space 10240K,  42% used [0x38000000, 0x38434778, 0x38434800, 0x38a00000)
    rw space 12288K,  52% used [0x38a00000, 0x39049a68, 0x39049c00, 0x39600000)
}
Event: 19.015 GC heap before
{Heap before GC invocations=18 (full 4):
 def new generation   total 15680K, used 14285K [0x24000000, 0x25100000, 0x29550000)
  eden space 13952K,  90% used [0x24000000, 0x24c57928, 0x24da0000)
  from space 1728K,  95% used [0x24f50000, 0x250ebb90, 0x25100000)
  to   space 1728K,   0% used [0x24da0000, 0x24da0000, 0x24f50000)
 tenured generation   total 34640K, used 25762K [0x29550000, 0x2b724000, 0x34000000)
   the space 34640K,  74% used [0x29550000, 0x2ae78bc0, 0x2ae78c00, 0x2b724000)
 compacting perm gen  total 12288K, used 9495K [0x34000000, 0x34c00000, 0x38000000)
   the space 12288K,  77% used [0x34000000, 0x34945c10, 0x34945e00, 0x34c00000)
    ro space 10240K,  42% used [0x38000000, 0x38434778, 0x38434800, 0x38a00000)
    rw space 12288K,  52% used [0x38a00000, 0x39049a68, 0x39049c00, 0x39600000)
Event: 19.072 GC heap after
Heap after GC invocations=19 (full 5):
 def new generation   total 22528K, used 0K [0x24000000, 0x25870000, 0x29550000)
  eden space 20032K,   0% used [0x24000000, 0x24000000, 0x25390000)
  from space 2496K,   0% used [0x25390000, 0x25390000, 0x25600000)
  to   space 2496K,   0% used [0x25600000, 0x25600000, 0x25870000)
 tenured generation   total 49908K, used 29942K [0x29550000, 0x2c60d000, 0x34000000)
   the space 49908K,  59% used [0x29550000, 0x2b28da90, 0x2b28dc00, 0x2c60d000)
 compacting perm gen  total 12288K, used 9495K [0x34000000, 0x34c00000, 0x38000000)
   the space 12288K,  77% used [0x34000000, 0x34945c10, 0x34945e00, 0x34c00000)
    ro space 10240K,  42% used [0x38000000, 0x38434778, 0x38434800, 0x38a00000)
    rw space 12288K,  52% used [0x38a00000, 0x39049a68, 0x39049c00, 0x39600000)
}
Event: 21.831 GC heap before
{Heap before GC invocations=19 (full 5):
 def new generation   total 22528K, used 20032K [0x24000000, 0x25870000, 0x29550000)
  eden space 20032K, 100% used [0x24000000, 0x25390000, 0x25390000)
  from space 2496K,   0% used [0x25390000, 0x25390000, 0x25600000)
  to   space 2496K,   0% used [0x25600000, 0x25600000, 0x25870000)
 tenured generation   total 49908K, used 29942K [0x29550000, 0x2c60d000, 0x34000000)
   the space 49908K,  59% used [0x29550000, 0x2b28da90, 0x2b28dc00, 0x2c60d000)
 compacting perm gen  total 12288K, used 9495K [0x34000000, 0x34c00000, 0x38000000)
   the space 12288K,  77% used [0x34000000, 0x34945d30, 0x34945e00, 0x34c00000)
    ro space 10240K,  42% used [0x38000000, 0x38434778, 0x38434800, 0x38a00000)
    rw space 12288K,  52% used [0x38a00000, 0x39049a68, 0x39049c00, 0x39600000)
Event: 21.834 GC heap after
Heap after GC invocations=20 (full 5):
 def new generation   total 22528K, used 2478K [0x24000000, 0x25870000, 0x29550000)
  eden space 20032K,   0% used [0x24000000, 0x24000000, 0x25390000)
  from space 2496K,  99% used [0x25600000, 0x2586bb58, 0x25870000)
  to   space 2496K,   0% used [0x25390000, 0x25390000, 0x25600000)
 tenured generation   total 49908K, used 36830K [0x29550000, 0x2c60d000, 0x34000000)
   the space 49908K,  73% used [0x29550000, 0x2b947868, 0x2b947a00, 0x2c60d000)
 compacting perm gen  total 12288K, used 9495K [0x34000000, 0x34c00000, 0x38000000)
   the space 12288K,  77% used [0x34000000, 0x34945d30, 0x34945e00, 0x34c00000)
    ro space 10240K,  42% used [0x38000000, 0x38434778, 0x38434800, 0x38a00000)
    rw space 12288K,  52% used [0x38a00000, 0x39049a68, 0x39049c00, 0x39600000)
}

