# JRE version: Java(TM) SE Runtime Environment (7.0_60-b19) (build 1.7.0_60-b19)
# Java VM: Java HotSpot(TM) Client VM (24.60-b09 mixed mode, sharing windows-x86 )
Heap
 def new generation   total 15872K, used 15530K [0x24000000, 0x25130000, 0x29550000)
  eden space 14144K,  97% used [0x24000000, 0x24d7aa08, 0x24dd0000)
  from space 1728K, 100% used [0x24f80000, 0x25130000, 0x25130000)
  to   space 1728K,   0% used [0x24dd0000, 0x24dd0000, 0x24f80000)
 tenured generation   total 34904K, used 25570K [0x29550000, 0x2b766000, 0x34000000)
   the space 34904K,  73% used [0x29550000, 0x2ae48aa8, 0x2ae48c00, 0x2b766000)
 compacting perm gen  total 12288K, used 9490K [0x34000000, 0x34c00000, 0x38000000)
   the space 12288K,  77% used [0x34000000, 0x34944948, 0x34944a00, 0x34c00000)
    ro space 10240K,  42% used [0x38000000, 0x38434778, 0x38434800, 0x38a00000)
    rw space 12288K,  52% used [0x38a00000, 0x39049a68, 0x39049c00, 0x39600000)
GC Heap History (10 events):
Event: 3.482 GC heap before
{Heap before GC invocations=13 (full 2):
 def new generation   total 9728K, used 7529K [0x24000000, 0x24a80000, 0x29550000)
  eden space 8704K,  86% used [0x24000000, 0x24758950, 0x24880000)
  from space 1024K,   0% used [0x24980000, 0x24981b90, 0x24a80000)
  to   space 1024K,   0% used [0x24880000, 0x24880000, 0x24980000)
 tenured generation   total 21364K, used 20275K [0x29550000, 0x2aa2d000, 0x34000000)
   the space 21364K,  94% used [0x29550000, 0x2a91cce8, 0x2a91ce00, 0x2aa2d000)
 compacting perm gen  total 12288K, used 8500K [0x34000000, 0x34c00000, 0x38000000)
   the space 12288K,  69% used [0x34000000, 0x3484d0a8, 0x3484d200, 0x34c00000)
    ro space 10240K,  42% used [0x38000000, 0x38434778, 0x38434800, 0x38a00000)
    rw space 12288K,  52% used [0x38a00000, 0x39049a68, 0x39049c00, 0x39600000)
Event: 3.539 GC heap after
Heap after GC invocations=14 (full 3):
 def new generation   total 11712K, used 0K [0x24000000, 0x24cb0000, 0x29550000)
  eden space 10432K,   0% used [0x24000000, 0x24000000, 0x24a30000)
  from space 1280K,   0% used [0x24a30000, 0x24a30000, 0x24b70000)
  to   space 1280K,   0% used [0x24b70000, 0x24b70000, 0x24cb0000)
 tenured generation   total 25808K, used 15483K [0x29550000, 0x2ae84000, 0x34000000)
   the space 25808K,  59% used [0x29550000, 0x2a46ef08, 0x2a46f000, 0x2ae84000)
 compacting perm gen  total 12288K, used 8500K [0x34000000, 0x34c00000, 0x38000000)
   the space 12288K,  69% used [0x34000000, 0x3484d0a8, 0x3484d200, 0x34c00000)
    ro space 10240K,  42% used [0x38000000, 0x38434778, 0x38434800, 0x38a00000)
    rw space 12288K,  52% used [0x38a00000, 0x39049a68, 0x39049c00, 0x39600000)
}
Event: 5.569 GC heap before
{Heap before GC invocations=14 (full 3):
 def new generation   total 11712K, used 10432K [0x24000000, 0x24cb0000, 0x29550000)
  eden space 10432K, 100% used [0x24000000, 0x24a30000, 0x24a30000)
  from space 1280K,   0% used [0x24a30000, 0x24a30000, 0x24b70000)
  to   space 1280K,   0% used [0x24b70000, 0x24b70000, 0x24cb0000)
 tenured generation   total 25808K, used 15483K [0x29550000, 0x2ae84000, 0x34000000)
   the space 25808K,  59% used [0x29550000, 0x2a46ef08, 0x2a46f000, 0x2ae84000)
 compacting perm gen  total 12288K, used 8645K [0x34000000, 0x34c00000, 0x38000000)
   the space 12288K,  70% used [0x34000000, 0x34871730, 0x34871800, 0x34c00000)
    ro space 10240K,  42% used [0x38000000, 0x38434778, 0x38434800, 0x38a00000)
    rw space 12288K,  52% used [0x38a00000, 0x39049a68, 0x39049c00, 0x39600000)
Event: 5.575 GC heap after
Heap after GC invocations=15 (full 3):
 def new generation   total 11712K, used 1280K [0x24000000, 0x24cb0000, 0x29550000)
  eden space 10432K,   0% used [0x24000000, 0x24000000, 0x24a30000)
  from space 1280K, 100% used [0x24b70000, 0x24cb0000, 0x24cb0000)
  to   space 1280K,   0% used [0x24a30000, 0x24a30000, 0x24b70000)
 tenured generation   total 25808K, used 19352K [0x29550000, 0x2ae84000, 0x34000000)
   the space 25808K,  74% used [0x29550000, 0x2a8363b8, 0x2a836400, 0x2ae84000)
 compacting perm gen  total 12288K, used 8645K [0x34000000, 0x34c00000, 0x38000000)
   the space 12288K,  70% used [0x34000000, 0x34871730, 0x34871800, 0x34c00000)
    ro space 10240K,  42% used [0x38000000, 0x38434778, 0x38434800, 0x38a00000)
    rw space 12288K,  52% used [0x38a00000, 0x39049a68, 0x39049c00, 0x39600000)
}
Event: 21.240 GC heap before
{Heap before GC invocations=15 (full 3):
 def new generation   total 11712K, used 10261K [0x24000000, 0x24cb0000, 0x29550000)
  eden space 10432K,  86% used [0x24000000, 0x248c57d0, 0x24a30000)
  from space 1280K, 100% used [0x24b70000, 0x24cb0000, 0x24cb0000)
  to   space 1280K,   0% used [0x24a30000, 0x24a30000, 0x24b70000)
 tenured generation   total 25808K, used 19352K [0x29550000, 0x2ae84000, 0x34000000)
   the space 25808K,  74% used [0x29550000, 0x2a8363b8, 0x2a836400, 0x2ae84000)
 compacting perm gen  total 12288K, used 9257K [0x34000000, 0x34c00000, 0x38000000)
   the space 12288K,  75% used [0x34000000, 0x3490a580, 0x3490a600, 0x34c00000)
    ro space 10240K,  42% used [0x38000000, 0x38434778, 0x38434800, 0x38a00000)
    rw space 12288K,  52% used [0x38a00000, 0x39049a68, 0x39049c00, 0x39600000)
Event: 21.244 GC heap after
Heap after GC invocations=16 (full 3):
 def new generation   total 11712K, used 805K [0x24000000, 0x24cb0000, 0x29550000)
  eden space 10432K,   0% used [0x24000000, 0x24000000, 0x24a30000)
  from space 1280K,  62% used [0x24a30000, 0x24af9680, 0x24b70000)
  to   space 1280K,   0% used [0x24b70000, 0x24b70000, 0x24cb0000)
 tenured generation   total 25808K, used 20613K [0x29550000, 0x2ae84000, 0x34000000)
   the space 25808K,  79% used [0x29550000, 0x2a971430, 0x2a971600, 0x2ae84000)
 compacting perm gen  total 12288K, used 9257K [0x34000000, 0x34c00000, 0x38000000)
   the space 12288K,  75% used [0x34000000, 0x3490a580, 0x3490a600, 0x34c00000)
    ro space 10240K,  42% used [0x38000000, 0x38434778, 0x38434800, 0x38a00000)
    rw space 12288K,  52% used [0x38a00000, 0x39049a68, 0x39049c00, 0x39600000)
}
Event: 21.403 GC heap before
{Heap before GC invocations=16 (full 3):
 def new generation   total 11712K, used 11233K [0x24000000, 0x24cb0000, 0x29550000)
  eden space 10432K,  99% used [0x24000000, 0x24a2ef30, 0x24a30000)
  from space 1280K,  62% used [0x24a30000, 0x24af9680, 0x24b70000)
  to   space 1280K,   0% used [0x24b70000, 0x24b70000, 0x24cb0000)
 tenured generation   total 25808K, used 20613K [0x29550000, 0x2ae84000, 0x34000000)
   the space 25808K,  79% used [0x29550000, 0x2a971430, 0x2a971600, 0x2ae84000)
 compacting perm gen  total 12288K, used 9365K [0x34000000, 0x34c00000, 0x38000000)
   the space 12288K,  76% used [0x34000000, 0x34925690, 0x34925800, 0x34c00000)
    ro space 10240K,  42% used [0x38000000, 0x38434778, 0x38434800, 0x38a00000)
    rw space 12288K,  52% used [0x38a00000, 0x39049a68, 0x39049c00, 0x39600000)
Event: 21.476 GC heap after
Heap after GC invocations=17 (full 4):
 def new generation   total 15872K, used 0K [0x24000000, 0x25130000, 0x29550000)
  eden space 14144K,   0% used [0x24000000, 0x24000000, 0x24dd0000)
  from space 1728K,   0% used [0x24dd0000, 0x24dd0000, 0x24f80000)
  to   space 1728K,   0% used [0x24f80000, 0x24f80000, 0x25130000)
 tenured generation   total 34904K, used 20942K [0x29550000, 0x2b766000, 0x34000000)
   the space 34904K,  59% used [0x29550000, 0x2a9c3948, 0x2a9c3a00, 0x2b766000)
 compacting perm gen  total 12288K, used 9358K [0x34000000, 0x34c00000, 0x38000000)
   the space 12288K,  76% used [0x34000000, 0x34923a60, 0x34923c00, 0x34c00000)
    ro space 10240K,  42% used [0x38000000, 0x38434778, 0x38434800, 0x38a00000)
    rw space 12288K,  52% used [0x38a00000, 0x39049a68, 0x39049c00, 0x39600000)
}
Event: 24.709 GC heap before
{Heap before GC invocations=17 (full 4):
 def new generation   total 15872K, used 14141K [0x24000000, 0x25130000, 0x29550000)
  eden space 14144K,  99% used [0x24000000, 0x24dcf7f0, 0x24dd0000)
  from space 1728K,   0% used [0x24dd0000, 0x24dd0000, 0x24f80000)
  to   space 1728K,   0% used [0x24f80000, 0x24f80000, 0x25130000)
 tenured generation   total 34904K, used 20942K [0x29550000, 0x2b766000, 0x34000000)
   the space 34904K,  59% used [0x29550000, 0x2a9c3948, 0x2a9c3a00, 0x2b766000)
 compacting perm gen  total 12288K, used 9486K [0x34000000, 0x34c00000, 0x38000000)
   the space 12288K,  77% used [0x34000000, 0x34943a28, 0x34943c00, 0x34c00000)
    ro space 10240K,  42% used [0x38000000, 0x38434778, 0x38434800, 0x38a00000)
    rw space 12288K,  52% used [0x38a00000, 0x39049a68, 0x39049c00, 0x39600000)
Event: 24.717 GC heap after
Heap after GC invocations=18 (full 4):
 def new generation   total 15872K, used 1728K [0x24000000, 0x25130000, 0x29550000)
  eden space 14144K,   0% used [0x24000000, 0x24000000, 0x24dd0000)
  from space 1728K, 100% used [0x24f80000, 0x25130000, 0x25130000)
  to   space 1728K,   0% used [0x24dd0000, 0x24dd0000, 0x24f80000)
 tenured generation   total 34904K, used 25570K [0x29550000, 0x2b766000, 0x34000000)
   the space 34904K,  73% used [0x29550000, 0x2ae48aa8, 0x2ae48c00, 0x2b766000)
 compacting perm gen  total 12288K, used 9486K [0x34000000, 0x34c00000, 0x38000000)
   the space 12288K,  77% used [0x34000000, 0x34943a28, 0x34943c00, 0x34c00000)
    ro space 10240K,  42% used [0x38000000, 0x38434778, 0x38434800, 0x38a00000)
    rw space 12288K,  52% used [0x38a00000, 0x39049a68, 0x39049c00, 0x39600000)
}

