# JRE version: Java(TM) SE Runtime Environment (7.0_60-b19) (build 1.7.0_60-b19)
# Java VM: Java HotSpot(TM) Client VM (24.60-b09 mixed mode, sharing windows-x86 )
Heap
 def new generation   total 51968K, used 5081K [0x24000000, 0x27860000, 0x29550000)
  eden space 46208K,  10% used [0x24000000, 0x244f67a0, 0x26d20000)
  from space 5760K,   0% used [0x26d20000, 0x26d20000, 0x272c0000)
  to   space 5760K,   0% used [0x272c0000, 0x272c0000, 0x27860000)
 tenured generation   total 115376K, used 69223K [0x29550000, 0x305fc000, 0x34000000)
   the space 115376K,  59% used [0x29550000, 0x2d8e9f10, 0x2d8ea000, 0x305fc000)
 compacting perm gen  total 12288K, used 11005K [0x34000000, 0x34c00000, 0x38000000)
   the space 12288K,  89% used [0x34000000, 0x34abf648, 0x34abf800, 0x34c00000)
    ro space 10240K,  42% used [0x38000000, 0x38434778, 0x38434800, 0x38a00000)
    rw space 12288K,  52% used [0x38a00000, 0x39049a68, 0x39049c00, 0x39600000)
GC Heap History (10 events):
Event: 326.769 GC heap before
{Heap before GC invocations=54 (full 10):
 def new generation   total 41920K, used 41725K [0x24000000, 0x26d70000, 0x29550000)
  eden space 37312K,  99% used [0x24000000, 0x2645ed60, 0x26470000)
  from space 4608K,  97% used [0x26470000, 0x268d07e8, 0x268f0000)
  to   space 4608K,   0% used [0x268f0000, 0x268f0000, 0x26d70000)
 tenured generation   total 92956K, used 77157K [0x29550000, 0x2f017000, 0x34000000)
   the space 92956K,  83% used [0x29550000, 0x2e0a95f0, 0x2e0a9600, 0x2f017000)
 compacting perm gen  total 12288K, used 11003K [0x34000000, 0x34c00000, 0x38000000)
   the space 12288K,  89% used [0x34000000, 0x34abefc0, 0x34abf000, 0x34c00000)
    ro space 10240K,  42% used [0x38000000, 0x38434778, 0x38434800, 0x38a00000)
    rw space 12288K,  52% used [0x38a00000, 0x39049a68, 0x39049c00, 0x39600000)
Event: 326.771 GC heap after
Heap after GC invocations=55 (full 10):
 def new generation   total 41920K, used 2367K [0x24000000, 0x26d70000, 0x29550000)
  eden space 37312K,   0% used [0x24000000, 0x24000000, 0x26470000)
  from space 4608K,  51% used [0x268f0000, 0x26b3ffc8, 0x26d70000)
  to   space 4608K,   0% used [0x26470000, 0x26470000, 0x268f0000)
 tenured generation   total 92956K, used 80845K [0x29550000, 0x2f017000, 0x34000000)
   the space 92956K,  86% used [0x29550000, 0x2e443660, 0x2e443800, 0x2f017000)
 compacting perm gen  total 12288K, used 11003K [0x34000000, 0x34c00000, 0x38000000)
   the space 12288K,  89% used [0x34000000, 0x34abefc0, 0x34abf000, 0x34c00000)
    ro space 10240K,  42% used [0x38000000, 0x38434778, 0x38434800, 0x38a00000)
    rw space 12288K,  52% used [0x38a00000, 0x39049a68, 0x39049c00, 0x39600000)
}
Event: 327.443 GC heap before
{Heap before GC invocations=55 (full 10):
 def new generation   total 41920K, used 39493K [0x24000000, 0x26d70000, 0x29550000)
  eden space 37312K,  99% used [0x24000000, 0x26441660, 0x26470000)
  from space 4608K,  51% used [0x268f0000, 0x26b3ffc8, 0x26d70000)
  to   space 4608K,   0% used [0x26470000, 0x26470000, 0x268f0000)
 tenured generation   total 92956K, used 80845K [0x29550000, 0x2f017000, 0x34000000)
   the space 92956K,  86% used [0x29550000, 0x2e443660, 0x2e443800, 0x2f017000)
 compacting perm gen  total 12288K, used 11003K [0x34000000, 0x34c00000, 0x38000000)
   the space 12288K,  89% used [0x34000000, 0x34abefd0, 0x34abf000, 0x34c00000)
    ro space 10240K,  42% used [0x38000000, 0x38434778, 0x38434800, 0x38a00000)
    rw space 12288K,  52% used [0x38a00000, 0x39049a68, 0x39049c00, 0x39600000)
Event: 327.444 GC heap after
Heap after GC invocations=56 (full 10):
 def new generation   total 41920K, used 1328K [0x24000000, 0x26d70000, 0x29550000)
  eden space 37312K,   0% used [0x24000000, 0x24000000, 0x26470000)
  from space 4608K,  28% used [0x26470000, 0x265bc2f8, 0x268f0000)
  to   space 4608K,   0% used [0x268f0000, 0x268f0000, 0x26d70000)
 tenured generation   total 92956K, used 80882K [0x29550000, 0x2f017000, 0x34000000)
   the space 92956K,  87% used [0x29550000, 0x2e44cbd0, 0x2e44cc00, 0x2f017000)
 compacting perm gen  total 12288K, used 11003K [0x34000000, 0x34c00000, 0x38000000)
   the space 12288K,  89% used [0x34000000, 0x34abefd0, 0x34abf000, 0x34c00000)
    ro space 10240K,  42% used [0x38000000, 0x38434778, 0x38434800, 0x38a00000)
    rw space 12288K,  52% used [0x38a00000, 0x39049a68, 0x39049c00, 0x39600000)
}
Event: 333.675 GC heap before
{Heap before GC invocations=56 (full 10):
 def new generation   total 41920K, used 37019K [0x24000000, 0x26d70000, 0x29550000)
  eden space 37312K,  95% used [0x24000000, 0x262da960, 0x26470000)
  from space 4608K,  28% used [0x26470000, 0x265bc2f8, 0x268f0000)
  to   space 4608K,   0% used [0x268f0000, 0x268f0000, 0x26d70000)
 tenured generation   total 92956K, used 80882K [0x29550000, 0x2f017000, 0x34000000)
   the space 92956K,  87% used [0x29550000, 0x2e44cbd0, 0x2e44cc00, 0x2f017000)
 compacting perm gen  total 12288K, used 11003K [0x34000000, 0x34c00000, 0x38000000)
   the space 12288K,  89% used [0x34000000, 0x34abefd0, 0x34abf000, 0x34c00000)
    ro space 10240K,  42% used [0x38000000, 0x38434778, 0x38434800, 0x38a00000)
    rw space 12288K,  52% used [0x38a00000, 0x39049a68, 0x39049c00, 0x39600000)
Event: 333.682 GC heap after
Heap after GC invocations=57 (full 10):
 def new generation   total 41920K, used 4431K [0x24000000, 0x26d70000, 0x29550000)
  eden space 37312K,   0% used [0x24000000, 0x24000000, 0x26470000)
  from space 4608K,  96% used [0x268f0000, 0x26d43ff0, 0x26d70000)
  to   space 4608K,   0% used [0x26470000, 0x26470000, 0x268f0000)
 tenured generation   total 92956K, used 85747K [0x29550000, 0x2f017000, 0x34000000)
   the space 92956K,  92% used [0x29550000, 0x2e90cd00, 0x2e90ce00, 0x2f017000)
 compacting perm gen  total 12288K, used 11003K [0x34000000, 0x34c00000, 0x38000000)
   the space 12288K,  89% used [0x34000000, 0x34abefd0, 0x34abf000, 0x34c00000)
    ro space 10240K,  42% used [0x38000000, 0x38434778, 0x38434800, 0x38a00000)
    rw space 12288K,  52% used [0x38a00000, 0x39049a68, 0x39049c00, 0x39600000)
}
Event: 334.780 GC heap before
{Heap before GC invocations=57 (full 10):
 def new generation   total 41920K, used 41730K [0x24000000, 0x26d70000, 0x29550000)
  eden space 37312K,  99% used [0x24000000, 0x2646cc08, 0x26470000)
  from space 4608K,  96% used [0x268f0000, 0x26d43ff0, 0x26d70000)
  to   space 4608K,   0% used [0x26470000, 0x26470000, 0x268f0000)
 tenured generation   total 92956K, used 85939K [0x29550000, 0x2f017000, 0x34000000)
   the space 92956K,  92% used [0x29550000, 0x2e93cd10, 0x2e93ce00, 0x2f017000)
 compacting perm gen  total 12288K, used 11004K [0x34000000, 0x34c00000, 0x38000000)
   the space 12288K,  89% used [0x34000000, 0x34abf040, 0x34abf200, 0x34c00000)
    ro space 10240K,  42% used [0x38000000, 0x38434778, 0x38434800, 0x38a00000)
    rw space 12288K,  52% used [0x38a00000, 0x39049a68, 0x39049c00, 0x39600000)
Event: 334.786 GC heap after
Heap after GC invocations=58 (full 10):
 def new generation   total 41920K, used 4608K [0x24000000, 0x26d70000, 0x29550000)
  eden space 37312K,   0% used [0x24000000, 0x24000000, 0x26470000)
  from space 4608K, 100% used [0x26470000, 0x268f0000, 0x268f0000)
  to   space 4608K,   0% used [0x268f0000, 0x268f0000, 0x26d70000)
 tenured generation   total 94132K, used 94130K [0x29550000, 0x2f13d000, 0x34000000)
   the space 94132K,  99% used [0x29550000, 0x2f13ca28, 0x2f13cc00, 0x2f13d000)
 compacting perm gen  total 12288K, used 11004K [0x34000000, 0x34c00000, 0x38000000)
   the space 12288K,  89% used [0x34000000, 0x34abf040, 0x34abf200, 0x34c00000)
    ro space 10240K,  42% used [0x38000000, 0x38434778, 0x38434800, 0x38a00000)
    rw space 12288K,  52% used [0x38a00000, 0x39049a68, 0x39049c00, 0x39600000)
}
Event: 375.044 GC heap before
{Heap before GC invocations=58 (full 10):
 def new generation   total 41920K, used 41919K [0x24000000, 0x26d70000, 0x29550000)
  eden space 37312K,  99% used [0x24000000, 0x2646ffe0, 0x26470000)
  from space 4608K, 100% used [0x26470000, 0x268f0000, 0x268f0000)
  to   space 4608K,   0% used [0x268f0000, 0x268f0000, 0x26d70000)
 tenured generation   total 94132K, used 94130K [0x29550000, 0x2f13d000, 0x34000000)
   the space 94132K,  99% used [0x29550000, 0x2f13ca28, 0x2f13cc00, 0x2f13d000)
 compacting perm gen  total 12288K, used 11004K [0x34000000, 0x34c00000, 0x38000000)
   the space 12288K,  89% used [0x34000000, 0x34abf060, 0x34abf200, 0x34c00000)
    ro space 10240K,  42% used [0x38000000, 0x38434778, 0x38434800, 0x38a00000)
    rw space 12288K,  52% used [0x38a00000, 0x39049a68, 0x39049c00, 0x39600000)
Event: 375.146 GC heap after
Heap after GC invocations=59 (full 11):
 def new generation   total 51968K, used 0K [0x24000000, 0x27860000, 0x29550000)
  eden space 46208K,   0% used [0x24000000, 0x24000000, 0x26d20000)
  from space 5760K,   0% used [0x26d20000, 0x26d20000, 0x272c0000)
  to   space 5760K,   0% used [0x272c0000, 0x272c0000, 0x27860000)
 tenured generation   total 115376K, used 69223K [0x29550000, 0x305fc000, 0x34000000)
   the space 115376K,  59% used [0x29550000, 0x2d8e9f10, 0x2d8ea000, 0x305fc000)
 compacting perm gen  total 12288K, used 11004K [0x34000000, 0x34c00000, 0x38000000)
   the space 12288K,  89% used [0x34000000, 0x34abf060, 0x34abf200, 0x34c00000)
    ro space 10240K,  42% used [0x38000000, 0x38434778, 0x38434800, 0x38a00000)
    rw space 12288K,  52% used [0x38a00000, 0x39049a68, 0x39049c00, 0x39600000)
}

