# JRE version: Java(TM) SE Runtime Environment (7.0_60-b19) (build 1.7.0_60-b19)
# Java VM: Java HotSpot(TM) Client VM (24.60-b09 mixed mode, sharing windows-x86 )
Heap
 def new generation   total 31872K, used 14247K [0x24000000, 0x26290000, 0x29550000)
  eden space 28352K,  50% used [0x24000000, 0x24de9f38, 0x25bb0000)
  from space 3520K,   0% used [0x25bb0000, 0x25bb0000, 0x25f20000)
  to   space 3520K,   0% used [0x25f20000, 0x25f20000, 0x26290000)
 tenured generation   total 70640K, used 42381K [0x29550000, 0x2da4c000, 0x34000000)
   the space 70640K,  59% used [0x29550000, 0x2beb36d0, 0x2beb3800, 0x2da4c000)
 compacting perm gen  total 12288K, used 8793K [0x34000000, 0x34c00000, 0x38000000)
   the space 12288K,  71% used [0x34000000, 0x34896490, 0x34896600, 0x34c00000)
    ro space 10240K,  42% used [0x38000000, 0x38434778, 0x38434800, 0x38a00000)
    rw space 12288K,  52% used [0x38a00000, 0x39049a68, 0x39049c00, 0x39600000)
GC Heap History (10 events):
Event: 7.061 GC heap before
{Heap before GC invocations=14 (full 2):
 def new generation   total 13888K, used 12387K [0x24000000, 0x24f10000, 0x29550000)
  eden space 12352K, 100% used [0x24000000, 0x24c10000, 0x24c10000)
  from space 1536K,   2% used [0x24d90000, 0x24d98c58, 0x24f10000)
  to   space 1536K,   0% used [0x24c10000, 0x24c10000, 0x24d90000)
 tenured generation   total 30748K, used 29632K [0x29550000, 0x2b357000, 0x34000000)
   the space 30748K,  96% used [0x29550000, 0x2b240068, 0x2b240200, 0x2b357000)
 compacting perm gen  total 12288K, used 8788K [0x34000000, 0x34c00000, 0x38000000)
   the space 12288K,  71% used [0x34000000, 0x348953b8, 0x34895400, 0x34c00000)
    ro space 10240K,  42% used [0x38000000, 0x38434778, 0x38434800, 0x38a00000)
    rw space 12288K,  52% used [0x38a00000, 0x39049a68, 0x39049c00, 0x39600000)
Event: 7.127 GC heap after
Heap after GC invocations=15 (full 3):
 def new generation   total 17088K, used 0K [0x24000000, 0x25280000, 0x29550000)
  eden space 15232K,   0% used [0x24000000, 0x24000000, 0x24ee0000)
  from space 1856K,   0% used [0x24ee0000, 0x24ee0000, 0x250b0000)
  to   space 1856K,   0% used [0x250b0000, 0x250b0000, 0x25280000)
 tenured generation   total 37588K, used 22550K [0x29550000, 0x2ba05000, 0x34000000)
   the space 37588K,  59% used [0x29550000, 0x2ab55a28, 0x2ab55c00, 0x2ba05000)
 compacting perm gen  total 12288K, used 8788K [0x34000000, 0x34c00000, 0x38000000)
   the space 12288K,  71% used [0x34000000, 0x348953b8, 0x34895400, 0x34c00000)
    ro space 10240K,  42% used [0x38000000, 0x38434778, 0x38434800, 0x38a00000)
    rw space 12288K,  52% used [0x38a00000, 0x39049a68, 0x39049c00, 0x39600000)
}
Event: 7.205 GC heap before
{Heap before GC invocations=15 (full 3):
 def new generation   total 17088K, used 15233K [0x24000000, 0x25280000, 0x29550000)
  eden space 15232K, 100% used [0x24000000, 0x24ee0000, 0x24ee0000)
  from space 1856K,   0% used [0x24ee0000, 0x24ee0478, 0x250b0000)
  to   space 1856K,   0% used [0x250b0000, 0x250b0000, 0x25280000)
 tenured generation   total 37588K, used 22550K [0x29550000, 0x2ba05000, 0x34000000)
   the space 37588K,  59% used [0x29550000, 0x2ab55a28, 0x2ab55c00, 0x2ba05000)
 compacting perm gen  total 12288K, used 8788K [0x34000000, 0x34c00000, 0x38000000)
   the space 12288K,  71% used [0x34000000, 0x348953e8, 0x34895400, 0x34c00000)
    ro space 10240K,  42% used [0x38000000, 0x38434778, 0x38434800, 0x38a00000)
    rw space 12288K,  52% used [0x38a00000, 0x39049a68, 0x39049c00, 0x39600000)
Event: 7.210 GC heap after
Heap after GC invocations=16 (full 3):
 def new generation   total 17088K, used 1855K [0x24000000, 0x25280000, 0x29550000)
  eden space 15232K,   0% used [0x24000000, 0x24000000, 0x24ee0000)
  from space 1856K,  99% used [0x250b0000, 0x2527ff70, 0x25280000)
  to   space 1856K,   0% used [0x24ee0000, 0x24ee0000, 0x250b0000)
 tenured generation   total 37588K, used 27875K [0x29550000, 0x2ba05000, 0x34000000)
   the space 37588K,  74% used [0x29550000, 0x2b088f78, 0x2b089000, 0x2ba05000)
 compacting perm gen  total 12288K, used 8788K [0x34000000, 0x34c00000, 0x38000000)
   the space 12288K,  71% used [0x34000000, 0x348953e8, 0x34895400, 0x34c00000)
    ro space 10240K,  42% used [0x38000000, 0x38434778, 0x38434800, 0x38a00000)
    rw space 12288K,  52% used [0x38a00000, 0x39049a68, 0x39049c00, 0x39600000)
}
Event: 9.573 GC heap before
{Heap before GC invocations=16 (full 3):
 def new generation   total 17088K, used 14710K [0x24000000, 0x25280000, 0x29550000)
  eden space 15232K,  84% used [0x24000000, 0x24c8d9a8, 0x24ee0000)
  from space 1856K,  99% used [0x250b0000, 0x2527ff70, 0x25280000)
  to   space 1856K,   0% used [0x24ee0000, 0x24ee0000, 0x250b0000)
 tenured generation   total 37588K, used 27875K [0x29550000, 0x2ba05000, 0x34000000)
   the space 37588K,  74% used [0x29550000, 0x2b088f78, 0x2b089000, 0x2ba05000)
 compacting perm gen  total 12288K, used 8788K [0x34000000, 0x34c00000, 0x38000000)
   the space 12288K,  71% used [0x34000000, 0x348953f8, 0x34895400, 0x34c00000)
    ro space 10240K,  42% used [0x38000000, 0x38434778, 0x38434800, 0x38a00000)
    rw space 12288K,  52% used [0x38a00000, 0x39049a68, 0x39049c00, 0x39600000)
Event: 9.623 GC heap after
Heap after GC invocations=17 (full 4):
 def new generation   total 23360K, used 0K [0x24000000, 0x25950000, 0x29550000)
  eden space 20800K,   0% used [0x24000000, 0x24000000, 0x25450000)
  from space 2560K,   0% used [0x25450000, 0x25450000, 0x256d0000)
  to   space 2560K,   0% used [0x256d0000, 0x256d0000, 0x25950000)
 tenured generation   total 51804K, used 31080K [0x29550000, 0x2c7e7000, 0x34000000)
   the space 51804K,  59% used [0x29550000, 0x2b3aa018, 0x2b3aa200, 0x2c7e7000)
 compacting perm gen  total 12288K, used 8782K [0x34000000, 0x34c00000, 0x38000000)
   the space 12288K,  71% used [0x34000000, 0x34893a40, 0x34893c00, 0x34c00000)
    ro space 10240K,  42% used [0x38000000, 0x38434778, 0x38434800, 0x38a00000)
    rw space 12288K,  52% used [0x38a00000, 0x39049a68, 0x39049c00, 0x39600000)
}
Event: 9.679 GC heap before
{Heap before GC invocations=17 (full 4):
 def new generation   total 23360K, used 20591K [0x24000000, 0x25950000, 0x29550000)
  eden space 20800K,  98% used [0x24000000, 0x2541bd60, 0x25450000)
  from space 2560K,   0% used [0x25450000, 0x25450000, 0x256d0000)
  to   space 2560K,   0% used [0x256d0000, 0x256d0000, 0x25950000)
 tenured generation   total 51804K, used 31080K [0x29550000, 0x2c7e7000, 0x34000000)
   the space 51804K,  59% used [0x29550000, 0x2b3aa018, 0x2b3aa200, 0x2c7e7000)
 compacting perm gen  total 12288K, used 8783K [0x34000000, 0x34c00000, 0x38000000)
   the space 12288K,  71% used [0x34000000, 0x34893dd0, 0x34893e00, 0x34c00000)
    ro space 10240K,  42% used [0x38000000, 0x38434778, 0x38434800, 0x38a00000)
    rw space 12288K,  52% used [0x38a00000, 0x39049a68, 0x39049c00, 0x39600000)
Event: 9.685 GC heap after
Heap after GC invocations=18 (full 4):
 def new generation   total 23360K, used 2557K [0x24000000, 0x25950000, 0x29550000)
  eden space 20800K,   0% used [0x24000000, 0x24000000, 0x25450000)
  from space 2560K,  99% used [0x256d0000, 0x2594f420, 0x25950000)
  to   space 2560K,   0% used [0x25450000, 0x25450000, 0x256d0000)
 tenured generation   total 51804K, used 44192K [0x29550000, 0x2c7e7000, 0x34000000)
   the space 51804K,  85% used [0x29550000, 0x2c0783f8, 0x2c078400, 0x2c7e7000)
 compacting perm gen  total 12288K, used 8783K [0x34000000, 0x34c00000, 0x38000000)
   the space 12288K,  71% used [0x34000000, 0x34893dd0, 0x34893e00, 0x34c00000)
    ro space 10240K,  42% used [0x38000000, 0x38434778, 0x38434800, 0x38a00000)
    rw space 12288K,  52% used [0x38a00000, 0x39049a68, 0x39049c00, 0x39600000)
}
Event: 10.822 GC heap before
{Heap before GC invocations=18 (full 4):
 def new generation   total 23360K, used 23153K [0x24000000, 0x25950000, 0x29550000)
  eden space 20800K,  99% used [0x24000000, 0x2541d2a0, 0x25450000)
  from space 2560K,  99% used [0x256d0000, 0x2594f420, 0x25950000)
  to   space 2560K,   0% used [0x25450000, 0x25450000, 0x256d0000)
 tenured generation   total 51804K, used 44192K [0x29550000, 0x2c7e7000, 0x34000000)
   the space 51804K,  85% used [0x29550000, 0x2c0783f8, 0x2c078400, 0x2c7e7000)
 compacting perm gen  total 12288K, used 8783K [0x34000000, 0x34c00000, 0x38000000)
   the space 12288K,  71% used [0x34000000, 0x34893ed0, 0x34894000, 0x34c00000)
    ro space 10240K,  42% used [0x38000000, 0x38434778, 0x38434800, 0x38a00000)
    rw space 12288K,  52% used [0x38a00000, 0x39049a68, 0x39049c00, 0x39600000)
Event: 10.869 GC heap after
Heap after GC invocations=19 (full 5):
 def new generation   total 31872K, used 0K [0x24000000, 0x26290000, 0x29550000)
  eden space 28352K,   0% used [0x24000000, 0x24000000, 0x25bb0000)
  from space 3520K,   0% used [0x25bb0000, 0x25bb0000, 0x25f20000)
  to   space 3520K,   0% used [0x25f20000, 0x25f20000, 0x26290000)
 tenured generation   total 70640K, used 42381K [0x29550000, 0x2da4c000, 0x34000000)
   the space 70640K,  59% used [0x29550000, 0x2beb36d0, 0x2beb3800, 0x2da4c000)
 compacting perm gen  total 12288K, used 8783K [0x34000000, 0x34c00000, 0x38000000)
   the space 12288K,  71% used [0x34000000, 0x34893ed0, 0x34894000, 0x34c00000)
    ro space 10240K,  42% used [0x38000000, 0x38434778, 0x38434800, 0x38a00000)
    rw space 12288K,  52% used [0x38a00000, 0x39049a68, 0x39049c00, 0x39600000)
}

