# JRE version: Java(TM) SE Runtime Environment (7.0_60-b19) (build 1.7.0_60-b19)
# Java VM: Java HotSpot(TM) Client VM (24.60-b09 mixed mode, sharing windows-x86 )
Heap
 def new generation   total 13376K, used 3952K [0x24000000, 0x24e80000, 0x29550000)
  eden space 11904K,  33% used [0x24000000, 0x243dc1c0, 0x24ba0000)
  from space 1472K,   0% used [0x24ba0000, 0x24ba0000, 0x24d10000)
  to   space 1472K,   0% used [0x24d10000, 0x24d10000, 0x24e80000)
 tenured generation   total 29560K, used 17735K [0x29550000, 0x2b22e000, 0x34000000)
   the space 29560K,  59% used [0x29550000, 0x2a6a1da8, 0x2a6a1e00, 0x2b22e000)
 compacting perm gen  total 12288K, used 8570K [0x34000000, 0x34c00000, 0x38000000)
   the space 12288K,  69% used [0x34000000, 0x3485eb08, 0x3485ec00, 0x34c00000)
    ro space 10240K,  42% used [0x38000000, 0x38434778, 0x38434800, 0x38a00000)
    rw space 12288K,  52% used [0x38a00000, 0x39049a68, 0x39049c00, 0x39600000)
GC Heap History (10 events):
Event: 2.655 GC heap before
{Heap before GC invocations=9 (full 1):
 def new generation   total 9408K, used 9408K [0x24000000, 0x24a30000, 0x29550000)
  eden space 8384K, 100% used [0x24000000, 0x24830000, 0x24830000)
  from space 1024K, 100% used [0x24930000, 0x24a30000, 0x24a30000)
  to   space 1024K,   0% used [0x24830000, 0x24830000, 0x24930000)
 tenured generation   total 20768K, used 15809K [0x29550000, 0x2a998000, 0x34000000)
   the space 20768K,  76% used [0x29550000, 0x2a4c0738, 0x2a4c0800, 0x2a998000)
 compacting perm gen  total 12288K, used 7697K [0x34000000, 0x34c00000, 0x38000000)
   the space 12288K,  62% used [0x34000000, 0x347847f8, 0x34784800, 0x34c00000)
    ro space 10240K,  42% used [0x38000000, 0x38434778, 0x38434800, 0x38a00000)
    rw space 12288K,  52% used [0x38a00000, 0x39049a68, 0x39049c00, 0x39600000)
Event: 2.664 GC heap after
Heap after GC invocations=10 (full 1):
 def new generation   total 9408K, used 1024K [0x24000000, 0x24a30000, 0x29550000)
  eden space 8384K,   0% used [0x24000000, 0x24000000, 0x24830000)
  from space 1024K, 100% used [0x24830000, 0x24930000, 0x24930000)
  to   space 1024K,   0% used [0x24930000, 0x24930000, 0x24a30000)
 tenured generation   total 20768K, used 17371K [0x29550000, 0x2a998000, 0x34000000)
   the space 20768K,  83% used [0x29550000, 0x2a646e18, 0x2a647000, 0x2a998000)
 compacting perm gen  total 12288K, used 7697K [0x34000000, 0x34c00000, 0x38000000)
   the space 12288K,  62% used [0x34000000, 0x347847f8, 0x34784800, 0x34c00000)
    ro space 10240K,  42% used [0x38000000, 0x38434778, 0x38434800, 0x38a00000)
    rw space 12288K,  52% used [0x38a00000, 0x39049a68, 0x39049c00, 0x39600000)
}
Event: 2.853 GC heap before
{Heap before GC invocations=10 (full 1):
 def new generation   total 9408K, used 9404K [0x24000000, 0x24a30000, 0x29550000)
  eden space 8384K,  99% used [0x24000000, 0x2482f310, 0x24830000)
  from space 1024K, 100% used [0x24830000, 0x24930000, 0x24930000)
  to   space 1024K,   0% used [0x24930000, 0x24930000, 0x24a30000)
 tenured generation   total 20768K, used 17371K [0x29550000, 0x2a998000, 0x34000000)
   the space 20768K,  83% used [0x29550000, 0x2a646e18, 0x2a647000, 0x2a998000)
 compacting perm gen  total 12288K, used 8131K [0x34000000, 0x34c00000, 0x38000000)
   the space 12288K,  66% used [0x34000000, 0x347f0ee8, 0x347f1000, 0x34c00000)
    ro space 10240K,  42% used [0x38000000, 0x38434778, 0x38434800, 0x38a00000)
    rw space 12288K,  52% used [0x38a00000, 0x39049a68, 0x39049c00, 0x39600000)
Event: 2.860 GC heap after
Heap after GC invocations=11 (full 1):
 def new generation   total 9408K, used 1024K [0x24000000, 0x24a30000, 0x29550000)
  eden space 8384K,   0% used [0x24000000, 0x24000000, 0x24830000)
  from space 1024K, 100% used [0x24930000, 0x24a30000, 0x24a30000)
  to   space 1024K,   0% used [0x24830000, 0x24830000, 0x24930000)
 tenured generation   total 20768K, used 19829K [0x29550000, 0x2a998000, 0x34000000)
   the space 20768K,  95% used [0x29550000, 0x2a8ad790, 0x2a8ad800, 0x2a998000)
 compacting perm gen  total 12288K, used 8131K [0x34000000, 0x34c00000, 0x38000000)
   the space 12288K,  66% used [0x34000000, 0x347f0ee8, 0x347f1000, 0x34c00000)
    ro space 10240K,  42% used [0x38000000, 0x38434778, 0x38434800, 0x38a00000)
    rw space 12288K,  52% used [0x38a00000, 0x39049a68, 0x39049c00, 0x39600000)
}
Event: 2.936 GC heap before
{Heap before GC invocations=11 (full 1):
 def new generation   total 9408K, used 9408K [0x24000000, 0x24a30000, 0x29550000)
  eden space 8384K, 100% used [0x24000000, 0x24830000, 0x24830000)
  from space 1024K, 100% used [0x24930000, 0x24a30000, 0x24a30000)
  to   space 1024K,   0% used [0x24830000, 0x24830000, 0x24930000)
 tenured generation   total 20768K, used 19829K [0x29550000, 0x2a998000, 0x34000000)
   the space 20768K,  95% used [0x29550000, 0x2a8ad790, 0x2a8ad800, 0x2a998000)
 compacting perm gen  total 12288K, used 8517K [0x34000000, 0x34c00000, 0x38000000)
   the space 12288K,  69% used [0x34000000, 0x34851778, 0x34851800, 0x34c00000)
    ro space 10240K,  42% used [0x38000000, 0x38434778, 0x38434800, 0x38a00000)
    rw space 12288K,  52% used [0x38a00000, 0x39049a68, 0x39049c00, 0x39600000)
Event: 2.994 GC heap after
Heap after GC invocations=12 (full 2):
 def new generation   total 11648K, used 0K [0x24000000, 0x24ca0000, 0x29550000)
  eden space 10368K,   0% used [0x24000000, 0x24000000, 0x24a20000)
  from space 1280K,   0% used [0x24a20000, 0x24a20000, 0x24b60000)
  to   space 1280K,   0% used [0x24b60000, 0x24b60000, 0x24ca0000)
 tenured generation   total 25788K, used 15465K [0x29550000, 0x2ae7f000, 0x34000000)
   the space 25788K,  59% used [0x29550000, 0x2a46a400, 0x2a46a400, 0x2ae7f000)
 compacting perm gen  total 12288K, used 8517K [0x34000000, 0x34c00000, 0x38000000)
   the space 12288K,  69% used [0x34000000, 0x34851778, 0x34851800, 0x34c00000)
    ro space 10240K,  42% used [0x38000000, 0x38434778, 0x38434800, 0x38a00000)
    rw space 12288K,  52% used [0x38a00000, 0x39049a68, 0x39049c00, 0x39600000)
}
Event: 3.012 GC heap before
{Heap before GC invocations=12 (full 2):
 def new generation   total 11648K, used 9454K [0x24000000, 0x24ca0000, 0x29550000)
  eden space 10368K,  91% used [0x24000000, 0x2493b900, 0x24a20000)
  from space 1280K,   0% used [0x24a20000, 0x24a20000, 0x24b60000)
  to   space 1280K,   0% used [0x24b60000, 0x24b60000, 0x24ca0000)
 tenured generation   total 25788K, used 15465K [0x29550000, 0x2ae7f000, 0x34000000)
   the space 25788K,  59% used [0x29550000, 0x2a46a400, 0x2a46a400, 0x2ae7f000)
 compacting perm gen  total 12288K, used 8517K [0x34000000, 0x34c00000, 0x38000000)
   the space 12288K,  69% used [0x34000000, 0x34851778, 0x34851800, 0x34c00000)
    ro space 10240K,  42% used [0x38000000, 0x38434778, 0x38434800, 0x38a00000)
    rw space 12288K,  52% used [0x38a00000, 0x39049a68, 0x39049c00, 0x39600000)
Event: 3.015 GC heap after
Heap after GC invocations=13 (full 2):
 def new generation   total 11648K, used 7K [0x24000000, 0x24ca0000, 0x29550000)
  eden space 10368K,   0% used [0x24000000, 0x24000000, 0x24a20000)
  from space 1280K,   0% used [0x24b60000, 0x24b61e78, 0x24ca0000)
  to   space 1280K,   0% used [0x24a20000, 0x24a20000, 0x24b60000)
 tenured generation   total 25788K, used 24783K [0x29550000, 0x2ae7f000, 0x34000000)
   the space 25788K,  96% used [0x29550000, 0x2ad83e78, 0x2ad84000, 0x2ae7f000)
 compacting perm gen  total 12288K, used 8517K [0x34000000, 0x34c00000, 0x38000000)
   the space 12288K,  69% used [0x34000000, 0x34851778, 0x34851800, 0x34c00000)
    ro space 10240K,  42% used [0x38000000, 0x38434778, 0x38434800, 0x38a00000)
    rw space 12288K,  52% used [0x38a00000, 0x39049a68, 0x39049c00, 0x39600000)
}
Event: 3.033 GC heap before
{Heap before GC invocations=13 (full 2):
 def new generation   total 11648K, used 9575K [0x24000000, 0x24ca0000, 0x29550000)
  eden space 10368K,  92% used [0x24000000, 0x24957f88, 0x24a20000)
  from space 1280K,   0% used [0x24b60000, 0x24b61e78, 0x24ca0000)
  to   space 1280K,   0% used [0x24a20000, 0x24a20000, 0x24b60000)
 tenured generation   total 25788K, used 24783K [0x29550000, 0x2ae7f000, 0x34000000)
   the space 25788K,  96% used [0x29550000, 0x2ad83e78, 0x2ad84000, 0x2ae7f000)
 compacting perm gen  total 12288K, used 8518K [0x34000000, 0x34c00000, 0x38000000)
   the space 12288K,  69% used [0x34000000, 0x34851818, 0x34851a00, 0x34c00000)
    ro space 10240K,  42% used [0x38000000, 0x38434778, 0x38434800, 0x38a00000)
    rw space 12288K,  52% used [0x38a00000, 0x39049a68, 0x39049c00, 0x39600000)
Event: 3.073 GC heap after
Heap after GC invocations=14 (full 3):
 def new generation   total 13376K, used 0K [0x24000000, 0x24e80000, 0x29550000)
  eden space 11904K,   0% used [0x24000000, 0x24000000, 0x24ba0000)
  from space 1472K,   0% used [0x24ba0000, 0x24ba0000, 0x24d10000)
  to   space 1472K,   0% used [0x24d10000, 0x24d10000, 0x24e80000)
 tenured generation   total 29560K, used 17735K [0x29550000, 0x2b22e000, 0x34000000)
   the space 29560K,  59% used [0x29550000, 0x2a6a1da8, 0x2a6a1e00, 0x2b22e000)
 compacting perm gen  total 12288K, used 8518K [0x34000000, 0x34c00000, 0x38000000)
   the space 12288K,  69% used [0x34000000, 0x34851818, 0x34851a00, 0x34c00000)
    ro space 10240K,  42% used [0x38000000, 0x38434778, 0x38434800, 0x38a00000)
    rw space 12288K,  52% used [0x38a00000, 0x39049a68, 0x39049c00, 0x39600000)
}

