# JRE version: Java(TM) SE Runtime Environment (7.0_60-b19) (build 1.7.0_60-b19)
# Java VM: Java HotSpot(TM) Client VM (24.60-b09 mixed mode, sharing windows-x86 )
Heap
 def new generation   total 30656K, used 4680K [0x24000000, 0x26140000, 0x29550000)
  eden space 27264K,   4% used [0x24000000, 0x24142878, 0x25aa0000)
  from space 3392K,  99% used [0x25df0000, 0x2613fb20, 0x26140000)
  to   space 3392K,   0% used [0x25aa0000, 0x25aa0000, 0x25df0000)
 tenured generation   total 68020K, used 42371K [0x29550000, 0x2d7bd000, 0x34000000)
   the space 68020K,  62% used [0x29550000, 0x2beb0cc0, 0x2beb0e00, 0x2d7bd000)
 compacting perm gen  total 12288K, used 8800K [0x34000000, 0x34c00000, 0x38000000)
   the space 12288K,  71% used [0x34000000, 0x348981f0, 0x34898200, 0x34c00000)
    ro space 10240K,  42% used [0x38000000, 0x38434778, 0x38434800, 0x38a00000)
    rw space 12288K,  52% used [0x38a00000, 0x39049a68, 0x39049c00, 0x39600000)
GC Heap History (10 events):
Event: 8.970 GC heap before
{Heap before GC invocations=18 (full 4):
 def new generation   total 24320K, used 21632K [0x24000000, 0x25a60000, 0x29550000)
  eden space 21632K, 100% used [0x24000000, 0x25520000, 0x25520000)
  from space 2688K,   0% used [0x25520000, 0x25520000, 0x257c0000)
  to   space 2688K,   0% used [0x257c0000, 0x257c0000, 0x25a60000)
 tenured generation   total 53988K, used 32390K [0x29550000, 0x2ca09000, 0x34000000)
   the space 53988K,  59% used [0x29550000, 0x2b4f1a90, 0x2b4f1c00, 0x2ca09000)
 compacting perm gen  total 12288K, used 8783K [0x34000000, 0x34c00000, 0x38000000)
   the space 12288K,  71% used [0x34000000, 0x34893ec8, 0x34894000, 0x34c00000)
    ro space 10240K,  42% used [0x38000000, 0x38434778, 0x38434800, 0x38a00000)
    rw space 12288K,  52% used [0x38a00000, 0x39049a68, 0x39049c00, 0x39600000)
Event: 8.976 GC heap after
Heap after GC invocations=19 (full 4):
 def new generation   total 24320K, used 2688K [0x24000000, 0x25a60000, 0x29550000)
  eden space 21632K,   0% used [0x24000000, 0x24000000, 0x25520000)
  from space 2688K, 100% used [0x257c0000, 0x25a60000, 0x25a60000)
  to   space 2688K,   0% used [0x25520000, 0x25520000, 0x257c0000)
 tenured generation   total 53988K, used 46234K [0x29550000, 0x2ca09000, 0x34000000)
   the space 53988K,  85% used [0x29550000, 0x2c276a80, 0x2c276c00, 0x2ca09000)
 compacting perm gen  total 12288K, used 8783K [0x34000000, 0x34c00000, 0x38000000)
   the space 12288K,  71% used [0x34000000, 0x34893ec8, 0x34894000, 0x34c00000)
    ro space 10240K,  42% used [0x38000000, 0x38434778, 0x38434800, 0x38a00000)
    rw space 12288K,  52% used [0x38a00000, 0x39049a68, 0x39049c00, 0x39600000)
}
Event: 9.949 GC heap before
{Heap before GC invocations=19 (full 4):
 def new generation   total 24320K, used 24129K [0x24000000, 0x25a60000, 0x29550000)
  eden space 21632K,  99% used [0x24000000, 0x254f0400, 0x25520000)
  from space 2688K, 100% used [0x257c0000, 0x25a60000, 0x25a60000)
  to   space 2688K,   0% used [0x25520000, 0x25520000, 0x257c0000)
 tenured generation   total 53988K, used 46234K [0x29550000, 0x2ca09000, 0x34000000)
   the space 53988K,  85% used [0x29550000, 0x2c276a80, 0x2c276c00, 0x2ca09000)
 compacting perm gen  total 12288K, used 8790K [0x34000000, 0x34c00000, 0x38000000)
   the space 12288K,  71% used [0x34000000, 0x34895af0, 0x34895c00, 0x34c00000)
    ro space 10240K,  42% used [0x38000000, 0x38434778, 0x38434800, 0x38a00000)
    rw space 12288K,  52% used [0x38a00000, 0x39049a68, 0x39049c00, 0x39600000)
Event: 9.954 GC heap after
Heap after GC invocations=20 (full 4):
 def new generation   total 24320K, used 2686K [0x24000000, 0x25a60000, 0x29550000)
  eden space 21632K,   0% used [0x24000000, 0x24000000, 0x25520000)
  from space 2688K,  99% used [0x25520000, 0x257bfb18, 0x257c0000)
  to   space 2688K,   0% used [0x257c0000, 0x257c0000, 0x25a60000)
 tenured generation   total 53988K, used 52957K [0x29550000, 0x2ca09000, 0x34000000)
   the space 53988K,  98% used [0x29550000, 0x2c907738, 0x2c907800, 0x2ca09000)
 compacting perm gen  total 12288K, used 8790K [0x34000000, 0x34c00000, 0x38000000)
   the space 12288K,  71% used [0x34000000, 0x34895af0, 0x34895c00, 0x34c00000)
    ro space 10240K,  42% used [0x38000000, 0x38434778, 0x38434800, 0x38a00000)
    rw space 12288K,  52% used [0x38a00000, 0x39049a68, 0x39049c00, 0x39600000)
}
Event: 10.111 GC heap before
{Heap before GC invocations=20 (full 4):
 def new generation   total 24320K, used 24316K [0x24000000, 0x25a60000, 0x29550000)
  eden space 21632K,  99% used [0x24000000, 0x2551f818, 0x25520000)
  from space 2688K,  99% used [0x25520000, 0x257bfb18, 0x257c0000)
  to   space 2688K,   0% used [0x257c0000, 0x257c0000, 0x25a60000)
 tenured generation   total 53988K, used 52957K [0x29550000, 0x2ca09000, 0x34000000)
   the space 53988K,  98% used [0x29550000, 0x2c907738, 0x2c907800, 0x2ca09000)
 compacting perm gen  total 12288K, used 8790K [0x34000000, 0x34c00000, 0x38000000)
   the space 12288K,  71% used [0x34000000, 0x34895b10, 0x34895c00, 0x34c00000)
    ro space 10240K,  42% used [0x38000000, 0x38434778, 0x38434800, 0x38a00000)
    rw space 12288K,  52% used [0x38a00000, 0x39049a68, 0x39049c00, 0x39600000)
Event: 10.112 GC heap after
Heap after GC invocations=21 (full 4):
 def new generation   total 24320K, used 553K [0x24000000, 0x25a60000, 0x29550000)
  eden space 21632K,   0% used [0x24000000, 0x24000000, 0x25520000)
  from space 2688K,  20% used [0x257c0000, 0x2584a530, 0x25a60000)
  to   space 2688K,   0% used [0x25520000, 0x25520000, 0x257c0000)
 tenured generation   total 53988K, used 53307K [0x29550000, 0x2ca09000, 0x34000000)
   the space 53988K,  98% used [0x29550000, 0x2c95ed60, 0x2c95ee00, 0x2ca09000)
 compacting perm gen  total 12288K, used 8790K [0x34000000, 0x34c00000, 0x38000000)
   the space 12288K,  71% used [0x34000000, 0x34895b10, 0x34895c00, 0x34c00000)
    ro space 10240K,  42% used [0x38000000, 0x38434778, 0x38434800, 0x38a00000)
    rw space 12288K,  52% used [0x38a00000, 0x39049a68, 0x39049c00, 0x39600000)
}
Event: 10.193 GC heap before
{Heap before GC invocations=21 (full 4):
 def new generation   total 24320K, used 21968K [0x24000000, 0x25a60000, 0x29550000)
  eden space 21632K,  98% used [0x24000000, 0x254e9b30, 0x25520000)
  from space 2688K,  20% used [0x257c0000, 0x2584a530, 0x25a60000)
  to   space 2688K,   0% used [0x25520000, 0x25520000, 0x257c0000)
 tenured generation   total 53988K, used 53307K [0x29550000, 0x2ca09000, 0x34000000)
   the space 53988K,  98% used [0x29550000, 0x2c95ed60, 0x2c95ee00, 0x2ca09000)
 compacting perm gen  total 12288K, used 8790K [0x34000000, 0x34c00000, 0x38000000)
   the space 12288K,  71% used [0x34000000, 0x34895b20, 0x34895c00, 0x34c00000)
    ro space 10240K,  42% used [0x38000000, 0x38434778, 0x38434800, 0x38a00000)
    rw space 12288K,  52% used [0x38a00000, 0x39049a68, 0x39049c00, 0x39600000)
Event: 10.242 GC heap after
Heap after GC invocations=22 (full 5):
 def new generation   total 30656K, used 0K [0x24000000, 0x26140000, 0x29550000)
  eden space 27264K,   0% used [0x24000000, 0x24000000, 0x25aa0000)
  from space 3392K,   0% used [0x25aa0000, 0x25aa0000, 0x25df0000)
  to   space 3392K,   0% used [0x25df0000, 0x25df0000, 0x26140000)
 tenured generation   total 68020K, used 40810K [0x29550000, 0x2d7bd000, 0x34000000)
   the space 68020K,  59% used [0x29550000, 0x2bd2a8e0, 0x2bd2aa00, 0x2d7bd000)
 compacting perm gen  total 12288K, used 8790K [0x34000000, 0x34c00000, 0x38000000)
   the space 12288K,  71% used [0x34000000, 0x34895b20, 0x34895c00, 0x34c00000)
    ro space 10240K,  42% used [0x38000000, 0x38434778, 0x38434800, 0x38a00000)
    rw space 12288K,  52% used [0x38a00000, 0x39049a68, 0x39049c00, 0x39600000)
}
Event: 10.552 GC heap before
{Heap before GC invocations=22 (full 5):
 def new generation   total 30656K, used 27050K [0x24000000, 0x26140000, 0x29550000)
  eden space 27264K,  99% used [0x24000000, 0x25a6a9c8, 0x25aa0000)
  from space 3392K,   0% used [0x25aa0000, 0x25aa0000, 0x25df0000)
  to   space 3392K,   0% used [0x25df0000, 0x25df0000, 0x26140000)
 tenured generation   total 68020K, used 40810K [0x29550000, 0x2d7bd000, 0x34000000)
   the space 68020K,  59% used [0x29550000, 0x2bd2a8e0, 0x2bd2aa00, 0x2d7bd000)
 compacting perm gen  total 12288K, used 8791K [0x34000000, 0x34c00000, 0x38000000)
   the space 12288K,  71% used [0x34000000, 0x34895c60, 0x34895e00, 0x34c00000)
    ro space 10240K,  42% used [0x38000000, 0x38434778, 0x38434800, 0x38a00000)
    rw space 12288K,  52% used [0x38a00000, 0x39049a68, 0x39049c00, 0x39600000)
Event: 10.555 GC heap after
Heap after GC invocations=23 (full 5):
 def new generation   total 30656K, used 3390K [0x24000000, 0x26140000, 0x29550000)
  eden space 27264K,   0% used [0x24000000, 0x24000000, 0x25aa0000)
  from space 3392K,  99% used [0x25df0000, 0x2613fb20, 0x26140000)
  to   space 3392K,   0% used [0x25aa0000, 0x25aa0000, 0x25df0000)
 tenured generation   total 68020K, used 42371K [0x29550000, 0x2d7bd000, 0x34000000)
   the space 68020K,  62% used [0x29550000, 0x2beb0cc0, 0x2beb0e00, 0x2d7bd000)
 compacting perm gen  total 12288K, used 8791K [0x34000000, 0x34c00000, 0x38000000)
   the space 12288K,  71% used [0x34000000, 0x34895c60, 0x34895e00, 0x34c00000)
    ro space 10240K,  42% used [0x38000000, 0x38434778, 0x38434800, 0x38a00000)
    rw space 12288K,  52% used [0x38a00000, 0x39049a68, 0x39049c00, 0x39600000)
}

