# JRE version: Java(TM) SE Runtime Environment (7.0_60-b19) (build 1.7.0_60-b19)
# Java VM: Java HotSpot(TM) Client VM (24.60-b09 mixed mode, sharing windows-x86 )
Heap
 def new generation   total 34432K, used 5716K [0x24000000, 0x26550000, 0x29550000)
  eden space 30656K,   6% used [0x24000000, 0x241fb2b8, 0x25df0000)
  from space 3776K,  97% used [0x25df0000, 0x26189df8, 0x261a0000)
  to   space 3776K,   0% used [0x261a0000, 0x261a0000, 0x26550000)
 tenured generation   total 76308K, used 76280K [0x29550000, 0x2dfd5000, 0x34000000)
   the space 76308K,  99% used [0x29550000, 0x2dfce2c8, 0x2dfce400, 0x2dfd5000)
 compacting perm gen  total 12288K, used 9612K [0x34000000, 0x34c00000, 0x38000000)
   the space 12288K,  78% used [0x34000000, 0x349631b8, 0x34963200, 0x34c00000)
    ro space 10240K,  42% used [0x38000000, 0x38434778, 0x38434800, 0x38a00000)
    rw space 12288K,  52% used [0x38a00000, 0x39049a68, 0x39049c00, 0x39600000)
GC Heap History (10 events):
Event: 48.084 GC heap before
{Heap before GC invocations=66 (full 5):
 def new generation   total 34432K, used 30658K [0x24000000, 0x26550000, 0x29550000)
  eden space 30656K, 100% used [0x24000000, 0x25df0000, 0x25df0000)
  from space 3776K,   0% used [0x261a0000, 0x261a0828, 0x26550000)
  to   space 3776K,   0% used [0x25df0000, 0x25df0000, 0x261a0000)
 tenured generation   total 76308K, used 73592K [0x29550000, 0x2dfd5000, 0x34000000)
   the space 76308K,  96% used [0x29550000, 0x2dd2e1e8, 0x2dd2e200, 0x2dfd5000)
 compacting perm gen  total 12288K, used 9538K [0x34000000, 0x34c00000, 0x38000000)
   the space 12288K,  77% used [0x34000000, 0x349508e8, 0x34950a00, 0x34c00000)
    ro space 10240K,  42% used [0x38000000, 0x38434778, 0x38434800, 0x38a00000)
    rw space 12288K,  52% used [0x38a00000, 0x39049a68, 0x39049c00, 0x39600000)
Event: 48.084 GC heap after
Heap after GC invocations=67 (full 5):
 def new generation   total 34432K, used 2K [0x24000000, 0x26550000, 0x29550000)
  eden space 30656K,   0% used [0x24000000, 0x24000000, 0x25df0000)
  from space 3776K,   0% used [0x25df0000, 0x25df0908, 0x261a0000)
  to   space 3776K,   0% used [0x261a0000, 0x261a0000, 0x26550000)
 tenured generation   total 76308K, used 73592K [0x29550000, 0x2dfd5000, 0x34000000)
   the space 76308K,  96% used [0x29550000, 0x2dd2e1e8, 0x2dd2e200, 0x2dfd5000)
 compacting perm gen  total 12288K, used 9538K [0x34000000, 0x34c00000, 0x38000000)
   the space 12288K,  77% used [0x34000000, 0x349508e8, 0x34950a00, 0x34c00000)
    ro space 10240K,  42% used [0x38000000, 0x38434778, 0x38434800, 0x38a00000)
    rw space 12288K,  52% used [0x38a00000, 0x39049a68, 0x39049c00, 0x39600000)
}
Event: 48.128 GC heap before
{Heap before GC invocations=67 (full 5):
 def new generation   total 34432K, used 30658K [0x24000000, 0x26550000, 0x29550000)
  eden space 30656K, 100% used [0x24000000, 0x25df0000, 0x25df0000)
  from space 3776K,   0% used [0x25df0000, 0x25df0908, 0x261a0000)
  to   space 3776K,   0% used [0x261a0000, 0x261a0000, 0x26550000)
 tenured generation   total 76308K, used 73592K [0x29550000, 0x2dfd5000, 0x34000000)
   the space 76308K,  96% used [0x29550000, 0x2dd2e1e8, 0x2dd2e200, 0x2dfd5000)
 compacting perm gen  total 12288K, used 9538K [0x34000000, 0x34c00000, 0x38000000)
   the space 12288K,  77% used [0x34000000, 0x349508e8, 0x34950a00, 0x34c00000)
    ro space 10240K,  42% used [0x38000000, 0x38434778, 0x38434800, 0x38a00000)
    rw space 12288K,  52% used [0x38a00000, 0x39049a68, 0x39049c00, 0x39600000)
Event: 48.129 GC heap after
Heap after GC invocations=68 (full 5):
 def new generation   total 34432K, used 2K [0x24000000, 0x26550000, 0x29550000)
  eden space 30656K,   0% used [0x24000000, 0x24000000, 0x25df0000)
  from space 3776K,   0% used [0x261a0000, 0x261a0828, 0x26550000)
  to   space 3776K,   0% used [0x25df0000, 0x25df0000, 0x261a0000)
 tenured generation   total 76308K, used 73592K [0x29550000, 0x2dfd5000, 0x34000000)
   the space 76308K,  96% used [0x29550000, 0x2dd2e1e8, 0x2dd2e200, 0x2dfd5000)
 compacting perm gen  total 12288K, used 9538K [0x34000000, 0x34c00000, 0x38000000)
   the space 12288K,  77% used [0x34000000, 0x349508e8, 0x34950a00, 0x34c00000)
    ro space 10240K,  42% used [0x38000000, 0x38434778, 0x38434800, 0x38a00000)
    rw space 12288K,  52% used [0x38a00000, 0x39049a68, 0x39049c00, 0x39600000)
}
Event: 48.171 GC heap before
{Heap before GC invocations=68 (full 5):
 def new generation   total 34432K, used 30658K [0x24000000, 0x26550000, 0x29550000)
  eden space 30656K, 100% used [0x24000000, 0x25df0000, 0x25df0000)
  from space 3776K,   0% used [0x261a0000, 0x261a0828, 0x26550000)
  to   space 3776K,   0% used [0x25df0000, 0x25df0000, 0x261a0000)
 tenured generation   total 76308K, used 73592K [0x29550000, 0x2dfd5000, 0x34000000)
   the space 76308K,  96% used [0x29550000, 0x2dd2e1e8, 0x2dd2e200, 0x2dfd5000)
 compacting perm gen  total 12288K, used 9538K [0x34000000, 0x34c00000, 0x38000000)
   the space 12288K,  77% used [0x34000000, 0x349508e8, 0x34950a00, 0x34c00000)
    ro space 10240K,  42% used [0x38000000, 0x38434778, 0x38434800, 0x38a00000)
    rw space 12288K,  52% used [0x38a00000, 0x39049a68, 0x39049c00, 0x39600000)
Event: 48.171 GC heap after
Heap after GC invocations=69 (full 5):
 def new generation   total 34432K, used 2K [0x24000000, 0x26550000, 0x29550000)
  eden space 30656K,   0% used [0x24000000, 0x24000000, 0x25df0000)
  from space 3776K,   0% used [0x25df0000, 0x25df0908, 0x261a0000)
  to   space 3776K,   0% used [0x261a0000, 0x261a0000, 0x26550000)
 tenured generation   total 76308K, used 73592K [0x29550000, 0x2dfd5000, 0x34000000)
   the space 76308K,  96% used [0x29550000, 0x2dd2e1e8, 0x2dd2e200, 0x2dfd5000)
 compacting perm gen  total 12288K, used 9538K [0x34000000, 0x34c00000, 0x38000000)
   the space 12288K,  77% used [0x34000000, 0x349508e8, 0x34950a00, 0x34c00000)
    ro space 10240K,  42% used [0x38000000, 0x38434778, 0x38434800, 0x38a00000)
    rw space 12288K,  52% used [0x38a00000, 0x39049a68, 0x39049c00, 0x39600000)
}
Event: 49.348 GC heap before
{Heap before GC invocations=69 (full 5):
 def new generation   total 34432K, used 30658K [0x24000000, 0x26550000, 0x29550000)
  eden space 30656K, 100% used [0x24000000, 0x25df0000, 0x25df0000)
  from space 3776K,   0% used [0x25df0000, 0x25df0908, 0x261a0000)
  to   space 3776K,   0% used [0x261a0000, 0x261a0000, 0x26550000)
 tenured generation   total 76308K, used 73592K [0x29550000, 0x2dfd5000, 0x34000000)
   the space 76308K,  96% used [0x29550000, 0x2dd2e1e8, 0x2dd2e200, 0x2dfd5000)
 compacting perm gen  total 12288K, used 9546K [0x34000000, 0x34c00000, 0x38000000)
   the space 12288K,  77% used [0x34000000, 0x349529f8, 0x34952a00, 0x34c00000)
    ro space 10240K,  42% used [0x38000000, 0x38434778, 0x38434800, 0x38a00000)
    rw space 12288K,  52% used [0x38a00000, 0x39049a68, 0x39049c00, 0x39600000)
Event: 49.349 GC heap after
Heap after GC invocations=70 (full 5):
 def new generation   total 34432K, used 136K [0x24000000, 0x26550000, 0x29550000)
  eden space 30656K,   0% used [0x24000000, 0x24000000, 0x25df0000)
  from space 3776K,   3% used [0x261a0000, 0x261c23e8, 0x26550000)
  to   space 3776K,   0% used [0x25df0000, 0x25df0000, 0x261a0000)
 tenured generation   total 76308K, used 73592K [0x29550000, 0x2dfd5000, 0x34000000)
   the space 76308K,  96% used [0x29550000, 0x2dd2e1e8, 0x2dd2e200, 0x2dfd5000)
 compacting perm gen  total 12288K, used 9546K [0x34000000, 0x34c00000, 0x38000000)
   the space 12288K,  77% used [0x34000000, 0x349529f8, 0x34952a00, 0x34c00000)
    ro space 10240K,  42% used [0x38000000, 0x38434778, 0x38434800, 0x38a00000)
    rw space 12288K,  52% used [0x38a00000, 0x39049a68, 0x39049c00, 0x39600000)
}
Event: 57.268 GC heap before
{Heap before GC invocations=70 (full 5):
 def new generation   total 34432K, used 30347K [0x24000000, 0x26550000, 0x29550000)
  eden space 30656K,  98% used [0x24000000, 0x25d80ae0, 0x25df0000)
  from space 3776K,   3% used [0x261a0000, 0x261c23e8, 0x26550000)
  to   space 3776K,   0% used [0x25df0000, 0x25df0000, 0x261a0000)
 tenured generation   total 76308K, used 73592K [0x29550000, 0x2dfd5000, 0x34000000)
   the space 76308K,  96% used [0x29550000, 0x2dd2e1e8, 0x2dd2e200, 0x2dfd5000)
 compacting perm gen  total 12288K, used 9608K [0x34000000, 0x34c00000, 0x38000000)
   the space 12288K,  78% used [0x34000000, 0x349622d8, 0x34962400, 0x34c00000)
    ro space 10240K,  42% used [0x38000000, 0x38434778, 0x38434800, 0x38a00000)
    rw space 12288K,  52% used [0x38a00000, 0x39049a68, 0x39049c00, 0x39600000)
Event: 57.276 GC heap after
Heap after GC invocations=71 (full 5):
 def new generation   total 34432K, used 3687K [0x24000000, 0x26550000, 0x29550000)
  eden space 30656K,   0% used [0x24000000, 0x24000000, 0x25df0000)
  from space 3776K,  97% used [0x25df0000, 0x26189df8, 0x261a0000)
  to   space 3776K,   0% used [0x261a0000, 0x261a0000, 0x26550000)
 tenured generation   total 76308K, used 76280K [0x29550000, 0x2dfd5000, 0x34000000)
   the space 76308K,  99% used [0x29550000, 0x2dfce2c8, 0x2dfce400, 0x2dfd5000)
 compacting perm gen  total 12288K, used 9608K [0x34000000, 0x34c00000, 0x38000000)
   the space 12288K,  78% used [0x34000000, 0x349622d8, 0x34962400, 0x34c00000)
    ro space 10240K,  42% used [0x38000000, 0x38434778, 0x38434800, 0x38a00000)
    rw space 12288K,  52% used [0x38a00000, 0x39049a68, 0x39049c00, 0x39600000)
}

