# JRE version: Java(TM) SE Runtime Environment (7.0_60-b19) (build 1.7.0_60-b19)
# Java VM: Java HotSpot(TM) Client VM (24.60-b09 mixed mode, sharing windows-x86 )
Heap
 def new generation   total 13376K, used 7426K [0x24000000, 0x24e80000, 0x29550000)
  eden space 11904K,  62% used [0x24000000, 0x247409d0, 0x24ba0000)
  from space 1472K,   0% used [0x24ba0000, 0x24ba0000, 0x24d10000)
  to   space 1472K,   0% used [0x24d10000, 0x24d10000, 0x24e80000)
 tenured generation   total 29616K, used 17767K [0x29550000, 0x2b23c000, 0x34000000)
   the space 29616K,  59% used [0x29550000, 0x2a6a9d30, 0x2a6a9e00, 0x2b23c000)
 compacting perm gen  total 12288K, used 8566K [0x34000000, 0x34c00000, 0x38000000)
   the space 12288K,  69% used [0x34000000, 0x3485dab0, 0x3485dc00, 0x34c00000)
    ro space 10240K,  42% used [0x38000000, 0x38434778, 0x38434800, 0x38a00000)
    rw space 12288K,  52% used [0x38a00000, 0x39049a68, 0x39049c00, 0x39600000)
GC Heap History (10 events):
Event: 3.059 GC heap before
{Heap before GC invocations=9 (full 1):
 def new generation   total 9408K, used 9408K [0x24000000, 0x24a30000, 0x29550000)
  eden space 8384K, 100% used [0x24000000, 0x24830000, 0x24830000)
  from space 1024K, 100% used [0x24930000, 0x24a30000, 0x24a30000)
  to   space 1024K,   0% used [0x24830000, 0x24830000, 0x24930000)
 tenured generation   total 20720K, used 15789K [0x29550000, 0x2a98c000, 0x34000000)
   the space 20720K,  76% used [0x29550000, 0x2a4bb698, 0x2a4bb800, 0x2a98c000)
 compacting perm gen  total 12288K, used 7698K [0x34000000, 0x34c00000, 0x38000000)
   the space 12288K,  62% used [0x34000000, 0x34784818, 0x34784a00, 0x34c00000)
    ro space 10240K,  42% used [0x38000000, 0x38434778, 0x38434800, 0x38a00000)
    rw space 12288K,  52% used [0x38a00000, 0x39049a68, 0x39049c00, 0x39600000)
Event: 3.068 GC heap after
Heap after GC invocations=10 (full 1):
 def new generation   total 9408K, used 1024K [0x24000000, 0x24a30000, 0x29550000)
  eden space 8384K,   0% used [0x24000000, 0x24000000, 0x24830000)
  from space 1024K, 100% used [0x24830000, 0x24930000, 0x24930000)
  to   space 1024K,   0% used [0x24930000, 0x24930000, 0x24a30000)
 tenured generation   total 20720K, used 17350K [0x29550000, 0x2a98c000, 0x34000000)
   the space 20720K,  83% used [0x29550000, 0x2a641908, 0x2a641a00, 0x2a98c000)
 compacting perm gen  total 12288K, used 7698K [0x34000000, 0x34c00000, 0x38000000)
   the space 12288K,  62% used [0x34000000, 0x34784818, 0x34784a00, 0x34c00000)
    ro space 10240K,  42% used [0x38000000, 0x38434778, 0x38434800, 0x38a00000)
    rw space 12288K,  52% used [0x38a00000, 0x39049a68, 0x39049c00, 0x39600000)
}
Event: 3.245 GC heap before
{Heap before GC invocations=10 (full 1):
 def new generation   total 9408K, used 9408K [0x24000000, 0x24a30000, 0x29550000)
  eden space 8384K, 100% used [0x24000000, 0x24830000, 0x24830000)
  from space 1024K, 100% used [0x24830000, 0x24930000, 0x24930000)
  to   space 1024K,   0% used [0x24930000, 0x24930000, 0x24a30000)
 tenured generation   total 20720K, used 17350K [0x29550000, 0x2a98c000, 0x34000000)
   the space 20720K,  83% used [0x29550000, 0x2a641908, 0x2a641a00, 0x2a98c000)
 compacting perm gen  total 12288K, used 8121K [0x34000000, 0x34c00000, 0x38000000)
   the space 12288K,  66% used [0x34000000, 0x347ee6e8, 0x347ee800, 0x34c00000)
    ro space 10240K,  42% used [0x38000000, 0x38434778, 0x38434800, 0x38a00000)
    rw space 12288K,  52% used [0x38a00000, 0x39049a68, 0x39049c00, 0x39600000)
Event: 3.252 GC heap after
Heap after GC invocations=11 (full 1):
 def new generation   total 9408K, used 1024K [0x24000000, 0x24a30000, 0x29550000)
  eden space 8384K,   0% used [0x24000000, 0x24000000, 0x24830000)
  from space 1024K, 100% used [0x24930000, 0x24a30000, 0x24a30000)
  to   space 1024K,   0% used [0x24830000, 0x24830000, 0x24930000)
 tenured generation   total 20720K, used 19772K [0x29550000, 0x2a98c000, 0x34000000)
   the space 20720K,  95% used [0x29550000, 0x2a89f330, 0x2a89f400, 0x2a98c000)
 compacting perm gen  total 12288K, used 8121K [0x34000000, 0x34c00000, 0x38000000)
   the space 12288K,  66% used [0x34000000, 0x347ee6e8, 0x347ee800, 0x34c00000)
    ro space 10240K,  42% used [0x38000000, 0x38434778, 0x38434800, 0x38a00000)
    rw space 12288K,  52% used [0x38a00000, 0x39049a68, 0x39049c00, 0x39600000)
}
Event: 3.327 GC heap before
{Heap before GC invocations=11 (full 1):
 def new generation   total 9408K, used 9408K [0x24000000, 0x24a30000, 0x29550000)
  eden space 8384K, 100% used [0x24000000, 0x24830000, 0x24830000)
  from space 1024K, 100% used [0x24930000, 0x24a30000, 0x24a30000)
  to   space 1024K,   0% used [0x24830000, 0x24830000, 0x24930000)
 tenured generation   total 20720K, used 19772K [0x29550000, 0x2a98c000, 0x34000000)
   the space 20720K,  95% used [0x29550000, 0x2a89f330, 0x2a89f400, 0x2a98c000)
 compacting perm gen  total 12288K, used 8511K [0x34000000, 0x34c00000, 0x38000000)
   the space 12288K,  69% used [0x34000000, 0x3484fe90, 0x34850000, 0x34c00000)
    ro space 10240K,  42% used [0x38000000, 0x38434778, 0x38434800, 0x38a00000)
    rw space 12288K,  52% used [0x38a00000, 0x39049a68, 0x39049c00, 0x39600000)
Event: 3.373 GC heap after
Heap after GC invocations=12 (full 2):
 def new generation   total 10240K, used 0K [0x24000000, 0x24b10000, 0x29550000)
  eden space 9152K,   0% used [0x24000000, 0x24000000, 0x248f0000)
  from space 1088K,   0% used [0x248f0000, 0x248f0000, 0x24a00000)
  to   space 1088K,   0% used [0x24a00000, 0x24a00000, 0x24b10000)
 tenured generation   total 22600K, used 13559K [0x29550000, 0x2ab62000, 0x34000000)
   the space 22600K,  59% used [0x29550000, 0x2a28dd08, 0x2a28de00, 0x2ab62000)
 compacting perm gen  total 12288K, used 8511K [0x34000000, 0x34c00000, 0x38000000)
   the space 12288K,  69% used [0x34000000, 0x3484fe90, 0x34850000, 0x34c00000)
    ro space 10240K,  42% used [0x38000000, 0x38434778, 0x38434800, 0x38a00000)
    rw space 12288K,  52% used [0x38a00000, 0x39049a68, 0x39049c00, 0x39600000)
}
Event: 3.375 GC heap before
{Heap before GC invocations=12 (full 2):
 def new generation   total 10240K, used 7679K [0x24000000, 0x24b10000, 0x29550000)
  eden space 9152K,  83% used [0x24000000, 0x2477ff88, 0x248f0000)
  from space 1088K,   0% used [0x248f0000, 0x248f0000, 0x24a00000)
  to   space 1088K,   0% used [0x24a00000, 0x24a00000, 0x24b10000)
 tenured generation   total 22600K, used 13559K [0x29550000, 0x2ab62000, 0x34000000)
   the space 22600K,  59% used [0x29550000, 0x2a28dd08, 0x2a28de00, 0x2ab62000)
 compacting perm gen  total 12288K, used 8511K [0x34000000, 0x34c00000, 0x38000000)
   the space 12288K,  69% used [0x34000000, 0x3484fed0, 0x34850000, 0x34c00000)
    ro space 10240K,  42% used [0x38000000, 0x38434778, 0x38434800, 0x38a00000)
    rw space 12288K,  52% used [0x38a00000, 0x39049a68, 0x39049c00, 0x39600000)
Event: 3.378 GC heap after
Heap after GC invocations=13 (full 2):
 def new generation   total 10240K, used 42K [0x24000000, 0x24b10000, 0x29550000)
  eden space 9152K,   0% used [0x24000000, 0x24000000, 0x248f0000)
  from space 1088K,   3% used [0x24a00000, 0x24a0aba0, 0x24b10000)
  to   space 1088K,   0% used [0x248f0000, 0x248f0000, 0x24a00000)
 tenured generation   total 22600K, used 21012K [0x29550000, 0x2ab62000, 0x34000000)
   the space 22600K,  92% used [0x29550000, 0x2a9d5280, 0x2a9d5400, 0x2ab62000)
 compacting perm gen  total 12288K, used 8511K [0x34000000, 0x34c00000, 0x38000000)
   the space 12288K,  69% used [0x34000000, 0x3484fed0, 0x34850000, 0x34c00000)
    ro space 10240K,  42% used [0x38000000, 0x38434778, 0x38434800, 0x38a00000)
    rw space 12288K,  52% used [0x38a00000, 0x39049a68, 0x39049c00, 0x39600000)
}
Event: 3.392 GC heap before
{Heap before GC invocations=13 (full 2):
 def new generation   total 10240K, used 7807K [0x24000000, 0x24b10000, 0x29550000)
  eden space 9152K,  84% used [0x24000000, 0x247952b8, 0x248f0000)
  from space 1088K,   3% used [0x24a00000, 0x24a0aba0, 0x24b10000)
  to   space 1088K,   0% used [0x248f0000, 0x248f0000, 0x24a00000)
 tenured generation   total 22600K, used 21012K [0x29550000, 0x2ab62000, 0x34000000)
   the space 22600K,  92% used [0x29550000, 0x2a9d5280, 0x2a9d5400, 0x2ab62000)
 compacting perm gen  total 12288K, used 8518K [0x34000000, 0x34c00000, 0x38000000)
   the space 12288K,  69% used [0x34000000, 0x34851808, 0x34851a00, 0x34c00000)
    ro space 10240K,  42% used [0x38000000, 0x38434778, 0x38434800, 0x38a00000)
    rw space 12288K,  52% used [0x38a00000, 0x39049a68, 0x39049c00, 0x39600000)
Event: 3.440 GC heap after
Heap after GC invocations=14 (full 3):
 def new generation   total 13376K, used 0K [0x24000000, 0x24e80000, 0x29550000)
  eden space 11904K,   0% used [0x24000000, 0x24000000, 0x24ba0000)
  from space 1472K,   0% used [0x24ba0000, 0x24ba0000, 0x24d10000)
  to   space 1472K,   0% used [0x24d10000, 0x24d10000, 0x24e80000)
 tenured generation   total 29616K, used 17767K [0x29550000, 0x2b23c000, 0x34000000)
   the space 29616K,  59% used [0x29550000, 0x2a6a9d30, 0x2a6a9e00, 0x2b23c000)
 compacting perm gen  total 12288K, used 8518K [0x34000000, 0x34c00000, 0x38000000)
   the space 12288K,  69% used [0x34000000, 0x34851808, 0x34851a00, 0x34c00000)
    ro space 10240K,  42% used [0x38000000, 0x38434778, 0x38434800, 0x38a00000)
    rw space 12288K,  52% used [0x38a00000, 0x39049a68, 0x39049c00, 0x39600000)
}

