# JRE version: Java(TM) SE Runtime Environment (7.0_60-b19) (build 1.7.0_60-b19)
# Java VM: Java HotSpot(TM) Client VM (24.60-b09 mixed mode windows-x86 )
Heap
 def new generation   total 15936K, used 12482K [0x04200000, 0x05340000, 0x09750000)
  eden space 14208K,  75% used [0x04200000, 0x04c80900, 0x04fe0000)
  from space 1728K, 100% used [0x05190000, 0x05340000, 0x05340000)
  to   space 1728K,   0% used [0x04fe0000, 0x04fe0000, 0x05190000)
 tenured generation   total 35200K, used 23068K [0x09750000, 0x0b9b0000, 0x14200000)
   the space 35200K,  65% used [0x09750000, 0x0add7308, 0x0add7400, 0x0b9b0000)
 compacting perm gen  total 16128K, used 16069K [0x14200000, 0x151c0000, 0x18200000)
   the space 16128K,  99% used [0x14200000, 0x151b14b8, 0x151b1600, 0x151c0000)
GC Heap History (10 events):
Event: 2.898 GC heap before
{Heap before GC invocations=9 (full 1):
 def new generation   total 9728K, used 9727K [0x04200000, 0x04c80000, 0x09750000)
  eden space 8704K, 100% used [0x04200000, 0x04a80000, 0x04a80000)
  from space 1024K,  99% used [0x04b80000, 0x04c7fff8, 0x04c80000)
  to   space 1024K,   0% used [0x04a80000, 0x04a80000, 0x04b80000)
 tenured generation   total 21368K, used 16916K [0x09750000, 0x0ac2e000, 0x14200000)
   the space 21368K,  79% used [0x09750000, 0x0a7d5038, 0x0a7d5200, 0x0ac2e000)
 compacting perm gen  total 14336K, used 14264K [0x14200000, 0x15000000, 0x18200000)
   the space 14336K,  99% used [0x14200000, 0x14fee1f8, 0x14fee200, 0x15000000)
No shared spaces configured.
Event: 2.906 GC heap after
Heap after GC invocations=10 (full 1):
 def new generation   total 9728K, used 1024K [0x04200000, 0x04c80000, 0x09750000)
  eden space 8704K,   0% used [0x04200000, 0x04200000, 0x04a80000)
  from space 1024K, 100% used [0x04a80000, 0x04b80000, 0x04b80000)
  to   space 1024K,   0% used [0x04b80000, 0x04b80000, 0x04c80000)
 tenured generation   total 21368K, used 19532K [0x09750000, 0x0ac2e000, 0x14200000)
   the space 21368K,  91% used [0x09750000, 0x0aa63258, 0x0aa63400, 0x0ac2e000)
 compacting perm gen  total 14336K, used 14264K [0x14200000, 0x15000000, 0x18200000)
   the space 14336K,  99% used [0x14200000, 0x14fee1f8, 0x14fee200, 0x15000000)
No shared spaces configured.
}
Event: 3.118 GC heap before
{Heap before GC invocations=10 (full 1):
 def new generation   total 9728K, used 9728K [0x04200000, 0x04c80000, 0x09750000)
  eden space 8704K, 100% used [0x04200000, 0x04a80000, 0x04a80000)
  from space 1024K, 100% used [0x04a80000, 0x04b80000, 0x04b80000)
  to   space 1024K,   0% used [0x04b80000, 0x04b80000, 0x04c80000)
 tenured generation   total 21368K, used 19532K [0x09750000, 0x0ac2e000, 0x14200000)
   the space 21368K,  91% used [0x09750000, 0x0aa63258, 0x0aa63400, 0x0ac2e000)
 compacting perm gen  total 15360K, used 15358K [0x14200000, 0x15100000, 0x18200000)
   the space 15360K,  99% used [0x14200000, 0x150ff900, 0x150ffa00, 0x15100000)
No shared spaces configured.
Event: 3.160 GC heap after
Heap after GC invocations=11 (full 2):
 def new generation   total 15936K, used 0K [0x04200000, 0x05340000, 0x09750000)
  eden space 14208K,   0% used [0x04200000, 0x04200000, 0x04fe0000)
  from space 1728K,   0% used [0x04fe0000, 0x04fe0000, 0x05190000)
  to   space 1728K,   0% used [0x05190000, 0x05190000, 0x05340000)
 tenured generation   total 35200K, used 21119K [0x09750000, 0x0b9b0000, 0x14200000)
   the space 35200K,  59% used [0x09750000, 0x0abefcf8, 0x0abefe00, 0x0b9b0000)
 compacting perm gen  total 15360K, used 15358K [0x14200000, 0x15100000, 0x18200000)
   the space 15360K,  99% used [0x14200000, 0x150ff900, 0x150ffa00, 0x15100000)
No shared spaces configured.
}
Event: 3.234 GC heap before
{Heap before GC invocations=11 (full 2):
 def new generation   total 15936K, used 12738K [0x04200000, 0x05340000, 0x09750000)
  eden space 14208K,  89% used [0x04200000, 0x04e70980, 0x04fe0000)
  from space 1728K,   0% used [0x04fe0000, 0x04fe0000, 0x05190000)
  to   space 1728K,   0% used [0x05190000, 0x05190000, 0x05340000)
 tenured generation   total 35200K, used 21119K [0x09750000, 0x0b9b0000, 0x14200000)
   the space 35200K,  59% used [0x09750000, 0x0abefcf8, 0x0abefe00, 0x0b9b0000)
 compacting perm gen  total 15872K, used 15666K [0x14200000, 0x15180000, 0x18200000)
   the space 15872K,  98% used [0x14200000, 0x1514c890, 0x1514ca00, 0x15180000)
No shared spaces configured.
Event: 3.239 GC heap after
Heap after GC invocations=12 (full 2):
 def new generation   total 15936K, used 1228K [0x04200000, 0x05340000, 0x09750000)
  eden space 14208K,   0% used [0x04200000, 0x04200000, 0x04fe0000)
  from space 1728K,  71% used [0x05190000, 0x052c3118, 0x05340000)
  to   space 1728K,   0% used [0x04fe0000, 0x04fe0000, 0x05190000)
 tenured generation   total 35200K, used 27683K [0x09750000, 0x0b9b0000, 0x14200000)
   the space 35200K,  78% used [0x09750000, 0x0b258fc0, 0x0b259000, 0x0b9b0000)
 compacting perm gen  total 15872K, used 15666K [0x14200000, 0x15180000, 0x18200000)
   the space 15872K,  98% used [0x14200000, 0x1514c890, 0x1514ca00, 0x15180000)
No shared spaces configured.
}
Event: 3.269 GC heap before
{Heap before GC invocations=12 (full 2):
 def new generation   total 15936K, used 14602K [0x04200000, 0x05340000, 0x09750000)
  eden space 14208K,  94% used [0x04200000, 0x04f0f8b8, 0x04fe0000)
  from space 1728K,  71% used [0x05190000, 0x052c3118, 0x05340000)
  to   space 1728K,   0% used [0x04fe0000, 0x04fe0000, 0x05190000)
 tenured generation   total 35200K, used 27683K [0x09750000, 0x0b9b0000, 0x14200000)
   the space 35200K,  78% used [0x09750000, 0x0b258fc0, 0x0b259000, 0x0b9b0000)
 compacting perm gen  total 15872K, used 15667K [0x14200000, 0x15180000, 0x18200000)
   the space 15872K,  98% used [0x14200000, 0x1514cf50, 0x1514d000, 0x15180000)
No shared spaces configured.
Event: 3.312 GC heap after
Heap after GC invocations=13 (full 3):
 def new generation   total 15936K, used 0K [0x04200000, 0x05340000, 0x09750000)
  eden space 14208K,   0% used [0x04200000, 0x04200000, 0x04fe0000)
  from space 1728K,   0% used [0x04fe0000, 0x04fe0000, 0x05190000)
  to   space 1728K,   0% used [0x05190000, 0x05190000, 0x05340000)
 tenured generation   total 35200K, used 18269K [0x09750000, 0x0b9b0000, 0x14200000)
   the space 35200K,  51% used [0x09750000, 0x0a9275d8, 0x0a927600, 0x0b9b0000)
 compacting perm gen  total 15872K, used 15667K [0x14200000, 0x15180000, 0x18200000)
   the space 15872K,  98% used [0x14200000, 0x1514cf50, 0x1514d000, 0x15180000)
No shared spaces configured.
}
Event: 8.276 GC heap before
{Heap before GC invocations=13 (full 3):
 def new generation   total 15936K, used 14418K [0x04200000, 0x05340000, 0x09750000)
  eden space 14208K,  99% used [0x04200000, 0x04fd49f0, 0x04fe0000)
  from space 1728K,  14% used [0x04fe0000, 0x05020010, 0x05190000)
  to   space 1728K,   0% used [0x05190000, 0x05190000, 0x05340000)
 tenured generation   total 35200K, used 18269K [0x09750000, 0x0b9b0000, 0x14200000)
   the space 35200K,  51% used [0x09750000, 0x0a9275d8, 0x0a927600, 0x0b9b0000)
 compacting perm gen  total 16128K, used 16064K [0x14200000, 0x151c0000, 0x18200000)
   the space 16128K,  99% used [0x14200000, 0x151b03d8, 0x151b0400, 0x151c0000)
No shared spaces configured.
Event: 8.281 GC heap after
Heap after GC invocations=14 (full 3):
 def new generation   total 15936K, used 1728K [0x04200000, 0x05340000, 0x09750000)
  eden space 14208K,   0% used [0x04200000, 0x04200000, 0x04fe0000)
  from space 1728K, 100% used [0x05190000, 0x05340000, 0x05340000)
  to   space 1728K,   0% used [0x04fe0000, 0x04fe0000, 0x05190000)
 tenured generation   total 35200K, used 23068K [0x09750000, 0x0b9b0000, 0x14200000)
   the space 35200K,  65% used [0x09750000, 0x0add7308, 0x0add7400, 0x0b9b0000)
 compacting perm gen  total 16128K, used 16064K [0x14200000, 0x151c0000, 0x18200000)
   the space 16128K,  99% used [0x14200000, 0x151b03d8, 0x151b0400, 0x151c0000)
No shared spaces configured.
}

