# JRE version: Java(TM) SE Runtime Environment (7.0_60-b19) (build 1.7.0_60-b19)
# Java VM: Java HotSpot(TM) Client VM (24.60-b09 mixed mode, sharing windows-x86 )
Heap
 def new generation   total 12672K, used 12672K [0x24000000, 0x24dc0000, 0x29550000)
  eden space 11264K, 100% used [0x24000000, 0x24b00000, 0x24b00000)
  from space 1408K, 100% used [0x24c60000, 0x24dc0000, 0x24dc0000)
  to   space 1408K,   0% used [0x24b00000, 0x24b00000, 0x24c60000)
 tenured generation   total 28000K, used 21590K [0x29550000, 0x2b0a8000, 0x34000000)
   the space 28000K,  77% used [0x29550000, 0x2aa65870, 0x2aa65a00, 0x2b0a8000)
 compacting perm gen  total 12288K, used 9247K [0x34000000, 0x34c00000, 0x38000000)
   the space 12288K,  75% used [0x34000000, 0x34907e20, 0x34908000, 0x34c00000)
    ro space 10240K,  42% used [0x38000000, 0x38434778, 0x38434800, 0x38a00000)
    rw space 12288K,  52% used [0x38a00000, 0x39049a68, 0x39049c00, 0x39600000)
GC Heap History (10 events):
Event: 3.794 GC heap before
{Heap before GC invocations=10 (full 1):
 def new generation   total 9408K, used 9401K [0x24000000, 0x24a30000, 0x29550000)
  eden space 8384K,  99% used [0x24000000, 0x2482e6e8, 0x24830000)
  from space 1024K, 100% used [0x24830000, 0x24930000, 0x24930000)
  to   space 1024K,   0% used [0x24930000, 0x24930000, 0x24a30000)
 tenured generation   total 20724K, used 17403K [0x29550000, 0x2a98d000, 0x34000000)
   the space 20724K,  83% used [0x29550000, 0x2a64ee08, 0x2a64f000, 0x2a98d000)
 compacting perm gen  total 12288K, used 8424K [0x34000000, 0x34c00000, 0x38000000)
   the space 12288K,  68% used [0x34000000, 0x3483a118, 0x3483a200, 0x34c00000)
    ro space 10240K,  42% used [0x38000000, 0x38434778, 0x38434800, 0x38a00000)
    rw space 12288K,  52% used [0x38a00000, 0x39049a68, 0x39049c00, 0x39600000)
Event: 3.801 GC heap after
Heap after GC invocations=11 (full 1):
 def new generation   total 9408K, used 1024K [0x24000000, 0x24a30000, 0x29550000)
  eden space 8384K,   0% used [0x24000000, 0x24000000, 0x24830000)
  from space 1024K, 100% used [0x24930000, 0x24a30000, 0x24a30000)
  to   space 1024K,   0% used [0x24830000, 0x24830000, 0x24930000)
 tenured generation   total 20724K, used 19169K [0x29550000, 0x2a98d000, 0x34000000)
   the space 20724K,  92% used [0x29550000, 0x2a8085f0, 0x2a808600, 0x2a98d000)
 compacting perm gen  total 12288K, used 8424K [0x34000000, 0x34c00000, 0x38000000)
   the space 12288K,  68% used [0x34000000, 0x3483a118, 0x3483a200, 0x34c00000)
    ro space 10240K,  42% used [0x38000000, 0x38434778, 0x38434800, 0x38a00000)
    rw space 12288K,  52% used [0x38a00000, 0x39049a68, 0x39049c00, 0x39600000)
}
Event: 3.858 GC heap before
{Heap before GC invocations=11 (full 1):
 def new generation   total 9408K, used 8953K [0x24000000, 0x24a30000, 0x29550000)
  eden space 8384K,  94% used [0x24000000, 0x247be6e8, 0x24830000)
  from space 1024K, 100% used [0x24930000, 0x24a30000, 0x24a30000)
  to   space 1024K,   0% used [0x24830000, 0x24830000, 0x24930000)
 tenured generation   total 20724K, used 19169K [0x29550000, 0x2a98d000, 0x34000000)
   the space 20724K,  92% used [0x29550000, 0x2a8085f0, 0x2a808600, 0x2a98d000)
 compacting perm gen  total 12288K, used 8500K [0x34000000, 0x34c00000, 0x38000000)
   the space 12288K,  69% used [0x34000000, 0x3484d040, 0x3484d200, 0x34c00000)
    ro space 10240K,  42% used [0x38000000, 0x38434778, 0x38434800, 0x38a00000)
    rw space 12288K,  52% used [0x38a00000, 0x39049a68, 0x39049c00, 0x39600000)
Event: 3.918 GC heap after
Heap after GC invocations=12 (full 2):
 def new generation   total 10048K, used 0K [0x24000000, 0x24ae0000, 0x29550000)
  eden space 8960K,   0% used [0x24000000, 0x24000000, 0x248c0000)
  from space 1088K,   0% used [0x248c0000, 0x248c0000, 0x249d0000)
  to   space 1088K,   0% used [0x249d0000, 0x249d0000, 0x24ae0000)
 tenured generation   total 22084K, used 13249K [0x29550000, 0x2aae1000, 0x34000000)
   the space 22084K,  59% used [0x29550000, 0x2a2406d8, 0x2a240800, 0x2aae1000)
 compacting perm gen  total 12288K, used 8500K [0x34000000, 0x34c00000, 0x38000000)
   the space 12288K,  69% used [0x34000000, 0x3484d040, 0x3484d200, 0x34c00000)
    ro space 10240K,  42% used [0x38000000, 0x38434778, 0x38434800, 0x38a00000)
    rw space 12288K,  52% used [0x38a00000, 0x39049a68, 0x39049c00, 0x39600000)
}
Event: 3.936 GC heap before
{Heap before GC invocations=12 (full 2):
 def new generation   total 10048K, used 7559K [0x24000000, 0x24ae0000, 0x29550000)
  eden space 8960K,  84% used [0x24000000, 0x24761c78, 0x248c0000)
  from space 1088K,   0% used [0x248c0000, 0x248c0000, 0x249d0000)
  to   space 1088K,   0% used [0x249d0000, 0x249d0000, 0x24ae0000)
 tenured generation   total 22084K, used 13249K [0x29550000, 0x2aae1000, 0x34000000)
   the space 22084K,  59% used [0x29550000, 0x2a2406d8, 0x2a240800, 0x2aae1000)
 compacting perm gen  total 12288K, used 8500K [0x34000000, 0x34c00000, 0x38000000)
   the space 12288K,  69% used [0x34000000, 0x3484d040, 0x3484d200, 0x34c00000)
    ro space 10240K,  42% used [0x38000000, 0x38434778, 0x38434800, 0x38a00000)
    rw space 12288K,  52% used [0x38a00000, 0x39049a68, 0x39049c00, 0x39600000)
Event: 3.938 GC heap after
Heap after GC invocations=13 (full 2):
 def new generation   total 10048K, used 6K [0x24000000, 0x24ae0000, 0x29550000)
  eden space 8960K,   0% used [0x24000000, 0x24000000, 0x248c0000)
  from space 1088K,   0% used [0x249d0000, 0x249d1870, 0x24ae0000)
  to   space 1088K,   0% used [0x248c0000, 0x248c0000, 0x249d0000)
 tenured generation   total 22084K, used 20705K [0x29550000, 0x2aae1000, 0x34000000)
   the space 22084K,  93% used [0x29550000, 0x2a988420, 0x2a988600, 0x2aae1000)
 compacting perm gen  total 12288K, used 8500K [0x34000000, 0x34c00000, 0x38000000)
   the space 12288K,  69% used [0x34000000, 0x3484d040, 0x3484d200, 0x34c00000)
    ro space 10240K,  42% used [0x38000000, 0x38434778, 0x38434800, 0x38a00000)
    rw space 12288K,  52% used [0x38a00000, 0x39049a68, 0x39049c00, 0x39600000)
}
Event: 3.940 GC heap before
{Heap before GC invocations=13 (full 2):
 def new generation   total 10048K, used 7527K [0x24000000, 0x24ae0000, 0x29550000)
  eden space 8960K,  83% used [0x24000000, 0x247586f0, 0x248c0000)
  from space 1088K,   0% used [0x249d0000, 0x249d1870, 0x24ae0000)
  to   space 1088K,   0% used [0x248c0000, 0x248c0000, 0x249d0000)
 tenured generation   total 22084K, used 20705K [0x29550000, 0x2aae1000, 0x34000000)
   the space 22084K,  93% used [0x29550000, 0x2a988420, 0x2a988600, 0x2aae1000)
 compacting perm gen  total 12288K, used 8500K [0x34000000, 0x34c00000, 0x38000000)
   the space 12288K,  69% used [0x34000000, 0x3484d040, 0x3484d200, 0x34c00000)
    ro space 10240K,  42% used [0x38000000, 0x38434778, 0x38434800, 0x38a00000)
    rw space 12288K,  52% used [0x38a00000, 0x39049a68, 0x39049c00, 0x39600000)
Event: 3.994 GC heap after
Heap after GC invocations=14 (full 3):
 def new generation   total 12672K, used 0K [0x24000000, 0x24dc0000, 0x29550000)
  eden space 11264K,   0% used [0x24000000, 0x24000000, 0x24b00000)
  from space 1408K,   0% used [0x24b00000, 0x24b00000, 0x24c60000)
  to   space 1408K,   0% used [0x24c60000, 0x24c60000, 0x24dc0000)
 tenured generation   total 28000K, used 16799K [0x29550000, 0x2b0a8000, 0x34000000)
   the space 28000K,  59% used [0x29550000, 0x2a5b7cb8, 0x2a5b7e00, 0x2b0a8000)
 compacting perm gen  total 12288K, used 8500K [0x34000000, 0x34c00000, 0x38000000)
   the space 12288K,  69% used [0x34000000, 0x3484d040, 0x3484d200, 0x34c00000)
    ro space 10240K,  42% used [0x38000000, 0x38434778, 0x38434800, 0x38a00000)
    rw space 12288K,  52% used [0x38a00000, 0x39049a68, 0x39049c00, 0x39600000)
}
Event: 5.970 GC heap before
{Heap before GC invocations=14 (full 3):
 def new generation   total 12672K, used 11264K [0x24000000, 0x24dc0000, 0x29550000)
  eden space 11264K, 100% used [0x24000000, 0x24b00000, 0x24b00000)
  from space 1408K,   0% used [0x24b00000, 0x24b00000, 0x24c60000)
  to   space 1408K,   0% used [0x24c60000, 0x24c60000, 0x24dc0000)
 tenured generation   total 28000K, used 16799K [0x29550000, 0x2b0a8000, 0x34000000)
   the space 28000K,  59% used [0x29550000, 0x2a5b7cb8, 0x2a5b7e00, 0x2b0a8000)
 compacting perm gen  total 12288K, used 9129K [0x34000000, 0x34c00000, 0x38000000)
   the space 12288K,  74% used [0x34000000, 0x348ea798, 0x348ea800, 0x34c00000)
    ro space 10240K,  42% used [0x38000000, 0x38434778, 0x38434800, 0x38a00000)
    rw space 12288K,  52% used [0x38a00000, 0x39049a68, 0x39049c00, 0x39600000)
Event: 5.975 GC heap after
Heap after GC invocations=15 (full 3):
 def new generation   total 12672K, used 1408K [0x24000000, 0x24dc0000, 0x29550000)
  eden space 11264K,   0% used [0x24000000, 0x24000000, 0x24b00000)
  from space 1408K, 100% used [0x24c60000, 0x24dc0000, 0x24dc0000)
  to   space 1408K,   0% used [0x24b00000, 0x24b00000, 0x24c60000)
 tenured generation   total 28000K, used 21590K [0x29550000, 0x2b0a8000, 0x34000000)
   the space 28000K,  77% used [0x29550000, 0x2aa65870, 0x2aa65a00, 0x2b0a8000)
 compacting perm gen  total 12288K, used 9129K [0x34000000, 0x34c00000, 0x38000000)
   the space 12288K,  74% used [0x34000000, 0x348ea798, 0x348ea800, 0x34c00000)
    ro space 10240K,  42% used [0x38000000, 0x38434778, 0x38434800, 0x38a00000)
    rw space 12288K,  52% used [0x38a00000, 0x39049a68, 0x39049c00, 0x39600000)
}

