# JRE version: Java(TM) SE Runtime Environment (7.0_60-b19) (build 1.7.0_60-b19)
# Java VM: Java HotSpot(TM) Client VM (24.60-b09 mixed mode, sharing windows-x86 )
Heap
 def new generation   total 37952K, used 29673K [0x24000000, 0x26920000, 0x29550000)
  eden space 33792K,  87% used [0x24000000, 0x25cd9420, 0x26100000)
  from space 4160K,   3% used [0x26100000, 0x26121258, 0x26510000)
  to   space 4160K,   0% used [0x26510000, 0x26510000, 0x26920000)
 tenured generation   total 84096K, used 65030K [0x29550000, 0x2e770000, 0x34000000)
   the space 84096K,  77% used [0x29550000, 0x2d4d1b38, 0x2d4d1c00, 0x2e770000)
 compacting perm gen  total 12288K, used 9492K [0x34000000, 0x34c00000, 0x38000000)
   the space 12288K,  77% used [0x34000000, 0x349450d8, 0x34945200, 0x34c00000)
    ro space 10240K,  42% used [0x38000000, 0x38434778, 0x38434800, 0x38a00000)
    rw space 12288K,  52% used [0x38a00000, 0x39049a68, 0x39049c00, 0x39600000)
GC Heap History (10 events):
Event: 6.607 GC heap before
{Heap before GC invocations=16 (full 4):
 def new generation   total 24640K, used 21952K [0x24000000, 0x25ab0000, 0x29550000)
  eden space 21952K, 100% used [0x24000000, 0x25570000, 0x25570000)
  from space 2688K,   0% used [0x25570000, 0x25570000, 0x25810000)
  to   space 2688K,   0% used [0x25810000, 0x25810000, 0x25ab0000)
 tenured generation   total 54540K, used 32722K [0x29550000, 0x2ca93000, 0x34000000)
   the space 54540K,  59% used [0x29550000, 0x2b544910, 0x2b544a00, 0x2ca93000)
 compacting perm gen  total 12288K, used 9290K [0x34000000, 0x34c00000, 0x38000000)
   the space 12288K,  75% used [0x34000000, 0x34912ab0, 0x34912c00, 0x34c00000)
    ro space 10240K,  42% used [0x38000000, 0x38434778, 0x38434800, 0x38a00000)
    rw space 12288K,  52% used [0x38a00000, 0x39049a68, 0x39049c00, 0x39600000)
Event: 6.619 GC heap after
Heap after GC invocations=17 (full 4):
 def new generation   total 24640K, used 2687K [0x24000000, 0x25ab0000, 0x29550000)
  eden space 21952K,   0% used [0x24000000, 0x24000000, 0x25570000)
  from space 2688K,  99% used [0x25810000, 0x25aafff8, 0x25ab0000)
  to   space 2688K,   0% used [0x25570000, 0x25570000, 0x25810000)
 tenured generation   total 54540K, used 37454K [0x29550000, 0x2ca93000, 0x34000000)
   the space 54540K,  68% used [0x29550000, 0x2b9e38b0, 0x2b9e3a00, 0x2ca93000)
 compacting perm gen  total 12288K, used 9290K [0x34000000, 0x34c00000, 0x38000000)
   the space 12288K,  75% used [0x34000000, 0x34912ab0, 0x34912c00, 0x34c00000)
    ro space 10240K,  42% used [0x38000000, 0x38434778, 0x38434800, 0x38a00000)
    rw space 12288K,  52% used [0x38a00000, 0x39049a68, 0x39049c00, 0x39600000)
}
Event: 15.157 GC heap before
{Heap before GC invocations=17 (full 4):
 def new generation   total 24640K, used 24639K [0x24000000, 0x25ab0000, 0x29550000)
  eden space 21952K, 100% used [0x24000000, 0x25570000, 0x25570000)
  from space 2688K,  99% used [0x25810000, 0x25aafff8, 0x25ab0000)
  to   space 2688K,   0% used [0x25570000, 0x25570000, 0x25810000)
 tenured generation   total 54540K, used 37454K [0x29550000, 0x2ca93000, 0x34000000)
   the space 54540K,  68% used [0x29550000, 0x2b9e38b0, 0x2b9e3a00, 0x2ca93000)
 compacting perm gen  total 12288K, used 9290K [0x34000000, 0x34c00000, 0x38000000)
   the space 12288K,  75% used [0x34000000, 0x34912b20, 0x34912c00, 0x34c00000)
    ro space 10240K,  42% used [0x38000000, 0x38434778, 0x38434800, 0x38a00000)
    rw space 12288K,  52% used [0x38a00000, 0x39049a68, 0x39049c00, 0x39600000)
Event: 15.177 GC heap after
Heap after GC invocations=18 (full 4):
 def new generation   total 24640K, used 2688K [0x24000000, 0x25ab0000, 0x29550000)
  eden space 21952K,   0% used [0x24000000, 0x24000000, 0x25570000)
  from space 2688K, 100% used [0x25570000, 0x25810000, 0x25810000)
  to   space 2688K,   0% used [0x25810000, 0x25810000, 0x25ab0000)
 tenured generation   total 54540K, used 46016K [0x29550000, 0x2ca93000, 0x34000000)
   the space 54540K,  84% used [0x29550000, 0x2c240398, 0x2c240400, 0x2ca93000)
 compacting perm gen  total 12288K, used 9290K [0x34000000, 0x34c00000, 0x38000000)
   the space 12288K,  75% used [0x34000000, 0x34912b20, 0x34912c00, 0x34c00000)
    ro space 10240K,  42% used [0x38000000, 0x38434778, 0x38434800, 0x38a00000)
    rw space 12288K,  52% used [0x38a00000, 0x39049a68, 0x39049c00, 0x39600000)
}
Event: 15.309 GC heap before
{Heap before GC invocations=18 (full 4):
 def new generation   total 24640K, used 24640K [0x24000000, 0x25ab0000, 0x29550000)
  eden space 21952K, 100% used [0x24000000, 0x25570000, 0x25570000)
  from space 2688K, 100% used [0x25570000, 0x25810000, 0x25810000)
  to   space 2688K,   0% used [0x25810000, 0x25810000, 0x25ab0000)
 tenured generation   total 54540K, used 46016K [0x29550000, 0x2ca93000, 0x34000000)
   the space 54540K,  84% used [0x29550000, 0x2c240398, 0x2c240400, 0x2ca93000)
 compacting perm gen  total 12288K, used 9290K [0x34000000, 0x34c00000, 0x38000000)
   the space 12288K,  75% used [0x34000000, 0x34912b20, 0x34912c00, 0x34c00000)
    ro space 10240K,  42% used [0x38000000, 0x38434778, 0x38434800, 0x38a00000)
    rw space 12288K,  52% used [0x38a00000, 0x39049a68, 0x39049c00, 0x39600000)
Event: 15.422 GC heap after
Heap after GC invocations=19 (full 5):
 def new generation   total 37952K, used 0K [0x24000000, 0x26920000, 0x29550000)
  eden space 33792K,   0% used [0x24000000, 0x24000000, 0x26100000)
  from space 4160K,   0% used [0x26100000, 0x26100000, 0x26510000)
  to   space 4160K,   0% used [0x26510000, 0x26510000, 0x26920000)
 tenured generation   total 84096K, used 50455K [0x29550000, 0x2e770000, 0x34000000)
   the space 84096K,  59% used [0x29550000, 0x2c695f60, 0x2c696000, 0x2e770000)
 compacting perm gen  total 12288K, used 9290K [0x34000000, 0x34c00000, 0x38000000)
   the space 12288K,  75% used [0x34000000, 0x34912b20, 0x34912c00, 0x34c00000)
    ro space 10240K,  42% used [0x38000000, 0x38434778, 0x38434800, 0x38a00000)
    rw space 12288K,  52% used [0x38a00000, 0x39049a68, 0x39049c00, 0x39600000)
}
Event: 18.076 GC heap before
{Heap before GC invocations=19 (full 5):
 def new generation   total 37952K, used 33792K [0x24000000, 0x26920000, 0x29550000)
  eden space 33792K, 100% used [0x24000000, 0x26100000, 0x26100000)
  from space 4160K,   0% used [0x26100000, 0x26100000, 0x26510000)
  to   space 4160K,   0% used [0x26510000, 0x26510000, 0x26920000)
 tenured generation   total 84096K, used 50455K [0x29550000, 0x2e770000, 0x34000000)
   the space 84096K,  59% used [0x29550000, 0x2c695f60, 0x2c696000, 0x2e770000)
 compacting perm gen  total 12288K, used 9290K [0x34000000, 0x34c00000, 0x38000000)
   the space 12288K,  75% used [0x34000000, 0x34912b90, 0x34912c00, 0x34c00000)
    ro space 10240K,  42% used [0x38000000, 0x38434778, 0x38434800, 0x38a00000)
    rw space 12288K,  52% used [0x38a00000, 0x39049a68, 0x39049c00, 0x39600000)
Event: 18.103 GC heap after
Heap after GC invocations=20 (full 5):
 def new generation   total 37952K, used 4160K [0x24000000, 0x26920000, 0x29550000)
  eden space 33792K,   0% used [0x24000000, 0x24000000, 0x26100000)
  from space 4160K, 100% used [0x26510000, 0x26920000, 0x26920000)
  to   space 4160K,   0% used [0x26100000, 0x26100000, 0x26510000)
 tenured generation   total 84096K, used 61513K [0x29550000, 0x2e770000, 0x34000000)
   the space 84096K,  73% used [0x29550000, 0x2d1624d8, 0x2d162600, 0x2e770000)
 compacting perm gen  total 12288K, used 9290K [0x34000000, 0x34c00000, 0x38000000)
   the space 12288K,  75% used [0x34000000, 0x34912b90, 0x34912c00, 0x34c00000)
    ro space 10240K,  42% used [0x38000000, 0x38434778, 0x38434800, 0x38a00000)
    rw space 12288K,  52% used [0x38a00000, 0x39049a68, 0x39049c00, 0x39600000)
}
Event: 20.132 GC heap before
{Heap before GC invocations=20 (full 5):
 def new generation   total 37952K, used 37952K [0x24000000, 0x26920000, 0x29550000)
  eden space 33792K, 100% used [0x24000000, 0x26100000, 0x26100000)
  from space 4160K, 100% used [0x26510000, 0x26920000, 0x26920000)
  to   space 4160K,   0% used [0x26100000, 0x26100000, 0x26510000)
 tenured generation   total 84096K, used 61513K [0x29550000, 0x2e770000, 0x34000000)
   the space 84096K,  73% used [0x29550000, 0x2d1624d8, 0x2d162600, 0x2e770000)
 compacting perm gen  total 12288K, used 9292K [0x34000000, 0x34c00000, 0x38000000)
   the space 12288K,  75% used [0x34000000, 0x349133f0, 0x34913400, 0x34c00000)
    ro space 10240K,  42% used [0x38000000, 0x38434778, 0x38434800, 0x38a00000)
    rw space 12288K,  52% used [0x38a00000, 0x39049a68, 0x39049c00, 0x39600000)
Event: 20.143 GC heap after
Heap after GC invocations=21 (full 5):
 def new generation   total 37952K, used 132K [0x24000000, 0x26920000, 0x29550000)
  eden space 33792K,   0% used [0x24000000, 0x24000000, 0x26100000)
  from space 4160K,   3% used [0x26100000, 0x26121258, 0x26510000)
  to   space 4160K,   0% used [0x26510000, 0x26510000, 0x26920000)
 tenured generation   total 84096K, used 65030K [0x29550000, 0x2e770000, 0x34000000)
   the space 84096K,  77% used [0x29550000, 0x2d4d1b38, 0x2d4d1c00, 0x2e770000)
 compacting perm gen  total 12288K, used 9292K [0x34000000, 0x34c00000, 0x38000000)
   the space 12288K,  75% used [0x34000000, 0x349133f0, 0x34913400, 0x34c00000)
    ro space 10240K,  42% used [0x38000000, 0x38434778, 0x38434800, 0x38a00000)
    rw space 12288K,  52% used [0x38a00000, 0x39049a68, 0x39049c00, 0x39600000)
}

