# JRE version: Java(TM) SE Runtime Environment (7.0_60-b19) (build 1.7.0_60-b19)
# Java VM: Java HotSpot(TM) Client VM (24.60-b09 mixed mode, sharing windows-x86 )
Heap
 def new generation   total 13312K, used 3578K [0x24000000, 0x24e70000, 0x29550000)
  eden space 11840K,  30% used [0x24000000, 0x2437ebb8, 0x24b90000)
  from space 1472K,   0% used [0x24b90000, 0x24b90000, 0x24d00000)
  to   space 1472K,   0% used [0x24d00000, 0x24d00000, 0x24e70000)
 tenured generation   total 29504K, used 17701K [0x29550000, 0x2b220000, 0x34000000)
   the space 29504K,  59% used [0x29550000, 0x2a699780, 0x2a699800, 0x2b220000)
 compacting perm gen  total 12288K, used 8567K [0x34000000, 0x34c00000, 0x38000000)
   the space 12288K,  69% used [0x34000000, 0x3485df20, 0x3485e000, 0x34c00000)
    ro space 10240K,  42% used [0x38000000, 0x38434778, 0x38434800, 0x38a00000)
    rw space 12288K,  52% used [0x38a00000, 0x39049a68, 0x39049c00, 0x39600000)
GC Heap History (10 events):
Event: 2.960 GC heap before
{Heap before GC invocations=9 (full 1):
 def new generation   total 9344K, used 9343K [0x24000000, 0x24a20000, 0x29550000)
  eden space 8320K, 100% used [0x24000000, 0x24820000, 0x24820000)
  from space 1024K,  99% used [0x24920000, 0x24a1fff8, 0x24a20000)
  to   space 1024K,   0% used [0x24820000, 0x24820000, 0x24920000)
 tenured generation   total 20712K, used 15713K [0x29550000, 0x2a98a000, 0x34000000)
   the space 20712K,  75% used [0x29550000, 0x2a4a86d8, 0x2a4a8800, 0x2a98a000)
 compacting perm gen  total 12288K, used 7298K [0x34000000, 0x34c00000, 0x38000000)
   the space 12288K,  59% used [0x34000000, 0x347208e0, 0x34720a00, 0x34c00000)
    ro space 10240K,  42% used [0x38000000, 0x38434778, 0x38434800, 0x38a00000)
    rw space 12288K,  52% used [0x38a00000, 0x39049a68, 0x39049c00, 0x39600000)
Event: 2.968 GC heap after
Heap after GC invocations=10 (full 1):
 def new generation   total 9344K, used 1024K [0x24000000, 0x24a20000, 0x29550000)
  eden space 8320K,   0% used [0x24000000, 0x24000000, 0x24820000)
  from space 1024K, 100% used [0x24820000, 0x24920000, 0x24920000)
  to   space 1024K,   0% used [0x24920000, 0x24920000, 0x24a20000)
 tenured generation   total 20712K, used 17746K [0x29550000, 0x2a98a000, 0x34000000)
   the space 20712K,  85% used [0x29550000, 0x2a6a4880, 0x2a6a4a00, 0x2a98a000)
 compacting perm gen  total 12288K, used 7298K [0x34000000, 0x34c00000, 0x38000000)
   the space 12288K,  59% used [0x34000000, 0x347208e0, 0x34720a00, 0x34c00000)
    ro space 10240K,  42% used [0x38000000, 0x38434778, 0x38434800, 0x38a00000)
    rw space 12288K,  52% used [0x38a00000, 0x39049a68, 0x39049c00, 0x39600000)
}
Event: 3.152 GC heap before
{Heap before GC invocations=10 (full 1):
 def new generation   total 9344K, used 9344K [0x24000000, 0x24a20000, 0x29550000)
  eden space 8320K, 100% used [0x24000000, 0x24820000, 0x24820000)
  from space 1024K, 100% used [0x24820000, 0x24920000, 0x24920000)
  to   space 1024K,   0% used [0x24920000, 0x24920000, 0x24a20000)
 tenured generation   total 20712K, used 17746K [0x29550000, 0x2a98a000, 0x34000000)
   the space 20712K,  85% used [0x29550000, 0x2a6a4880, 0x2a6a4a00, 0x2a98a000)
 compacting perm gen  total 12288K, used 8083K [0x34000000, 0x34c00000, 0x38000000)
   the space 12288K,  65% used [0x34000000, 0x347e4d00, 0x347e4e00, 0x34c00000)
    ro space 10240K,  42% used [0x38000000, 0x38434778, 0x38434800, 0x38a00000)
    rw space 12288K,  52% used [0x38a00000, 0x39049a68, 0x39049c00, 0x39600000)
Event: 3.157 GC heap after
Heap after GC invocations=11 (full 1):
 def new generation   total 9344K, used 1024K [0x24000000, 0x24a20000, 0x29550000)
  eden space 8320K,   0% used [0x24000000, 0x24000000, 0x24820000)
  from space 1024K, 100% used [0x24920000, 0x24a20000, 0x24a20000)
  to   space 1024K,   0% used [0x24820000, 0x24820000, 0x24920000)
 tenured generation   total 20712K, used 20063K [0x29550000, 0x2a98a000, 0x34000000)
   the space 20712K,  96% used [0x29550000, 0x2a8e7e50, 0x2a8e8000, 0x2a98a000)
 compacting perm gen  total 12288K, used 8083K [0x34000000, 0x34c00000, 0x38000000)
   the space 12288K,  65% used [0x34000000, 0x347e4d00, 0x347e4e00, 0x34c00000)
    ro space 10240K,  42% used [0x38000000, 0x38434778, 0x38434800, 0x38a00000)
    rw space 12288K,  52% used [0x38a00000, 0x39049a68, 0x39049c00, 0x39600000)
}
Event: 3.225 GC heap before
{Heap before GC invocations=11 (full 1):
 def new generation   total 9344K, used 8842K [0x24000000, 0x24a20000, 0x29550000)
  eden space 8320K,  93% used [0x24000000, 0x247a29f0, 0x24820000)
  from space 1024K, 100% used [0x24920000, 0x24a20000, 0x24a20000)
  to   space 1024K,   0% used [0x24820000, 0x24820000, 0x24920000)
 tenured generation   total 20712K, used 20063K [0x29550000, 0x2a98a000, 0x34000000)
   the space 20712K,  96% used [0x29550000, 0x2a8e7e50, 0x2a8e8000, 0x2a98a000)
 compacting perm gen  total 12288K, used 8509K [0x34000000, 0x34c00000, 0x38000000)
   the space 12288K,  69% used [0x34000000, 0x3484f7f8, 0x3484f800, 0x34c00000)
    ro space 10240K,  42% used [0x38000000, 0x38434778, 0x38434800, 0x38a00000)
    rw space 12288K,  52% used [0x38a00000, 0x39049a68, 0x39049c00, 0x39600000)
Event: 3.273 GC heap after
Heap after GC invocations=12 (full 2):
 def new generation   total 12096K, used 0K [0x24000000, 0x24d20000, 0x29550000)
  eden space 10752K,   0% used [0x24000000, 0x24000000, 0x24a80000)
  from space 1344K,   0% used [0x24a80000, 0x24a80000, 0x24bd0000)
  to   space 1344K,   0% used [0x24bd0000, 0x24bd0000, 0x24d20000)
 tenured generation   total 26808K, used 16082K [0x29550000, 0x2af7e000, 0x34000000)
   the space 26808K,  59% used [0x29550000, 0x2a504b20, 0x2a504c00, 0x2af7e000)
 compacting perm gen  total 12288K, used 8509K [0x34000000, 0x34c00000, 0x38000000)
   the space 12288K,  69% used [0x34000000, 0x3484f7f8, 0x3484f800, 0x34c00000)
    ro space 10240K,  42% used [0x38000000, 0x38434778, 0x38434800, 0x38a00000)
    rw space 12288K,  52% used [0x38a00000, 0x39049a68, 0x39049c00, 0x39600000)
}
Event: 3.304 GC heap before
{Heap before GC invocations=12 (full 2):
 def new generation   total 12096K, used 10562K [0x24000000, 0x24d20000, 0x29550000)
  eden space 10752K,  98% used [0x24000000, 0x24a50ae8, 0x24a80000)
  from space 1344K,   0% used [0x24a80000, 0x24a80000, 0x24bd0000)
  to   space 1344K,   0% used [0x24bd0000, 0x24bd0000, 0x24d20000)
 tenured generation   total 26808K, used 16082K [0x29550000, 0x2af7e000, 0x34000000)
   the space 26808K,  59% used [0x29550000, 0x2a504b20, 0x2a504c00, 0x2af7e000)
 compacting perm gen  total 12288K, used 8518K [0x34000000, 0x34c00000, 0x38000000)
   the space 12288K,  69% used [0x34000000, 0x34851bf8, 0x34851c00, 0x34c00000)
    ro space 10240K,  42% used [0x38000000, 0x38434778, 0x38434800, 0x38a00000)
    rw space 12288K,  52% used [0x38a00000, 0x39049a68, 0x39049c00, 0x39600000)
Event: 3.307 GC heap after
Heap after GC invocations=13 (full 2):
 def new generation   total 12096K, used 1000K [0x24000000, 0x24d20000, 0x29550000)
  eden space 10752K,   0% used [0x24000000, 0x24000000, 0x24a80000)
  from space 1344K,  74% used [0x24bd0000, 0x24cca030, 0x24d20000)
  to   space 1344K,   0% used [0x24a80000, 0x24a80000, 0x24bd0000)
 tenured generation   total 26808K, used 25401K [0x29550000, 0x2af7e000, 0x34000000)
   the space 26808K,  94% used [0x29550000, 0x2ae1e598, 0x2ae1e600, 0x2af7e000)
 compacting perm gen  total 12288K, used 8518K [0x34000000, 0x34c00000, 0x38000000)
   the space 12288K,  69% used [0x34000000, 0x34851bf8, 0x34851c00, 0x34c00000)
    ro space 10240K,  42% used [0x38000000, 0x38434778, 0x38434800, 0x38a00000)
    rw space 12288K,  52% used [0x38a00000, 0x39049a68, 0x39049c00, 0x39600000)
}
Event: 3.325 GC heap before
{Heap before GC invocations=13 (full 2):
 def new generation   total 12096K, used 10566K [0x24000000, 0x24d20000, 0x29550000)
  eden space 10752K,  88% used [0x24000000, 0x24957ab8, 0x24a80000)
  from space 1344K,  74% used [0x24bd0000, 0x24cca030, 0x24d20000)
  to   space 1344K,   0% used [0x24a80000, 0x24a80000, 0x24bd0000)
 tenured generation   total 26808K, used 25401K [0x29550000, 0x2af7e000, 0x34000000)
   the space 26808K,  94% used [0x29550000, 0x2ae1e598, 0x2ae1e600, 0x2af7e000)
 compacting perm gen  total 12288K, used 8519K [0x34000000, 0x34c00000, 0x38000000)
   the space 12288K,  69% used [0x34000000, 0x34851ca8, 0x34851e00, 0x34c00000)
    ro space 10240K,  42% used [0x38000000, 0x38434778, 0x38434800, 0x38a00000)
    rw space 12288K,  52% used [0x38a00000, 0x39049a68, 0x39049c00, 0x39600000)
Event: 3.367 GC heap after
Heap after GC invocations=14 (full 3):
 def new generation   total 13312K, used 0K [0x24000000, 0x24e70000, 0x29550000)
  eden space 11840K,   0% used [0x24000000, 0x24000000, 0x24b90000)
  from space 1472K,   0% used [0x24b90000, 0x24b90000, 0x24d00000)
  to   space 1472K,   0% used [0x24d00000, 0x24d00000, 0x24e70000)
 tenured generation   total 29504K, used 17701K [0x29550000, 0x2b220000, 0x34000000)
   the space 29504K,  59% used [0x29550000, 0x2a699780, 0x2a699800, 0x2b220000)
 compacting perm gen  total 12288K, used 8519K [0x34000000, 0x34c00000, 0x38000000)
   the space 12288K,  69% used [0x34000000, 0x34851ca8, 0x34851e00, 0x34c00000)
    ro space 10240K,  42% used [0x38000000, 0x38434778, 0x38434800, 0x38a00000)
    rw space 12288K,  52% used [0x38a00000, 0x39049a68, 0x39049c00, 0x39600000)
}

