# JRE version: Java(TM) SE Runtime Environment (7.0_60-b19) (build 1.7.0_60-b19)
# Java VM: Java HotSpot(TM) Client VM (24.60-b09 mixed mode, sharing windows-x86 )
Heap
 def new generation   total 23552K, used 12084K [0x24000000, 0x25980000, 0x29550000)
  eden space 20992K,  45% used [0x24000000, 0x2494d258, 0x25480000)
  from space 2560K, 100% used [0x25700000, 0x25980000, 0x25980000)
  to   space 2560K,   0% used [0x25480000, 0x25480000, 0x25700000)
 tenured generation   total 52136K, used 47660K [0x29550000, 0x2c83a000, 0x34000000)
   the space 52136K,  91% used [0x29550000, 0x2c3db3e8, 0x2c3db400, 0x2c83a000)
 compacting perm gen  total 12288K, used 10581K [0x34000000, 0x34c00000, 0x38000000)
   the space 12288K,  86% used [0x34000000, 0x34a557b0, 0x34a55800, 0x34c00000)
    ro space 10240K,  42% used [0x38000000, 0x38434778, 0x38434800, 0x38a00000)
    rw space 12288K,  52% used [0x38a00000, 0x39049a68, 0x39049c00, 0x39600000)
GC Heap History (10 events):
Event: 5.163 GC heap before
{Heap before GC invocations=14 (full 3):
 def new generation   total 13568K, used 12096K [0x24000000, 0x24eb0000, 0x29550000)
  eden space 12096K, 100% used [0x24000000, 0x24bd0000, 0x24bd0000)
  from space 1472K,   0% used [0x24bd0000, 0x24bd0000, 0x24d40000)
  to   space 1472K,   0% used [0x24d40000, 0x24d40000, 0x24eb0000)
 tenured generation   total 30028K, used 18015K [0x29550000, 0x2b2a3000, 0x34000000)
   the space 30028K,  59% used [0x29550000, 0x2a6e7d58, 0x2a6e7e00, 0x2b2a3000)
 compacting perm gen  total 12288K, used 9116K [0x34000000, 0x34c00000, 0x38000000)
   the space 12288K,  74% used [0x34000000, 0x348e7298, 0x348e7400, 0x34c00000)
    ro space 10240K,  42% used [0x38000000, 0x38434778, 0x38434800, 0x38a00000)
    rw space 12288K,  52% used [0x38a00000, 0x39049a68, 0x39049c00, 0x39600000)
Event: 5.170 GC heap after
Heap after GC invocations=15 (full 3):
 def new generation   total 13568K, used 1472K [0x24000000, 0x24eb0000, 0x29550000)
  eden space 12096K,   0% used [0x24000000, 0x24000000, 0x24bd0000)
  from space 1472K, 100% used [0x24d40000, 0x24eb0000, 0x24eb0000)
  to   space 1472K,   0% used [0x24bd0000, 0x24bd0000, 0x24d40000)
 tenured generation   total 30028K, used 25123K [0x29550000, 0x2b2a3000, 0x34000000)
   the space 30028K,  83% used [0x29550000, 0x2add8da8, 0x2add8e00, 0x2b2a3000)
 compacting perm gen  total 12288K, used 9116K [0x34000000, 0x34c00000, 0x38000000)
   the space 12288K,  74% used [0x34000000, 0x348e7298, 0x348e7400, 0x34c00000)
    ro space 10240K,  42% used [0x38000000, 0x38434778, 0x38434800, 0x38a00000)
    rw space 12288K,  52% used [0x38a00000, 0x39049a68, 0x39049c00, 0x39600000)
}
Event: 5.334 GC heap before
{Heap before GC invocations=15 (full 3):
 def new generation   total 13568K, used 13568K [0x24000000, 0x24eb0000, 0x29550000)
  eden space 12096K, 100% used [0x24000000, 0x24bd0000, 0x24bd0000)
  from space 1472K, 100% used [0x24d40000, 0x24eb0000, 0x24eb0000)
  to   space 1472K,   0% used [0x24bd0000, 0x24bd0000, 0x24d40000)
 tenured generation   total 30028K, used 25123K [0x29550000, 0x2b2a3000, 0x34000000)
   the space 30028K,  83% used [0x29550000, 0x2add8da8, 0x2add8e00, 0x2b2a3000)
 compacting perm gen  total 12288K, used 9225K [0x34000000, 0x34c00000, 0x38000000)
   the space 12288K,  75% used [0x34000000, 0x34902650, 0x34902800, 0x34c00000)
    ro space 10240K,  42% used [0x38000000, 0x38434778, 0x38434800, 0x38a00000)
    rw space 12288K,  52% used [0x38a00000, 0x39049a68, 0x39049c00, 0x39600000)
Event: 5.418 GC heap after
Heap after GC invocations=16 (full 4):
 def new generation   total 23552K, used 0K [0x24000000, 0x25980000, 0x29550000)
  eden space 20992K,   0% used [0x24000000, 0x24000000, 0x25480000)
  from space 2560K,   0% used [0x25480000, 0x25480000, 0x25700000)
  to   space 2560K,   0% used [0x25700000, 0x25700000, 0x25980000)
 tenured generation   total 52136K, used 31280K [0x29550000, 0x2c83a000, 0x34000000)
   the space 52136K,  59% used [0x29550000, 0x2b3dc300, 0x2b3dc400, 0x2c83a000)
 compacting perm gen  total 12288K, used 9219K [0x34000000, 0x34c00000, 0x38000000)
   the space 12288K,  75% used [0x34000000, 0x34900c48, 0x34900e00, 0x34c00000)
    ro space 10240K,  42% used [0x38000000, 0x38434778, 0x38434800, 0x38a00000)
    rw space 12288K,  52% used [0x38a00000, 0x39049a68, 0x39049c00, 0x39600000)
}
Event: 5.647 GC heap before
{Heap before GC invocations=16 (full 4):
 def new generation   total 23552K, used 20992K [0x24000000, 0x25980000, 0x29550000)
  eden space 20992K, 100% used [0x24000000, 0x25480000, 0x25480000)
  from space 2560K,   0% used [0x25480000, 0x25480000, 0x25700000)
  to   space 2560K,   0% used [0x25700000, 0x25700000, 0x25980000)
 tenured generation   total 52136K, used 31280K [0x29550000, 0x2c83a000, 0x34000000)
   the space 52136K,  59% used [0x29550000, 0x2b3dc300, 0x2b3dc400, 0x2c83a000)
 compacting perm gen  total 12288K, used 9279K [0x34000000, 0x34c00000, 0x38000000)
   the space 12288K,  75% used [0x34000000, 0x3490fe70, 0x34910000, 0x34c00000)
    ro space 10240K,  42% used [0x38000000, 0x38434778, 0x38434800, 0x38a00000)
    rw space 12288K,  52% used [0x38a00000, 0x39049a68, 0x39049c00, 0x39600000)
Event: 5.660 GC heap after
Heap after GC invocations=17 (full 4):
 def new generation   total 23552K, used 2560K [0x24000000, 0x25980000, 0x29550000)
  eden space 20992K,   0% used [0x24000000, 0x24000000, 0x25480000)
  from space 2560K, 100% used [0x25700000, 0x25980000, 0x25980000)
  to   space 2560K,   0% used [0x25480000, 0x25480000, 0x25700000)
 tenured generation   total 52136K, used 37688K [0x29550000, 0x2c83a000, 0x34000000)
   the space 52136K,  72% used [0x29550000, 0x2ba1e350, 0x2ba1e400, 0x2c83a000)
 compacting perm gen  total 12288K, used 9279K [0x34000000, 0x34c00000, 0x38000000)
   the space 12288K,  75% used [0x34000000, 0x3490fe70, 0x34910000, 0x34c00000)
    ro space 10240K,  42% used [0x38000000, 0x38434778, 0x38434800, 0x38a00000)
    rw space 12288K,  52% used [0x38a00000, 0x39049a68, 0x39049c00, 0x39600000)
}
Event: 37.583 GC heap before
{Heap before GC invocations=17 (full 4):
 def new generation   total 23552K, used 23545K [0x24000000, 0x25980000, 0x29550000)
  eden space 20992K,  99% used [0x24000000, 0x2547e738, 0x25480000)
  from space 2560K, 100% used [0x25700000, 0x25980000, 0x25980000)
  to   space 2560K,   0% used [0x25480000, 0x25480000, 0x25700000)
 tenured generation   total 52136K, used 37880K [0x29550000, 0x2c83a000, 0x34000000)
   the space 52136K,  72% used [0x29550000, 0x2ba4e360, 0x2ba4e400, 0x2c83a000)
 compacting perm gen  total 12288K, used 9282K [0x34000000, 0x34c00000, 0x38000000)
   the space 12288K,  75% used [0x34000000, 0x34910820, 0x34910a00, 0x34c00000)
    ro space 10240K,  42% used [0x38000000, 0x38434778, 0x38434800, 0x38a00000)
    rw space 12288K,  52% used [0x38a00000, 0x39049a68, 0x39049c00, 0x39600000)
Event: 37.591 GC heap after
Heap after GC invocations=18 (full 4):
 def new generation   total 23552K, used 2011K [0x24000000, 0x25980000, 0x29550000)
  eden space 20992K,   0% used [0x24000000, 0x24000000, 0x25480000)
  from space 2560K,  78% used [0x25480000, 0x25676c80, 0x25700000)
  to   space 2560K,   0% used [0x25700000, 0x25700000, 0x25980000)
 tenured generation   total 52136K, used 40440K [0x29550000, 0x2c83a000, 0x34000000)
   the space 52136K,  77% used [0x29550000, 0x2bcce1b0, 0x2bcce200, 0x2c83a000)
 compacting perm gen  total 12288K, used 9282K [0x34000000, 0x34c00000, 0x38000000)
   the space 12288K,  75% used [0x34000000, 0x34910820, 0x34910a00, 0x34c00000)
    ro space 10240K,  42% used [0x38000000, 0x38434778, 0x38434800, 0x38a00000)
    rw space 12288K,  52% used [0x38a00000, 0x39049a68, 0x39049c00, 0x39600000)
}
Event: 38.410 GC heap before
{Heap before GC invocations=18 (full 4):
 def new generation   total 23552K, used 23003K [0x24000000, 0x25980000, 0x29550000)
  eden space 20992K, 100% used [0x24000000, 0x25480000, 0x25480000)
  from space 2560K,  78% used [0x25480000, 0x25676c80, 0x25700000)
  to   space 2560K,   0% used [0x25700000, 0x25700000, 0x25980000)
 tenured generation   total 52136K, used 40440K [0x29550000, 0x2c83a000, 0x34000000)
   the space 52136K,  77% used [0x29550000, 0x2bcce1b0, 0x2bcce200, 0x2c83a000)
 compacting perm gen  total 12288K, used 10348K [0x34000000, 0x34c00000, 0x38000000)
   the space 12288K,  84% used [0x34000000, 0x34a1b1f0, 0x34a1b200, 0x34c00000)
    ro space 10240K,  42% used [0x38000000, 0x38434778, 0x38434800, 0x38a00000)
    rw space 12288K,  52% used [0x38a00000, 0x39049a68, 0x39049c00, 0x39600000)
Event: 38.419 GC heap after
Heap after GC invocations=19 (full 4):
 def new generation   total 23552K, used 2560K [0x24000000, 0x25980000, 0x29550000)
  eden space 20992K,   0% used [0x24000000, 0x24000000, 0x25480000)
  from space 2560K, 100% used [0x25700000, 0x25980000, 0x25980000)
  to   space 2560K,   0% used [0x25480000, 0x25480000, 0x25700000)
 tenured generation   total 52136K, used 47660K [0x29550000, 0x2c83a000, 0x34000000)
   the space 52136K,  91% used [0x29550000, 0x2c3db3e8, 0x2c3db400, 0x2c83a000)
 compacting perm gen  total 12288K, used 10348K [0x34000000, 0x34c00000, 0x38000000)
   the space 12288K,  84% used [0x34000000, 0x34a1b1f0, 0x34a1b200, 0x34c00000)
    ro space 10240K,  42% used [0x38000000, 0x38434778, 0x38434800, 0x38a00000)
    rw space 12288K,  52% used [0x38a00000, 0x39049a68, 0x39049c00, 0x39600000)
}

