# JRE version: Java(TM) SE Runtime Environment (7.0_60-b19) (build 1.7.0_60-b19)
# Java VM: Java HotSpot(TM) Client VM (24.60-b09 mixed mode, sharing windows-x86 )
Heap
 def new generation   total 49920K, used 17482K [0x24000000, 0x27620000, 0x29550000)
  eden space 44416K,  39% used [0x24000000, 0x25112910, 0x26b60000)
  from space 5504K,   0% used [0x26b60000, 0x26b60000, 0x270c0000)
  to   space 5504K,   0% used [0x270c0000, 0x270c0000, 0x27620000)
 tenured generation   total 110800K, used 66477K [0x29550000, 0x30184000, 0x34000000)
   the space 110800K,  59% used [0x29550000, 0x2d63b750, 0x2d63b800, 0x30184000)
 compacting perm gen  total 12288K, used 9320K [0x34000000, 0x34c00000, 0x38000000)
   the space 12288K,  75% used [0x34000000, 0x3491a2f0, 0x3491a400, 0x34c00000)
    ro space 10240K,  42% used [0x38000000, 0x38434778, 0x38434800, 0x38a00000)
    rw space 12288K,  52% used [0x38a00000, 0x39049a68, 0x39049c00, 0x39600000)
GC Heap History (10 events):
Event: 14.141 GC heap before
{Heap before GC invocations=17 (full 4):
 def new generation   total 18944K, used 18941K [0x24000000, 0x25480000, 0x29550000)
  eden space 16896K,  99% used [0x24000000, 0x2507f7f0, 0x25080000)
  from space 2048K, 100% used [0x25280000, 0x25480000, 0x25480000)
  to   space 2048K,   0% used [0x25080000, 0x25080000, 0x25280000)
 tenured generation   total 41888K, used 31835K [0x29550000, 0x2be38000, 0x34000000)
   the space 41888K,  76% used [0x29550000, 0x2b466d58, 0x2b466e00, 0x2be38000)
 compacting perm gen  total 12288K, used 8586K [0x34000000, 0x34c00000, 0x38000000)
   the space 12288K,  69% used [0x34000000, 0x34862a50, 0x34862c00, 0x34c00000)
    ro space 10240K,  42% used [0x38000000, 0x38434778, 0x38434800, 0x38a00000)
    rw space 12288K,  52% used [0x38a00000, 0x39049a68, 0x39049c00, 0x39600000)
Event: 14.150 GC heap after
Heap after GC invocations=18 (full 4):
 def new generation   total 18944K, used 2028K [0x24000000, 0x25480000, 0x29550000)
  eden space 16896K,   0% used [0x24000000, 0x24000000, 0x25080000)
  from space 2048K,  99% used [0x25080000, 0x2527b368, 0x25280000)
  to   space 2048K,   0% used [0x25280000, 0x25280000, 0x25480000)
 tenured generation   total 41888K, used 38394K [0x29550000, 0x2be38000, 0x34000000)
   the space 41888K,  91% used [0x29550000, 0x2bace988, 0x2bacea00, 0x2be38000)
 compacting perm gen  total 12288K, used 8586K [0x34000000, 0x34c00000, 0x38000000)
   the space 12288K,  69% used [0x34000000, 0x34862a50, 0x34862c00, 0x34c00000)
    ro space 10240K,  42% used [0x38000000, 0x38434778, 0x38434800, 0x38a00000)
    rw space 12288K,  52% used [0x38a00000, 0x39049a68, 0x39049c00, 0x39600000)
}
Event: 16.321 GC heap before
{Heap before GC invocations=18 (full 4):
 def new generation   total 18944K, used 18944K [0x24000000, 0x25480000, 0x29550000)
  eden space 16896K, 100% used [0x24000000, 0x25080000, 0x25080000)
  from space 2048K, 100% used [0x25080000, 0x25280000, 0x25280000)
  to   space 2048K,   0% used [0x25280000, 0x25280000, 0x25480000)
 tenured generation   total 41888K, used 39793K [0x29550000, 0x2be38000, 0x34000000)
   the space 41888K,  95% used [0x29550000, 0x2bc2c6a8, 0x2bc2c800, 0x2be38000)
 compacting perm gen  total 12288K, used 8586K [0x34000000, 0x34c00000, 0x38000000)
   the space 12288K,  69% used [0x34000000, 0x34862ac0, 0x34862c00, 0x34c00000)
    ro space 10240K,  42% used [0x38000000, 0x38434778, 0x38434800, 0x38a00000)
    rw space 12288K,  52% used [0x38a00000, 0x39049a68, 0x39049c00, 0x39600000)
Event: 16.329 GC heap after
Heap after GC invocations=19 (full 4):
 def new generation   total 18944K, used 1980K [0x24000000, 0x25480000, 0x29550000)
  eden space 16896K,   0% used [0x24000000, 0x24000000, 0x25080000)
  from space 2048K,  96% used [0x25280000, 0x2546f2c8, 0x25480000)
  to   space 2048K,   0% used [0x25080000, 0x25080000, 0x25280000)
 tenured generation   total 51472K, used 51357K [0x29550000, 0x2c794000, 0x34000000)
   the space 51472K,  99% used [0x29550000, 0x2c777530, 0x2c777600, 0x2c794000)
 compacting perm gen  total 12288K, used 8586K [0x34000000, 0x34c00000, 0x38000000)
   the space 12288K,  69% used [0x34000000, 0x34862ac0, 0x34862c00, 0x34c00000)
    ro space 10240K,  42% used [0x38000000, 0x38434778, 0x38434800, 0x38a00000)
    rw space 12288K,  52% used [0x38a00000, 0x39049a68, 0x39049c00, 0x39600000)
}
Event: 16.817 GC heap before
{Heap before GC invocations=19 (full 4):
 def new generation   total 18944K, used 16187K [0x24000000, 0x25480000, 0x29550000)
  eden space 16896K,  84% used [0x24000000, 0x24ddfa28, 0x25080000)
  from space 2048K,  96% used [0x25280000, 0x2546f2c8, 0x25480000)
  to   space 2048K,   0% used [0x25080000, 0x25080000, 0x25280000)
 tenured generation   total 51472K, used 51357K [0x29550000, 0x2c794000, 0x34000000)
   the space 51472K,  99% used [0x29550000, 0x2c777530, 0x2c777600, 0x2c794000)
 compacting perm gen  total 12288K, used 8586K [0x34000000, 0x34c00000, 0x38000000)
   the space 12288K,  69% used [0x34000000, 0x34862b30, 0x34862c00, 0x34c00000)
    ro space 10240K,  42% used [0x38000000, 0x38434778, 0x38434800, 0x38a00000)
    rw space 12288K,  52% used [0x38a00000, 0x39049a68, 0x39049c00, 0x39600000)
Event: 16.878 GC heap after
Heap after GC invocations=20 (full 5):
 def new generation   total 30784K, used 0K [0x24000000, 0x26160000, 0x29550000)
  eden space 27392K,   0% used [0x24000000, 0x24000000, 0x25ac0000)
  from space 3392K,   0% used [0x25ac0000, 0x25ac0000, 0x25e10000)
  to   space 3392K,   0% used [0x25e10000, 0x25e10000, 0x26160000)
 tenured generation   total 68312K, used 40985K [0x29550000, 0x2d806000, 0x34000000)
   the space 68312K,  59% used [0x29550000, 0x2bd565e0, 0x2bd56600, 0x2d806000)
 compacting perm gen  total 12288K, used 8586K [0x34000000, 0x34c00000, 0x38000000)
   the space 12288K,  69% used [0x34000000, 0x34862b30, 0x34862c00, 0x34c00000)
    ro space 10240K,  42% used [0x38000000, 0x38434778, 0x38434800, 0x38a00000)
    rw space 12288K,  52% used [0x38a00000, 0x39049a68, 0x39049c00, 0x39600000)
}
Event: 25.213 GC heap before
{Heap before GC invocations=20 (full 5):
 def new generation   total 30784K, used 27392K [0x24000000, 0x26160000, 0x29550000)
  eden space 27392K, 100% used [0x24000000, 0x25ac0000, 0x25ac0000)
  from space 3392K,   0% used [0x25ac0000, 0x25ac0000, 0x25e10000)
  to   space 3392K,   0% used [0x25e10000, 0x25e10000, 0x26160000)
 tenured generation   total 68312K, used 40985K [0x29550000, 0x2d806000, 0x34000000)
   the space 68312K,  59% used [0x29550000, 0x2bd565e0, 0x2bd56600, 0x2d806000)
 compacting perm gen  total 12288K, used 9147K [0x34000000, 0x34c00000, 0x38000000)
   the space 12288K,  74% used [0x34000000, 0x348eeec0, 0x348ef000, 0x34c00000)
    ro space 10240K,  42% used [0x38000000, 0x38434778, 0x38434800, 0x38a00000)
    rw space 12288K,  52% used [0x38a00000, 0x39049a68, 0x39049c00, 0x39600000)
Event: 25.225 GC heap after
Heap after GC invocations=21 (full 5):
 def new generation   total 30784K, used 3392K [0x24000000, 0x26160000, 0x29550000)
  eden space 27392K,   0% used [0x24000000, 0x24000000, 0x25ac0000)
  from space 3392K, 100% used [0x25e10000, 0x26160000, 0x26160000)
  to   space 3392K,   0% used [0x25ac0000, 0x25ac0000, 0x25e10000)
 tenured generation   total 68312K, used 52901K [0x29550000, 0x2d806000, 0x34000000)
   the space 68312K,  77% used [0x29550000, 0x2c8f9598, 0x2c8f9600, 0x2d806000)
 compacting perm gen  total 12288K, used 9147K [0x34000000, 0x34c00000, 0x38000000)
   the space 12288K,  74% used [0x34000000, 0x348eeec0, 0x348ef000, 0x34c00000)
    ro space 10240K,  42% used [0x38000000, 0x38434778, 0x38434800, 0x38a00000)
    rw space 12288K,  52% used [0x38a00000, 0x39049a68, 0x39049c00, 0x39600000)
}
Event: 25.489 GC heap before
{Heap before GC invocations=21 (full 5):
 def new generation   total 30784K, used 30784K [0x24000000, 0x26160000, 0x29550000)
  eden space 27392K, 100% used [0x24000000, 0x25ac0000, 0x25ac0000)
  from space 3392K, 100% used [0x25e10000, 0x26160000, 0x26160000)
  to   space 3392K,   0% used [0x25ac0000, 0x25ac0000, 0x25e10000)
 tenured generation   total 68312K, used 52901K [0x29550000, 0x2d806000, 0x34000000)
   the space 68312K,  77% used [0x29550000, 0x2c8f9598, 0x2c8f9600, 0x2d806000)
 compacting perm gen  total 12288K, used 9256K [0x34000000, 0x34c00000, 0x38000000)
   the space 12288K,  75% used [0x34000000, 0x3490a358, 0x3490a400, 0x34c00000)
    ro space 10240K,  42% used [0x38000000, 0x38434778, 0x38434800, 0x38a00000)
    rw space 12288K,  52% used [0x38a00000, 0x39049a68, 0x39049c00, 0x39600000)
Event: 25.594 GC heap after
Heap after GC invocations=22 (full 6):
 def new generation   total 49920K, used 0K [0x24000000, 0x27620000, 0x29550000)
  eden space 44416K,   0% used [0x24000000, 0x24000000, 0x26b60000)
  from space 5504K,   0% used [0x26b60000, 0x26b60000, 0x270c0000)
  to   space 5504K,   0% used [0x270c0000, 0x270c0000, 0x27620000)
 tenured generation   total 110800K, used 66477K [0x29550000, 0x30184000, 0x34000000)
   the space 110800K,  59% used [0x29550000, 0x2d63b750, 0x2d63b800, 0x30184000)
 compacting perm gen  total 12288K, used 9256K [0x34000000, 0x34c00000, 0x38000000)
   the space 12288K,  75% used [0x34000000, 0x3490a358, 0x3490a400, 0x34c00000)
    ro space 10240K,  42% used [0x38000000, 0x38434778, 0x38434800, 0x38a00000)
    rw space 12288K,  52% used [0x38a00000, 0x39049a68, 0x39049c00, 0x39600000)
}

