# JRE version: Java(TM) SE Runtime Environment (7.0_60-b19) (build 1.7.0_60-b19)
# Java VM: Java HotSpot(TM) Client VM (24.60-b09 mixed mode, sharing windows-x86 )
Heap
 def new generation   total 72320K, used 25178K [0x24000000, 0x28e70000, 0x29550000)
  eden space 64320K,  35% used [0x24000000, 0x2568aba0, 0x27ed0000)
  from space 8000K,  26% used [0x27ed0000, 0x280dbec0, 0x286a0000)
  to   space 8000K,   0% used [0x286a0000, 0x286a0000, 0x28e70000)
 tenured generation   total 160564K, used 134596K [0x29550000, 0x3321d000, 0x34000000)
   the space 160564K,  83% used [0x29550000, 0x318c12a8, 0x318c1400, 0x3321d000)
 compacting perm gen  total 12288K, used 11029K [0x34000000, 0x34c00000, 0x38000000)
   the space 12288K,  89% used [0x34000000, 0x34ac5770, 0x34ac5800, 0x34c00000)
    ro space 10240K,  42% used [0x38000000, 0x38434778, 0x38434800, 0x38a00000)
    rw space 12288K,  52% used [0x38a00000, 0x39049a68, 0x39049c00, 0x39600000)
GC Heap History (10 events):
Event: 774.989 GC heap before
{Heap before GC invocations=102 (full 12):
 def new generation   total 72320K, used 70415K [0x24000000, 0x28e70000, 0x29550000)
  eden space 64320K,  99% used [0x24000000, 0x27eb4390, 0x27ed0000)
  from space 8000K,  77% used [0x286a0000, 0x28cafc40, 0x28e70000)
  to   space 8000K,   0% used [0x27ed0000, 0x27ed0000, 0x286a0000)
 tenured generation   total 160564K, used 128262K [0x29550000, 0x3321d000, 0x34000000)
   the space 160564K,  79% used [0x29550000, 0x31291b68, 0x31291c00, 0x3321d000)
 compacting perm gen  total 12288K, used 11027K [0x34000000, 0x34c00000, 0x38000000)
   the space 12288K,  89% used [0x34000000, 0x34ac4dc0, 0x34ac4e00, 0x34c00000)
    ro space 10240K,  42% used [0x38000000, 0x38434778, 0x38434800, 0x38a00000)
    rw space 12288K,  52% used [0x38a00000, 0x39049a68, 0x39049c00, 0x39600000)
Event: 774.991 GC heap after
Heap after GC invocations=103 (full 12):
 def new generation   total 72320K, used 2605K [0x24000000, 0x28e70000, 0x29550000)
  eden space 64320K,   0% used [0x24000000, 0x24000000, 0x27ed0000)
  from space 8000K,  32% used [0x27ed0000, 0x2815b6e0, 0x286a0000)
  to   space 8000K,   0% used [0x286a0000, 0x286a0000, 0x28e70000)
 tenured generation   total 160564K, used 130334K [0x29550000, 0x3321d000, 0x34000000)
   the space 160564K,  81% used [0x29550000, 0x31497b48, 0x31497c00, 0x3321d000)
 compacting perm gen  total 12288K, used 11027K [0x34000000, 0x34c00000, 0x38000000)
   the space 12288K,  89% used [0x34000000, 0x34ac4dc0, 0x34ac4e00, 0x34c00000)
    ro space 10240K,  42% used [0x38000000, 0x38434778, 0x38434800, 0x38a00000)
    rw space 12288K,  52% used [0x38a00000, 0x39049a68, 0x39049c00, 0x39600000)
}
Event: 866.117 GC heap before
{Heap before GC invocations=103 (full 12):
 def new generation   total 72320K, used 66851K [0x24000000, 0x28e70000, 0x29550000)
  eden space 64320K,  99% used [0x24000000, 0x27ebd890, 0x27ed0000)
  from space 8000K,  32% used [0x27ed0000, 0x2815b6e0, 0x286a0000)
  to   space 8000K,   0% used [0x286a0000, 0x286a0000, 0x28e70000)
 tenured generation   total 160564K, used 130334K [0x29550000, 0x3321d000, 0x34000000)
   the space 160564K,  81% used [0x29550000, 0x31497b48, 0x31497c00, 0x3321d000)
 compacting perm gen  total 12288K, used 11027K [0x34000000, 0x34c00000, 0x38000000)
   the space 12288K,  89% used [0x34000000, 0x34ac4dc0, 0x34ac4e00, 0x34c00000)
    ro space 10240K,  42% used [0x38000000, 0x38434778, 0x38434800, 0x38a00000)
    rw space 12288K,  52% used [0x38a00000, 0x39049a68, 0x39049c00, 0x39600000)
Event: 866.119 GC heap after
Heap after GC invocations=104 (full 12):
 def new generation   total 72320K, used 3581K [0x24000000, 0x28e70000, 0x29550000)
  eden space 64320K,   0% used [0x24000000, 0x24000000, 0x27ed0000)
  from space 8000K,  44% used [0x286a0000, 0x28a1f470, 0x28e70000)
  to   space 8000K,   0% used [0x27ed0000, 0x27ed0000, 0x286a0000)
 tenured generation   total 160564K, used 130334K [0x29550000, 0x3321d000, 0x34000000)
   the space 160564K,  81% used [0x29550000, 0x31497b48, 0x31497c00, 0x3321d000)
 compacting perm gen  total 12288K, used 11027K [0x34000000, 0x34c00000, 0x38000000)
   the space 12288K,  89% used [0x34000000, 0x34ac4dc0, 0x34ac4e00, 0x34c00000)
    ro space 10240K,  42% used [0x38000000, 0x38434778, 0x38434800, 0x38a00000)
    rw space 12288K,  52% used [0x38a00000, 0x39049a68, 0x39049c00, 0x39600000)
}
Event: 866.464 GC heap before
{Heap before GC invocations=104 (full 12):
 def new generation   total 72320K, used 67787K [0x24000000, 0x28e70000, 0x29550000)
  eden space 64320K,  99% used [0x24000000, 0x27eb3890, 0x27ed0000)
  from space 8000K,  44% used [0x286a0000, 0x28a1f470, 0x28e70000)
  to   space 8000K,   0% used [0x27ed0000, 0x27ed0000, 0x286a0000)
 tenured generation   total 160564K, used 130334K [0x29550000, 0x3321d000, 0x34000000)
   the space 160564K,  81% used [0x29550000, 0x31497b48, 0x31497c00, 0x3321d000)
 compacting perm gen  total 12288K, used 11027K [0x34000000, 0x34c00000, 0x38000000)
   the space 12288K,  89% used [0x34000000, 0x34ac4dc0, 0x34ac4e00, 0x34c00000)
    ro space 10240K,  42% used [0x38000000, 0x38434778, 0x38434800, 0x38a00000)
    rw space 12288K,  52% used [0x38a00000, 0x39049a68, 0x39049c00, 0x39600000)
Event: 866.467 GC heap after
Heap after GC invocations=105 (full 12):
 def new generation   total 72320K, used 4598K [0x24000000, 0x28e70000, 0x29550000)
  eden space 64320K,   0% used [0x24000000, 0x24000000, 0x27ed0000)
  from space 8000K,  57% used [0x27ed0000, 0x2834d948, 0x286a0000)
  to   space 8000K,   0% used [0x286a0000, 0x286a0000, 0x28e70000)
 tenured generation   total 160564K, used 130334K [0x29550000, 0x3321d000, 0x34000000)
   the space 160564K,  81% used [0x29550000, 0x31497b48, 0x31497c00, 0x3321d000)
 compacting perm gen  total 12288K, used 11027K [0x34000000, 0x34c00000, 0x38000000)
   the space 12288K,  89% used [0x34000000, 0x34ac4dc0, 0x34ac4e00, 0x34c00000)
    ro space 10240K,  42% used [0x38000000, 0x38434778, 0x38434800, 0x38a00000)
    rw space 12288K,  52% used [0x38a00000, 0x39049a68, 0x39049c00, 0x39600000)
}
Event: 869.322 GC heap before
{Heap before GC invocations=105 (full 12):
 def new generation   total 72320K, used 68918K [0x24000000, 0x28e70000, 0x29550000)
  eden space 64320K, 100% used [0x24000000, 0x27ed0000, 0x27ed0000)
  from space 8000K,  57% used [0x27ed0000, 0x2834d948, 0x286a0000)
  to   space 8000K,   0% used [0x286a0000, 0x286a0000, 0x28e70000)
 tenured generation   total 160564K, used 130334K [0x29550000, 0x3321d000, 0x34000000)
   the space 160564K,  81% used [0x29550000, 0x31497b48, 0x31497c00, 0x3321d000)
 compacting perm gen  total 12288K, used 11027K [0x34000000, 0x34c00000, 0x38000000)
   the space 12288K,  89% used [0x34000000, 0x34ac4dc0, 0x34ac4e00, 0x34c00000)
    ro space 10240K,  42% used [0x38000000, 0x38434778, 0x38434800, 0x38a00000)
    rw space 12288K,  52% used [0x38a00000, 0x39049a68, 0x39049c00, 0x39600000)
Event: 869.325 GC heap after
Heap after GC invocations=106 (full 12):
 def new generation   total 72320K, used 4895K [0x24000000, 0x28e70000, 0x29550000)
  eden space 64320K,   0% used [0x24000000, 0x24000000, 0x27ed0000)
  from space 8000K,  61% used [0x286a0000, 0x28b67f78, 0x28e70000)
  to   space 8000K,   0% used [0x27ed0000, 0x27ed0000, 0x286a0000)
 tenured generation   total 160564K, used 133098K [0x29550000, 0x3321d000, 0x34000000)
   the space 160564K,  82% used [0x29550000, 0x3174a848, 0x3174aa00, 0x3321d000)
 compacting perm gen  total 12288K, used 11027K [0x34000000, 0x34c00000, 0x38000000)
   the space 12288K,  89% used [0x34000000, 0x34ac4dc0, 0x34ac4e00, 0x34c00000)
    ro space 10240K,  42% used [0x38000000, 0x38434778, 0x38434800, 0x38a00000)
    rw space 12288K,  52% used [0x38a00000, 0x39049a68, 0x39049c00, 0x39600000)
}
Event: 869.726 GC heap before
{Heap before GC invocations=106 (full 12):
 def new generation   total 72320K, used 69126K [0x24000000, 0x28e70000, 0x29550000)
  eden space 64320K,  99% used [0x24000000, 0x27eb9a28, 0x27ed0000)
  from space 8000K,  61% used [0x286a0000, 0x28b67f78, 0x28e70000)
  to   space 8000K,   0% used [0x27ed0000, 0x27ed0000, 0x286a0000)
 tenured generation   total 160564K, used 133098K [0x29550000, 0x3321d000, 0x34000000)
   the space 160564K,  82% used [0x29550000, 0x3174a848, 0x3174aa00, 0x3321d000)
 compacting perm gen  total 12288K, used 11027K [0x34000000, 0x34c00000, 0x38000000)
   the space 12288K,  89% used [0x34000000, 0x34ac4dc0, 0x34ac4e00, 0x34c00000)
    ro space 10240K,  42% used [0x38000000, 0x38434778, 0x38434800, 0x38a00000)
    rw space 12288K,  52% used [0x38a00000, 0x39049a68, 0x39049c00, 0x39600000)
Event: 869.729 GC heap after
Heap after GC invocations=107 (full 12):
 def new generation   total 72320K, used 2095K [0x24000000, 0x28e70000, 0x29550000)
  eden space 64320K,   0% used [0x24000000, 0x24000000, 0x27ed0000)
  from space 8000K,  26% used [0x27ed0000, 0x280dbec0, 0x286a0000)
  to   space 8000K,   0% used [0x286a0000, 0x286a0000, 0x28e70000)
 tenured generation   total 160564K, used 134596K [0x29550000, 0x3321d000, 0x34000000)
   the space 160564K,  83% used [0x29550000, 0x318c12a8, 0x318c1400, 0x3321d000)
 compacting perm gen  total 12288K, used 11027K [0x34000000, 0x34c00000, 0x38000000)
   the space 12288K,  89% used [0x34000000, 0x34ac4dc0, 0x34ac4e00, 0x34c00000)
    ro space 10240K,  42% used [0x38000000, 0x38434778, 0x38434800, 0x38a00000)
    rw space 12288K,  52% used [0x38a00000, 0x39049a68, 0x39049c00, 0x39600000)
}

