# JRE version: Java(TM) SE Runtime Environment (7.0_60-b19) (build 1.7.0_60-b19)
# Java VM: Java HotSpot(TM) Client VM (24.60-b09 mixed mode, sharing windows-x86 )
Heap
 def new generation   total 35712K, used 8673K [0x24000000, 0x266b0000, 0x29550000)
  eden space 31808K,  27% used [0x24000000, 0x24878558, 0x25f10000)
  from space 3904K,   0% used [0x25f10000, 0x25f10000, 0x262e0000)
  to   space 3904K,   0% used [0x262e0000, 0x262e0000, 0x266b0000)
 tenured generation   total 78740K, used 47242K [0x29550000, 0x2e235000, 0x34000000)
   the space 78740K,  59% used [0x29550000, 0x2c372a40, 0x2c372c00, 0x2e235000)
 compacting perm gen  total 12288K, used 8817K [0x34000000, 0x34c00000, 0x38000000)
   the space 12288K,  71% used [0x34000000, 0x3489c5d8, 0x3489c600, 0x34c00000)
    ro space 10240K,  42% used [0x38000000, 0x38434778, 0x38434800, 0x38a00000)
    rw space 12288K,  52% used [0x38a00000, 0x39049a68, 0x39049c00, 0x39600000)
GC Heap History (10 events):
Event: 11.187 GC heap before
{Heap before GC invocations=16 (full 4):
 def new generation   total 18880K, used 16832K [0x24000000, 0x25470000, 0x29550000)
  eden space 16832K, 100% used [0x24000000, 0x25070000, 0x25070000)
  from space 2048K,   0% used [0x25070000, 0x25070000, 0x25270000)
  to   space 2048K,   0% used [0x25270000, 0x25270000, 0x25470000)
 tenured generation   total 41704K, used 25020K [0x29550000, 0x2be0a000, 0x34000000)
   the space 41704K,  59% used [0x29550000, 0x2adbf180, 0x2adbf200, 0x2be0a000)
 compacting perm gen  total 12288K, used 8780K [0x34000000, 0x34c00000, 0x38000000)
   the space 12288K,  71% used [0x34000000, 0x348931a0, 0x34893200, 0x34c00000)
    ro space 10240K,  42% used [0x38000000, 0x38434778, 0x38434800, 0x38a00000)
    rw space 12288K,  52% used [0x38a00000, 0x39049a68, 0x39049c00, 0x39600000)
Event: 11.192 GC heap after
Heap after GC invocations=17 (full 4):
 def new generation   total 18880K, used 2048K [0x24000000, 0x25470000, 0x29550000)
  eden space 16832K,   0% used [0x24000000, 0x24000000, 0x25070000)
  from space 2048K, 100% used [0x25270000, 0x25470000, 0x25470000)
  to   space 2048K,   0% used [0x25070000, 0x25070000, 0x25270000)
 tenured generation   total 41704K, used 29612K [0x29550000, 0x2be0a000, 0x34000000)
   the space 41704K,  71% used [0x29550000, 0x2b23b100, 0x2b23b200, 0x2be0a000)
 compacting perm gen  total 12288K, used 8780K [0x34000000, 0x34c00000, 0x38000000)
   the space 12288K,  71% used [0x34000000, 0x348931a0, 0x34893200, 0x34c00000)
    ro space 10240K,  42% used [0x38000000, 0x38434778, 0x38434800, 0x38a00000)
    rw space 12288K,  52% used [0x38a00000, 0x39049a68, 0x39049c00, 0x39600000)
}
Event: 12.505 GC heap before
{Heap before GC invocations=17 (full 4):
 def new generation   total 18880K, used 18773K [0x24000000, 0x25470000, 0x29550000)
  eden space 16832K,  99% used [0x24000000, 0x25055618, 0x25070000)
  from space 2048K, 100% used [0x25270000, 0x25470000, 0x25470000)
  to   space 2048K,   0% used [0x25070000, 0x25070000, 0x25270000)
 tenured generation   total 41704K, used 29868K [0x29550000, 0x2be0a000, 0x34000000)
   the space 41704K,  71% used [0x29550000, 0x2b27b110, 0x2b27b200, 0x2be0a000)
 compacting perm gen  total 12288K, used 8780K [0x34000000, 0x34c00000, 0x38000000)
   the space 12288K,  71% used [0x34000000, 0x34893220, 0x34893400, 0x34c00000)
    ro space 10240K,  42% used [0x38000000, 0x38434778, 0x38434800, 0x38a00000)
    rw space 12288K,  52% used [0x38a00000, 0x39049a68, 0x39049c00, 0x39600000)
Event: 12.513 GC heap after
Heap after GC invocations=18 (full 4):
 def new generation   total 18880K, used 2048K [0x24000000, 0x25470000, 0x29550000)
  eden space 16832K,   0% used [0x24000000, 0x24000000, 0x25070000)
  from space 2048K, 100% used [0x25070000, 0x25270000, 0x25270000)
  to   space 2048K,   0% used [0x25270000, 0x25270000, 0x25470000)
 tenured generation   total 41704K, used 37325K [0x29550000, 0x2be0a000, 0x34000000)
   the space 41704K,  89% used [0x29550000, 0x2b9c3618, 0x2b9c3800, 0x2be0a000)
 compacting perm gen  total 12288K, used 8780K [0x34000000, 0x34c00000, 0x38000000)
   the space 12288K,  71% used [0x34000000, 0x34893220, 0x34893400, 0x34c00000)
    ro space 10240K,  42% used [0x38000000, 0x38434778, 0x38434800, 0x38a00000)
    rw space 12288K,  52% used [0x38a00000, 0x39049a68, 0x39049c00, 0x39600000)
}
Event: 14.951 GC heap before
{Heap before GC invocations=18 (full 4):
 def new generation   total 18880K, used 17512K [0x24000000, 0x25470000, 0x29550000)
  eden space 16832K,  91% used [0x24000000, 0x24f1a210, 0x25070000)
  from space 2048K, 100% used [0x25070000, 0x25270000, 0x25270000)
  to   space 2048K,   0% used [0x25270000, 0x25270000, 0x25470000)
 tenured generation   total 41704K, used 37325K [0x29550000, 0x2be0a000, 0x34000000)
   the space 41704K,  89% used [0x29550000, 0x2b9c3618, 0x2b9c3800, 0x2be0a000)
 compacting perm gen  total 12288K, used 8798K [0x34000000, 0x34c00000, 0x38000000)
   the space 12288K,  71% used [0x34000000, 0x34897850, 0x34897a00, 0x34c00000)
    ro space 10240K,  42% used [0x38000000, 0x38434778, 0x38434800, 0x38a00000)
    rw space 12288K,  52% used [0x38a00000, 0x39049a68, 0x39049c00, 0x39600000)
Event: 15.020 GC heap after
Heap after GC invocations=19 (full 5):
 def new generation   total 30208K, used 0K [0x24000000, 0x260c0000, 0x29550000)
  eden space 26880K,   0% used [0x24000000, 0x24000000, 0x25a40000)
  from space 3328K,   0% used [0x25a40000, 0x25a40000, 0x25d80000)
  to   space 3328K,   0% used [0x25d80000, 0x25d80000, 0x260c0000)
 tenured generation   total 66804K, used 40081K [0x29550000, 0x2d68d000, 0x34000000)
   the space 66804K,  59% used [0x29550000, 0x2bc74438, 0x2bc74600, 0x2d68d000)
 compacting perm gen  total 12288K, used 8798K [0x34000000, 0x34c00000, 0x38000000)
   the space 12288K,  71% used [0x34000000, 0x34897850, 0x34897a00, 0x34c00000)
    ro space 10240K,  42% used [0x38000000, 0x38434778, 0x38434800, 0x38a00000)
    rw space 12288K,  52% used [0x38a00000, 0x39049a68, 0x39049c00, 0x39600000)
}
Event: 17.238 GC heap before
{Heap before GC invocations=19 (full 5):
 def new generation   total 30208K, used 27395K [0x24000000, 0x260c0000, 0x29550000)
  eden space 26880K, 100% used [0x24000000, 0x25a40000, 0x25a40000)
  from space 3328K,  15% used [0x25a40000, 0x25ac0c50, 0x25d80000)
  to   space 3328K,   0% used [0x25d80000, 0x25d80000, 0x260c0000)
 tenured generation   total 66804K, used 40081K [0x29550000, 0x2d68d000, 0x34000000)
   the space 66804K,  59% used [0x29550000, 0x2bc74438, 0x2bc74600, 0x2d68d000)
 compacting perm gen  total 12288K, used 8807K [0x34000000, 0x34c00000, 0x38000000)
   the space 12288K,  71% used [0x34000000, 0x34899ff8, 0x3489a000, 0x34c00000)
    ro space 10240K,  42% used [0x38000000, 0x38434778, 0x38434800, 0x38a00000)
    rw space 12288K,  52% used [0x38a00000, 0x39049a68, 0x39049c00, 0x39600000)
Event: 17.249 GC heap after
Heap after GC invocations=20 (full 5):
 def new generation   total 30208K, used 3328K [0x24000000, 0x260c0000, 0x29550000)
  eden space 26880K,   0% used [0x24000000, 0x24000000, 0x25a40000)
  from space 3328K, 100% used [0x25d80000, 0x260c0000, 0x260c0000)
  to   space 3328K,   0% used [0x25a40000, 0x25a40000, 0x25d80000)
 tenured generation   total 66804K, used 54346K [0x29550000, 0x2d68d000, 0x34000000)
   the space 66804K,  81% used [0x29550000, 0x2ca629f8, 0x2ca62a00, 0x2d68d000)
 compacting perm gen  total 12288K, used 8807K [0x34000000, 0x34c00000, 0x38000000)
   the space 12288K,  71% used [0x34000000, 0x34899ff8, 0x3489a000, 0x34c00000)
    ro space 10240K,  42% used [0x38000000, 0x38434778, 0x38434800, 0x38a00000)
    rw space 12288K,  52% used [0x38a00000, 0x39049a68, 0x39049c00, 0x39600000)
}
Event: 18.046 GC heap before
{Heap before GC invocations=20 (full 5):
 def new generation   total 30208K, used 27826K [0x24000000, 0x260c0000, 0x29550000)
  eden space 26880K,  91% used [0x24000000, 0x257ecb68, 0x25a40000)
  from space 3328K, 100% used [0x25d80000, 0x260c0000, 0x260c0000)
  to   space 3328K,   0% used [0x25a40000, 0x25a40000, 0x25d80000)
 tenured generation   total 66804K, used 54346K [0x29550000, 0x2d68d000, 0x34000000)
   the space 66804K,  81% used [0x29550000, 0x2ca629f8, 0x2ca62a00, 0x2d68d000)
 compacting perm gen  total 12288K, used 8808K [0x34000000, 0x34c00000, 0x38000000)
   the space 12288K,  71% used [0x34000000, 0x3489a018, 0x3489a200, 0x34c00000)
    ro space 10240K,  42% used [0x38000000, 0x38434778, 0x38434800, 0x38a00000)
    rw space 12288K,  52% used [0x38a00000, 0x39049a68, 0x39049c00, 0x39600000)
Event: 18.117 GC heap after
Heap after GC invocations=21 (full 6):
 def new generation   total 35712K, used 0K [0x24000000, 0x266b0000, 0x29550000)
  eden space 31808K,   0% used [0x24000000, 0x24000000, 0x25f10000)
  from space 3904K,   0% used [0x25f10000, 0x25f10000, 0x262e0000)
  to   space 3904K,   0% used [0x262e0000, 0x262e0000, 0x266b0000)
 tenured generation   total 78740K, used 47242K [0x29550000, 0x2e235000, 0x34000000)
   the space 78740K,  59% used [0x29550000, 0x2c372a40, 0x2c372c00, 0x2e235000)
 compacting perm gen  total 12288K, used 8808K [0x34000000, 0x34c00000, 0x38000000)
   the space 12288K,  71% used [0x34000000, 0x3489a018, 0x3489a200, 0x34c00000)
    ro space 10240K,  42% used [0x38000000, 0x38434778, 0x38434800, 0x38a00000)
    rw space 12288K,  52% used [0x38a00000, 0x39049a68, 0x39049c00, 0x39600000)
}

