# JRE version: Java(TM) SE Runtime Environment (7.0_60-b19) (build 1.7.0_60-b19)
# Java VM: Java HotSpot(TM) Client VM (24.60-b09 mixed mode, sharing windows-x86 )
Heap
 def new generation   total 36608K, used 33718K [0x24000000, 0x267b0000, 0x29550000)
  eden space 32576K,  91% used [0x24000000, 0x25cff8e8, 0x25fd0000)
  from space 4032K,  99% used [0x25fd0000, 0x263bdf18, 0x263c0000)
  to   space 4032K,   0% used [0x263c0000, 0x263c0000, 0x267b0000)
 tenured generation   total 81052K, used 54544K [0x29550000, 0x2e477000, 0x34000000)
   the space 81052K,  67% used [0x29550000, 0x2ca94388, 0x2ca94400, 0x2e477000)
 compacting perm gen  total 12288K, used 10932K [0x34000000, 0x34c00000, 0x38000000)
   the space 12288K,  88% used [0x34000000, 0x34aad1a8, 0x34aad200, 0x34c00000)
    ro space 10240K,  42% used [0x38000000, 0x38434778, 0x38434800, 0x38a00000)
    rw space 12288K,  52% used [0x38a00000, 0x39049a68, 0x39049c00, 0x39600000)
GC Heap History (10 events):
Event: 84.423 GC heap before
{Heap before GC invocations=42 (full 8):
 def new generation   total 36672K, used 36252K [0x24000000, 0x267c0000, 0x29550000)
  eden space 32640K,  99% used [0x24000000, 0x25fb3568, 0x25fe0000)
  from space 4032K,  94% used [0x263d0000, 0x26783c48, 0x267c0000)
  to   space 4032K,   0% used [0x25fe0000, 0x25fe0000, 0x263d0000)
 tenured generation   total 81052K, used 75251K [0x29550000, 0x2e477000, 0x34000000)
   the space 81052K,  92% used [0x29550000, 0x2decccc0, 0x2decce00, 0x2e477000)
 compacting perm gen  total 12288K, used 10929K [0x34000000, 0x34c00000, 0x38000000)
   the space 12288K,  88% used [0x34000000, 0x34aac428, 0x34aac600, 0x34c00000)
    ro space 10240K,  42% used [0x38000000, 0x38434778, 0x38434800, 0x38a00000)
    rw space 12288K,  52% used [0x38a00000, 0x39049a68, 0x39049c00, 0x39600000)
Event: 84.425 GC heap after
Heap after GC invocations=43 (full 8):
 def new generation   total 36672K, used 2999K [0x24000000, 0x267c0000, 0x29550000)
  eden space 32640K,   0% used [0x24000000, 0x24000000, 0x25fe0000)
  from space 4032K,  74% used [0x25fe0000, 0x262cddd0, 0x263d0000)
  to   space 4032K,   0% used [0x263d0000, 0x263d0000, 0x267c0000)
 tenured generation   total 81052K, used 76712K [0x29550000, 0x2e477000, 0x34000000)
   the space 81052K,  94% used [0x29550000, 0x2e03a3c8, 0x2e03a400, 0x2e477000)
 compacting perm gen  total 12288K, used 10929K [0x34000000, 0x34c00000, 0x38000000)
   the space 12288K,  88% used [0x34000000, 0x34aac428, 0x34aac600, 0x34c00000)
    ro space 10240K,  42% used [0x38000000, 0x38434778, 0x38434800, 0x38a00000)
    rw space 12288K,  52% used [0x38a00000, 0x39049a68, 0x39049c00, 0x39600000)
}
Event: 90.870 GC heap before
{Heap before GC invocations=43 (full 8):
 def new generation   total 36672K, used 35639K [0x24000000, 0x267c0000, 0x29550000)
  eden space 32640K, 100% used [0x24000000, 0x25fe0000, 0x25fe0000)
  from space 4032K,  74% used [0x25fe0000, 0x262cddd0, 0x263d0000)
  to   space 4032K,   0% used [0x263d0000, 0x263d0000, 0x267c0000)
 tenured generation   total 81052K, used 76712K [0x29550000, 0x2e477000, 0x34000000)
   the space 81052K,  94% used [0x29550000, 0x2e03a3c8, 0x2e03a400, 0x2e477000)
 compacting perm gen  total 12288K, used 10929K [0x34000000, 0x34c00000, 0x38000000)
   the space 12288K,  88% used [0x34000000, 0x34aac4a8, 0x34aac600, 0x34c00000)
    ro space 10240K,  42% used [0x38000000, 0x38434778, 0x38434800, 0x38a00000)
    rw space 12288K,  52% used [0x38a00000, 0x39049a68, 0x39049c00, 0x39600000)
Event: 90.873 GC heap after
Heap after GC invocations=44 (full 8):
 def new generation   total 36672K, used 3401K [0x24000000, 0x267c0000, 0x29550000)
  eden space 32640K,   0% used [0x24000000, 0x24000000, 0x25fe0000)
  from space 4032K,  84% used [0x263d0000, 0x26722770, 0x267c0000)
  to   space 4032K,   0% used [0x25fe0000, 0x25fe0000, 0x263d0000)
 tenured generation   total 81052K, used 76873K [0x29550000, 0x2e477000, 0x34000000)
   the space 81052K,  94% used [0x29550000, 0x2e0626d0, 0x2e062800, 0x2e477000)
 compacting perm gen  total 12288K, used 10929K [0x34000000, 0x34c00000, 0x38000000)
   the space 12288K,  88% used [0x34000000, 0x34aac4a8, 0x34aac600, 0x34c00000)
    ro space 10240K,  42% used [0x38000000, 0x38434778, 0x38434800, 0x38a00000)
    rw space 12288K,  52% used [0x38a00000, 0x39049a68, 0x39049c00, 0x39600000)
}
Event: 95.670 GC heap before
{Heap before GC invocations=44 (full 8):
 def new generation   total 36672K, used 34887K [0x24000000, 0x267c0000, 0x29550000)
  eden space 32640K,  96% used [0x24000000, 0x25ebf498, 0x25fe0000)
  from space 4032K,  84% used [0x263d0000, 0x26722770, 0x267c0000)
  to   space 4032K,   0% used [0x25fe0000, 0x25fe0000, 0x263d0000)
 tenured generation   total 81052K, used 76873K [0x29550000, 0x2e477000, 0x34000000)
   the space 81052K,  94% used [0x29550000, 0x2e0626d0, 0x2e062800, 0x2e477000)
 compacting perm gen  total 12288K, used 10930K [0x34000000, 0x34c00000, 0x38000000)
   the space 12288K,  88% used [0x34000000, 0x34aacb80, 0x34aacc00, 0x34c00000)
    ro space 10240K,  42% used [0x38000000, 0x38434778, 0x38434800, 0x38a00000)
    rw space 12288K,  52% used [0x38a00000, 0x39049a68, 0x39049c00, 0x39600000)
Event: 95.743 GC heap after
Heap after GC invocations=45 (full 9):
 def new generation   total 36608K, used 0K [0x24000000, 0x267b0000, 0x29550000)
  eden space 32576K,   0% used [0x24000000, 0x24000000, 0x25fd0000)
  from space 4032K,   0% used [0x25fd0000, 0x25fd0000, 0x263c0000)
  to   space 4032K,   0% used [0x263c0000, 0x263c0000, 0x267b0000)
 tenured generation   total 81052K, used 39218K [0x29550000, 0x2e477000, 0x34000000)
   the space 81052K,  48% used [0x29550000, 0x2bb9cae8, 0x2bb9cc00, 0x2e477000)
 compacting perm gen  total 12288K, used 10930K [0x34000000, 0x34c00000, 0x38000000)
   the space 12288K,  88% used [0x34000000, 0x34aacb80, 0x34aacc00, 0x34c00000)
    ro space 10240K,  42% used [0x38000000, 0x38434778, 0x38434800, 0x38a00000)
    rw space 12288K,  52% used [0x38a00000, 0x39049a68, 0x39049c00, 0x39600000)
}
Event: 95.878 GC heap before
{Heap before GC invocations=45 (full 9):
 def new generation   total 36608K, used 32576K [0x24000000, 0x267b0000, 0x29550000)
  eden space 32576K, 100% used [0x24000000, 0x25fd0000, 0x25fd0000)
  from space 4032K,   0% used [0x25fd0000, 0x25fd0000, 0x263c0000)
  to   space 4032K,   0% used [0x263c0000, 0x263c0000, 0x267b0000)
 tenured generation   total 81052K, used 39218K [0x29550000, 0x2e477000, 0x34000000)
   the space 81052K,  48% used [0x29550000, 0x2bb9cae8, 0x2bb9cc00, 0x2e477000)
 compacting perm gen  total 12288K, used 10930K [0x34000000, 0x34c00000, 0x38000000)
   the space 12288K,  88% used [0x34000000, 0x34aacb80, 0x34aacc00, 0x34c00000)
    ro space 10240K,  42% used [0x38000000, 0x38434778, 0x38434800, 0x38a00000)
    rw space 12288K,  52% used [0x38a00000, 0x39049a68, 0x39049c00, 0x39600000)
Event: 95.882 GC heap after
Heap after GC invocations=46 (full 9):
 def new generation   total 36608K, used 3995K [0x24000000, 0x267b0000, 0x29550000)
  eden space 32576K,   0% used [0x24000000, 0x24000000, 0x25fd0000)
  from space 4032K,  99% used [0x263c0000, 0x267a6d20, 0x267b0000)
  to   space 4032K,   0% used [0x25fd0000, 0x25fd0000, 0x263c0000)
 tenured generation   total 81052K, used 49683K [0x29550000, 0x2e477000, 0x34000000)
   the space 81052K,  61% used [0x29550000, 0x2c5d4d98, 0x2c5d4e00, 0x2e477000)
 compacting perm gen  total 12288K, used 10930K [0x34000000, 0x34c00000, 0x38000000)
   the space 12288K,  88% used [0x34000000, 0x34aacb80, 0x34aacc00, 0x34c00000)
    ro space 10240K,  42% used [0x38000000, 0x38434778, 0x38434800, 0x38a00000)
    rw space 12288K,  52% used [0x38a00000, 0x39049a68, 0x39049c00, 0x39600000)
}
Event: 96.044 GC heap before
{Heap before GC invocations=46 (full 9):
 def new generation   total 36608K, used 36571K [0x24000000, 0x267b0000, 0x29550000)
  eden space 32576K, 100% used [0x24000000, 0x25fd0000, 0x25fd0000)
  from space 4032K,  99% used [0x263c0000, 0x267a6d20, 0x267b0000)
  to   space 4032K,   0% used [0x25fd0000, 0x25fd0000, 0x263c0000)
 tenured generation   total 81052K, used 49683K [0x29550000, 0x2e477000, 0x34000000)
   the space 81052K,  61% used [0x29550000, 0x2c5d4d98, 0x2c5d4e00, 0x2e477000)
 compacting perm gen  total 12288K, used 10930K [0x34000000, 0x34c00000, 0x38000000)
   the space 12288K,  88% used [0x34000000, 0x34aacba0, 0x34aacc00, 0x34c00000)
    ro space 10240K,  42% used [0x38000000, 0x38434778, 0x38434800, 0x38a00000)
    rw space 12288K,  52% used [0x38a00000, 0x39049a68, 0x39049c00, 0x39600000)
Event: 96.048 GC heap after
Heap after GC invocations=47 (full 9):
 def new generation   total 36608K, used 4023K [0x24000000, 0x267b0000, 0x29550000)
  eden space 32576K,   0% used [0x24000000, 0x24000000, 0x25fd0000)
  from space 4032K,  99% used [0x25fd0000, 0x263bdf18, 0x263c0000)
  to   space 4032K,   0% used [0x263c0000, 0x263c0000, 0x267b0000)
 tenured generation   total 81052K, used 54544K [0x29550000, 0x2e477000, 0x34000000)
   the space 81052K,  67% used [0x29550000, 0x2ca94388, 0x2ca94400, 0x2e477000)
 compacting perm gen  total 12288K, used 10930K [0x34000000, 0x34c00000, 0x38000000)
   the space 12288K,  88% used [0x34000000, 0x34aacba0, 0x34aacc00, 0x34c00000)
    ro space 10240K,  42% used [0x38000000, 0x38434778, 0x38434800, 0x38a00000)
    rw space 12288K,  52% used [0x38a00000, 0x39049a68, 0x39049c00, 0x39600000)
}

