# JRE version: Java(TM) SE Runtime Environment (7.0_60-b19) (build 1.7.0_60-b19)
# Java VM: Java HotSpot(TM) Client VM (24.60-b09 mixed mode, sharing windows-x86 )
Heap
 def new generation   total 63040K, used 41444K [0x24000000, 0x28460000, 0x29550000)
  eden space 56064K,  61% used [0x24000000, 0x261ba790, 0x276c0000)
  from space 6976K,  99% used [0x27d90000, 0x2844ec20, 0x28460000)
  to   space 6976K,   0% used [0x276c0000, 0x276c0000, 0x27d90000)
 tenured generation   total 139992K, used 124583K [0x29550000, 0x31e06000, 0x34000000)
   the space 139992K,  88% used [0x29550000, 0x30ef9c18, 0x30ef9e00, 0x31e06000)
 compacting perm gen  total 12288K, used 10771K [0x34000000, 0x34c00000, 0x38000000)
   the space 12288K,  87% used [0x34000000, 0x34a84c40, 0x34a84e00, 0x34c00000)
    ro space 10240K,  42% used [0x38000000, 0x38434778, 0x38434800, 0x38a00000)
    rw space 12288K,  52% used [0x38a00000, 0x39049a68, 0x39049c00, 0x39600000)
GC Heap History (10 events):
Event: 105.934 GC heap before
{Heap before GC invocations=99 (full 8):
 def new generation   total 46336K, used 43849K [0x24000000, 0x27240000, 0x29550000)
  eden space 41216K,  93% used [0x24000000, 0x265d2760, 0x26840000)
  from space 5120K, 100% used [0x26840000, 0x26d40000, 0x26d40000)
  to   space 5120K,   0% used [0x26d40000, 0x26d40000, 0x27240000)
 tenured generation   total 102828K, used 85086K [0x29550000, 0x2f9bb000, 0x34000000)
   the space 102828K,  82% used [0x29550000, 0x2e8678f0, 0x2e867a00, 0x2f9bb000)
 compacting perm gen  total 12288K, used 10700K [0x34000000, 0x34c00000, 0x38000000)
   the space 12288K,  87% used [0x34000000, 0x34a73298, 0x34a73400, 0x34c00000)
    ro space 10240K,  42% used [0x38000000, 0x38434778, 0x38434800, 0x38a00000)
    rw space 12288K,  52% used [0x38a00000, 0x39049a68, 0x39049c00, 0x39600000)
Event: 105.942 GC heap after
Heap after GC invocations=100 (full 8):
 def new generation   total 46336K, used 5043K [0x24000000, 0x27240000, 0x29550000)
  eden space 41216K,   0% used [0x24000000, 0x24000000, 0x26840000)
  from space 5120K,  98% used [0x26d40000, 0x2722cdc0, 0x27240000)
  to   space 5120K,   0% used [0x26840000, 0x26840000, 0x26d40000)
 tenured generation   total 102828K, used 96010K [0x29550000, 0x2f9bb000, 0x34000000)
   the space 102828K,  93% used [0x29550000, 0x2f312b78, 0x2f312c00, 0x2f9bb000)
 compacting perm gen  total 12288K, used 10700K [0x34000000, 0x34c00000, 0x38000000)
   the space 12288K,  87% used [0x34000000, 0x34a73298, 0x34a73400, 0x34c00000)
    ro space 10240K,  42% used [0x38000000, 0x38434778, 0x38434800, 0x38a00000)
    rw space 12288K,  52% used [0x38a00000, 0x39049a68, 0x39049c00, 0x39600000)
}
Event: 118.099 GC heap before
{Heap before GC invocations=100 (full 8):
 def new generation   total 46336K, used 46259K [0x24000000, 0x27240000, 0x29550000)
  eden space 41216K, 100% used [0x24000000, 0x26840000, 0x26840000)
  from space 5120K,  98% used [0x26d40000, 0x2722cdc0, 0x27240000)
  to   space 5120K,   0% used [0x26840000, 0x26840000, 0x26d40000)
 tenured generation   total 102828K, used 96010K [0x29550000, 0x2f9bb000, 0x34000000)
   the space 102828K,  93% used [0x29550000, 0x2f312b78, 0x2f312c00, 0x2f9bb000)
 compacting perm gen  total 12288K, used 10715K [0x34000000, 0x34c00000, 0x38000000)
   the space 12288K,  87% used [0x34000000, 0x34a76f10, 0x34a77000, 0x34c00000)
    ro space 10240K,  42% used [0x38000000, 0x38434778, 0x38434800, 0x38a00000)
    rw space 12288K,  52% used [0x38a00000, 0x39049a68, 0x39049c00, 0x39600000)
Event: 118.249 GC heap after
Heap after GC invocations=101 (full 9):
 def new generation   total 63040K, used 0K [0x24000000, 0x28460000, 0x29550000)
  eden space 56064K,   0% used [0x24000000, 0x24000000, 0x276c0000)
  from space 6976K,   0% used [0x276c0000, 0x276c0000, 0x27d90000)
  to   space 6976K,   0% used [0x27d90000, 0x27d90000, 0x28460000)
 tenured generation   total 139992K, used 83993K [0x29550000, 0x31e06000, 0x34000000)
   the space 139992K,  59% used [0x29550000, 0x2e7565b0, 0x2e756600, 0x31e06000)
 compacting perm gen  total 12288K, used 10715K [0x34000000, 0x34c00000, 0x38000000)
   the space 12288K,  87% used [0x34000000, 0x34a76f10, 0x34a77000, 0x34c00000)
    ro space 10240K,  42% used [0x38000000, 0x38434778, 0x38434800, 0x38a00000)
    rw space 12288K,  52% used [0x38a00000, 0x39049a68, 0x39049c00, 0x39600000)
}
Event: 121.056 GC heap before
{Heap before GC invocations=101 (full 9):
 def new generation   total 63040K, used 56064K [0x24000000, 0x28460000, 0x29550000)
  eden space 56064K, 100% used [0x24000000, 0x276c0000, 0x276c0000)
  from space 6976K,   0% used [0x276c0000, 0x276c0000, 0x27d90000)
  to   space 6976K,   0% used [0x27d90000, 0x27d90000, 0x28460000)
 tenured generation   total 139992K, used 83993K [0x29550000, 0x31e06000, 0x34000000)
   the space 139992K,  59% used [0x29550000, 0x2e7565b0, 0x2e756600, 0x31e06000)
 compacting perm gen  total 12288K, used 10715K [0x34000000, 0x34c00000, 0x38000000)
   the space 12288K,  87% used [0x34000000, 0x34a76f10, 0x34a77000, 0x34c00000)
    ro space 10240K,  42% used [0x38000000, 0x38434778, 0x38434800, 0x38a00000)
    rw space 12288K,  52% used [0x38a00000, 0x39049a68, 0x39049c00, 0x39600000)
Event: 121.089 GC heap after
Heap after GC invocations=102 (full 9):
 def new generation   total 63040K, used 6976K [0x24000000, 0x28460000, 0x29550000)
  eden space 56064K,   0% used [0x24000000, 0x24000000, 0x276c0000)
  from space 6976K, 100% used [0x27d90000, 0x28460000, 0x28460000)
  to   space 6976K,   0% used [0x276c0000, 0x276c0000, 0x27d90000)
 tenured generation   total 139992K, used 97323K [0x29550000, 0x31e06000, 0x34000000)
   the space 139992K,  69% used [0x29550000, 0x2f45ac70, 0x2f45ae00, 0x31e06000)
 compacting perm gen  total 12288K, used 10715K [0x34000000, 0x34c00000, 0x38000000)
   the space 12288K,  87% used [0x34000000, 0x34a76f10, 0x34a77000, 0x34c00000)
    ro space 10240K,  42% used [0x38000000, 0x38434778, 0x38434800, 0x38a00000)
    rw space 12288K,  52% used [0x38a00000, 0x39049a68, 0x39049c00, 0x39600000)
}
Event: 130.961 GC heap before
{Heap before GC invocations=102 (full 9):
 def new generation   total 63040K, used 62891K [0x24000000, 0x28460000, 0x29550000)
  eden space 56064K,  99% used [0x24000000, 0x2769ad20, 0x276c0000)
  from space 6976K, 100% used [0x27d90000, 0x28460000, 0x28460000)
  to   space 6976K,   0% used [0x276c0000, 0x276c0000, 0x27d90000)
 tenured generation   total 139992K, used 97323K [0x29550000, 0x31e06000, 0x34000000)
   the space 139992K,  69% used [0x29550000, 0x2f45ac70, 0x2f45ae00, 0x31e06000)
 compacting perm gen  total 12288K, used 10769K [0x34000000, 0x34c00000, 0x38000000)
   the space 12288K,  87% used [0x34000000, 0x34a84618, 0x34a84800, 0x34c00000)
    ro space 10240K,  42% used [0x38000000, 0x38434778, 0x38434800, 0x38a00000)
    rw space 12288K,  52% used [0x38a00000, 0x39049a68, 0x39049c00, 0x39600000)
Event: 130.971 GC heap after
Heap after GC invocations=103 (full 9):
 def new generation   total 63040K, used 6976K [0x24000000, 0x28460000, 0x29550000)
  eden space 56064K,   0% used [0x24000000, 0x24000000, 0x276c0000)
  from space 6976K, 100% used [0x276c0000, 0x27d90000, 0x27d90000)
  to   space 6976K,   0% used [0x27d90000, 0x27d90000, 0x28460000)
 tenured generation   total 139992K, used 109532K [0x29550000, 0x31e06000, 0x34000000)
   the space 139992K,  78% used [0x29550000, 0x300472d0, 0x30047400, 0x31e06000)
 compacting perm gen  total 12288K, used 10769K [0x34000000, 0x34c00000, 0x38000000)
   the space 12288K,  87% used [0x34000000, 0x34a84618, 0x34a84800, 0x34c00000)
    ro space 10240K,  42% used [0x38000000, 0x38434778, 0x38434800, 0x38a00000)
    rw space 12288K,  52% used [0x38a00000, 0x39049a68, 0x39049c00, 0x39600000)
}
Event: 136.993 GC heap before
{Heap before GC invocations=103 (full 9):
 def new generation   total 63040K, used 62601K [0x24000000, 0x28460000, 0x29550000)
  eden space 56064K,  99% used [0x24000000, 0x27652590, 0x276c0000)
  from space 6976K, 100% used [0x276c0000, 0x27d90000, 0x27d90000)
  to   space 6976K,   0% used [0x27d90000, 0x27d90000, 0x28460000)
 tenured generation   total 139992K, used 109532K [0x29550000, 0x31e06000, 0x34000000)
   the space 139992K,  78% used [0x29550000, 0x300472d0, 0x30047400, 0x31e06000)
 compacting perm gen  total 12288K, used 10769K [0x34000000, 0x34c00000, 0x38000000)
   the space 12288K,  87% used [0x34000000, 0x34a84628, 0x34a84800, 0x34c00000)
    ro space 10240K,  42% used [0x38000000, 0x38434778, 0x38434800, 0x38a00000)
    rw space 12288K,  52% used [0x38a00000, 0x39049a68, 0x39049c00, 0x39600000)
Event: 136.998 GC heap after
Heap after GC invocations=104 (full 9):
 def new generation   total 63040K, used 6907K [0x24000000, 0x28460000, 0x29550000)
  eden space 56064K,   0% used [0x24000000, 0x24000000, 0x276c0000)
  from space 6976K,  99% used [0x27d90000, 0x2844ec20, 0x28460000)
  to   space 6976K,   0% used [0x276c0000, 0x276c0000, 0x27d90000)
 tenured generation   total 139992K, used 124583K [0x29550000, 0x31e06000, 0x34000000)
   the space 139992K,  88% used [0x29550000, 0x30ef9c18, 0x30ef9e00, 0x31e06000)
 compacting perm gen  total 12288K, used 10769K [0x34000000, 0x34c00000, 0x38000000)
   the space 12288K,  87% used [0x34000000, 0x34a84628, 0x34a84800, 0x34c00000)
    ro space 10240K,  42% used [0x38000000, 0x38434778, 0x38434800, 0x38a00000)
    rw space 12288K,  52% used [0x38a00000, 0x39049a68, 0x39049c00, 0x39600000)
}

