# JRE version: Java(TM) SE Runtime Environment (7.0_60-b19) (build 1.7.0_60-b19)
# Java VM: Java HotSpot(TM) Client VM (24.60-b09 mixed mode, sharing windows-x86 )
Heap
 def new generation   total 42112K, used 8665K [0x24000000, 0x26db0000, 0x29550000)
  eden space 37440K,  10% used [0x24000000, 0x243ffc60, 0x26490000)
  from space 4672K,  97% used [0x26920000, 0x26d96880, 0x26db0000)
  to   space 4672K,   0% used [0x26490000, 0x26490000, 0x26920000)
 tenured generation   total 93440K, used 67292K [0x29550000, 0x2f090000, 0x34000000)
   the space 93440K,  72% used [0x29550000, 0x2d707048, 0x2d707200, 0x2f090000)
 compacting perm gen  total 12288K, used 8813K [0x34000000, 0x34c00000, 0x38000000)
   the space 12288K,  71% used [0x34000000, 0x3489b700, 0x3489b800, 0x34c00000)
    ro space 10240K,  42% used [0x38000000, 0x38434778, 0x38434800, 0x38a00000)
    rw space 12288K,  52% used [0x38a00000, 0x39049a68, 0x39049c00, 0x39600000)
GC Heap History (10 events):
Event: 9.687 GC heap before
{Heap before GC invocations=18 (full 4):
 def new generation   total 21312K, used 21285K [0x24000000, 0x25710000, 0x29550000)
  eden space 19008K,  99% used [0x24000000, 0x2528aea8, 0x25290000)
  from space 2304K,  99% used [0x254d0000, 0x2570e7a0, 0x25710000)
  to   space 2304K,   0% used [0x25290000, 0x25290000, 0x254d0000)
 tenured generation   total 47192K, used 44426K [0x29550000, 0x2c366000, 0x34000000)
   the space 47192K,  94% used [0x29550000, 0x2c0b2be0, 0x2c0b2c00, 0x2c366000)
 compacting perm gen  total 12288K, used 8772K [0x34000000, 0x34c00000, 0x38000000)
   the space 12288K,  71% used [0x34000000, 0x348912e0, 0x34891400, 0x34c00000)
    ro space 10240K,  42% used [0x38000000, 0x38434778, 0x38434800, 0x38a00000)
    rw space 12288K,  52% used [0x38a00000, 0x39049a68, 0x39049c00, 0x39600000)
Event: 9.750 GC heap after
Heap after GC invocations=19 (full 5):
 def new generation   total 30912K, used 0K [0x24000000, 0x26180000, 0x29550000)
  eden space 27520K,   0% used [0x24000000, 0x24000000, 0x25ae0000)
  from space 3392K,   0% used [0x25ae0000, 0x25ae0000, 0x25e30000)
  to   space 3392K,   0% used [0x25e30000, 0x25e30000, 0x26180000)
 tenured generation   total 68504K, used 41101K [0x29550000, 0x2d836000, 0x34000000)
   the space 68504K,  59% used [0x29550000, 0x2bd73588, 0x2bd73600, 0x2d836000)
 compacting perm gen  total 12288K, used 8772K [0x34000000, 0x34c00000, 0x38000000)
   the space 12288K,  71% used [0x34000000, 0x348912e0, 0x34891400, 0x34c00000)
    ro space 10240K,  42% used [0x38000000, 0x38434778, 0x38434800, 0x38a00000)
    rw space 12288K,  52% used [0x38a00000, 0x39049a68, 0x39049c00, 0x39600000)
}
Event: 10.324 GC heap before
{Heap before GC invocations=19 (full 5):
 def new generation   total 30912K, used 26638K [0x24000000, 0x26180000, 0x29550000)
  eden space 27520K,  96% used [0x24000000, 0x25a03bb8, 0x25ae0000)
  from space 3392K,   0% used [0x25ae0000, 0x25ae0000, 0x25e30000)
  to   space 3392K,   0% used [0x25e30000, 0x25e30000, 0x26180000)
 tenured generation   total 68504K, used 41101K [0x29550000, 0x2d836000, 0x34000000)
   the space 68504K,  59% used [0x29550000, 0x2bd73588, 0x2bd73600, 0x2d836000)
 compacting perm gen  total 12288K, used 8803K [0x34000000, 0x34c00000, 0x38000000)
   the space 12288K,  71% used [0x34000000, 0x34898f00, 0x34899000, 0x34c00000)
    ro space 10240K,  42% used [0x38000000, 0x38434778, 0x38434800, 0x38a00000)
    rw space 12288K,  52% used [0x38a00000, 0x39049a68, 0x39049c00, 0x39600000)
Event: 10.328 GC heap after
Heap after GC invocations=20 (full 5):
 def new generation   total 30912K, used 3206K [0x24000000, 0x26180000, 0x29550000)
  eden space 27520K,   0% used [0x24000000, 0x24000000, 0x25ae0000)
  from space 3392K,  94% used [0x25e30000, 0x261518e0, 0x26180000)
  to   space 3392K,   0% used [0x25ae0000, 0x25ae0000, 0x25e30000)
 tenured generation   total 68504K, used 48515K [0x29550000, 0x2d836000, 0x34000000)
   the space 68504K,  70% used [0x29550000, 0x2c4b0cb8, 0x2c4b0e00, 0x2d836000)
 compacting perm gen  total 12288K, used 8803K [0x34000000, 0x34c00000, 0x38000000)
   the space 12288K,  71% used [0x34000000, 0x34898f00, 0x34899000, 0x34c00000)
    ro space 10240K,  42% used [0x38000000, 0x38434778, 0x38434800, 0x38a00000)
    rw space 12288K,  52% used [0x38a00000, 0x39049a68, 0x39049c00, 0x39600000)
}
Event: 12.620 GC heap before
{Heap before GC invocations=20 (full 5):
 def new generation   total 30912K, used 30635K [0x24000000, 0x26180000, 0x29550000)
  eden space 27520K,  99% used [0x24000000, 0x25ac9340, 0x25ae0000)
  from space 3392K,  94% used [0x25e30000, 0x261518e0, 0x26180000)
  to   space 3392K,   0% used [0x25ae0000, 0x25ae0000, 0x25e30000)
 tenured generation   total 68504K, used 48771K [0x29550000, 0x2d836000, 0x34000000)
   the space 68504K,  71% used [0x29550000, 0x2c4f0cc8, 0x2c4f0e00, 0x2d836000)
 compacting perm gen  total 12288K, used 8809K [0x34000000, 0x34c00000, 0x38000000)
   the space 12288K,  71% used [0x34000000, 0x3489a7c0, 0x3489a800, 0x34c00000)
    ro space 10240K,  42% used [0x38000000, 0x38434778, 0x38434800, 0x38a00000)
    rw space 12288K,  52% used [0x38a00000, 0x39049a68, 0x39049c00, 0x39600000)
Event: 12.630 GC heap after
Heap after GC invocations=21 (full 5):
 def new generation   total 30912K, used 3391K [0x24000000, 0x26180000, 0x29550000)
  eden space 27520K,   0% used [0x24000000, 0x24000000, 0x25ae0000)
  from space 3392K,  99% used [0x25ae0000, 0x25e2ff88, 0x25e30000)
  to   space 3392K,   0% used [0x25e30000, 0x25e30000, 0x26180000)
 tenured generation   total 68504K, used 63152K [0x29550000, 0x2d836000, 0x34000000)
   the space 68504K,  92% used [0x29550000, 0x2d2fc320, 0x2d2fc400, 0x2d836000)
 compacting perm gen  total 12288K, used 8809K [0x34000000, 0x34c00000, 0x38000000)
   the space 12288K,  71% used [0x34000000, 0x3489a7c0, 0x3489a800, 0x34c00000)
    ro space 10240K,  42% used [0x38000000, 0x38434778, 0x38434800, 0x38a00000)
    rw space 12288K,  52% used [0x38a00000, 0x39049a68, 0x39049c00, 0x39600000)
}
Event: 18.034 GC heap before
{Heap before GC invocations=21 (full 5):
 def new generation   total 30912K, used 28361K [0x24000000, 0x26180000, 0x29550000)
  eden space 27520K,  90% used [0x24000000, 0x25862850, 0x25ae0000)
  from space 3392K,  99% used [0x25ae0000, 0x25e2ff88, 0x25e30000)
  to   space 3392K,   0% used [0x25e30000, 0x25e30000, 0x26180000)
 tenured generation   total 68504K, used 63152K [0x29550000, 0x2d836000, 0x34000000)
   the space 68504K,  92% used [0x29550000, 0x2d2fc320, 0x2d2fc400, 0x2d836000)
 compacting perm gen  total 12288K, used 8810K [0x34000000, 0x34c00000, 0x38000000)
   the space 12288K,  71% used [0x34000000, 0x3489a830, 0x3489aa00, 0x34c00000)
    ro space 10240K,  42% used [0x38000000, 0x38434778, 0x38434800, 0x38a00000)
    rw space 12288K,  52% used [0x38a00000, 0x39049a68, 0x39049c00, 0x39600000)
Event: 18.099 GC heap after
Heap after GC invocations=22 (full 6):
 def new generation   total 42112K, used 0K [0x24000000, 0x26db0000, 0x29550000)
  eden space 37440K,   0% used [0x24000000, 0x24000000, 0x26490000)
  from space 4672K,   0% used [0x26490000, 0x26490000, 0x26920000)
  to   space 4672K,   0% used [0x26920000, 0x26920000, 0x26db0000)
 tenured generation   total 93440K, used 56062K [0x29550000, 0x2f090000, 0x34000000)
   the space 93440K,  59% used [0x29550000, 0x2cc0fa88, 0x2cc0fc00, 0x2f090000)
 compacting perm gen  total 12288K, used 8810K [0x34000000, 0x34c00000, 0x38000000)
   the space 12288K,  71% used [0x34000000, 0x3489a830, 0x3489aa00, 0x34c00000)
    ro space 10240K,  42% used [0x38000000, 0x38434778, 0x38434800, 0x38a00000)
    rw space 12288K,  52% used [0x38a00000, 0x39049a68, 0x39049c00, 0x39600000)
}
Event: 20.017 GC heap before
{Heap before GC invocations=22 (full 6):
 def new generation   total 42112K, used 37348K [0x24000000, 0x26db0000, 0x29550000)
  eden space 37440K,  99% used [0x24000000, 0x26479350, 0x26490000)
  from space 4672K,   0% used [0x26490000, 0x26490000, 0x26920000)
  to   space 4672K,   0% used [0x26920000, 0x26920000, 0x26db0000)
 tenured generation   total 93440K, used 56062K [0x29550000, 0x2f090000, 0x34000000)
   the space 93440K,  59% used [0x29550000, 0x2cc0fa88, 0x2cc0fc00, 0x2f090000)
 compacting perm gen  total 12288K, used 8810K [0x34000000, 0x34c00000, 0x38000000)
   the space 12288K,  71% used [0x34000000, 0x3489a850, 0x3489aa00, 0x34c00000)
    ro space 10240K,  42% used [0x38000000, 0x38434778, 0x38434800, 0x38a00000)
    rw space 12288K,  52% used [0x38a00000, 0x39049a68, 0x39049c00, 0x39600000)
Event: 20.025 GC heap after
Heap after GC invocations=23 (full 6):
 def new generation   total 42112K, used 4570K [0x24000000, 0x26db0000, 0x29550000)
  eden space 37440K,   0% used [0x24000000, 0x24000000, 0x26490000)
  from space 4672K,  97% used [0x26920000, 0x26d96880, 0x26db0000)
  to   space 4672K,   0% used [0x26490000, 0x26490000, 0x26920000)
 tenured generation   total 93440K, used 67292K [0x29550000, 0x2f090000, 0x34000000)
   the space 93440K,  72% used [0x29550000, 0x2d707048, 0x2d707200, 0x2f090000)
 compacting perm gen  total 12288K, used 8810K [0x34000000, 0x34c00000, 0x38000000)
   the space 12288K,  71% used [0x34000000, 0x3489a850, 0x3489aa00, 0x34c00000)
    ro space 10240K,  42% used [0x38000000, 0x38434778, 0x38434800, 0x38a00000)
    rw space 12288K,  52% used [0x38a00000, 0x39049a68, 0x39049c00, 0x39600000)
}

