# JRE version: Java(TM) SE Runtime Environment (7.0_60-b19) (build 1.7.0_60-b19)
# Java VM: Java HotSpot(TM) Client VM (24.60-b09 mixed mode, sharing windows-x86 )
Heap
 def new generation   total 39360K, used 29157K [0x24000000, 0x26ab0000, 0x29550000)
  eden space 35008K,  83% used [0x24000000, 0x25c79770, 0x26230000)
  from space 4352K,   0% used [0x26230000, 0x26230000, 0x26670000)
  to   space 4352K,   0% used [0x26670000, 0x26670000, 0x26ab0000)
 tenured generation   total 87212K, used 52324K [0x29550000, 0x2ea7b000, 0x34000000)
   the space 87212K,  59% used [0x29550000, 0x2c8693c0, 0x2c869400, 0x2ea7b000)
 compacting perm gen  total 12288K, used 9558K [0x34000000, 0x34c00000, 0x38000000)
   the space 12288K,  77% used [0x34000000, 0x34955918, 0x34955a00, 0x34c00000)
    ro space 10240K,  42% used [0x38000000, 0x38434778, 0x38434800, 0x38a00000)
    rw space 12288K,  52% used [0x38a00000, 0x39049a68, 0x39049c00, 0x39600000)
GC Heap History (10 events):
Event: 7.076 GC heap before
{Heap before GC invocations=16 (full 4):
 def new generation   total 25216K, used 22464K [0x24000000, 0x25b50000, 0x29550000)
  eden space 22464K, 100% used [0x24000000, 0x255f0000, 0x255f0000)
  from space 2752K,   0% used [0x255f0000, 0x255f0000, 0x258a0000)
  to   space 2752K,   0% used [0x258a0000, 0x258a0000, 0x25b50000)
 tenured generation   total 55820K, used 33490K [0x29550000, 0x2cbd3000, 0x34000000)
   the space 55820K,  59% used [0x29550000, 0x2b6049d0, 0x2b604a00, 0x2cbd3000)
 compacting perm gen  total 12288K, used 9290K [0x34000000, 0x34c00000, 0x38000000)
   the space 12288K,  75% used [0x34000000, 0x34912b70, 0x34912c00, 0x34c00000)
    ro space 10240K,  42% used [0x38000000, 0x38434778, 0x38434800, 0x38a00000)
    rw space 12288K,  52% used [0x38a00000, 0x39049a68, 0x39049c00, 0x39600000)
Event: 7.097 GC heap after
Heap after GC invocations=17 (full 4):
 def new generation   total 25216K, used 2752K [0x24000000, 0x25b50000, 0x29550000)
  eden space 22464K,   0% used [0x24000000, 0x24000000, 0x255f0000)
  from space 2752K, 100% used [0x258a0000, 0x25b50000, 0x25b50000)
  to   space 2752K,   0% used [0x255f0000, 0x255f0000, 0x258a0000)
 tenured generation   total 55820K, used 37856K [0x29550000, 0x2cbd3000, 0x34000000)
   the space 55820K,  67% used [0x29550000, 0x2ba48390, 0x2ba48400, 0x2cbd3000)
 compacting perm gen  total 12288K, used 9290K [0x34000000, 0x34c00000, 0x38000000)
   the space 12288K,  75% used [0x34000000, 0x34912b70, 0x34912c00, 0x34c00000)
    ro space 10240K,  42% used [0x38000000, 0x38434778, 0x38434800, 0x38a00000)
    rw space 12288K,  52% used [0x38a00000, 0x39049a68, 0x39049c00, 0x39600000)
}
Event: 11.449 GC heap before
{Heap before GC invocations=17 (full 4):
 def new generation   total 25216K, used 24128K [0x24000000, 0x25b50000, 0x29550000)
  eden space 22464K,  95% used [0x24000000, 0x254e0300, 0x255f0000)
  from space 2752K, 100% used [0x258a0000, 0x25b50000, 0x25b50000)
  to   space 2752K,   0% used [0x255f0000, 0x255f0000, 0x258a0000)
 tenured generation   total 55820K, used 37856K [0x29550000, 0x2cbd3000, 0x34000000)
   the space 55820K,  67% used [0x29550000, 0x2ba48390, 0x2ba48400, 0x2cbd3000)
 compacting perm gen  total 12288K, used 9309K [0x34000000, 0x34c00000, 0x38000000)
   the space 12288K,  75% used [0x34000000, 0x34917570, 0x34917600, 0x34c00000)
    ro space 10240K,  42% used [0x38000000, 0x38434778, 0x38434800, 0x38a00000)
    rw space 12288K,  52% used [0x38a00000, 0x39049a68, 0x39049c00, 0x39600000)
Event: 11.456 GC heap after
Heap after GC invocations=18 (full 4):
 def new generation   total 25216K, used 2440K [0x24000000, 0x25b50000, 0x29550000)
  eden space 22464K,   0% used [0x24000000, 0x24000000, 0x255f0000)
  from space 2752K,  88% used [0x255f0000, 0x25852130, 0x258a0000)
  to   space 2752K,   0% used [0x258a0000, 0x258a0000, 0x25b50000)
 tenured generation   total 55820K, used 39900K [0x29550000, 0x2cbd3000, 0x34000000)
   the space 55820K,  71% used [0x29550000, 0x2bc472c8, 0x2bc47400, 0x2cbd3000)
 compacting perm gen  total 12288K, used 9309K [0x34000000, 0x34c00000, 0x38000000)
   the space 12288K,  75% used [0x34000000, 0x34917570, 0x34917600, 0x34c00000)
    ro space 10240K,  42% used [0x38000000, 0x38434778, 0x38434800, 0x38a00000)
    rw space 12288K,  52% used [0x38a00000, 0x39049a68, 0x39049c00, 0x39600000)
}
Event: 15.601 GC heap before
{Heap before GC invocations=18 (full 4):
 def new generation   total 25216K, used 22410K [0x24000000, 0x25b50000, 0x29550000)
  eden space 22464K,  88% used [0x24000000, 0x25380878, 0x255f0000)
  from space 2752K,  88% used [0x255f0000, 0x25852130, 0x258a0000)
  to   space 2752K,   0% used [0x258a0000, 0x258a0000, 0x25b50000)
 tenured generation   total 55820K, used 39900K [0x29550000, 0x2cbd3000, 0x34000000)
   the space 55820K,  71% used [0x29550000, 0x2bc472c8, 0x2bc47400, 0x2cbd3000)
 compacting perm gen  total 12288K, used 9488K [0x34000000, 0x34c00000, 0x38000000)
   the space 12288K,  77% used [0x34000000, 0x34944328, 0x34944400, 0x34c00000)
    ro space 10240K,  42% used [0x38000000, 0x38434778, 0x38434800, 0x38a00000)
    rw space 12288K,  52% used [0x38a00000, 0x39049a68, 0x39049c00, 0x39600000)
Event: 15.609 GC heap after
Heap after GC invocations=19 (full 4):
 def new generation   total 25216K, used 2712K [0x24000000, 0x25b50000, 0x29550000)
  eden space 22464K,   0% used [0x24000000, 0x24000000, 0x255f0000)
  from space 2752K,  98% used [0x258a0000, 0x25b46150, 0x25b50000)
  to   space 2752K,   0% used [0x255f0000, 0x255f0000, 0x258a0000)
 tenured generation   total 55820K, used 51943K [0x29550000, 0x2cbd3000, 0x34000000)
   the space 55820K,  93% used [0x29550000, 0x2c809e28, 0x2c80a000, 0x2cbd3000)
 compacting perm gen  total 12288K, used 9488K [0x34000000, 0x34c00000, 0x38000000)
   the space 12288K,  77% used [0x34000000, 0x34944328, 0x34944400, 0x34c00000)
    ro space 10240K,  42% used [0x38000000, 0x38434778, 0x38434800, 0x38a00000)
    rw space 12288K,  52% used [0x38a00000, 0x39049a68, 0x39049c00, 0x39600000)
}
Event: 16.814 GC heap before
{Heap before GC invocations=19 (full 4):
 def new generation   total 25216K, used 25192K [0x24000000, 0x25b50000, 0x29550000)
  eden space 22464K, 100% used [0x24000000, 0x255f0000, 0x255f0000)
  from space 2752K,  99% used [0x258a0000, 0x25b4a2f0, 0x25b50000)
  to   space 2752K,   0% used [0x255f0000, 0x255f0000, 0x258a0000)
 tenured generation   total 55820K, used 51943K [0x29550000, 0x2cbd3000, 0x34000000)
   the space 55820K,  93% used [0x29550000, 0x2c809e28, 0x2c80a000, 0x2cbd3000)
 compacting perm gen  total 12288K, used 9488K [0x34000000, 0x34c00000, 0x38000000)
   the space 12288K,  77% used [0x34000000, 0x34944378, 0x34944400, 0x34c00000)
    ro space 10240K,  42% used [0x38000000, 0x38434778, 0x38434800, 0x38a00000)
    rw space 12288K,  52% used [0x38a00000, 0x39049a68, 0x39049c00, 0x39600000)
Event: 16.827 GC heap after
Heap after GC invocations=20 (full 4):
 def new generation   total 25216K, used 1930K [0x24000000, 0x25b50000, 0x29550000)
  eden space 22464K,   0% used [0x24000000, 0x24000000, 0x255f0000)
  from space 2752K,  70% used [0x255f0000, 0x257d2a38, 0x258a0000)
  to   space 2752K,   0% used [0x258a0000, 0x258a0000, 0x25b50000)
 tenured generation   total 68820K, used 68654K [0x29550000, 0x2d885000, 0x34000000)
   the space 68820K,  99% used [0x29550000, 0x2d85b958, 0x2d85ba00, 0x2d885000)
 compacting perm gen  total 12288K, used 9488K [0x34000000, 0x34c00000, 0x38000000)
   the space 12288K,  77% used [0x34000000, 0x34944378, 0x34944400, 0x34c00000)
    ro space 10240K,  42% used [0x38000000, 0x38434778, 0x38434800, 0x38a00000)
    rw space 12288K,  52% used [0x38a00000, 0x39049a68, 0x39049c00, 0x39600000)
}
Event: 22.983 GC heap before
{Heap before GC invocations=20 (full 4):
 def new generation   total 25216K, used 24394K [0x24000000, 0x25b50000, 0x29550000)
  eden space 22464K, 100% used [0x24000000, 0x255f0000, 0x255f0000)
  from space 2752K,  70% used [0x255f0000, 0x257d2a38, 0x258a0000)
  to   space 2752K,   0% used [0x258a0000, 0x258a0000, 0x25b50000)
 tenured generation   total 68820K, used 68654K [0x29550000, 0x2d885000, 0x34000000)
   the space 68820K,  99% used [0x29550000, 0x2d85b958, 0x2d85ba00, 0x2d885000)
 compacting perm gen  total 12288K, used 9489K [0x34000000, 0x34c00000, 0x38000000)
   the space 12288K,  77% used [0x34000000, 0x34944488, 0x34944600, 0x34c00000)
    ro space 10240K,  42% used [0x38000000, 0x38434778, 0x38434800, 0x38a00000)
    rw space 12288K,  52% used [0x38a00000, 0x39049a68, 0x39049c00, 0x39600000)
Event: 23.084 GC heap after
Heap after GC invocations=21 (full 5):
 def new generation   total 39360K, used 0K [0x24000000, 0x26ab0000, 0x29550000)
  eden space 35008K,   0% used [0x24000000, 0x24000000, 0x26230000)
  from space 4352K,   0% used [0x26230000, 0x26230000, 0x26670000)
  to   space 4352K,   0% used [0x26670000, 0x26670000, 0x26ab0000)
 tenured generation   total 87212K, used 52324K [0x29550000, 0x2ea7b000, 0x34000000)
   the space 87212K,  59% used [0x29550000, 0x2c8693c0, 0x2c869400, 0x2ea7b000)
 compacting perm gen  total 12288K, used 9489K [0x34000000, 0x34c00000, 0x38000000)
   the space 12288K,  77% used [0x34000000, 0x34944488, 0x34944600, 0x34c00000)
    ro space 10240K,  42% used [0x38000000, 0x38434778, 0x38434800, 0x38a00000)
    rw space 12288K,  52% used [0x38a00000, 0x39049a68, 0x39049c00, 0x39600000)
}

