# JRE version: Java(TM) SE Runtime Environment (7.0_60-b19) (build 1.7.0_60-b19)
# Java VM: Java HotSpot(TM) Client VM (24.60-b09 mixed mode, sharing windows-x86 )
Heap
 def new generation   total 13376K, used 5567K [0x24000000, 0x24e80000, 0x29550000)
  eden space 11904K,  46% used [0x24000000, 0x2456ff38, 0x24ba0000)
  from space 1472K,   0% used [0x24ba0000, 0x24ba0000, 0x24d10000)
  to   space 1472K,   0% used [0x24d10000, 0x24d10000, 0x24e80000)
 tenured generation   total 29560K, used 17735K [0x29550000, 0x2b22e000, 0x34000000)
   the space 29560K,  59% used [0x29550000, 0x2a6a1cb8, 0x2a6a1e00, 0x2b22e000)
 compacting perm gen  total 12288K, used 8570K [0x34000000, 0x34c00000, 0x38000000)
   the space 12288K,  69% used [0x34000000, 0x3485eae8, 0x3485ec00, 0x34c00000)
    ro space 10240K,  42% used [0x38000000, 0x38434778, 0x38434800, 0x38a00000)
    rw space 12288K,  52% used [0x38a00000, 0x39049a68, 0x39049c00, 0x39600000)
GC Heap History (10 events):
Event: 2.641 GC heap before
{Heap before GC invocations=9 (full 1):
 def new generation   total 9408K, used 9407K [0x24000000, 0x24a30000, 0x29550000)
  eden space 8384K, 100% used [0x24000000, 0x24830000, 0x24830000)
  from space 1024K,  99% used [0x24930000, 0x24a2fff8, 0x24a30000)
  to   space 1024K,   0% used [0x24830000, 0x24830000, 0x24930000)
 tenured generation   total 20768K, used 15817K [0x29550000, 0x2a998000, 0x34000000)
   the space 20768K,  76% used [0x29550000, 0x2a4c2508, 0x2a4c2600, 0x2a998000)
 compacting perm gen  total 12288K, used 7698K [0x34000000, 0x34c00000, 0x38000000)
   the space 12288K,  62% used [0x34000000, 0x34784808, 0x34784a00, 0x34c00000)
    ro space 10240K,  42% used [0x38000000, 0x38434778, 0x38434800, 0x38a00000)
    rw space 12288K,  52% used [0x38a00000, 0x39049a68, 0x39049c00, 0x39600000)
Event: 2.650 GC heap after
Heap after GC invocations=10 (full 1):
 def new generation   total 9408K, used 1024K [0x24000000, 0x24a30000, 0x29550000)
  eden space 8384K,   0% used [0x24000000, 0x24000000, 0x24830000)
  from space 1024K, 100% used [0x24830000, 0x24930000, 0x24930000)
  to   space 1024K,   0% used [0x24930000, 0x24930000, 0x24a30000)
 tenured generation   total 20768K, used 17374K [0x29550000, 0x2a998000, 0x34000000)
   the space 20768K,  83% used [0x29550000, 0x2a647b40, 0x2a647c00, 0x2a998000)
 compacting perm gen  total 12288K, used 7698K [0x34000000, 0x34c00000, 0x38000000)
   the space 12288K,  62% used [0x34000000, 0x34784808, 0x34784a00, 0x34c00000)
    ro space 10240K,  42% used [0x38000000, 0x38434778, 0x38434800, 0x38a00000)
    rw space 12288K,  52% used [0x38a00000, 0x39049a68, 0x39049c00, 0x39600000)
}
Event: 2.866 GC heap before
{Heap before GC invocations=10 (full 1):
 def new generation   total 9408K, used 9408K [0x24000000, 0x24a30000, 0x29550000)
  eden space 8384K, 100% used [0x24000000, 0x24830000, 0x24830000)
  from space 1024K, 100% used [0x24830000, 0x24930000, 0x24930000)
  to   space 1024K,   0% used [0x24930000, 0x24930000, 0x24a30000)
 tenured generation   total 20768K, used 17374K [0x29550000, 0x2a998000, 0x34000000)
   the space 20768K,  83% used [0x29550000, 0x2a647b40, 0x2a647c00, 0x2a998000)
 compacting perm gen  total 12288K, used 8061K [0x34000000, 0x34c00000, 0x38000000)
   the space 12288K,  65% used [0x34000000, 0x347df548, 0x347df600, 0x34c00000)
    ro space 10240K,  42% used [0x38000000, 0x38434778, 0x38434800, 0x38a00000)
    rw space 12288K,  52% used [0x38a00000, 0x39049a68, 0x39049c00, 0x39600000)
Event: 2.873 GC heap after
Heap after GC invocations=11 (full 1):
 def new generation   total 9408K, used 1024K [0x24000000, 0x24a30000, 0x29550000)
  eden space 8384K,   0% used [0x24000000, 0x24000000, 0x24830000)
  from space 1024K, 100% used [0x24930000, 0x24a30000, 0x24a30000)
  to   space 1024K,   0% used [0x24830000, 0x24830000, 0x24930000)
 tenured generation   total 20768K, used 19880K [0x29550000, 0x2a998000, 0x34000000)
   the space 20768K,  95% used [0x29550000, 0x2a8ba120, 0x2a8ba200, 0x2a998000)
 compacting perm gen  total 12288K, used 8061K [0x34000000, 0x34c00000, 0x38000000)
   the space 12288K,  65% used [0x34000000, 0x347df548, 0x347df600, 0x34c00000)
    ro space 10240K,  42% used [0x38000000, 0x38434778, 0x38434800, 0x38a00000)
    rw space 12288K,  52% used [0x38a00000, 0x39049a68, 0x39049c00, 0x39600000)
}
Event: 2.944 GC heap before
{Heap before GC invocations=11 (full 1):
 def new generation   total 9408K, used 8560K [0x24000000, 0x24a30000, 0x29550000)
  eden space 8384K,  89% used [0x24000000, 0x2475c2f0, 0x24830000)
  from space 1024K, 100% used [0x24930000, 0x24a30000, 0x24a30000)
  to   space 1024K,   0% used [0x24830000, 0x24830000, 0x24930000)
 tenured generation   total 20768K, used 19880K [0x29550000, 0x2a998000, 0x34000000)
   the space 20768K,  95% used [0x29550000, 0x2a8ba120, 0x2a8ba200, 0x2a998000)
 compacting perm gen  total 12288K, used 8508K [0x34000000, 0x34c00000, 0x38000000)
   the space 12288K,  69% used [0x34000000, 0x3484f358, 0x3484f400, 0x34c00000)
    ro space 10240K,  42% used [0x38000000, 0x38434778, 0x38434800, 0x38a00000)
    rw space 12288K,  52% used [0x38a00000, 0x39049a68, 0x39049c00, 0x39600000)
Event: 2.989 GC heap after
Heap after GC invocations=12 (full 2):
 def new generation   total 10944K, used 0K [0x24000000, 0x24be0000, 0x29550000)
  eden space 9728K,   0% used [0x24000000, 0x24000000, 0x24980000)
  from space 1216K,   0% used [0x24980000, 0x24980000, 0x24ab0000)
  to   space 1216K,   0% used [0x24ab0000, 0x24ab0000, 0x24be0000)
 tenured generation   total 24228K, used 14535K [0x29550000, 0x2acf9000, 0x34000000)
   the space 24228K,  59% used [0x29550000, 0x2a381d68, 0x2a381e00, 0x2acf9000)
 compacting perm gen  total 12288K, used 8508K [0x34000000, 0x34c00000, 0x38000000)
   the space 12288K,  69% used [0x34000000, 0x3484f358, 0x3484f400, 0x34c00000)
    ro space 10240K,  42% used [0x38000000, 0x38434778, 0x38434800, 0x38a00000)
    rw space 12288K,  52% used [0x38a00000, 0x39049a68, 0x39049c00, 0x39600000)
}
Event: 3.002 GC heap before
{Heap before GC invocations=12 (full 2):
 def new generation   total 10944K, used 8709K [0x24000000, 0x24be0000, 0x29550000)
  eden space 9728K,  89% used [0x24000000, 0x24881798, 0x24980000)
  from space 1216K,   0% used [0x24980000, 0x24980000, 0x24ab0000)
  to   space 1216K,   0% used [0x24ab0000, 0x24ab0000, 0x24be0000)
 tenured generation   total 24228K, used 14535K [0x29550000, 0x2acf9000, 0x34000000)
   the space 24228K,  59% used [0x29550000, 0x2a381d68, 0x2a381e00, 0x2acf9000)
 compacting perm gen  total 12288K, used 8517K [0x34000000, 0x34c00000, 0x38000000)
   the space 12288K,  69% used [0x34000000, 0x348517a8, 0x34851800, 0x34c00000)
    ro space 10240K,  42% used [0x38000000, 0x38434778, 0x38434800, 0x38a00000)
    rw space 12288K,  52% used [0x38a00000, 0x39049a68, 0x39049c00, 0x39600000)
Event: 3.005 GC heap after
Heap after GC invocations=13 (full 2):
 def new generation   total 10944K, used 1032K [0x24000000, 0x24be0000, 0x29550000)
  eden space 9728K,   0% used [0x24000000, 0x24000000, 0x24980000)
  from space 1216K,  84% used [0x24ab0000, 0x24bb2080, 0x24be0000)
  to   space 1216K,   0% used [0x24980000, 0x24980000, 0x24ab0000)
 tenured generation   total 24228K, used 21988K [0x29550000, 0x2acf9000, 0x34000000)
   the space 24228K,  90% used [0x29550000, 0x2aac92e0, 0x2aac9400, 0x2acf9000)
 compacting perm gen  total 12288K, used 8517K [0x34000000, 0x34c00000, 0x38000000)
   the space 12288K,  69% used [0x34000000, 0x348517a8, 0x34851800, 0x34c00000)
    ro space 10240K,  42% used [0x38000000, 0x38434778, 0x38434800, 0x38a00000)
    rw space 12288K,  52% used [0x38a00000, 0x39049a68, 0x39049c00, 0x39600000)
}
Event: 3.021 GC heap before
{Heap before GC invocations=13 (full 2):
 def new generation   total 10944K, used 10437K [0x24000000, 0x24be0000, 0x29550000)
  eden space 9728K,  96% used [0x24000000, 0x2492f6a0, 0x24980000)
  from space 1216K,  84% used [0x24ab0000, 0x24bb2080, 0x24be0000)
  to   space 1216K,   0% used [0x24980000, 0x24980000, 0x24ab0000)
 tenured generation   total 24228K, used 21988K [0x29550000, 0x2acf9000, 0x34000000)
   the space 24228K,  90% used [0x29550000, 0x2aac92e0, 0x2aac9400, 0x2acf9000)
 compacting perm gen  total 12288K, used 8517K [0x34000000, 0x34c00000, 0x38000000)
   the space 12288K,  69% used [0x34000000, 0x348517b8, 0x34851800, 0x34c00000)
    ro space 10240K,  42% used [0x38000000, 0x38434778, 0x38434800, 0x38a00000)
    rw space 12288K,  52% used [0x38a00000, 0x39049a68, 0x39049c00, 0x39600000)
Event: 3.061 GC heap after
Heap after GC invocations=14 (full 3):
 def new generation   total 13376K, used 0K [0x24000000, 0x24e80000, 0x29550000)
  eden space 11904K,   0% used [0x24000000, 0x24000000, 0x24ba0000)
  from space 1472K,   0% used [0x24ba0000, 0x24ba0000, 0x24d10000)
  to   space 1472K,   0% used [0x24d10000, 0x24d10000, 0x24e80000)
 tenured generation   total 29560K, used 17735K [0x29550000, 0x2b22e000, 0x34000000)
   the space 29560K,  59% used [0x29550000, 0x2a6a1cb8, 0x2a6a1e00, 0x2b22e000)
 compacting perm gen  total 12288K, used 8517K [0x34000000, 0x34c00000, 0x38000000)
   the space 12288K,  69% used [0x34000000, 0x348517b8, 0x34851800, 0x34c00000)
    ro space 10240K,  42% used [0x38000000, 0x38434778, 0x38434800, 0x38a00000)
    rw space 12288K,  52% used [0x38a00000, 0x39049a68, 0x39049c00, 0x39600000)
}

