# JRE version: Java(TM) SE Runtime Environment (7.0_60-b19) (build 1.7.0_60-b19)
# Java VM: Java HotSpot(TM) Client VM (24.60-b09 mixed mode, sharing windows-x86 )
Heap
 def new generation   total 18944K, used 8005K [0x24000000, 0x25480000, 0x29550000)
  eden space 16896K,  35% used [0x24000000, 0x245d2e98, 0x25080000)
  from space 2048K,  99% used [0x25280000, 0x2547e690, 0x25480000)
  to   space 2048K,   0% used [0x25080000, 0x25080000, 0x25280000)
 tenured generation   total 41764K, used 31944K [0x29550000, 0x2be19000, 0x34000000)
   the space 41764K,  76% used [0x29550000, 0x2b482160, 0x2b482200, 0x2be19000)
 compacting perm gen  total 12288K, used 8600K [0x34000000, 0x34c00000, 0x38000000)
   the space 12288K,  69% used [0x34000000, 0x34866208, 0x34866400, 0x34c00000)
    ro space 10240K,  42% used [0x38000000, 0x38434778, 0x38434800, 0x38a00000)
    rw space 12288K,  52% used [0x38a00000, 0x39049a68, 0x39049c00, 0x39600000)
GC Heap History (10 events):
Event: 3.442 GC heap before
{Heap before GC invocations=12 (full 2):
 def new generation   total 11584K, used 9607K [0x24000000, 0x24c90000, 0x29550000)
  eden space 10304K,  93% used [0x24000000, 0x24961c68, 0x24a10000)
  from space 1280K,   0% used [0x24a10000, 0x24a10000, 0x24b50000)
  to   space 1280K,   0% used [0x24b50000, 0x24b50000, 0x24c90000)
 tenured generation   total 25592K, used 15360K [0x29550000, 0x2ae4e000, 0x34000000)
   the space 25592K,  60% used [0x29550000, 0x2a450358, 0x2a450400, 0x2ae4e000)
 compacting perm gen  total 12288K, used 8519K [0x34000000, 0x34c00000, 0x38000000)
   the space 12288K,  69% used [0x34000000, 0x34851c28, 0x34851e00, 0x34c00000)
    ro space 10240K,  42% used [0x38000000, 0x38434778, 0x38434800, 0x38a00000)
    rw space 12288K,  52% used [0x38a00000, 0x39049a68, 0x39049c00, 0x39600000)
Event: 3.444 GC heap after
Heap after GC invocations=13 (full 2):
 def new generation   total 11584K, used 43K [0x24000000, 0x24c90000, 0x29550000)
  eden space 10304K,   0% used [0x24000000, 0x24000000, 0x24a10000)
  from space 1280K,   3% used [0x24b50000, 0x24b5ad10, 0x24c90000)
  to   space 1280K,   0% used [0x24a10000, 0x24a10000, 0x24b50000)
 tenured generation   total 25592K, used 24679K [0x29550000, 0x2ae4e000, 0x34000000)
   the space 25592K,  96% used [0x29550000, 0x2ad69dd0, 0x2ad69e00, 0x2ae4e000)
 compacting perm gen  total 12288K, used 8519K [0x34000000, 0x34c00000, 0x38000000)
   the space 12288K,  69% used [0x34000000, 0x34851c28, 0x34851e00, 0x34c00000)
    ro space 10240K,  42% used [0x38000000, 0x38434778, 0x38434800, 0x38a00000)
    rw space 12288K,  52% used [0x38a00000, 0x39049a68, 0x39049c00, 0x39600000)
}
Event: 3.459 GC heap before
{Heap before GC invocations=13 (full 2):
 def new generation   total 11584K, used 9461K [0x24000000, 0x24c90000, 0x29550000)
  eden space 10304K,  91% used [0x24000000, 0x249328c0, 0x24a10000)
  from space 1280K,   3% used [0x24b50000, 0x24b5ad10, 0x24c90000)
  to   space 1280K,   0% used [0x24a10000, 0x24a10000, 0x24b50000)
 tenured generation   total 25592K, used 24679K [0x29550000, 0x2ae4e000, 0x34000000)
   the space 25592K,  96% used [0x29550000, 0x2ad69dd0, 0x2ad69e00, 0x2ae4e000)
 compacting perm gen  total 12288K, used 8519K [0x34000000, 0x34c00000, 0x38000000)
   the space 12288K,  69% used [0x34000000, 0x34851c78, 0x34851e00, 0x34c00000)
    ro space 10240K,  42% used [0x38000000, 0x38434778, 0x38434800, 0x38a00000)
    rw space 12288K,  52% used [0x38a00000, 0x39049a68, 0x39049c00, 0x39600000)
Event: 3.501 GC heap after
Heap after GC invocations=14 (full 3):
 def new generation   total 13376K, used 0K [0x24000000, 0x24e80000, 0x29550000)
  eden space 11904K,   0% used [0x24000000, 0x24000000, 0x24ba0000)
  from space 1472K,   0% used [0x24ba0000, 0x24ba0000, 0x24d10000)
  to   space 1472K,   0% used [0x24d10000, 0x24d10000, 0x24e80000)
 tenured generation   total 29556K, used 17733K [0x29550000, 0x2b22d000, 0x34000000)
   the space 29556K,  59% used [0x29550000, 0x2a6a1578, 0x2a6a1600, 0x2b22d000)
 compacting perm gen  total 12288K, used 8519K [0x34000000, 0x34c00000, 0x38000000)
   the space 12288K,  69% used [0x34000000, 0x34851c78, 0x34851e00, 0x34c00000)
    ro space 10240K,  42% used [0x38000000, 0x38434778, 0x38434800, 0x38a00000)
    rw space 12288K,  52% used [0x38a00000, 0x39049a68, 0x39049c00, 0x39600000)
}
Event: 5.604 GC heap before
{Heap before GC invocations=14 (full 3):
 def new generation   total 13376K, used 9530K [0x24000000, 0x24e80000, 0x29550000)
  eden space 11904K,  80% used [0x24000000, 0x2494eb68, 0x24ba0000)
  from space 1472K,   0% used [0x24ba0000, 0x24ba0000, 0x24d10000)
  to   space 1472K,   0% used [0x24d10000, 0x24d10000, 0x24e80000)
 tenured generation   total 29556K, used 17733K [0x29550000, 0x2b22d000, 0x34000000)
   the space 29556K,  59% used [0x29550000, 0x2a6a1578, 0x2a6a1600, 0x2b22d000)
 compacting perm gen  total 12288K, used 8564K [0x34000000, 0x34c00000, 0x38000000)
   the space 12288K,  69% used [0x34000000, 0x3485d0c0, 0x3485d200, 0x34c00000)
    ro space 10240K,  42% used [0x38000000, 0x38434778, 0x38434800, 0x38a00000)
    rw space 12288K,  52% used [0x38a00000, 0x39049a68, 0x39049c00, 0x39600000)
Event: 5.607 GC heap after
Heap after GC invocations=15 (full 3):
 def new generation   total 13376K, used 145K [0x24000000, 0x24e80000, 0x29550000)
  eden space 11904K,   0% used [0x24000000, 0x24000000, 0x24ba0000)
  from space 1472K,   9% used [0x24d10000, 0x24d34408, 0x24e80000)
  to   space 1472K,   0% used [0x24ba0000, 0x24ba0000, 0x24d10000)
 tenured generation   total 29556K, used 26309K [0x29550000, 0x2b22d000, 0x34000000)
   the space 29556K,  89% used [0x29550000, 0x2af01468, 0x2af01600, 0x2b22d000)
 compacting perm gen  total 12288K, used 8564K [0x34000000, 0x34c00000, 0x38000000)
   the space 12288K,  69% used [0x34000000, 0x3485d0c0, 0x3485d200, 0x34c00000)
    ro space 10240K,  42% used [0x38000000, 0x38434778, 0x38434800, 0x38a00000)
    rw space 12288K,  52% used [0x38a00000, 0x39049a68, 0x39049c00, 0x39600000)
}
Event: 5.635 GC heap before
{Heap before GC invocations=15 (full 3):
 def new generation   total 13376K, used 9931K [0x24000000, 0x24e80000, 0x29550000)
  eden space 11904K,  82% used [0x24000000, 0x2498eb00, 0x24ba0000)
  from space 1472K,   9% used [0x24d10000, 0x24d34408, 0x24e80000)
  to   space 1472K,   0% used [0x24ba0000, 0x24ba0000, 0x24d10000)
 tenured generation   total 29556K, used 26309K [0x29550000, 0x2b22d000, 0x34000000)
   the space 29556K,  89% used [0x29550000, 0x2af01468, 0x2af01600, 0x2b22d000)
 compacting perm gen  total 12288K, used 8564K [0x34000000, 0x34c00000, 0x38000000)
   the space 12288K,  69% used [0x34000000, 0x3485d0d0, 0x3485d200, 0x34c00000)
    ro space 10240K,  42% used [0x38000000, 0x38434778, 0x38434800, 0x38a00000)
    rw space 12288K,  52% used [0x38a00000, 0x39049a68, 0x39049c00, 0x39600000)
Event: 5.698 GC heap after
Heap after GC invocations=16 (full 4):
 def new generation   total 18944K, used 0K [0x24000000, 0x25480000, 0x29550000)
  eden space 16896K,   0% used [0x24000000, 0x24000000, 0x25080000)
  from space 2048K,   0% used [0x25080000, 0x25080000, 0x25280000)
  to   space 2048K,   0% used [0x25280000, 0x25280000, 0x25480000)
 tenured generation   total 41764K, used 25056K [0x29550000, 0x2be19000, 0x34000000)
   the space 41764K,  59% used [0x29550000, 0x2adc8388, 0x2adc8400, 0x2be19000)
 compacting perm gen  total 12288K, used 8558K [0x34000000, 0x34c00000, 0x38000000)
   the space 12288K,  69% used [0x34000000, 0x3485b8b8, 0x3485ba00, 0x34c00000)
    ro space 10240K,  42% used [0x38000000, 0x38434778, 0x38434800, 0x38a00000)
    rw space 12288K,  52% used [0x38a00000, 0x39049a68, 0x39049c00, 0x39600000)
}
Event: 7.753 GC heap before
{Heap before GC invocations=16 (full 4):
 def new generation   total 18944K, used 17089K [0x24000000, 0x25480000, 0x29550000)
  eden space 16896K, 100% used [0x24000000, 0x25080000, 0x25080000)
  from space 2048K,   9% used [0x25080000, 0x250b06b8, 0x25280000)
  to   space 2048K,   0% used [0x25280000, 0x25280000, 0x25480000)
 tenured generation   total 41764K, used 25056K [0x29550000, 0x2be19000, 0x34000000)
   the space 41764K,  59% used [0x29550000, 0x2adc8388, 0x2adc8400, 0x2be19000)
 compacting perm gen  total 12288K, used 8558K [0x34000000, 0x34c00000, 0x38000000)
   the space 12288K,  69% used [0x34000000, 0x3485b9a8, 0x3485ba00, 0x34c00000)
    ro space 10240K,  42% used [0x38000000, 0x38434778, 0x38434800, 0x38a00000)
    rw space 12288K,  52% used [0x38a00000, 0x39049a68, 0x39049c00, 0x39600000)
Event: 7.757 GC heap after
Heap after GC invocations=17 (full 4):
 def new generation   total 18944K, used 2041K [0x24000000, 0x25480000, 0x29550000)
  eden space 16896K,   0% used [0x24000000, 0x24000000, 0x25080000)
  from space 2048K,  99% used [0x25280000, 0x2547e690, 0x25480000)
  to   space 2048K,   0% used [0x25080000, 0x25080000, 0x25280000)
 tenured generation   total 41764K, used 31944K [0x29550000, 0x2be19000, 0x34000000)
   the space 41764K,  76% used [0x29550000, 0x2b482160, 0x2b482200, 0x2be19000)
 compacting perm gen  total 12288K, used 8558K [0x34000000, 0x34c00000, 0x38000000)
   the space 12288K,  69% used [0x34000000, 0x3485b9a8, 0x3485ba00, 0x34c00000)
    ro space 10240K,  42% used [0x38000000, 0x38434778, 0x38434800, 0x38a00000)
    rw space 12288K,  52% used [0x38a00000, 0x39049a68, 0x39049c00, 0x39600000)
}

