# JRE version: Java(TM) SE Runtime Environment (7.0_60-b19) (build 1.7.0_60-b19)
# Java VM: Java HotSpot(TM) Client VM (24.60-b09 mixed mode, sharing windows-x86 )
Heap
 def new generation   total 23424K, used 12059K [0x24000000, 0x25960000, 0x29550000)
  eden space 20864K,  57% used [0x24000000, 0x24bc6eb8, 0x25460000)
  from space 2560K,   0% used [0x25460000, 0x25460000, 0x256e0000)
  to   space 2560K,   0% used [0x256e0000, 0x256e0000, 0x25960000)
 tenured generation   total 51840K, used 31101K [0x29550000, 0x2c7f0000, 0x34000000)
   the space 51840K,  59% used [0x29550000, 0x2b3af790, 0x2b3af800, 0x2c7f0000)
 compacting perm gen  total 12288K, used 10584K [0x34000000, 0x34c00000, 0x38000000)
   the space 12288K,  86% used [0x34000000, 0x34a56330, 0x34a56400, 0x34c00000)
    ro space 10240K,  42% used [0x38000000, 0x38434778, 0x38434800, 0x38a00000)
    rw space 12288K,  52% used [0x38a00000, 0x39049a68, 0x39049c00, 0x39600000)
GC Heap History (10 events):
Event: 6.677 GC heap before
{Heap before GC invocations=15 (full 3):
 def new generation   total 11712K, used 11332K [0x24000000, 0x24cb0000, 0x29550000)
  eden space 10432K,  96% used [0x24000000, 0x249d1260, 0x24a30000)
  from space 1280K, 100% used [0x24b70000, 0x24cb0000, 0x24cb0000)
  to   space 1280K,   0% used [0x24a30000, 0x24a30000, 0x24b70000)
 tenured generation   total 25804K, used 19275K [0x29550000, 0x2ae83000, 0x34000000)
   the space 25804K,  74% used [0x29550000, 0x2a822d40, 0x2a822e00, 0x2ae83000)
 compacting perm gen  total 12288K, used 9191K [0x34000000, 0x34c00000, 0x38000000)
   the space 12288K,  74% used [0x34000000, 0x348f9cc0, 0x348f9e00, 0x34c00000)
    ro space 10240K,  42% used [0x38000000, 0x38434778, 0x38434800, 0x38a00000)
    rw space 12288K,  52% used [0x38a00000, 0x39049a68, 0x39049c00, 0x39600000)
Event: 6.754 GC heap after
Heap after GC invocations=16 (full 4):
 def new generation   total 19968K, used 0K [0x24000000, 0x255a0000, 0x29550000)
  eden space 17792K,   0% used [0x24000000, 0x24000000, 0x25160000)
  from space 2176K,   0% used [0x25160000, 0x25160000, 0x25380000)
  to   space 2176K,   0% used [0x25380000, 0x25380000, 0x255a0000)
 tenured generation   total 44260K, used 26554K [0x29550000, 0x2c089000, 0x34000000)
   the space 44260K,  59% used [0x29550000, 0x2af3e838, 0x2af3ea00, 0x2c089000)
 compacting perm gen  total 12288K, used 9184K [0x34000000, 0x34c00000, 0x38000000)
   the space 12288K,  74% used [0x34000000, 0x348f82b8, 0x348f8400, 0x34c00000)
    ro space 10240K,  42% used [0x38000000, 0x38434778, 0x38434800, 0x38a00000)
    rw space 12288K,  52% used [0x38a00000, 0x39049a68, 0x39049c00, 0x39600000)
}
Event: 6.867 GC heap before
{Heap before GC invocations=16 (full 4):
 def new generation   total 19968K, used 17792K [0x24000000, 0x255a0000, 0x29550000)
  eden space 17792K, 100% used [0x24000000, 0x25160000, 0x25160000)
  from space 2176K,   0% used [0x25160000, 0x25160000, 0x25380000)
  to   space 2176K,   0% used [0x25380000, 0x25380000, 0x255a0000)
 tenured generation   total 44260K, used 26554K [0x29550000, 0x2c089000, 0x34000000)
   the space 44260K,  59% used [0x29550000, 0x2af3e838, 0x2af3ea00, 0x2c089000)
 compacting perm gen  total 12288K, used 9293K [0x34000000, 0x34c00000, 0x38000000)
   the space 12288K,  75% used [0x34000000, 0x34913760, 0x34913800, 0x34c00000)
    ro space 10240K,  42% used [0x38000000, 0x38434778, 0x38434800, 0x38a00000)
    rw space 12288K,  52% used [0x38a00000, 0x39049a68, 0x39049c00, 0x39600000)
Event: 6.889 GC heap after
Heap after GC invocations=17 (full 4):
 def new generation   total 19968K, used 2176K [0x24000000, 0x255a0000, 0x29550000)
  eden space 17792K,   0% used [0x24000000, 0x24000000, 0x25160000)
  from space 2176K, 100% used [0x25380000, 0x255a0000, 0x255a0000)
  to   space 2176K,   0% used [0x25160000, 0x25160000, 0x25380000)
 tenured generation   total 44260K, used 38337K [0x29550000, 0x2c089000, 0x34000000)
   the space 44260K,  86% used [0x29550000, 0x2bac06c0, 0x2bac0800, 0x2c089000)
 compacting perm gen  total 12288K, used 9293K [0x34000000, 0x34c00000, 0x38000000)
   the space 12288K,  75% used [0x34000000, 0x34913760, 0x34913800, 0x34c00000)
    ro space 10240K,  42% used [0x38000000, 0x38434778, 0x38434800, 0x38a00000)
    rw space 12288K,  52% used [0x38a00000, 0x39049a68, 0x39049c00, 0x39600000)
}
Event: 7.201 GC heap before
{Heap before GC invocations=17 (full 4):
 def new generation   total 19968K, used 19968K [0x24000000, 0x255a0000, 0x29550000)
  eden space 17792K, 100% used [0x24000000, 0x25160000, 0x25160000)
  from space 2176K, 100% used [0x25380000, 0x255a0000, 0x255a0000)
  to   space 2176K,   0% used [0x25160000, 0x25160000, 0x25380000)
 tenured generation   total 44260K, used 38337K [0x29550000, 0x2c089000, 0x34000000)
   the space 44260K,  86% used [0x29550000, 0x2bac06c0, 0x2bac0800, 0x2c089000)
 compacting perm gen  total 12288K, used 9293K [0x34000000, 0x34c00000, 0x38000000)
   the space 12288K,  75% used [0x34000000, 0x34913760, 0x34913800, 0x34c00000)
    ro space 10240K,  42% used [0x38000000, 0x38434778, 0x38434800, 0x38a00000)
    rw space 12288K,  52% used [0x38a00000, 0x39049a68, 0x39049c00, 0x39600000)
Event: 7.204 GC heap after
Heap after GC invocations=18 (full 4):
 def new generation   total 19968K, used 0K [0x24000000, 0x255a0000, 0x29550000)
  eden space 17792K,   0% used [0x24000000, 0x24000000, 0x25160000)
  from space 2176K,   0% used [0x25160000, 0x251600d8, 0x25380000)
  to   space 2176K,   0% used [0x25380000, 0x25380000, 0x255a0000)
 tenured generation   total 44260K, used 40513K [0x29550000, 0x2c089000, 0x34000000)
   the space 44260K,  91% used [0x29550000, 0x2bce0650, 0x2bce0800, 0x2c089000)
 compacting perm gen  total 12288K, used 9293K [0x34000000, 0x34c00000, 0x38000000)
   the space 12288K,  75% used [0x34000000, 0x34913760, 0x34913800, 0x34c00000)
    ro space 10240K,  42% used [0x38000000, 0x38434778, 0x38434800, 0x38a00000)
    rw space 12288K,  52% used [0x38a00000, 0x39049a68, 0x39049c00, 0x39600000)
}
Event: 11.771 GC heap before
{Heap before GC invocations=18 (full 4):
 def new generation   total 19968K, used 17774K [0x24000000, 0x255a0000, 0x29550000)
  eden space 17792K,  99% used [0x24000000, 0x2515bad0, 0x25160000)
  from space 2176K,   0% used [0x25160000, 0x251600d8, 0x25380000)
  to   space 2176K,   0% used [0x25380000, 0x25380000, 0x255a0000)
 tenured generation   total 44260K, used 40513K [0x29550000, 0x2c089000, 0x34000000)
   the space 44260K,  91% used [0x29550000, 0x2bce0650, 0x2bce0800, 0x2c089000)
 compacting perm gen  total 12288K, used 9296K [0x34000000, 0x34c00000, 0x38000000)
   the space 12288K,  75% used [0x34000000, 0x34914238, 0x34914400, 0x34c00000)
    ro space 10240K,  42% used [0x38000000, 0x38434778, 0x38434800, 0x38a00000)
    rw space 12288K,  52% used [0x38a00000, 0x39049a68, 0x39049c00, 0x39600000)
Event: 11.777 GC heap after
Heap after GC invocations=19 (full 4):
 def new generation   total 19968K, used 2176K [0x24000000, 0x255a0000, 0x29550000)
  eden space 17792K,   0% used [0x24000000, 0x24000000, 0x25160000)
  from space 2176K, 100% used [0x25380000, 0x255a0000, 0x255a0000)
  to   space 2176K,   0% used [0x25160000, 0x25160000, 0x25380000)
 tenured generation   total 44260K, used 41030K [0x29550000, 0x2c089000, 0x34000000)
   the space 44260K,  92% used [0x29550000, 0x2bd61870, 0x2bd61a00, 0x2c089000)
 compacting perm gen  total 12288K, used 9296K [0x34000000, 0x34c00000, 0x38000000)
   the space 12288K,  75% used [0x34000000, 0x34914238, 0x34914400, 0x34c00000)
    ro space 10240K,  42% used [0x38000000, 0x38434778, 0x38434800, 0x38a00000)
    rw space 12288K,  52% used [0x38a00000, 0x39049a68, 0x39049c00, 0x39600000)
}
Event: 12.044 GC heap before
{Heap before GC invocations=19 (full 4):
 def new generation   total 19968K, used 19968K [0x24000000, 0x255a0000, 0x29550000)
  eden space 17792K, 100% used [0x24000000, 0x25160000, 0x25160000)
  from space 2176K, 100% used [0x25380000, 0x255a0000, 0x255a0000)
  to   space 2176K,   0% used [0x25160000, 0x25160000, 0x25380000)
 tenured generation   total 44260K, used 41030K [0x29550000, 0x2c089000, 0x34000000)
   the space 44260K,  92% used [0x29550000, 0x2bd61870, 0x2bd61a00, 0x2c089000)
 compacting perm gen  total 12288K, used 9638K [0x34000000, 0x34c00000, 0x38000000)
   the space 12288K,  78% used [0x34000000, 0x34969b90, 0x34969c00, 0x34c00000)
    ro space 10240K,  42% used [0x38000000, 0x38434778, 0x38434800, 0x38a00000)
    rw space 12288K,  52% used [0x38a00000, 0x39049a68, 0x39049c00, 0x39600000)
Event: 12.137 GC heap after
Heap after GC invocations=20 (full 5):
 def new generation   total 23424K, used 0K [0x24000000, 0x25960000, 0x29550000)
  eden space 20864K,   0% used [0x24000000, 0x24000000, 0x25460000)
  from space 2560K,   0% used [0x25460000, 0x25460000, 0x256e0000)
  to   space 2560K,   0% used [0x256e0000, 0x256e0000, 0x25960000)
 tenured generation   total 51840K, used 31101K [0x29550000, 0x2c7f0000, 0x34000000)
   the space 51840K,  59% used [0x29550000, 0x2b3af790, 0x2b3af800, 0x2c7f0000)
 compacting perm gen  total 12288K, used 9638K [0x34000000, 0x34c00000, 0x38000000)
   the space 12288K,  78% used [0x34000000, 0x34969b90, 0x34969c00, 0x34c00000)
    ro space 10240K,  42% used [0x38000000, 0x38434778, 0x38434800, 0x38a00000)
    rw space 12288K,  52% used [0x38a00000, 0x39049a68, 0x39049c00, 0x39600000)
}

