# JRE version: Java(TM) SE Runtime Environment (7.0_60-b19) (build 1.7.0_60-b19)
# Java VM: Java HotSpot(TM) Client VM (24.60-b09 mixed mode, sharing windows-x86 )
Heap
 def new generation   total 53568K, used 19831K [0x24000000, 0x27a10000, 0x29550000)
  eden space 47680K,  35% used [0x24000000, 0x25050fe8, 0x26e90000)
  from space 5888K,  53% used [0x27450000, 0x2775cfb0, 0x27a10000)
  to   space 5888K,   0% used [0x26e90000, 0x26e90000, 0x27450000)
 tenured generation   total 118768K, used 111333K [0x29550000, 0x3094c000, 0x34000000)
   the space 118768K,  93% used [0x29550000, 0x30209640, 0x30209800, 0x3094c000)
 compacting perm gen  total 12288K, used 10838K [0x34000000, 0x34c00000, 0x38000000)
   the space 12288K,  88% used [0x34000000, 0x34a95950, 0x34a95a00, 0x34c00000)
    ro space 10240K,  42% used [0x38000000, 0x38434778, 0x38434800, 0x38a00000)
    rw space 12288K,  52% used [0x38a00000, 0x39049a68, 0x39049c00, 0x39600000)
GC Heap History (10 events):
Event: 37.918 GC heap before
{Heap before GC invocations=23 (full 6):
 def new generation   total 53568K, used 47680K [0x24000000, 0x27a10000, 0x29550000)
  eden space 47680K, 100% used [0x24000000, 0x26e90000, 0x26e90000)
  from space 5888K,   0% used [0x26e90000, 0x26e90000, 0x27450000)
  to   space 5888K,   0% used [0x27450000, 0x27450000, 0x27a10000)
 tenured generation   total 118768K, used 71259K [0x29550000, 0x3094c000, 0x34000000)
   the space 118768K,  59% used [0x29550000, 0x2dae6f00, 0x2dae7000, 0x3094c000)
 compacting perm gen  total 12288K, used 10598K [0x34000000, 0x34c00000, 0x38000000)
   the space 12288K,  86% used [0x34000000, 0x34a599d0, 0x34a59a00, 0x34c00000)
    ro space 10240K,  42% used [0x38000000, 0x38434778, 0x38434800, 0x38a00000)
    rw space 12288K,  52% used [0x38a00000, 0x39049a68, 0x39049c00, 0x39600000)
Event: 37.953 GC heap after
Heap after GC invocations=24 (full 6):
 def new generation   total 53568K, used 5888K [0x24000000, 0x27a10000, 0x29550000)
  eden space 47680K,   0% used [0x24000000, 0x24000000, 0x26e90000)
  from space 5888K, 100% used [0x27450000, 0x27a10000, 0x27a10000)
  to   space 5888K,   0% used [0x26e90000, 0x26e90000, 0x27450000)
 tenured generation   total 118768K, used 86492K [0x29550000, 0x3094c000, 0x34000000)
   the space 118768K,  72% used [0x29550000, 0x2e9c70d0, 0x2e9c7200, 0x3094c000)
 compacting perm gen  total 12288K, used 10598K [0x34000000, 0x34c00000, 0x38000000)
   the space 12288K,  86% used [0x34000000, 0x34a599d0, 0x34a59a00, 0x34c00000)
    ro space 10240K,  42% used [0x38000000, 0x38434778, 0x38434800, 0x38a00000)
    rw space 12288K,  52% used [0x38a00000, 0x39049a68, 0x39049c00, 0x39600000)
}
Event: 47.889 GC heap before
{Heap before GC invocations=24 (full 6):
 def new generation   total 53568K, used 53568K [0x24000000, 0x27a10000, 0x29550000)
  eden space 47680K, 100% used [0x24000000, 0x26e90000, 0x26e90000)
  from space 5888K, 100% used [0x27450000, 0x27a10000, 0x27a10000)
  to   space 5888K,   0% used [0x26e90000, 0x26e90000, 0x27450000)
 tenured generation   total 118768K, used 86885K [0x29550000, 0x3094c000, 0x34000000)
   the space 118768K,  73% used [0x29550000, 0x2ea295b0, 0x2ea29600, 0x3094c000)
 compacting perm gen  total 12288K, used 10661K [0x34000000, 0x34c00000, 0x38000000)
   the space 12288K,  86% used [0x34000000, 0x34a694e8, 0x34a69600, 0x34c00000)
    ro space 10240K,  42% used [0x38000000, 0x38434778, 0x38434800, 0x38a00000)
    rw space 12288K,  52% used [0x38a00000, 0x39049a68, 0x39049c00, 0x39600000)
Event: 47.904 GC heap after
Heap after GC invocations=25 (full 6):
 def new generation   total 53568K, used 5888K [0x24000000, 0x27a10000, 0x29550000)
  eden space 47680K,   0% used [0x24000000, 0x24000000, 0x26e90000)
  from space 5888K, 100% used [0x26e90000, 0x27450000, 0x27450000)
  to   space 5888K,   0% used [0x27450000, 0x27450000, 0x27a10000)
 tenured generation   total 118768K, used 98202K [0x29550000, 0x3094c000, 0x34000000)
   the space 118768K,  82% used [0x29550000, 0x2f5369d0, 0x2f536a00, 0x3094c000)
 compacting perm gen  total 12288K, used 10661K [0x34000000, 0x34c00000, 0x38000000)
   the space 12288K,  86% used [0x34000000, 0x34a694e8, 0x34a69600, 0x34c00000)
    ro space 10240K,  42% used [0x38000000, 0x38434778, 0x38434800, 0x38a00000)
    rw space 12288K,  52% used [0x38a00000, 0x39049a68, 0x39049c00, 0x39600000)
}
Event: 84.281 GC heap before
{Heap before GC invocations=25 (full 6):
 def new generation   total 53568K, used 53410K [0x24000000, 0x27a10000, 0x29550000)
  eden space 47680K,  99% used [0x24000000, 0x26e688f8, 0x26e90000)
  from space 5888K, 100% used [0x26e90000, 0x27450000, 0x27450000)
  to   space 5888K,   0% used [0x27450000, 0x27450000, 0x27a10000)
 tenured generation   total 118768K, used 98202K [0x29550000, 0x3094c000, 0x34000000)
   the space 118768K,  82% used [0x29550000, 0x2f5369d0, 0x2f536a00, 0x3094c000)
 compacting perm gen  total 12288K, used 10836K [0x34000000, 0x34c00000, 0x38000000)
   the space 12288K,  88% used [0x34000000, 0x34a952f8, 0x34a95400, 0x34c00000)
    ro space 10240K,  42% used [0x38000000, 0x38434778, 0x38434800, 0x38a00000)
    rw space 12288K,  52% used [0x38a00000, 0x39049a68, 0x39049c00, 0x39600000)
Event: 84.289 GC heap after
Heap after GC invocations=26 (full 6):
 def new generation   total 53568K, used 5888K [0x24000000, 0x27a10000, 0x29550000)
  eden space 47680K,   0% used [0x24000000, 0x24000000, 0x26e90000)
  from space 5888K, 100% used [0x27450000, 0x27a10000, 0x27a10000)
  to   space 5888K,   0% used [0x26e90000, 0x26e90000, 0x27450000)
 tenured generation   total 118768K, used 105045K [0x29550000, 0x3094c000, 0x34000000)
   the space 118768K,  88% used [0x29550000, 0x2fbe5600, 0x2fbe5600, 0x3094c000)
 compacting perm gen  total 12288K, used 10836K [0x34000000, 0x34c00000, 0x38000000)
   the space 12288K,  88% used [0x34000000, 0x34a952f8, 0x34a95400, 0x34c00000)
    ro space 10240K,  42% used [0x38000000, 0x38434778, 0x38434800, 0x38a00000)
    rw space 12288K,  52% used [0x38a00000, 0x39049a68, 0x39049c00, 0x39600000)
}
Event: 85.244 GC heap before
{Heap before GC invocations=26 (full 6):
 def new generation   total 53568K, used 53350K [0x24000000, 0x27a10000, 0x29550000)
  eden space 47680K,  99% used [0x24000000, 0x26e59b88, 0x26e90000)
  from space 5888K, 100% used [0x27450000, 0x27a10000, 0x27a10000)
  to   space 5888K,   0% used [0x26e90000, 0x26e90000, 0x27450000)
 tenured generation   total 118768K, used 105045K [0x29550000, 0x3094c000, 0x34000000)
   the space 118768K,  88% used [0x29550000, 0x2fbe5600, 0x2fbe5600, 0x3094c000)
 compacting perm gen  total 12288K, used 10836K [0x34000000, 0x34c00000, 0x38000000)
   the space 12288K,  88% used [0x34000000, 0x34a95308, 0x34a95400, 0x34c00000)
    ro space 10240K,  42% used [0x38000000, 0x38434778, 0x38434800, 0x38a00000)
    rw space 12288K,  52% used [0x38a00000, 0x39049a68, 0x39049c00, 0x39600000)
Event: 85.249 GC heap after
Heap after GC invocations=27 (full 6):
 def new generation   total 53568K, used 5795K [0x24000000, 0x27a10000, 0x29550000)
  eden space 47680K,   0% used [0x24000000, 0x24000000, 0x26e90000)
  from space 5888K,  98% used [0x26e90000, 0x27438e10, 0x27450000)
  to   space 5888K,   0% used [0x27450000, 0x27450000, 0x27a10000)
 tenured generation   total 118768K, used 110955K [0x29550000, 0x3094c000, 0x34000000)
   the space 118768K,  93% used [0x29550000, 0x301aae08, 0x301ab000, 0x3094c000)
 compacting perm gen  total 12288K, used 10836K [0x34000000, 0x34c00000, 0x38000000)
   the space 12288K,  88% used [0x34000000, 0x34a95308, 0x34a95400, 0x34c00000)
    ro space 10240K,  42% used [0x38000000, 0x38434778, 0x38434800, 0x38a00000)
    rw space 12288K,  52% used [0x38a00000, 0x39049a68, 0x39049c00, 0x39600000)
}
Event: 85.495 GC heap before
{Heap before GC invocations=27 (full 6):
 def new generation   total 53568K, used 53219K [0x24000000, 0x27a10000, 0x29550000)
  eden space 47680K,  99% used [0x24000000, 0x26e50060, 0x26e90000)
  from space 5888K,  98% used [0x26e90000, 0x27438e10, 0x27450000)
  to   space 5888K,   0% used [0x27450000, 0x27450000, 0x27a10000)
 tenured generation   total 118768K, used 110955K [0x29550000, 0x3094c000, 0x34000000)
   the space 118768K,  93% used [0x29550000, 0x301aae08, 0x301ab000, 0x3094c000)
 compacting perm gen  total 12288K, used 10836K [0x34000000, 0x34c00000, 0x38000000)
   the space 12288K,  88% used [0x34000000, 0x34a95358, 0x34a95400, 0x34c00000)
    ro space 10240K,  42% used [0x38000000, 0x38434778, 0x38434800, 0x38a00000)
    rw space 12288K,  52% used [0x38a00000, 0x39049a68, 0x39049c00, 0x39600000)
Event: 85.498 GC heap after
Heap after GC invocations=28 (full 6):
 def new generation   total 53568K, used 3123K [0x24000000, 0x27a10000, 0x29550000)
  eden space 47680K,   0% used [0x24000000, 0x24000000, 0x26e90000)
  from space 5888K,  53% used [0x27450000, 0x2775cfb0, 0x27a10000)
  to   space 5888K,   0% used [0x26e90000, 0x26e90000, 0x27450000)
 tenured generation   total 118768K, used 111333K [0x29550000, 0x3094c000, 0x34000000)
   the space 118768K,  93% used [0x29550000, 0x30209640, 0x30209800, 0x3094c000)
 compacting perm gen  total 12288K, used 10836K [0x34000000, 0x34c00000, 0x38000000)
   the space 12288K,  88% used [0x34000000, 0x34a95358, 0x34a95400, 0x34c00000)
    ro space 10240K,  42% used [0x38000000, 0x38434778, 0x38434800, 0x38a00000)
    rw space 12288K,  52% used [0x38a00000, 0x39049a68, 0x39049c00, 0x39600000)
}

