# JRE version: Java(TM) SE Runtime Environment (7.0_60-b19) (build 1.7.0_60-b19)
# Java VM: Java HotSpot(TM) Client VM (24.60-b09 mixed mode, sharing windows-x86 )
Heap
 def new generation   total 62592K, used 36788K [0x24000000, 0x283e0000, 0x29550000)
  eden space 55680K,  53% used [0x24000000, 0x25d3da10, 0x27660000)
  from space 6912K,  99% used [0x27660000, 0x27d0f710, 0x27d20000)
  to   space 6912K,   0% used [0x27d20000, 0x27d20000, 0x283e0000)
 tenured generation   total 138704K, used 112026K [0x29550000, 0x31cc4000, 0x34000000)
   the space 138704K,  80% used [0x29550000, 0x302b69e0, 0x302b6a00, 0x31cc4000)
 compacting perm gen  total 12288K, used 10797K [0x34000000, 0x34c00000, 0x38000000)
   the space 12288K,  87% used [0x34000000, 0x34a8b7d8, 0x34a8b800, 0x34c00000)
    ro space 10240K,  42% used [0x38000000, 0x38434778, 0x38434800, 0x38a00000)
    rw space 12288K,  52% used [0x38a00000, 0x39049a68, 0x39049c00, 0x39600000)
GC Heap History (10 events):
Event: 212.866 GC heap before
{Heap before GC invocations=184 (full 8):
 def new generation   total 58688K, used 58688K [0x24000000, 0x27fa0000, 0x29550000)
  eden space 52224K, 100% used [0x24000000, 0x27300000, 0x27300000)
  from space 6464K, 100% used [0x27950000, 0x27fa0000, 0x27fa0000)
  to   space 6464K,   0% used [0x27300000, 0x27300000, 0x27950000)
 tenured generation   total 130192K, used 82730K [0x29550000, 0x31474000, 0x34000000)
   the space 130192K,  63% used [0x29550000, 0x2e61ab60, 0x2e61ac00, 0x31474000)
 compacting perm gen  total 12288K, used 10773K [0x34000000, 0x34c00000, 0x38000000)
   the space 12288K,  87% used [0x34000000, 0x34a855c8, 0x34a85600, 0x34c00000)
    ro space 10240K,  42% used [0x38000000, 0x38434778, 0x38434800, 0x38a00000)
    rw space 12288K,  52% used [0x38a00000, 0x39049a68, 0x39049c00, 0x39600000)
Event: 212.906 GC heap after
Heap after GC invocations=185 (full 8):
 def new generation   total 58688K, used 6464K [0x24000000, 0x27fa0000, 0x29550000)
  eden space 52224K,   0% used [0x24000000, 0x24000000, 0x27300000)
  from space 6464K, 100% used [0x27300000, 0x27950000, 0x27950000)
  to   space 6464K,   0% used [0x27950000, 0x27950000, 0x27fa0000)
 tenured generation   total 130192K, used 110847K [0x29550000, 0x31474000, 0x34000000)
   the space 130192K,  85% used [0x29550000, 0x3018fef0, 0x30190000, 0x31474000)
 compacting perm gen  total 12288K, used 10773K [0x34000000, 0x34c00000, 0x38000000)
   the space 12288K,  87% used [0x34000000, 0x34a855c8, 0x34a85600, 0x34c00000)
    ro space 10240K,  42% used [0x38000000, 0x38434778, 0x38434800, 0x38a00000)
    rw space 12288K,  52% used [0x38a00000, 0x39049a68, 0x39049c00, 0x39600000)
}
Event: 215.223 GC heap before
{Heap before GC invocations=185 (full 8):
 def new generation   total 58688K, used 58688K [0x24000000, 0x27fa0000, 0x29550000)
  eden space 52224K, 100% used [0x24000000, 0x27300000, 0x27300000)
  from space 6464K, 100% used [0x27300000, 0x27950000, 0x27950000)
  to   space 6464K,   0% used [0x27950000, 0x27950000, 0x27fa0000)
 tenured generation   total 130192K, used 110847K [0x29550000, 0x31474000, 0x34000000)
   the space 130192K,  85% used [0x29550000, 0x3018fef0, 0x30190000, 0x31474000)
 compacting perm gen  total 12288K, used 10773K [0x34000000, 0x34c00000, 0x38000000)
   the space 12288K,  87% used [0x34000000, 0x34a855c8, 0x34a85600, 0x34c00000)
    ro space 10240K,  42% used [0x38000000, 0x38434778, 0x38434800, 0x38a00000)
    rw space 12288K,  52% used [0x38a00000, 0x39049a68, 0x39049c00, 0x39600000)
Event: 215.261 GC heap after
Heap after GC invocations=186 (full 8):
 def new generation   total 58688K, used 6464K [0x24000000, 0x27fa0000, 0x29550000)
  eden space 52224K,   0% used [0x24000000, 0x24000000, 0x27300000)
  from space 6464K, 100% used [0x27950000, 0x27fa0000, 0x27fa0000)
  to   space 6464K,   0% used [0x27300000, 0x27300000, 0x27950000)
 tenured generation   total 130192K, used 129119K [0x29550000, 0x31474000, 0x34000000)
   the space 130192K,  99% used [0x29550000, 0x31367d60, 0x31367e00, 0x31474000)
 compacting perm gen  total 12288K, used 10773K [0x34000000, 0x34c00000, 0x38000000)
   the space 12288K,  87% used [0x34000000, 0x34a855c8, 0x34a85600, 0x34c00000)
    ro space 10240K,  42% used [0x38000000, 0x38434778, 0x38434800, 0x38a00000)
    rw space 12288K,  52% used [0x38a00000, 0x39049a68, 0x39049c00, 0x39600000)
}
Event: 224.761 GC heap before
{Heap before GC invocations=186 (full 8):
 def new generation   total 58688K, used 56200K [0x24000000, 0x27fa0000, 0x29550000)
  eden space 52224K,  95% used [0x24000000, 0x27092308, 0x27300000)
  from space 6464K, 100% used [0x27950000, 0x27fa0000, 0x27fa0000)
  to   space 6464K,   0% used [0x27300000, 0x27300000, 0x27950000)
 tenured generation   total 130192K, used 129119K [0x29550000, 0x31474000, 0x34000000)
   the space 130192K,  99% used [0x29550000, 0x31367d60, 0x31367e00, 0x31474000)
 compacting perm gen  total 12288K, used 10773K [0x34000000, 0x34c00000, 0x38000000)
   the space 12288K,  87% used [0x34000000, 0x34a855f8, 0x34a85600, 0x34c00000)
    ro space 10240K,  42% used [0x38000000, 0x38434778, 0x38434800, 0x38a00000)
    rw space 12288K,  52% used [0x38a00000, 0x39049a68, 0x39049c00, 0x39600000)
Event: 225.040 GC heap after
Heap after GC invocations=187 (full 9):
 def new generation   total 62592K, used 0K [0x24000000, 0x283e0000, 0x29550000)
  eden space 55680K,   0% used [0x24000000, 0x24000000, 0x27660000)
  from space 6912K,   0% used [0x27660000, 0x27660000, 0x27d20000)
  to   space 6912K,   0% used [0x27d20000, 0x27d20000, 0x283e0000)
 tenured generation   total 138704K, used 83222K [0x29550000, 0x31cc4000, 0x34000000)
   the space 138704K,  59% used [0x29550000, 0x2e695820, 0x2e695a00, 0x31cc4000)
 compacting perm gen  total 12288K, used 10773K [0x34000000, 0x34c00000, 0x38000000)
   the space 12288K,  87% used [0x34000000, 0x34a855f8, 0x34a85600, 0x34c00000)
    ro space 10240K,  42% used [0x38000000, 0x38434778, 0x38434800, 0x38a00000)
    rw space 12288K,  52% used [0x38a00000, 0x39049a68, 0x39049c00, 0x39600000)
}
Event: 258.162 GC heap before
{Heap before GC invocations=187 (full 9):
 def new generation   total 62592K, used 53131K [0x24000000, 0x283e0000, 0x29550000)
  eden space 55680K,  95% used [0x24000000, 0x273e2f18, 0x27660000)
  from space 6912K,   0% used [0x27660000, 0x27660000, 0x27d20000)
  to   space 6912K,   0% used [0x27d20000, 0x27d20000, 0x283e0000)
 tenured generation   total 138704K, used 83222K [0x29550000, 0x31cc4000, 0x34000000)
   the space 138704K,  59% used [0x29550000, 0x2e695820, 0x2e695a00, 0x31cc4000)
 compacting perm gen  total 12288K, used 10794K [0x34000000, 0x34c00000, 0x38000000)
   the space 12288K,  87% used [0x34000000, 0x34a8a9c0, 0x34a8aa00, 0x34c00000)
    ro space 10240K,  42% used [0x38000000, 0x38434778, 0x38434800, 0x38a00000)
    rw space 12288K,  52% used [0x38a00000, 0x39049a68, 0x39049c00, 0x39600000)
Event: 258.172 GC heap after
Heap after GC invocations=188 (full 9):
 def new generation   total 62592K, used 6912K [0x24000000, 0x283e0000, 0x29550000)
  eden space 55680K,   0% used [0x24000000, 0x24000000, 0x27660000)
  from space 6912K, 100% used [0x27d20000, 0x283e0000, 0x283e0000)
  to   space 6912K,   0% used [0x27660000, 0x27660000, 0x27d20000)
 tenured generation   total 138704K, used 98454K [0x29550000, 0x31cc4000, 0x34000000)
   the space 138704K,  70% used [0x29550000, 0x2f5758b0, 0x2f575a00, 0x31cc4000)
 compacting perm gen  total 12288K, used 10794K [0x34000000, 0x34c00000, 0x38000000)
   the space 12288K,  87% used [0x34000000, 0x34a8a9c0, 0x34a8aa00, 0x34c00000)
    ro space 10240K,  42% used [0x38000000, 0x38434778, 0x38434800, 0x38a00000)
    rw space 12288K,  52% used [0x38a00000, 0x39049a68, 0x39049c00, 0x39600000)
}
Event: 263.171 GC heap before
{Heap before GC invocations=188 (full 9):
 def new generation   total 62592K, used 62299K [0x24000000, 0x283e0000, 0x29550000)
  eden space 55680K,  99% used [0x24000000, 0x27616c38, 0x27660000)
  from space 6912K, 100% used [0x27d20000, 0x283e0000, 0x283e0000)
  to   space 6912K,   0% used [0x27660000, 0x27660000, 0x27d20000)
 tenured generation   total 138704K, used 98454K [0x29550000, 0x31cc4000, 0x34000000)
   the space 138704K,  70% used [0x29550000, 0x2f5758b0, 0x2f575a00, 0x31cc4000)
 compacting perm gen  total 12288K, used 10796K [0x34000000, 0x34c00000, 0x38000000)
   the space 12288K,  87% used [0x34000000, 0x34a8b1c0, 0x34a8b200, 0x34c00000)
    ro space 10240K,  42% used [0x38000000, 0x38434778, 0x38434800, 0x38a00000)
    rw space 12288K,  52% used [0x38a00000, 0x39049a68, 0x39049c00, 0x39600000)
Event: 263.178 GC heap after
Heap after GC invocations=189 (full 9):
 def new generation   total 62592K, used 6845K [0x24000000, 0x283e0000, 0x29550000)
  eden space 55680K,   0% used [0x24000000, 0x24000000, 0x27660000)
  from space 6912K,  99% used [0x27660000, 0x27d0f710, 0x27d20000)
  to   space 6912K,   0% used [0x27d20000, 0x27d20000, 0x283e0000)
 tenured generation   total 138704K, used 112026K [0x29550000, 0x31cc4000, 0x34000000)
   the space 138704K,  80% used [0x29550000, 0x302b69e0, 0x302b6a00, 0x31cc4000)
 compacting perm gen  total 12288K, used 10796K [0x34000000, 0x34c00000, 0x38000000)
   the space 12288K,  87% used [0x34000000, 0x34a8b1c0, 0x34a8b200, 0x34c00000)
    ro space 10240K,  42% used [0x38000000, 0x38434778, 0x38434800, 0x38a00000)
    rw space 12288K,  52% used [0x38a00000, 0x39049a68, 0x39049c00, 0x39600000)
}

