# JRE version: Java(TM) SE Runtime Environment (7.0_60-b19) (build 1.7.0_60-b19)
# Java VM: Java HotSpot(TM) Client VM (24.60-b09 mixed mode, sharing windows-x86 )
Heap
 def new generation   total 14528K, used 8277K [0x24000000, 0x24fc0000, 0x29550000)
  eden space 12928K,  64% used [0x24000000, 0x248157e0, 0x24ca0000)
  from space 1600K,   0% used [0x24ca0000, 0x24ca0000, 0x24e30000)
  to   space 1600K,   0% used [0x24e30000, 0x24e30000, 0x24fc0000)
 tenured generation   total 32048K, used 19226K [0x29550000, 0x2b49c000, 0x34000000)
   the space 32048K,  59% used [0x29550000, 0x2a816a70, 0x2a816c00, 0x2b49c000)
 compacting perm gen  total 12288K, used 8583K [0x34000000, 0x34c00000, 0x38000000)
   the space 12288K,  69% used [0x34000000, 0x34861c50, 0x34861e00, 0x34c00000)
    ro space 10240K,  42% used [0x38000000, 0x38434778, 0x38434800, 0x38a00000)
    rw space 12288K,  52% used [0x38a00000, 0x39049a68, 0x39049c00, 0x39600000)
GC Heap History (10 events):
Event: 3.369 GC heap before
{Heap before GC invocations=11 (full 1):
 def new generation   total 9408K, used 7824K [0x24000000, 0x24a30000, 0x29550000)
  eden space 8384K,  81% used [0x24000000, 0x246a4068, 0x24830000)
  from space 1024K, 100% used [0x24930000, 0x24a30000, 0x24a30000)
  to   space 1024K,   0% used [0x24830000, 0x24830000, 0x24930000)
 tenured generation   total 20740K, used 20026K [0x29550000, 0x2a991000, 0x34000000)
   the space 20740K,  96% used [0x29550000, 0x2a8de8c8, 0x2a8dea00, 0x2a991000)
 compacting perm gen  total 12288K, used 8500K [0x34000000, 0x34c00000, 0x38000000)
   the space 12288K,  69% used [0x34000000, 0x3484d050, 0x3484d200, 0x34c00000)
    ro space 10240K,  42% used [0x38000000, 0x38434778, 0x38434800, 0x38a00000)
    rw space 12288K,  52% used [0x38a00000, 0x39049a68, 0x39049c00, 0x39600000)
Event: 3.449 GC heap after
Heap after GC invocations=12 (full 2):
 def new generation   total 9792K, used 0K [0x24000000, 0x24a90000, 0x29550000)
  eden space 8768K,   0% used [0x24000000, 0x24000000, 0x24890000)
  from space 1024K,   0% used [0x24890000, 0x24890000, 0x24990000)
  to   space 1024K,   0% used [0x24990000, 0x24990000, 0x24a90000)
 tenured generation   total 21380K, used 12827K [0x29550000, 0x2aa31000, 0x34000000)
   the space 21380K,  59% used [0x29550000, 0x2a1d6e80, 0x2a1d7000, 0x2aa31000)
 compacting perm gen  total 12288K, used 8500K [0x34000000, 0x34c00000, 0x38000000)
   the space 12288K,  69% used [0x34000000, 0x3484d050, 0x3484d200, 0x34c00000)
    ro space 10240K,  42% used [0x38000000, 0x38434778, 0x38434800, 0x38a00000)
    rw space 12288K,  52% used [0x38a00000, 0x39049a68, 0x39049c00, 0x39600000)
}
Event: 3.472 GC heap before
{Heap before GC invocations=12 (full 2):
 def new generation   total 9792K, used 7509K [0x24000000, 0x24a90000, 0x29550000)
  eden space 8768K,  85% used [0x24000000, 0x24755780, 0x24890000)
  from space 1024K,   0% used [0x24890000, 0x24890000, 0x24990000)
  to   space 1024K,   0% used [0x24990000, 0x24990000, 0x24a90000)
 tenured generation   total 21380K, used 12827K [0x29550000, 0x2aa31000, 0x34000000)
   the space 21380K,  59% used [0x29550000, 0x2a1d6e80, 0x2a1d7000, 0x2aa31000)
 compacting perm gen  total 12288K, used 8500K [0x34000000, 0x34c00000, 0x38000000)
   the space 12288K,  69% used [0x34000000, 0x3484d060, 0x3484d200, 0x34c00000)
    ro space 10240K,  42% used [0x38000000, 0x38434778, 0x38434800, 0x38a00000)
    rw space 12288K,  52% used [0x38a00000, 0x39049a68, 0x39049c00, 0x39600000)
Event: 3.475 GC heap after
Heap after GC invocations=13 (full 2):
 def new generation   total 9792K, used 778K [0x24000000, 0x24a90000, 0x29550000)
  eden space 8768K,   0% used [0x24000000, 0x24000000, 0x24890000)
  from space 1024K,  76% used [0x24990000, 0x24a52a30, 0x24a90000)
  to   space 1024K,   0% used [0x24890000, 0x24890000, 0x24990000)
 tenured generation   total 21380K, used 18423K [0x29550000, 0x2aa31000, 0x34000000)
   the space 21380K,  86% used [0x29550000, 0x2a74dd80, 0x2a74de00, 0x2aa31000)
 compacting perm gen  total 12288K, used 8500K [0x34000000, 0x34c00000, 0x38000000)
   the space 12288K,  69% used [0x34000000, 0x3484d060, 0x3484d200, 0x34c00000)
    ro space 10240K,  42% used [0x38000000, 0x38434778, 0x38434800, 0x38a00000)
    rw space 12288K,  52% used [0x38a00000, 0x39049a68, 0x39049c00, 0x39600000)
}
Event: 3.476 GC heap before
{Heap before GC invocations=13 (full 2):
 def new generation   total 9792K, used 8287K [0x24000000, 0x24a90000, 0x29550000)
  eden space 8768K,  85% used [0x24000000, 0x247554f0, 0x24890000)
  from space 1024K,  76% used [0x24990000, 0x24a52a30, 0x24a90000)
  to   space 1024K,   0% used [0x24890000, 0x24890000, 0x24990000)
 tenured generation   total 21380K, used 18423K [0x29550000, 0x2aa31000, 0x34000000)
   the space 21380K,  86% used [0x29550000, 0x2a74dd80, 0x2a74de00, 0x2aa31000)
 compacting perm gen  total 12288K, used 8500K [0x34000000, 0x34c00000, 0x38000000)
   the space 12288K,  69% used [0x34000000, 0x3484d060, 0x3484d200, 0x34c00000)
    ro space 10240K,  42% used [0x38000000, 0x38434778, 0x38434800, 0x38a00000)
    rw space 12288K,  52% used [0x38a00000, 0x39049a68, 0x39049c00, 0x39600000)
Event: 3.532 GC heap after
Heap after GC invocations=14 (full 3):
 def new generation   total 12288K, used 0K [0x24000000, 0x24d50000, 0x29550000)
  eden space 10944K,   0% used [0x24000000, 0x24000000, 0x24ab0000)
  from space 1344K,   0% used [0x24ab0000, 0x24ab0000, 0x24c00000)
  to   space 1344K,   0% used [0x24c00000, 0x24c00000, 0x24d50000)
 tenured generation   total 27112K, used 16265K [0x29550000, 0x2afca000, 0x34000000)
   the space 27112K,  59% used [0x29550000, 0x2a532738, 0x2a532800, 0x2afca000)
 compacting perm gen  total 12288K, used 8500K [0x34000000, 0x34c00000, 0x38000000)
   the space 12288K,  69% used [0x34000000, 0x3484d060, 0x3484d200, 0x34c00000)
    ro space 10240K,  42% used [0x38000000, 0x38434778, 0x38434800, 0x38a00000)
    rw space 12288K,  52% used [0x38a00000, 0x39049a68, 0x39049c00, 0x39600000)
}
Event: 5.420 GC heap before
{Heap before GC invocations=14 (full 3):
 def new generation   total 12288K, used 10645K [0x24000000, 0x24d50000, 0x29550000)
  eden space 10944K,  97% used [0x24000000, 0x24a65620, 0x24ab0000)
  from space 1344K,   0% used [0x24ab0000, 0x24ab0000, 0x24c00000)
  to   space 1344K,   0% used [0x24c00000, 0x24c00000, 0x24d50000)
 tenured generation   total 27112K, used 16265K [0x29550000, 0x2afca000, 0x34000000)
   the space 27112K,  59% used [0x29550000, 0x2a532738, 0x2a532800, 0x2afca000)
 compacting perm gen  total 12288K, used 8561K [0x34000000, 0x34c00000, 0x38000000)
   the space 12288K,  69% used [0x34000000, 0x3485c570, 0x3485c600, 0x34c00000)
    ro space 10240K,  42% used [0x38000000, 0x38434778, 0x38434800, 0x38a00000)
    rw space 12288K,  52% used [0x38a00000, 0x39049a68, 0x39049c00, 0x39600000)
Event: 5.428 GC heap after
Heap after GC invocations=15 (full 3):
 def new generation   total 12288K, used 1344K [0x24000000, 0x24d50000, 0x29550000)
  eden space 10944K,   0% used [0x24000000, 0x24000000, 0x24ab0000)
  from space 1344K, 100% used [0x24c00000, 0x24d50000, 0x24d50000)
  to   space 1344K,   0% used [0x24ab0000, 0x24ab0000, 0x24c00000)
 tenured generation   total 27112K, used 21530K [0x29550000, 0x2afca000, 0x34000000)
   the space 27112K,  79% used [0x29550000, 0x2aa56b78, 0x2aa56c00, 0x2afca000)
 compacting perm gen  total 12288K, used 8561K [0x34000000, 0x34c00000, 0x38000000)
   the space 12288K,  69% used [0x34000000, 0x3485c570, 0x3485c600, 0x34c00000)
    ro space 10240K,  42% used [0x38000000, 0x38434778, 0x38434800, 0x38a00000)
    rw space 12288K,  52% used [0x38a00000, 0x39049a68, 0x39049c00, 0x39600000)
}
Event: 6.454 GC heap before
{Heap before GC invocations=15 (full 3):
 def new generation   total 12288K, used 12288K [0x24000000, 0x24d50000, 0x29550000)
  eden space 10944K, 100% used [0x24000000, 0x24ab0000, 0x24ab0000)
  from space 1344K, 100% used [0x24c00000, 0x24d50000, 0x24d50000)
  to   space 1344K,   0% used [0x24ab0000, 0x24ab0000, 0x24c00000)
 tenured generation   total 27112K, used 21530K [0x29550000, 0x2afca000, 0x34000000)
   the space 27112K,  79% used [0x29550000, 0x2aa56b78, 0x2aa56c00, 0x2afca000)
 compacting perm gen  total 12288K, used 8561K [0x34000000, 0x34c00000, 0x38000000)
   the space 12288K,  69% used [0x34000000, 0x3485c600, 0x3485c600, 0x34c00000)
    ro space 10240K,  42% used [0x38000000, 0x38434778, 0x38434800, 0x38a00000)
    rw space 12288K,  52% used [0x38a00000, 0x39049a68, 0x39049c00, 0x39600000)
Event: 6.513 GC heap after
Heap after GC invocations=16 (full 4):
 def new generation   total 14528K, used 0K [0x24000000, 0x24fc0000, 0x29550000)
  eden space 12928K,   0% used [0x24000000, 0x24000000, 0x24ca0000)
  from space 1600K,   0% used [0x24ca0000, 0x24ca0000, 0x24e30000)
  to   space 1600K,   0% used [0x24e30000, 0x24e30000, 0x24fc0000)
 tenured generation   total 32048K, used 19226K [0x29550000, 0x2b49c000, 0x34000000)
   the space 32048K,  59% used [0x29550000, 0x2a816a70, 0x2a816c00, 0x2b49c000)
 compacting perm gen  total 12288K, used 8555K [0x34000000, 0x34c00000, 0x38000000)
   the space 12288K,  69% used [0x34000000, 0x3485ada8, 0x3485ae00, 0x34c00000)
    ro space 10240K,  42% used [0x38000000, 0x38434778, 0x38434800, 0x38a00000)
    rw space 12288K,  52% used [0x38a00000, 0x39049a68, 0x39049c00, 0x39600000)
}

