# JRE version: Java(TM) SE Runtime Environment (7.0_60-b19) (build 1.7.0_60-b19)
# Java VM: Java HotSpot(TM) Client VM (24.60-b09 mixed mode, sharing windows-x86 )
Heap
 def new generation   total 33728K, used 401K [0x24000000, 0x26490000, 0x29550000)
  eden space 30016K,   1% used [0x24000000, 0x240645c8, 0x25d50000)
  from space 3712K,   0% used [0x25d50000, 0x25d50000, 0x260f0000)
  to   space 3712K,   0% used [0x260f0000, 0x260f0000, 0x26490000)
 tenured generation   total 74740K, used 44843K [0x29550000, 0x2de4d000, 0x34000000)
   the space 74740K,  59% used [0x29550000, 0x2c11add0, 0x2c11ae00, 0x2de4d000)
 compacting perm gen  total 12288K, used 9492K [0x34000000, 0x34c00000, 0x38000000)
   the space 12288K,  77% used [0x34000000, 0x34945258, 0x34945400, 0x34c00000)
    ro space 10240K,  42% used [0x38000000, 0x38434778, 0x38434800, 0x38a00000)
    rw space 12288K,  52% used [0x38a00000, 0x39049a68, 0x39049c00, 0x39600000)
GC Heap History (10 events):
Event: 5.457 GC heap before
{Heap before GC invocations=15 (full 3):
 def new generation   total 14784K, used 14784K [0x24000000, 0x25000000, 0x29550000)
  eden space 13184K, 100% used [0x24000000, 0x24ce0000, 0x24ce0000)
  from space 1600K, 100% used [0x24e70000, 0x25000000, 0x25000000)
  to   space 1600K,   0% used [0x24ce0000, 0x24ce0000, 0x24e70000)
 tenured generation   total 32716K, used 27704K [0x29550000, 0x2b543000, 0x34000000)
   the space 32716K,  84% used [0x29550000, 0x2b05e1c0, 0x2b05e200, 0x2b543000)
 compacting perm gen  total 12288K, used 9236K [0x34000000, 0x34c00000, 0x38000000)
   the space 12288K,  75% used [0x34000000, 0x34905360, 0x34905400, 0x34c00000)
    ro space 10240K,  42% used [0x38000000, 0x38434778, 0x38434800, 0x38a00000)
    rw space 12288K,  52% used [0x38a00000, 0x39049a68, 0x39049c00, 0x39600000)
Event: 5.551 GC heap after
Heap after GC invocations=16 (full 4):
 def new generation   total 26816K, used 0K [0x24000000, 0x25d10000, 0x29550000)
  eden space 23872K,   0% used [0x24000000, 0x24000000, 0x25750000)
  from space 2944K,   0% used [0x25750000, 0x25750000, 0x25a30000)
  to   space 2944K,   0% used [0x25a30000, 0x25a30000, 0x25d10000)
 tenured generation   total 59440K, used 35662K [0x29550000, 0x2cf5c000, 0x34000000)
   the space 59440K,  59% used [0x29550000, 0x2b8239e8, 0x2b823a00, 0x2cf5c000)
 compacting perm gen  total 12288K, used 9230K [0x34000000, 0x34c00000, 0x38000000)
   the space 12288K,  75% used [0x34000000, 0x34903938, 0x34903a00, 0x34c00000)
    ro space 10240K,  42% used [0x38000000, 0x38434778, 0x38434800, 0x38a00000)
    rw space 12288K,  52% used [0x38a00000, 0x39049a68, 0x39049c00, 0x39600000)
}
Event: 5.915 GC heap before
{Heap before GC invocations=16 (full 4):
 def new generation   total 26816K, used 23872K [0x24000000, 0x25d10000, 0x29550000)
  eden space 23872K, 100% used [0x24000000, 0x25750000, 0x25750000)
  from space 2944K,   0% used [0x25750000, 0x25750000, 0x25a30000)
  to   space 2944K,   0% used [0x25a30000, 0x25a30000, 0x25d10000)
 tenured generation   total 59440K, used 35662K [0x29550000, 0x2cf5c000, 0x34000000)
   the space 59440K,  59% used [0x29550000, 0x2b8239e8, 0x2b823a00, 0x2cf5c000)
 compacting perm gen  total 12288K, used 9290K [0x34000000, 0x34c00000, 0x38000000)
   the space 12288K,  75% used [0x34000000, 0x34912b60, 0x34912c00, 0x34c00000)
    ro space 10240K,  42% used [0x38000000, 0x38434778, 0x38434800, 0x38a00000)
    rw space 12288K,  52% used [0x38a00000, 0x39049a68, 0x39049c00, 0x39600000)
Event: 5.921 GC heap after
Heap after GC invocations=17 (full 4):
 def new generation   total 26816K, used 2944K [0x24000000, 0x25d10000, 0x29550000)
  eden space 23872K,   0% used [0x24000000, 0x24000000, 0x25750000)
  from space 2944K, 100% used [0x25a30000, 0x25d10000, 0x25d10000)
  to   space 2944K,   0% used [0x25750000, 0x25750000, 0x25a30000)
 tenured generation   total 59440K, used 37598K [0x29550000, 0x2cf5c000, 0x34000000)
   the space 59440K,  63% used [0x29550000, 0x2ba07a70, 0x2ba07c00, 0x2cf5c000)
 compacting perm gen  total 12288K, used 9290K [0x34000000, 0x34c00000, 0x38000000)
   the space 12288K,  75% used [0x34000000, 0x34912b60, 0x34912c00, 0x34c00000)
    ro space 10240K,  42% used [0x38000000, 0x38434778, 0x38434800, 0x38a00000)
    rw space 12288K,  52% used [0x38a00000, 0x39049a68, 0x39049c00, 0x39600000)
}
Event: 8.929 GC heap before
{Heap before GC invocations=17 (full 4):
 def new generation   total 26816K, used 26816K [0x24000000, 0x25d10000, 0x29550000)
  eden space 23872K, 100% used [0x24000000, 0x25750000, 0x25750000)
  from space 2944K, 100% used [0x25a30000, 0x25d10000, 0x25d10000)
  to   space 2944K,   0% used [0x25750000, 0x25750000, 0x25a30000)
 tenured generation   total 59440K, used 37598K [0x29550000, 0x2cf5c000, 0x34000000)
   the space 59440K,  63% used [0x29550000, 0x2ba07a70, 0x2ba07c00, 0x2cf5c000)
 compacting perm gen  total 12288K, used 9313K [0x34000000, 0x34c00000, 0x38000000)
   the space 12288K,  75% used [0x34000000, 0x34918648, 0x34918800, 0x34c00000)
    ro space 10240K,  42% used [0x38000000, 0x38434778, 0x38434800, 0x38a00000)
    rw space 12288K,  52% used [0x38a00000, 0x39049a68, 0x39049c00, 0x39600000)
Event: 8.937 GC heap after
Heap after GC invocations=18 (full 4):
 def new generation   total 26816K, used 2908K [0x24000000, 0x25d10000, 0x29550000)
  eden space 23872K,   0% used [0x24000000, 0x24000000, 0x25750000)
  from space 2944K,  98% used [0x25750000, 0x25a270f0, 0x25a30000)
  to   space 2944K,   0% used [0x25a30000, 0x25a30000, 0x25d10000)
 tenured generation   total 59440K, used 44909K [0x29550000, 0x2cf5c000, 0x34000000)
   the space 59440K,  75% used [0x29550000, 0x2c12b418, 0x2c12b600, 0x2cf5c000)
 compacting perm gen  total 12288K, used 9313K [0x34000000, 0x34c00000, 0x38000000)
   the space 12288K,  75% used [0x34000000, 0x34918648, 0x34918800, 0x34c00000)
    ro space 10240K,  42% used [0x38000000, 0x38434778, 0x38434800, 0x38a00000)
    rw space 12288K,  52% used [0x38a00000, 0x39049a68, 0x39049c00, 0x39600000)
}
Event: 28.226 GC heap before
{Heap before GC invocations=18 (full 4):
 def new generation   total 26816K, used 24410K [0x24000000, 0x25d10000, 0x29550000)
  eden space 23872K,  90% used [0x24000000, 0x254ff940, 0x25750000)
  from space 2944K,  98% used [0x25750000, 0x25a270f0, 0x25a30000)
  to   space 2944K,   0% used [0x25a30000, 0x25a30000, 0x25d10000)
 tenured generation   total 59440K, used 44909K [0x29550000, 0x2cf5c000, 0x34000000)
   the space 59440K,  75% used [0x29550000, 0x2c12b418, 0x2c12b600, 0x2cf5c000)
 compacting perm gen  total 12288K, used 9488K [0x34000000, 0x34c00000, 0x38000000)
   the space 12288K,  77% used [0x34000000, 0x349442a8, 0x34944400, 0x34c00000)
    ro space 10240K,  42% used [0x38000000, 0x38434778, 0x38434800, 0x38a00000)
    rw space 12288K,  52% used [0x38a00000, 0x39049a68, 0x39049c00, 0x39600000)
Event: 28.235 GC heap after
Heap after GC invocations=19 (full 4):
 def new generation   total 26816K, used 2944K [0x24000000, 0x25d10000, 0x29550000)
  eden space 23872K,   0% used [0x24000000, 0x24000000, 0x25750000)
  from space 2944K, 100% used [0x25a30000, 0x25d10000, 0x25d10000)
  to   space 2944K,   0% used [0x25750000, 0x25750000, 0x25a30000)
 tenured generation   total 59440K, used 57761K [0x29550000, 0x2cf5c000, 0x34000000)
   the space 59440K,  97% used [0x29550000, 0x2cdb8758, 0x2cdb8800, 0x2cf5c000)
 compacting perm gen  total 12288K, used 9488K [0x34000000, 0x34c00000, 0x38000000)
   the space 12288K,  77% used [0x34000000, 0x349442a8, 0x34944400, 0x34c00000)
    ro space 10240K,  42% used [0x38000000, 0x38434778, 0x38434800, 0x38a00000)
    rw space 12288K,  52% used [0x38a00000, 0x39049a68, 0x39049c00, 0x39600000)
}
Event: 42.911 GC heap before
{Heap before GC invocations=19 (full 4):
 def new generation   total 26816K, used 26816K [0x24000000, 0x25d10000, 0x29550000)
  eden space 23872K, 100% used [0x24000000, 0x25750000, 0x25750000)
  from space 2944K, 100% used [0x25a30000, 0x25d10000, 0x25d10000)
  to   space 2944K,   0% used [0x25750000, 0x25750000, 0x25a30000)
 tenured generation   total 59440K, used 57761K [0x29550000, 0x2cf5c000, 0x34000000)
   the space 59440K,  97% used [0x29550000, 0x2cdb8758, 0x2cdb8800, 0x2cf5c000)
 compacting perm gen  total 12288K, used 9489K [0x34000000, 0x34c00000, 0x38000000)
   the space 12288K,  77% used [0x34000000, 0x34944408, 0x34944600, 0x34c00000)
    ro space 10240K,  42% used [0x38000000, 0x38434778, 0x38434800, 0x38a00000)
    rw space 12288K,  52% used [0x38a00000, 0x39049a68, 0x39049c00, 0x39600000)
Event: 42.978 GC heap after
Heap after GC invocations=20 (full 5):
 def new generation   total 33728K, used 0K [0x24000000, 0x26490000, 0x29550000)
  eden space 30016K,   0% used [0x24000000, 0x24000000, 0x25d50000)
  from space 3712K,   0% used [0x25d50000, 0x25d50000, 0x260f0000)
  to   space 3712K,   0% used [0x260f0000, 0x260f0000, 0x26490000)
 tenured generation   total 74740K, used 44843K [0x29550000, 0x2de4d000, 0x34000000)
   the space 74740K,  59% used [0x29550000, 0x2c11add0, 0x2c11ae00, 0x2de4d000)
 compacting perm gen  total 12288K, used 9489K [0x34000000, 0x34c00000, 0x38000000)
   the space 12288K,  77% used [0x34000000, 0x34944408, 0x34944600, 0x34c00000)
    ro space 10240K,  42% used [0x38000000, 0x38434778, 0x38434800, 0x38a00000)
    rw space 12288K,  52% used [0x38a00000, 0x39049a68, 0x39049c00, 0x39600000)
}

