# JRE version: Java(TM) SE Runtime Environment (7.0_60-b19) (build 1.7.0_60-b19)
# Java VM: Java HotSpot(TM) Client VM (24.60-b09 mixed mode, sharing windows-x86 )
Heap
 def new generation   total 78656K, used 17950K [0x24000000, 0x29550000, 0x29550000)
  eden space 69952K,  13% used [0x24000000, 0x24907878, 0x28450000)
  from space 8704K, 100% used [0x28cd0000, 0x29550000, 0x29550000)
  to   space 8704K,   0% used [0x28450000, 0x28450000, 0x28cd0000)
 tenured generation   total 174784K, used 138818K [0x29550000, 0x34000000, 0x34000000)
   the space 174784K,  79% used [0x29550000, 0x31ce0920, 0x31ce0a00, 0x34000000)
 compacting perm gen  total 12288K, used 8825K [0x34000000, 0x34c00000, 0x38000000)
   the space 12288K,  71% used [0x34000000, 0x3489e6d8, 0x3489e800, 0x34c00000)
    ro space 10240K,  42% used [0x38000000, 0x38434778, 0x38434800, 0x38a00000)
    rw space 12288K,  52% used [0x38a00000, 0x39049a68, 0x39049c00, 0x39600000)
GC Heap History (10 events):
Event: 60.261 GC heap before
{Heap before GC invocations=67 (full 7):
 def new generation   total 62784K, used 60261K [0x24000000, 0x28420000, 0x29550000)
  eden space 55808K,  99% used [0x24000000, 0x2767b790, 0x27680000)
  from space 6976K,  64% used [0x27d50000, 0x281adf88, 0x28420000)
  to   space 6976K,   0% used [0x27680000, 0x27680000, 0x27d50000)
 tenured generation   total 139236K, used 130339K [0x29550000, 0x31d49000, 0x34000000)
   the space 139236K,  93% used [0x29550000, 0x31498d60, 0x31498e00, 0x31d49000)
 compacting perm gen  total 12288K, used 8824K [0x34000000, 0x34c00000, 0x38000000)
   the space 12288K,  71% used [0x34000000, 0x3489e050, 0x3489e200, 0x34c00000)
    ro space 10240K,  42% used [0x38000000, 0x38434778, 0x38434800, 0x38a00000)
    rw space 12288K,  52% used [0x38a00000, 0x39049a68, 0x39049c00, 0x39600000)
Event: 60.265 GC heap after
Heap after GC invocations=68 (full 7):
 def new generation   total 62784K, used 1691K [0x24000000, 0x28420000, 0x29550000)
  eden space 55808K,   0% used [0x24000000, 0x24000000, 0x27680000)
  from space 6976K,  24% used [0x27680000, 0x27826cb8, 0x27d50000)
  to   space 6976K,   0% used [0x27d50000, 0x27d50000, 0x28420000)
 tenured generation   total 139236K, used 134779K [0x29550000, 0x31d49000, 0x34000000)
   the space 139236K,  96% used [0x29550000, 0x318eec28, 0x318eee00, 0x31d49000)
 compacting perm gen  total 12288K, used 8824K [0x34000000, 0x34c00000, 0x38000000)
   the space 12288K,  71% used [0x34000000, 0x3489e050, 0x3489e200, 0x34c00000)
    ro space 10240K,  42% used [0x38000000, 0x38434778, 0x38434800, 0x38a00000)
    rw space 12288K,  52% used [0x38a00000, 0x39049a68, 0x39049c00, 0x39600000)
}
Event: 60.870 GC heap before
{Heap before GC invocations=68 (full 7):
 def new generation   total 62784K, used 57403K [0x24000000, 0x28420000, 0x29550000)
  eden space 55808K,  99% used [0x24000000, 0x276682e0, 0x27680000)
  from space 6976K,  24% used [0x27680000, 0x27826cb8, 0x27d50000)
  to   space 6976K,   0% used [0x27d50000, 0x27d50000, 0x28420000)
 tenured generation   total 139236K, used 134779K [0x29550000, 0x31d49000, 0x34000000)
   the space 139236K,  96% used [0x29550000, 0x318eec28, 0x318eee00, 0x31d49000)
 compacting perm gen  total 12288K, used 8824K [0x34000000, 0x34c00000, 0x38000000)
   the space 12288K,  71% used [0x34000000, 0x3489e0d0, 0x3489e200, 0x34c00000)
    ro space 10240K,  42% used [0x38000000, 0x38434778, 0x38434800, 0x38a00000)
    rw space 12288K,  52% used [0x38a00000, 0x39049a68, 0x39049c00, 0x39600000)
Event: 60.873 GC heap after
Heap after GC invocations=69 (full 7):
 def new generation   total 62784K, used 5617K [0x24000000, 0x28420000, 0x29550000)
  eden space 55808K,   0% used [0x24000000, 0x24000000, 0x27680000)
  from space 6976K,  80% used [0x27d50000, 0x282cc5b8, 0x28420000)
  to   space 6976K,   0% used [0x27680000, 0x27680000, 0x27d50000)
 tenured generation   total 139236K, used 134779K [0x29550000, 0x31d49000, 0x34000000)
   the space 139236K,  96% used [0x29550000, 0x318eec28, 0x318eee00, 0x31d49000)
 compacting perm gen  total 12288K, used 8824K [0x34000000, 0x34c00000, 0x38000000)
   the space 12288K,  71% used [0x34000000, 0x3489e0d0, 0x3489e200, 0x34c00000)
    ro space 10240K,  42% used [0x38000000, 0x38434778, 0x38434800, 0x38a00000)
    rw space 12288K,  52% used [0x38a00000, 0x39049a68, 0x39049c00, 0x39600000)
}
Event: 61.433 GC heap before
{Heap before GC invocations=69 (full 7):
 def new generation   total 62784K, used 59381K [0x24000000, 0x28420000, 0x29550000)
  eden space 55808K,  96% used [0x24000000, 0x27480ec8, 0x27680000)
  from space 6976K,  80% used [0x27d50000, 0x282cc5b8, 0x28420000)
  to   space 6976K,   0% used [0x27680000, 0x27680000, 0x27d50000)
 tenured generation   total 139236K, used 134779K [0x29550000, 0x31d49000, 0x34000000)
   the space 139236K,  96% used [0x29550000, 0x318eec28, 0x318eee00, 0x31d49000)
 compacting perm gen  total 12288K, used 8824K [0x34000000, 0x34c00000, 0x38000000)
   the space 12288K,  71% used [0x34000000, 0x3489e0e0, 0x3489e200, 0x34c00000)
    ro space 10240K,  42% used [0x38000000, 0x38434778, 0x38434800, 0x38a00000)
    rw space 12288K,  52% used [0x38a00000, 0x39049a68, 0x39049c00, 0x39600000)
Event: 61.437 GC heap after
Heap after GC invocations=70 (full 7):
 def new generation   total 62784K, used 6948K [0x24000000, 0x28420000, 0x29550000)
  eden space 55808K,   0% used [0x24000000, 0x24000000, 0x27680000)
  from space 6976K,  99% used [0x27680000, 0x27d490f0, 0x27d50000)
  to   space 6976K,   0% used [0x27d50000, 0x27d50000, 0x28420000)
 tenured generation   total 139236K, used 138180K [0x29550000, 0x31d49000, 0x34000000)
   the space 139236K,  99% used [0x29550000, 0x31c41330, 0x31c41400, 0x31d49000)
 compacting perm gen  total 12288K, used 8824K [0x34000000, 0x34c00000, 0x38000000)
   the space 12288K,  71% used [0x34000000, 0x3489e0e0, 0x3489e200, 0x34c00000)
    ro space 10240K,  42% used [0x38000000, 0x38434778, 0x38434800, 0x38a00000)
    rw space 12288K,  52% used [0x38a00000, 0x39049a68, 0x39049c00, 0x39600000)
}
Event: 66.025 GC heap before
{Heap before GC invocations=70 (full 7):
 def new generation   total 62784K, used 62756K [0x24000000, 0x28420000, 0x29550000)
  eden space 55808K, 100% used [0x24000000, 0x27680000, 0x27680000)
  from space 6976K,  99% used [0x27680000, 0x27d490f0, 0x27d50000)
  to   space 6976K,   0% used [0x27d50000, 0x27d50000, 0x28420000)
 tenured generation   total 139236K, used 138180K [0x29550000, 0x31d49000, 0x34000000)
   the space 139236K,  99% used [0x29550000, 0x31c41330, 0x31c41400, 0x31d49000)
 compacting perm gen  total 12288K, used 8824K [0x34000000, 0x34c00000, 0x38000000)
   the space 12288K,  71% used [0x34000000, 0x3489e100, 0x3489e200, 0x34c00000)
    ro space 10240K,  42% used [0x38000000, 0x38434778, 0x38434800, 0x38a00000)
    rw space 12288K,  52% used [0x38a00000, 0x39049a68, 0x39049c00, 0x39600000)
Event: 66.134 GC heap after
Heap after GC invocations=71 (full 8):
 def new generation   total 78656K, used 0K [0x24000000, 0x29550000, 0x29550000)
  eden space 69952K,   0% used [0x24000000, 0x24000000, 0x28450000)
  from space 8704K,   0% used [0x28450000, 0x28450000, 0x28cd0000)
  to   space 8704K,   0% used [0x28cd0000, 0x28cd0000, 0x29550000)
 tenured generation   total 174784K, used 128622K [0x29550000, 0x34000000, 0x34000000)
   the space 174784K,  73% used [0x29550000, 0x312ebad0, 0x312ebc00, 0x34000000)
 compacting perm gen  total 12288K, used 8822K [0x34000000, 0x34c00000, 0x38000000)
   the space 12288K,  71% used [0x34000000, 0x3489d848, 0x3489da00, 0x34c00000)
    ro space 10240K,  42% used [0x38000000, 0x38434778, 0x38434800, 0x38a00000)
    rw space 12288K,  52% used [0x38a00000, 0x39049a68, 0x39049c00, 0x39600000)
}
Event: 77.493 GC heap before
{Heap before GC invocations=71 (full 8):
 def new generation   total 78656K, used 69960K [0x24000000, 0x29550000, 0x29550000)
  eden space 69952K, 100% used [0x24000000, 0x28450000, 0x28450000)
  from space 8704K,   0% used [0x28450000, 0x28452010, 0x28cd0000)
  to   space 8704K,   0% used [0x28cd0000, 0x28cd0000, 0x29550000)
 tenured generation   total 174784K, used 128622K [0x29550000, 0x34000000, 0x34000000)
   the space 174784K,  73% used [0x29550000, 0x312ebad0, 0x312ebc00, 0x34000000)
 compacting perm gen  total 12288K, used 8822K [0x34000000, 0x34c00000, 0x38000000)
   the space 12288K,  71% used [0x34000000, 0x3489d888, 0x3489da00, 0x34c00000)
    ro space 10240K,  42% used [0x38000000, 0x38434778, 0x38434800, 0x38a00000)
    rw space 12288K,  52% used [0x38a00000, 0x39049a68, 0x39049c00, 0x39600000)
Event: 77.501 GC heap after
Heap after GC invocations=72 (full 8):
 def new generation   total 78656K, used 8704K [0x24000000, 0x29550000, 0x29550000)
  eden space 69952K,   0% used [0x24000000, 0x24000000, 0x28450000)
  from space 8704K, 100% used [0x28cd0000, 0x29550000, 0x29550000)
  to   space 8704K,   0% used [0x28450000, 0x28450000, 0x28cd0000)
 tenured generation   total 174784K, used 138818K [0x29550000, 0x34000000, 0x34000000)
   the space 174784K,  79% used [0x29550000, 0x31ce0920, 0x31ce0a00, 0x34000000)
 compacting perm gen  total 12288K, used 8822K [0x34000000, 0x34c00000, 0x38000000)
   the space 12288K,  71% used [0x34000000, 0x3489d888, 0x3489da00, 0x34c00000)
    ro space 10240K,  42% used [0x38000000, 0x38434778, 0x38434800, 0x38a00000)
    rw space 12288K,  52% used [0x38a00000, 0x39049a68, 0x39049c00, 0x39600000)
}

