# JRE version: Java(TM) SE Runtime Environment (7.0_60-b19) (build 1.7.0_60-b19)
# Java VM: Java HotSpot(TM) Client VM (24.60-b09 mixed mode, sharing windows-x86 )
Heap
 def new generation   total 22464K, used 13992K [0x24000000, 0x25850000, 0x29550000)
  eden space 20032K,  57% used [0x24000000, 0x24b4c278, 0x25390000)
  from space 2432K,  99% used [0x255f0000, 0x2584e178, 0x25850000)
  to   space 2432K,   0% used [0x25390000, 0x25390000, 0x255f0000)
 tenured generation   total 49696K, used 30968K [0x29550000, 0x2c5d8000, 0x34000000)
   the space 49696K,  62% used [0x29550000, 0x2b38e2e8, 0x2b38e400, 0x2c5d8000)
 compacting perm gen  total 12288K, used 8584K [0x34000000, 0x34c00000, 0x38000000)
   the space 12288K,  69% used [0x34000000, 0x34862150, 0x34862200, 0x34c00000)
    ro space 10240K,  42% used [0x38000000, 0x38434778, 0x38434800, 0x38a00000)
    rw space 12288K,  52% used [0x38a00000, 0x39049a68, 0x39049c00, 0x39600000)
GC Heap History (10 events):
Event: 4.568 GC heap before
{Heap before GC invocations=14 (full 3):
 def new generation   total 13376K, used 10432K [0x24000000, 0x24e80000, 0x29550000)
  eden space 11904K,  87% used [0x24000000, 0x24a301b8, 0x24ba0000)
  from space 1472K,   0% used [0x24ba0000, 0x24ba0000, 0x24d10000)
  to   space 1472K,   0% used [0x24d10000, 0x24d10000, 0x24e80000)
 tenured generation   total 29616K, used 17768K [0x29550000, 0x2b23c000, 0x34000000)
   the space 29616K,  59% used [0x29550000, 0x2a6aa0c0, 0x2a6aa200, 0x2b23c000)
 compacting perm gen  total 12288K, used 8564K [0x34000000, 0x34c00000, 0x38000000)
   the space 12288K,  69% used [0x34000000, 0x3485d378, 0x3485d400, 0x34c00000)
    ro space 10240K,  42% used [0x38000000, 0x38434778, 0x38434800, 0x38a00000)
    rw space 12288K,  52% used [0x38a00000, 0x39049a68, 0x39049c00, 0x39600000)
Event: 4.571 GC heap after
Heap after GC invocations=15 (full 3):
 def new generation   total 13376K, used 221K [0x24000000, 0x24e80000, 0x29550000)
  eden space 11904K,   0% used [0x24000000, 0x24000000, 0x24ba0000)
  from space 1472K,  15% used [0x24d10000, 0x24d47600, 0x24e80000)
  to   space 1472K,   0% used [0x24ba0000, 0x24ba0000, 0x24d10000)
 tenured generation   total 29616K, used 27020K [0x29550000, 0x2b23c000, 0x34000000)
   the space 29616K,  91% used [0x29550000, 0x2afb30a0, 0x2afb3200, 0x2b23c000)
 compacting perm gen  total 12288K, used 8564K [0x34000000, 0x34c00000, 0x38000000)
   the space 12288K,  69% used [0x34000000, 0x3485d378, 0x3485d400, 0x34c00000)
    ro space 10240K,  42% used [0x38000000, 0x38434778, 0x38434800, 0x38a00000)
    rw space 12288K,  52% used [0x38a00000, 0x39049a68, 0x39049c00, 0x39600000)
}
Event: 4.573 GC heap before
{Heap before GC invocations=15 (full 3):
 def new generation   total 13376K, used 9562K [0x24000000, 0x24e80000, 0x29550000)
  eden space 11904K,  78% used [0x24000000, 0x2491f2a0, 0x24ba0000)
  from space 1472K,  15% used [0x24d10000, 0x24d47600, 0x24e80000)
  to   space 1472K,   0% used [0x24ba0000, 0x24ba0000, 0x24d10000)
 tenured generation   total 29616K, used 27020K [0x29550000, 0x2b23c000, 0x34000000)
   the space 29616K,  91% used [0x29550000, 0x2afb30a0, 0x2afb3200, 0x2b23c000)
 compacting perm gen  total 12288K, used 8564K [0x34000000, 0x34c00000, 0x38000000)
   the space 12288K,  69% used [0x34000000, 0x3485d378, 0x3485d400, 0x34c00000)
    ro space 10240K,  42% used [0x38000000, 0x38434778, 0x38434800, 0x38a00000)
    rw space 12288K,  52% used [0x38a00000, 0x39049a68, 0x39049c00, 0x39600000)
Event: 4.620 GC heap after
Heap after GC invocations=16 (full 4):
 def new generation   total 17920K, used 0K [0x24000000, 0x25370000, 0x29550000)
  eden space 15936K,   0% used [0x24000000, 0x24000000, 0x24f90000)
  from space 1984K,   0% used [0x24f90000, 0x24f90000, 0x25180000)
  to   space 1984K,   0% used [0x25180000, 0x25180000, 0x25370000)
 tenured generation   total 39712K, used 23825K [0x29550000, 0x2bc18000, 0x34000000)
   the space 39712K,  59% used [0x29550000, 0x2ac94550, 0x2ac94600, 0x2bc18000)
 compacting perm gen  total 12288K, used 8558K [0x34000000, 0x34c00000, 0x38000000)
   the space 12288K,  69% used [0x34000000, 0x3485bb60, 0x3485bc00, 0x34c00000)
    ro space 10240K,  42% used [0x38000000, 0x38434778, 0x38434800, 0x38a00000)
    rw space 12288K,  52% used [0x38a00000, 0x39049a68, 0x39049c00, 0x39600000)
}
Event: 5.657 GC heap before
{Heap before GC invocations=16 (full 4):
 def new generation   total 17920K, used 13260K [0x24000000, 0x25370000, 0x29550000)
  eden space 15936K,  83% used [0x24000000, 0x24cf3328, 0x24f90000)
  from space 1984K,   0% used [0x24f90000, 0x24f90000, 0x25180000)
  to   space 1984K,   0% used [0x25180000, 0x25180000, 0x25370000)
 tenured generation   total 39712K, used 23825K [0x29550000, 0x2bc18000, 0x34000000)
   the space 39712K,  59% used [0x29550000, 0x2ac94550, 0x2ac94600, 0x2bc18000)
 compacting perm gen  total 12288K, used 8578K [0x34000000, 0x34c00000, 0x38000000)
   the space 12288K,  69% used [0x34000000, 0x34860b30, 0x34860c00, 0x34c00000)
    ro space 10240K,  42% used [0x38000000, 0x38434778, 0x38434800, 0x38a00000)
    rw space 12288K,  52% used [0x38a00000, 0x39049a68, 0x39049c00, 0x39600000)
Event: 5.666 GC heap after
Heap after GC invocations=17 (full 4):
 def new generation   total 17920K, used 1865K [0x24000000, 0x25370000, 0x29550000)
  eden space 15936K,   0% used [0x24000000, 0x24000000, 0x24f90000)
  from space 1984K,  94% used [0x25180000, 0x25352510, 0x25370000)
  to   space 1984K,   0% used [0x24f90000, 0x24f90000, 0x25180000)
 tenured generation   total 39712K, used 31278K [0x29550000, 0x2bc18000, 0x34000000)
   the space 39712K,  78% used [0x29550000, 0x2b3db878, 0x2b3dba00, 0x2bc18000)
 compacting perm gen  total 12288K, used 8578K [0x34000000, 0x34c00000, 0x38000000)
   the space 12288K,  69% used [0x34000000, 0x34860b30, 0x34860c00, 0x34c00000)
    ro space 10240K,  42% used [0x38000000, 0x38434778, 0x38434800, 0x38a00000)
    rw space 12288K,  52% used [0x38a00000, 0x39049a68, 0x39049c00, 0x39600000)
}
Event: 6.675 GC heap before
{Heap before GC invocations=17 (full 4):
 def new generation   total 17920K, used 17801K [0x24000000, 0x25370000, 0x29550000)
  eden space 15936K, 100% used [0x24000000, 0x24f90000, 0x24f90000)
  from space 1984K,  94% used [0x25180000, 0x25352510, 0x25370000)
  to   space 1984K,   0% used [0x24f90000, 0x24f90000, 0x25180000)
 tenured generation   total 39712K, used 31278K [0x29550000, 0x2bc18000, 0x34000000)
   the space 39712K,  78% used [0x29550000, 0x2b3db878, 0x2b3dba00, 0x2bc18000)
 compacting perm gen  total 12288K, used 8580K [0x34000000, 0x34c00000, 0x38000000)
   the space 12288K,  69% used [0x34000000, 0x34861048, 0x34861200, 0x34c00000)
    ro space 10240K,  42% used [0x38000000, 0x38434778, 0x38434800, 0x38a00000)
    rw space 12288K,  52% used [0x38a00000, 0x39049a68, 0x39049c00, 0x39600000)
Event: 6.739 GC heap after
Heap after GC invocations=18 (full 5):
 def new generation   total 22464K, used 0K [0x24000000, 0x25850000, 0x29550000)
  eden space 20032K,   0% used [0x24000000, 0x24000000, 0x25390000)
  from space 2432K,   0% used [0x25390000, 0x25390000, 0x255f0000)
  to   space 2432K,   0% used [0x255f0000, 0x255f0000, 0x25850000)
 tenured generation   total 49696K, used 29816K [0x29550000, 0x2c5d8000, 0x34000000)
   the space 49696K,  59% used [0x29550000, 0x2b26e288, 0x2b26e400, 0x2c5d8000)
 compacting perm gen  total 12288K, used 8580K [0x34000000, 0x34c00000, 0x38000000)
   the space 12288K,  69% used [0x34000000, 0x34861048, 0x34861200, 0x34c00000)
    ro space 10240K,  42% used [0x38000000, 0x38434778, 0x38434800, 0x38a00000)
    rw space 12288K,  52% used [0x38a00000, 0x39049a68, 0x39049c00, 0x39600000)
}
Event: 11.815 GC heap before
{Heap before GC invocations=18 (full 5):
 def new generation   total 22464K, used 17492K [0x24000000, 0x25850000, 0x29550000)
  eden space 20032K,  87% used [0x24000000, 0x251152f8, 0x25390000)
  from space 2432K,   0% used [0x25390000, 0x25390000, 0x255f0000)
  to   space 2432K,   0% used [0x255f0000, 0x255f0000, 0x25850000)
 tenured generation   total 49696K, used 29816K [0x29550000, 0x2c5d8000, 0x34000000)
   the space 49696K,  59% used [0x29550000, 0x2b26e288, 0x2b26e400, 0x2c5d8000)
 compacting perm gen  total 12288K, used 8580K [0x34000000, 0x34c00000, 0x38000000)
   the space 12288K,  69% used [0x34000000, 0x348612b0, 0x34861400, 0x34c00000)
    ro space 10240K,  42% used [0x38000000, 0x38434778, 0x38434800, 0x38a00000)
    rw space 12288K,  52% used [0x38a00000, 0x39049a68, 0x39049c00, 0x39600000)
Event: 11.821 GC heap after
Heap after GC invocations=19 (full 5):
 def new generation   total 22464K, used 2424K [0x24000000, 0x25850000, 0x29550000)
  eden space 20032K,   0% used [0x24000000, 0x24000000, 0x25390000)
  from space 2432K,  99% used [0x255f0000, 0x2584e178, 0x25850000)
  to   space 2432K,   0% used [0x25390000, 0x25390000, 0x255f0000)
 tenured generation   total 49696K, used 30968K [0x29550000, 0x2c5d8000, 0x34000000)
   the space 49696K,  62% used [0x29550000, 0x2b38e2e8, 0x2b38e400, 0x2c5d8000)
 compacting perm gen  total 12288K, used 8580K [0x34000000, 0x34c00000, 0x38000000)
   the space 12288K,  69% used [0x34000000, 0x348612b0, 0x34861400, 0x34c00000)
    ro space 10240K,  42% used [0x38000000, 0x38434778, 0x38434800, 0x38a00000)
    rw space 12288K,  52% used [0x38a00000, 0x39049a68, 0x39049c00, 0x39600000)
}

