# JRE version: Java(TM) SE Runtime Environment (7.0_60-b19) (build 1.7.0_60-b19)
# Java VM: Java HotSpot(TM) Client VM (24.60-b09 mixed mode, sharing windows-x86 )
Heap
 def new generation   total 20736K, used 14191K [0x24000000, 0x25670000, 0x29550000)
  eden space 18496K,  64% used [0x24000000, 0x24babed0, 0x25210000)
  from space 2240K, 100% used [0x25440000, 0x25670000, 0x25670000)
  to   space 2240K,   0% used [0x25210000, 0x25210000, 0x25440000)
 tenured generation   total 54572K, used 54554K [0x29550000, 0x2ca9b000, 0x34000000)
   the space 54572K,  99% used [0x29550000, 0x2ca96a50, 0x2ca96c00, 0x2ca9b000)
 compacting perm gen  total 12288K, used 8792K [0x34000000, 0x34c00000, 0x38000000)
   the space 12288K,  71% used [0x34000000, 0x34896258, 0x34896400, 0x34c00000)
    ro space 10240K,  42% used [0x38000000, 0x38434778, 0x38434800, 0x38a00000)
    rw space 12288K,  52% used [0x38a00000, 0x39049a68, 0x39049c00, 0x39600000)
GC Heap History (10 events):
Event: 7.128 GC heap before
{Heap before GC invocations=15 (full 3):
 def new generation   total 13248K, used 13209K [0x24000000, 0x24e60000, 0x29550000)
  eden space 11776K,  99% used [0x24000000, 0x24b76428, 0x24b80000)
  from space 1472K, 100% used [0x24cf0000, 0x24e60000, 0x24e60000)
  to   space 1472K,   0% used [0x24b80000, 0x24b80000, 0x24cf0000)
 tenured generation   total 29388K, used 23081K [0x29550000, 0x2b203000, 0x34000000)
   the space 29388K,  78% used [0x29550000, 0x2abda4f8, 0x2abda600, 0x2b203000)
 compacting perm gen  total 12288K, used 8788K [0x34000000, 0x34c00000, 0x38000000)
   the space 12288K,  71% used [0x34000000, 0x34895318, 0x34895400, 0x34c00000)
    ro space 10240K,  42% used [0x38000000, 0x38434778, 0x38434800, 0x38a00000)
    rw space 12288K,  52% used [0x38a00000, 0x39049a68, 0x39049c00, 0x39600000)
Event: 7.133 GC heap after
Heap after GC invocations=16 (full 3):
 def new generation   total 13248K, used 1352K [0x24000000, 0x24e60000, 0x29550000)
  eden space 11776K,   0% used [0x24000000, 0x24000000, 0x24b80000)
  from space 1472K,  91% used [0x24b80000, 0x24cd2140, 0x24cf0000)
  to   space 1472K,   0% used [0x24cf0000, 0x24cf0000, 0x24e60000)
 tenured generation   total 29388K, used 29288K [0x29550000, 0x2b203000, 0x34000000)
   the space 29388K,  99% used [0x29550000, 0x2b1ea398, 0x2b1ea400, 0x2b203000)
 compacting perm gen  total 12288K, used 8788K [0x34000000, 0x34c00000, 0x38000000)
   the space 12288K,  71% used [0x34000000, 0x34895318, 0x34895400, 0x34c00000)
    ro space 10240K,  42% used [0x38000000, 0x38434778, 0x38434800, 0x38a00000)
    rw space 12288K,  52% used [0x38a00000, 0x39049a68, 0x39049c00, 0x39600000)
}
Event: 8.701 GC heap before
{Heap before GC invocations=16 (full 3):
 def new generation   total 13248K, used 11308K [0x24000000, 0x24e60000, 0x29550000)
  eden space 11776K,  84% used [0x24000000, 0x249b9070, 0x24b80000)
  from space 1472K,  91% used [0x24b80000, 0x24cd2140, 0x24cf0000)
  to   space 1472K,   0% used [0x24cf0000, 0x24cf0000, 0x24e60000)
 tenured generation   total 29388K, used 29288K [0x29550000, 0x2b203000, 0x34000000)
   the space 29388K,  99% used [0x29550000, 0x2b1ea398, 0x2b1ea400, 0x2b203000)
 compacting perm gen  total 12288K, used 8789K [0x34000000, 0x34c00000, 0x38000000)
   the space 12288K,  71% used [0x34000000, 0x34895520, 0x34895600, 0x34c00000)
    ro space 10240K,  42% used [0x38000000, 0x38434778, 0x38434800, 0x38a00000)
    rw space 12288K,  52% used [0x38a00000, 0x39049a68, 0x39049c00, 0x39600000)
Event: 8.752 GC heap after
Heap after GC invocations=17 (full 4):
 def new generation   total 20736K, used 0K [0x24000000, 0x25670000, 0x29550000)
  eden space 18496K,   0% used [0x24000000, 0x24000000, 0x25210000)
  from space 2240K,   0% used [0x25210000, 0x25210000, 0x25440000)
  to   space 2240K,   0% used [0x25440000, 0x25440000, 0x25670000)
 tenured generation   total 45732K, used 27438K [0x29550000, 0x2c1f9000, 0x34000000)
   the space 45732K,  59% used [0x29550000, 0x2b01bab8, 0x2b01bc00, 0x2c1f9000)
 compacting perm gen  total 12288K, used 8782K [0x34000000, 0x34c00000, 0x38000000)
   the space 12288K,  71% used [0x34000000, 0x34893bb8, 0x34893c00, 0x34c00000)
    ro space 10240K,  42% used [0x38000000, 0x38434778, 0x38434800, 0x38a00000)
    rw space 12288K,  52% used [0x38a00000, 0x39049a68, 0x39049c00, 0x39600000)
}
Event: 8.797 GC heap before
{Heap before GC invocations=17 (full 4):
 def new generation   total 20736K, used 18253K [0x24000000, 0x25670000, 0x29550000)
  eden space 18496K,  98% used [0x24000000, 0x251d35f8, 0x25210000)
  from space 2240K,   0% used [0x25210000, 0x25210000, 0x25440000)
  to   space 2240K,   0% used [0x25440000, 0x25440000, 0x25670000)
 tenured generation   total 45732K, used 27438K [0x29550000, 0x2c1f9000, 0x34000000)
   the space 45732K,  59% used [0x29550000, 0x2b01bab8, 0x2b01bc00, 0x2c1f9000)
 compacting perm gen  total 12288K, used 8782K [0x34000000, 0x34c00000, 0x38000000)
   the space 12288K,  71% used [0x34000000, 0x34893bf8, 0x34893c00, 0x34c00000)
    ro space 10240K,  42% used [0x38000000, 0x38434778, 0x38434800, 0x38a00000)
    rw space 12288K,  52% used [0x38a00000, 0x39049a68, 0x39049c00, 0x39600000)
Event: 8.801 GC heap after
Heap after GC invocations=18 (full 4):
 def new generation   total 20736K, used 2235K [0x24000000, 0x25670000, 0x29550000)
  eden space 18496K,   0% used [0x24000000, 0x24000000, 0x25210000)
  from space 2240K,  99% used [0x25440000, 0x2566ed98, 0x25670000)
  to   space 2240K,   0% used [0x25210000, 0x25210000, 0x25440000)
 tenured generation   total 45732K, used 38623K [0x29550000, 0x2c1f9000, 0x34000000)
   the space 45732K,  84% used [0x29550000, 0x2bb07ec8, 0x2bb08000, 0x2c1f9000)
 compacting perm gen  total 12288K, used 8782K [0x34000000, 0x34c00000, 0x38000000)
   the space 12288K,  71% used [0x34000000, 0x34893bf8, 0x34893c00, 0x34c00000)
    ro space 10240K,  42% used [0x38000000, 0x38434778, 0x38434800, 0x38a00000)
    rw space 12288K,  52% used [0x38a00000, 0x39049a68, 0x39049c00, 0x39600000)
}
Event: 9.262 GC heap before
{Heap before GC invocations=18 (full 4):
 def new generation   total 20736K, used 20731K [0x24000000, 0x25670000, 0x29550000)
  eden space 18496K, 100% used [0x24000000, 0x25210000, 0x25210000)
  from space 2240K,  99% used [0x25440000, 0x2566ed98, 0x25670000)
  to   space 2240K,   0% used [0x25210000, 0x25210000, 0x25440000)
 tenured generation   total 45732K, used 38887K [0x29550000, 0x2c1f9000, 0x34000000)
   the space 45732K,  85% used [0x29550000, 0x2bb49ee8, 0x2bb4a000, 0x2c1f9000)
 compacting perm gen  total 12288K, used 8783K [0x34000000, 0x34c00000, 0x38000000)
   the space 12288K,  71% used [0x34000000, 0x34893c48, 0x34893e00, 0x34c00000)
    ro space 10240K,  42% used [0x38000000, 0x38434778, 0x38434800, 0x38a00000)
    rw space 12288K,  52% used [0x38a00000, 0x39049a68, 0x39049c00, 0x39600000)
Event: 9.269 GC heap after
Heap after GC invocations=19 (full 4):
 def new generation   total 20736K, used 2240K [0x24000000, 0x25670000, 0x29550000)
  eden space 18496K,   0% used [0x24000000, 0x24000000, 0x25210000)
  from space 2240K, 100% used [0x25210000, 0x25440000, 0x25440000)
  to   space 2240K,   0% used [0x25440000, 0x25440000, 0x25670000)
 tenured generation   total 51192K, used 51020K [0x29550000, 0x2c74e000, 0x34000000)
   the space 51192K,  99% used [0x29550000, 0x2c7231a8, 0x2c723200, 0x2c74e000)
 compacting perm gen  total 12288K, used 8783K [0x34000000, 0x34c00000, 0x38000000)
   the space 12288K,  71% used [0x34000000, 0x34893c48, 0x34893e00, 0x34c00000)
    ro space 10240K,  42% used [0x38000000, 0x38434778, 0x38434800, 0x38a00000)
    rw space 12288K,  52% used [0x38a00000, 0x39049a68, 0x39049c00, 0x39600000)
}
Event: 9.930 GC heap before
{Heap before GC invocations=19 (full 4):
 def new generation   total 20736K, used 20501K [0x24000000, 0x25670000, 0x29550000)
  eden space 18496K,  98% used [0x24000000, 0x251d5400, 0x25210000)
  from space 2240K, 100% used [0x25210000, 0x25440000, 0x25440000)
  to   space 2240K,   0% used [0x25440000, 0x25440000, 0x25670000)
 tenured generation   total 51452K, used 51276K [0x29550000, 0x2c78f000, 0x34000000)
   the space 51452K,  99% used [0x29550000, 0x2c7631b8, 0x2c763200, 0x2c78f000)
 compacting perm gen  total 12288K, used 8783K [0x34000000, 0x34c00000, 0x38000000)
   the space 12288K,  71% used [0x34000000, 0x34893cc8, 0x34893e00, 0x34c00000)
    ro space 10240K,  42% used [0x38000000, 0x38434778, 0x38434800, 0x38a00000)
    rw space 12288K,  52% used [0x38a00000, 0x39049a68, 0x39049c00, 0x39600000)
Event: 9.933 GC heap after
Heap after GC invocations=20 (full 4):
 def new generation   total 20736K, used 2240K [0x24000000, 0x25670000, 0x29550000)
  eden space 18496K,   0% used [0x24000000, 0x24000000, 0x25210000)
  from space 2240K, 100% used [0x25440000, 0x25670000, 0x25670000)
  to   space 2240K,   0% used [0x25210000, 0x25210000, 0x25440000)
 tenured generation   total 54572K, used 54554K [0x29550000, 0x2ca9b000, 0x34000000)
   the space 54572K,  99% used [0x29550000, 0x2ca96a50, 0x2ca96c00, 0x2ca9b000)
 compacting perm gen  total 12288K, used 8783K [0x34000000, 0x34c00000, 0x38000000)
   the space 12288K,  71% used [0x34000000, 0x34893cc8, 0x34893e00, 0x34c00000)
    ro space 10240K,  42% used [0x38000000, 0x38434778, 0x38434800, 0x38a00000)
    rw space 12288K,  52% used [0x38a00000, 0x39049a68, 0x39049c00, 0x39600000)
}

