# JRE version: Java(TM) SE Runtime Environment (7.0_60-b19) (build 1.7.0_60-b19)
# Java VM: Java HotSpot(TM) Client VM (24.60-b09 mixed mode, sharing windows-x86 )
Heap
 def new generation   total 78656K, used 48711K [0x24000000, 0x29550000, 0x29550000)
  eden space 69952K,  57% used [0x24000000, 0x26711d88, 0x28450000)
  from space 8704K, 100% used [0x28cd0000, 0x29550000, 0x29550000)
  to   space 8704K,   0% used [0x28450000, 0x28450000, 0x28cd0000)
 tenured generation   total 174784K, used 165957K [0x29550000, 0x34000000, 0x34000000)
   the space 174784K,  94% used [0x29550000, 0x33761798, 0x33761800, 0x34000000)
 compacting perm gen  total 12288K, used 10965K [0x34000000, 0x34c00000, 0x38000000)
   the space 12288K,  89% used [0x34000000, 0x34ab54d0, 0x34ab5600, 0x34c00000)
    ro space 10240K,  42% used [0x38000000, 0x38434778, 0x38434800, 0x38a00000)
    rw space 12288K,  52% used [0x38a00000, 0x39049a68, 0x39049c00, 0x39600000)
GC Heap History (10 events):
Event: 424.732 GC heap before
{Heap before GC invocations=119 (full 10):
 def new generation   total 78656K, used 78523K [0x24000000, 0x29550000, 0x29550000)
  eden space 69952K, 100% used [0x24000000, 0x28450000, 0x28450000)
  from space 8704K,  98% used [0x28450000, 0x28caec70, 0x28cd0000)
  to   space 8704K,   0% used [0x28cd0000, 0x28cd0000, 0x29550000)
 tenured generation   total 174784K, used 149444K [0x29550000, 0x34000000, 0x34000000)
   the space 174784K,  85% used [0x29550000, 0x327410c8, 0x32741200, 0x34000000)
 compacting perm gen  total 12288K, used 9807K [0x34000000, 0x34c00000, 0x38000000)
   the space 12288K,  79% used [0x34000000, 0x34993f20, 0x34994000, 0x34c00000)
    ro space 10240K,  42% used [0x38000000, 0x38434778, 0x38434800, 0x38a00000)
    rw space 12288K,  52% used [0x38a00000, 0x39049a68, 0x39049c00, 0x39600000)
Event: 424.738 GC heap after
Heap after GC invocations=120 (full 10):
 def new generation   total 78656K, used 7612K [0x24000000, 0x29550000, 0x29550000)
  eden space 69952K,   0% used [0x24000000, 0x24000000, 0x28450000)
  from space 8704K,  87% used [0x28cd0000, 0x2943f228, 0x29550000)
  to   space 8704K,   0% used [0x28450000, 0x28450000, 0x28cd0000)
 tenured generation   total 174784K, used 154338K [0x29550000, 0x34000000, 0x34000000)
   the space 174784K,  88% used [0x29550000, 0x32c08b18, 0x32c08c00, 0x34000000)
 compacting perm gen  total 12288K, used 9807K [0x34000000, 0x34c00000, 0x38000000)
   the space 12288K,  79% used [0x34000000, 0x34993f20, 0x34994000, 0x34c00000)
    ro space 10240K,  42% used [0x38000000, 0x38434778, 0x38434800, 0x38a00000)
    rw space 12288K,  52% used [0x38a00000, 0x39049a68, 0x39049c00, 0x39600000)
}
Event: 480.444 GC heap before
{Heap before GC invocations=120 (full 10):
 def new generation   total 78656K, used 77564K [0x24000000, 0x29550000, 0x29550000)
  eden space 69952K, 100% used [0x24000000, 0x28450000, 0x28450000)
  from space 8704K,  87% used [0x28cd0000, 0x2943f228, 0x29550000)
  to   space 8704K,   0% used [0x28450000, 0x28450000, 0x28cd0000)
 tenured generation   total 174784K, used 154338K [0x29550000, 0x34000000, 0x34000000)
   the space 174784K,  88% used [0x29550000, 0x32c08b18, 0x32c08c00, 0x34000000)
 compacting perm gen  total 12288K, used 9808K [0x34000000, 0x34c00000, 0x38000000)
   the space 12288K,  79% used [0x34000000, 0x34994340, 0x34994400, 0x34c00000)
    ro space 10240K,  42% used [0x38000000, 0x38434778, 0x38434800, 0x38a00000)
    rw space 12288K,  52% used [0x38a00000, 0x39049a68, 0x39049c00, 0x39600000)
Event: 480.607 GC heap after
Heap after GC invocations=121 (full 11):
 def new generation   total 78656K, used 0K [0x24000000, 0x29550000, 0x29550000)
  eden space 69952K,   0% used [0x24000000, 0x24000000, 0x28450000)
  from space 8704K,   0% used [0x28450000, 0x28450000, 0x28cd0000)
  to   space 8704K,   0% used [0x28cd0000, 0x28cd0000, 0x29550000)
 tenured generation   total 174784K, used 107434K [0x29550000, 0x34000000, 0x34000000)
   the space 174784K,  61% used [0x29550000, 0x2fe3a9d8, 0x2fe3aa00, 0x34000000)
 compacting perm gen  total 12288K, used 9808K [0x34000000, 0x34c00000, 0x38000000)
   the space 12288K,  79% used [0x34000000, 0x34994340, 0x34994400, 0x34c00000)
    ro space 10240K,  42% used [0x38000000, 0x38434778, 0x38434800, 0x38a00000)
    rw space 12288K,  52% used [0x38a00000, 0x39049a68, 0x39049c00, 0x39600000)
}
Event: 495.203 GC heap before
{Heap before GC invocations=121 (full 11):
 def new generation   total 78656K, used 69699K [0x24000000, 0x29550000, 0x29550000)
  eden space 69952K,  99% used [0x24000000, 0x28410ed8, 0x28450000)
  from space 8704K,   0% used [0x28450000, 0x28450000, 0x28cd0000)
  to   space 8704K,   0% used [0x28cd0000, 0x28cd0000, 0x29550000)
 tenured generation   total 174784K, used 107434K [0x29550000, 0x34000000, 0x34000000)
   the space 174784K,  61% used [0x29550000, 0x2fe3a9d8, 0x2fe3aa00, 0x34000000)
 compacting perm gen  total 12288K, used 9810K [0x34000000, 0x34c00000, 0x38000000)
   the space 12288K,  79% used [0x34000000, 0x34994a08, 0x34994c00, 0x34c00000)
    ro space 10240K,  42% used [0x38000000, 0x38434778, 0x38434800, 0x38a00000)
    rw space 12288K,  52% used [0x38a00000, 0x39049a68, 0x39049c00, 0x39600000)
Event: 495.230 GC heap after
Heap after GC invocations=122 (full 11):
 def new generation   total 78656K, used 8704K [0x24000000, 0x29550000, 0x29550000)
  eden space 69952K,   0% used [0x24000000, 0x24000000, 0x28450000)
  from space 8704K, 100% used [0x28cd0000, 0x29550000, 0x29550000)
  to   space 8704K,   0% used [0x28450000, 0x28450000, 0x28cd0000)
 tenured generation   total 174784K, used 122887K [0x29550000, 0x34000000, 0x34000000)
   the space 174784K,  70% used [0x29550000, 0x30d51d90, 0x30d51e00, 0x34000000)
 compacting perm gen  total 12288K, used 9810K [0x34000000, 0x34c00000, 0x38000000)
   the space 12288K,  79% used [0x34000000, 0x34994a08, 0x34994c00, 0x34c00000)
    ro space 10240K,  42% used [0x38000000, 0x38434778, 0x38434800, 0x38a00000)
    rw space 12288K,  52% used [0x38a00000, 0x39049a68, 0x39049c00, 0x39600000)
}
Event: 539.278 GC heap before
{Heap before GC invocations=122 (full 11):
 def new generation   total 78656K, used 78656K [0x24000000, 0x29550000, 0x29550000)
  eden space 69952K, 100% used [0x24000000, 0x28450000, 0x28450000)
  from space 8704K, 100% used [0x28cd0000, 0x29550000, 0x29550000)
  to   space 8704K,   0% used [0x28450000, 0x28450000, 0x28cd0000)
 tenured generation   total 174784K, used 122887K [0x29550000, 0x34000000, 0x34000000)
   the space 174784K,  70% used [0x29550000, 0x30d51d90, 0x30d51e00, 0x34000000)
 compacting perm gen  total 12288K, used 10900K [0x34000000, 0x34c00000, 0x38000000)
   the space 12288K,  88% used [0x34000000, 0x34aa5040, 0x34aa5200, 0x34c00000)
    ro space 10240K,  42% used [0x38000000, 0x38434778, 0x38434800, 0x38a00000)
    rw space 12288K,  52% used [0x38a00000, 0x39049a68, 0x39049c00, 0x39600000)
Event: 539.302 GC heap after
Heap after GC invocations=123 (full 11):
 def new generation   total 78656K, used 8704K [0x24000000, 0x29550000, 0x29550000)
  eden space 69952K,   0% used [0x24000000, 0x24000000, 0x28450000)
  from space 8704K, 100% used [0x28450000, 0x28cd0000, 0x28cd0000)
  to   space 8704K,   0% used [0x28cd0000, 0x28cd0000, 0x29550000)
 tenured generation   total 174784K, used 143797K [0x29550000, 0x34000000, 0x34000000)
   the space 174784K,  82% used [0x29550000, 0x321bd4b8, 0x321bd600, 0x34000000)
 compacting perm gen  total 12288K, used 10900K [0x34000000, 0x34c00000, 0x38000000)
   the space 12288K,  88% used [0x34000000, 0x34aa5040, 0x34aa5200, 0x34c00000)
    ro space 10240K,  42% used [0x38000000, 0x38434778, 0x38434800, 0x38a00000)
    rw space 12288K,  52% used [0x38a00000, 0x39049a68, 0x39049c00, 0x39600000)
}
Event: 551.213 GC heap before
{Heap before GC invocations=123 (full 11):
 def new generation   total 78656K, used 78033K [0x24000000, 0x29550000, 0x29550000)
  eden space 69952K,  99% used [0x24000000, 0x283b46f8, 0x28450000)
  from space 8704K, 100% used [0x28450000, 0x28cd0000, 0x28cd0000)
  to   space 8704K,   0% used [0x28cd0000, 0x28cd0000, 0x29550000)
 tenured generation   total 174784K, used 143797K [0x29550000, 0x34000000, 0x34000000)
   the space 174784K,  82% used [0x29550000, 0x321bd4b8, 0x321bd600, 0x34000000)
 compacting perm gen  total 12288K, used 10963K [0x34000000, 0x34c00000, 0x38000000)
   the space 12288K,  89% used [0x34000000, 0x34ab4e98, 0x34ab5000, 0x34c00000)
    ro space 10240K,  42% used [0x38000000, 0x38434778, 0x38434800, 0x38a00000)
    rw space 12288K,  52% used [0x38a00000, 0x39049a68, 0x39049c00, 0x39600000)
Event: 551.227 GC heap after
Heap after GC invocations=124 (full 11):
 def new generation   total 78656K, used 8704K [0x24000000, 0x29550000, 0x29550000)
  eden space 69952K,   0% used [0x24000000, 0x24000000, 0x28450000)
  from space 8704K, 100% used [0x28cd0000, 0x29550000, 0x29550000)
  to   space 8704K,   0% used [0x28450000, 0x28450000, 0x28cd0000)
 tenured generation   total 174784K, used 165957K [0x29550000, 0x34000000, 0x34000000)
   the space 174784K,  94% used [0x29550000, 0x33761798, 0x33761800, 0x34000000)
 compacting perm gen  total 12288K, used 10963K [0x34000000, 0x34c00000, 0x38000000)
   the space 12288K,  89% used [0x34000000, 0x34ab4e98, 0x34ab5000, 0x34c00000)
    ro space 10240K,  42% used [0x38000000, 0x38434778, 0x38434800, 0x38a00000)
    rw space 12288K,  52% used [0x38a00000, 0x39049a68, 0x39049c00, 0x39600000)
}

