# JRE version: Java(TM) SE Runtime Environment (7.0_60-b19) (build 1.7.0_60-b19)
# Java VM: Java HotSpot(TM) Client VM (24.60-b09 mixed mode, sharing windows-x86 )
Heap
 def new generation   total 78656K, used 43222K [0x24000000, 0x29550000, 0x29550000)
  eden space 69952K,  49% used [0x24000000, 0x261b5bc8, 0x28450000)
  from space 8704K, 100% used [0x28450000, 0x28cd0000, 0x28cd0000)
  to   space 8704K,   0% used [0x28cd0000, 0x28cd0000, 0x29550000)
 tenured generation   total 174784K, used 145151K [0x29550000, 0x34000000, 0x34000000)
   the space 174784K,  83% used [0x29550000, 0x3230fc08, 0x3230fe00, 0x34000000)
 compacting perm gen  total 12288K, used 10724K [0x34000000, 0x34c00000, 0x38000000)
   the space 12288K,  87% used [0x34000000, 0x34a79190, 0x34a79200, 0x34c00000)
    ro space 10240K,  42% used [0x38000000, 0x38434778, 0x38434800, 0x38a00000)
    rw space 12288K,  52% used [0x38a00000, 0x39049a68, 0x39049c00, 0x39600000)
GC Heap History (10 events):
Event: 109.431 GC heap before
{Heap before GC invocations=30 (full 8):
 def new generation   total 61312K, used 61269K [0x24000000, 0x28280000, 0x29550000)
  eden space 54528K, 100% used [0x24000000, 0x27540000, 0x27540000)
  from space 6784K,  99% used [0x27540000, 0x27bd55a0, 0x27be0000)
  to   space 6784K,   0% used [0x27be0000, 0x27be0000, 0x28280000)
 tenured generation   total 136064K, used 95718K [0x29550000, 0x31a30000, 0x34000000)
   the space 136064K,  70% used [0x29550000, 0x2f2c9a30, 0x2f2c9c00, 0x31a30000)
 compacting perm gen  total 12288K, used 10722K [0x34000000, 0x34c00000, 0x38000000)
   the space 12288K,  87% used [0x34000000, 0x34a78a58, 0x34a78c00, 0x34c00000)
    ro space 10240K,  42% used [0x38000000, 0x38434778, 0x38434800, 0x38a00000)
    rw space 12288K,  52% used [0x38a00000, 0x39049a68, 0x39049c00, 0x39600000)
Event: 109.436 GC heap after
Heap after GC invocations=31 (full 8):
 def new generation   total 61312K, used 6680K [0x24000000, 0x28280000, 0x29550000)
  eden space 54528K,   0% used [0x24000000, 0x24000000, 0x27540000)
  from space 6784K,  98% used [0x27be0000, 0x28266248, 0x28280000)
  to   space 6784K,   0% used [0x27540000, 0x27540000, 0x27be0000)
 tenured generation   total 136064K, used 106382K [0x29550000, 0x31a30000, 0x34000000)
   the space 136064K,  78% used [0x29550000, 0x2fd33938, 0x2fd33a00, 0x31a30000)
 compacting perm gen  total 12288K, used 10722K [0x34000000, 0x34c00000, 0x38000000)
   the space 12288K,  87% used [0x34000000, 0x34a78a58, 0x34a78c00, 0x34c00000)
    ro space 10240K,  42% used [0x38000000, 0x38434778, 0x38434800, 0x38a00000)
    rw space 12288K,  52% used [0x38a00000, 0x39049a68, 0x39049c00, 0x39600000)
}
Event: 145.821 GC heap before
{Heap before GC invocations=31 (full 8):
 def new generation   total 61312K, used 61140K [0x24000000, 0x28280000, 0x29550000)
  eden space 54528K,  99% used [0x24000000, 0x2752ef80, 0x27540000)
  from space 6784K,  98% used [0x27be0000, 0x28266248, 0x28280000)
  to   space 6784K,   0% used [0x27540000, 0x27540000, 0x27be0000)
 tenured generation   total 136064K, used 106382K [0x29550000, 0x31a30000, 0x34000000)
   the space 136064K,  78% used [0x29550000, 0x2fd33938, 0x2fd33a00, 0x31a30000)
 compacting perm gen  total 12288K, used 10722K [0x34000000, 0x34c00000, 0x38000000)
   the space 12288K,  87% used [0x34000000, 0x34a78b28, 0x34a78c00, 0x34c00000)
    ro space 10240K,  42% used [0x38000000, 0x38434778, 0x38434800, 0x38a00000)
    rw space 12288K,  52% used [0x38a00000, 0x39049a68, 0x39049c00, 0x39600000)
Event: 145.834 GC heap after
Heap after GC invocations=32 (full 8):
 def new generation   total 61312K, used 6784K [0x24000000, 0x28280000, 0x29550000)
  eden space 54528K,   0% used [0x24000000, 0x24000000, 0x27540000)
  from space 6784K, 100% used [0x27540000, 0x27be0000, 0x27be0000)
  to   space 6784K,   0% used [0x27be0000, 0x27be0000, 0x28280000)
 tenured generation   total 136064K, used 122597K [0x29550000, 0x31a30000, 0x34000000)
   the space 136064K,  90% used [0x29550000, 0x30d09500, 0x30d09600, 0x31a30000)
 compacting perm gen  total 12288K, used 10722K [0x34000000, 0x34c00000, 0x38000000)
   the space 12288K,  87% used [0x34000000, 0x34a78b28, 0x34a78c00, 0x34c00000)
    ro space 10240K,  42% used [0x38000000, 0x38434778, 0x38434800, 0x38a00000)
    rw space 12288K,  52% used [0x38a00000, 0x39049a68, 0x39049c00, 0x39600000)
}
Event: 159.119 GC heap before
{Heap before GC invocations=32 (full 8):
 def new generation   total 61312K, used 61312K [0x24000000, 0x28280000, 0x29550000)
  eden space 54528K, 100% used [0x24000000, 0x27540000, 0x27540000)
  from space 6784K, 100% used [0x27540000, 0x27be0000, 0x27be0000)
  to   space 6784K,   0% used [0x27be0000, 0x27be0000, 0x28280000)
 tenured generation   total 136064K, used 122597K [0x29550000, 0x31a30000, 0x34000000)
   the space 136064K,  90% used [0x29550000, 0x30d09500, 0x30d09600, 0x31a30000)
 compacting perm gen  total 12288K, used 10722K [0x34000000, 0x34c00000, 0x38000000)
   the space 12288K,  87% used [0x34000000, 0x34a78b48, 0x34a78c00, 0x34c00000)
    ro space 10240K,  42% used [0x38000000, 0x38434778, 0x38434800, 0x38a00000)
    rw space 12288K,  52% used [0x38a00000, 0x39049a68, 0x39049c00, 0x39600000)
Event: 159.271 GC heap after
Heap after GC invocations=33 (full 9):
 def new generation   total 78656K, used 0K [0x24000000, 0x29550000, 0x29550000)
  eden space 69952K,   0% used [0x24000000, 0x24000000, 0x28450000)
  from space 8704K,   0% used [0x28450000, 0x28450000, 0x28cd0000)
  to   space 8704K,   0% used [0x28cd0000, 0x28cd0000, 0x29550000)
 tenured generation   total 174784K, used 126689K [0x29550000, 0x34000000, 0x34000000)
   the space 174784K,  72% used [0x29550000, 0x31108660, 0x31108800, 0x34000000)
 compacting perm gen  total 12288K, used 10722K [0x34000000, 0x34c00000, 0x38000000)
   the space 12288K,  87% used [0x34000000, 0x34a78b48, 0x34a78c00, 0x34c00000)
    ro space 10240K,  42% used [0x38000000, 0x38434778, 0x38434800, 0x38a00000)
    rw space 12288K,  52% used [0x38a00000, 0x39049a68, 0x39049c00, 0x39600000)
}
Event: 161.575 GC heap before
{Heap before GC invocations=33 (full 9):
 def new generation   total 78656K, used 69952K [0x24000000, 0x29550000, 0x29550000)
  eden space 69952K, 100% used [0x24000000, 0x28450000, 0x28450000)
  from space 8704K,   0% used [0x28450000, 0x28450000, 0x28cd0000)
  to   space 8704K,   0% used [0x28cd0000, 0x28cd0000, 0x29550000)
 tenured generation   total 174784K, used 126689K [0x29550000, 0x34000000, 0x34000000)
   the space 174784K,  72% used [0x29550000, 0x31108660, 0x31108800, 0x34000000)
 compacting perm gen  total 12288K, used 10722K [0x34000000, 0x34c00000, 0x38000000)
   the space 12288K,  87% used [0x34000000, 0x34a78b58, 0x34a78c00, 0x34c00000)
    ro space 10240K,  42% used [0x38000000, 0x38434778, 0x38434800, 0x38a00000)
    rw space 12288K,  52% used [0x38a00000, 0x39049a68, 0x39049c00, 0x39600000)
Event: 161.609 GC heap after
Heap after GC invocations=34 (full 9):
 def new generation   total 78656K, used 8704K [0x24000000, 0x29550000, 0x29550000)
  eden space 69952K,   0% used [0x24000000, 0x24000000, 0x28450000)
  from space 8704K, 100% used [0x28cd0000, 0x29550000, 0x29550000)
  to   space 8704K,   0% used [0x28450000, 0x28450000, 0x28cd0000)
 tenured generation   total 174784K, used 139576K [0x29550000, 0x34000000, 0x34000000)
   the space 174784K,  79% used [0x29550000, 0x31d9e3e8, 0x31d9e400, 0x34000000)
 compacting perm gen  total 12288K, used 10722K [0x34000000, 0x34c00000, 0x38000000)
   the space 12288K,  87% used [0x34000000, 0x34a78b58, 0x34a78c00, 0x34c00000)
    ro space 10240K,  42% used [0x38000000, 0x38434778, 0x38434800, 0x38a00000)
    rw space 12288K,  52% used [0x38a00000, 0x39049a68, 0x39049c00, 0x39600000)
}
Event: 173.511 GC heap before
{Heap before GC invocations=34 (full 9):
 def new generation   total 78656K, used 78435K [0x24000000, 0x29550000, 0x29550000)
  eden space 69952K,  99% used [0x24000000, 0x28418e50, 0x28450000)
  from space 8704K, 100% used [0x28cd0000, 0x29550000, 0x29550000)
  to   space 8704K,   0% used [0x28450000, 0x28450000, 0x28cd0000)
 tenured generation   total 174784K, used 139576K [0x29550000, 0x34000000, 0x34000000)
   the space 174784K,  79% used [0x29550000, 0x31d9e3e8, 0x31d9e400, 0x34000000)
 compacting perm gen  total 12288K, used 10722K [0x34000000, 0x34c00000, 0x38000000)
   the space 12288K,  87% used [0x34000000, 0x34a78b58, 0x34a78c00, 0x34c00000)
    ro space 10240K,  42% used [0x38000000, 0x38434778, 0x38434800, 0x38a00000)
    rw space 12288K,  52% used [0x38a00000, 0x39049a68, 0x39049c00, 0x39600000)
Event: 173.538 GC heap after
Heap after GC invocations=35 (full 9):
 def new generation   total 78656K, used 8704K [0x24000000, 0x29550000, 0x29550000)
  eden space 69952K,   0% used [0x24000000, 0x24000000, 0x28450000)
  from space 8704K, 100% used [0x28450000, 0x28cd0000, 0x28cd0000)
  to   space 8704K,   0% used [0x28cd0000, 0x28cd0000, 0x29550000)
 tenured generation   total 174784K, used 145151K [0x29550000, 0x34000000, 0x34000000)
   the space 174784K,  83% used [0x29550000, 0x3230fc08, 0x3230fe00, 0x34000000)
 compacting perm gen  total 12288K, used 10722K [0x34000000, 0x34c00000, 0x38000000)
   the space 12288K,  87% used [0x34000000, 0x34a78b58, 0x34a78c00, 0x34c00000)
    ro space 10240K,  42% used [0x38000000, 0x38434778, 0x38434800, 0x38a00000)
    rw space 12288K,  52% used [0x38a00000, 0x39049a68, 0x39049c00, 0x39600000)
}

