# JRE version: Java(TM) SE Runtime Environment (7.0_60-b19) (build 1.7.0_60-b19)
# Java VM: Java HotSpot(TM) Client VM (24.60-b09 mixed mode, sharing windows-x86 )
Heap
 def new generation   total 13248K, used 8318K [0x24000000, 0x24e50000, 0x29550000)
  eden space 11840K,  70% used [0x24000000, 0x2481f858, 0x24b90000)
  from space 1408K,   0% used [0x24b90000, 0x24b90000, 0x24cf0000)
  to   space 1408K,   0% used [0x24cf0000, 0x24cf0000, 0x24e50000)
 tenured generation   total 29196K, used 17517K [0x29550000, 0x2b1d3000, 0x34000000)
   the space 29196K,  59% used [0x29550000, 0x2a66b458, 0x2a66b600, 0x2b1d3000)
 compacting perm gen  total 12288K, used 8559K [0x34000000, 0x34c00000, 0x38000000)
   the space 12288K,  69% used [0x34000000, 0x3485bef8, 0x3485c000, 0x34c00000)
    ro space 10240K,  42% used [0x38000000, 0x38434778, 0x38434800, 0x38a00000)
    rw space 12288K,  52% used [0x38a00000, 0x39049a68, 0x39049c00, 0x39600000)
GC Heap History (10 events):
Event: 2.625 GC heap before
{Heap before GC invocations=9 (full 1):
 def new generation   total 9408K, used 9407K [0x24000000, 0x24a30000, 0x29550000)
  eden space 8384K, 100% used [0x24000000, 0x24830000, 0x24830000)
  from space 1024K,  99% used [0x24930000, 0x24a2fff8, 0x24a30000)
  to   space 1024K,   0% used [0x24830000, 0x24830000, 0x24930000)
 tenured generation   total 20724K, used 15775K [0x29550000, 0x2a98d000, 0x34000000)
   the space 20724K,  76% used [0x29550000, 0x2a4b7fe0, 0x2a4b8000, 0x2a98d000)
 compacting perm gen  total 12288K, used 7711K [0x34000000, 0x34c00000, 0x38000000)
   the space 12288K,  62% used [0x34000000, 0x34787c90, 0x34787e00, 0x34c00000)
    ro space 10240K,  42% used [0x38000000, 0x38434778, 0x38434800, 0x38a00000)
    rw space 12288K,  52% used [0x38a00000, 0x39049a68, 0x39049c00, 0x39600000)
Event: 2.634 GC heap after
Heap after GC invocations=10 (full 1):
 def new generation   total 9408K, used 1023K [0x24000000, 0x24a30000, 0x29550000)
  eden space 8384K,   0% used [0x24000000, 0x24000000, 0x24830000)
  from space 1024K,  99% used [0x24830000, 0x2492fff8, 0x24930000)
  to   space 1024K,   0% used [0x24930000, 0x24930000, 0x24a30000)
 tenured generation   total 20724K, used 17334K [0x29550000, 0x2a98d000, 0x34000000)
   the space 20724K,  83% used [0x29550000, 0x2a63d8b0, 0x2a63da00, 0x2a98d000)
 compacting perm gen  total 12288K, used 7711K [0x34000000, 0x34c00000, 0x38000000)
   the space 12288K,  62% used [0x34000000, 0x34787c90, 0x34787e00, 0x34c00000)
    ro space 10240K,  42% used [0x38000000, 0x38434778, 0x38434800, 0x38a00000)
    rw space 12288K,  52% used [0x38a00000, 0x39049a68, 0x39049c00, 0x39600000)
}
Event: 2.801 GC heap before
{Heap before GC invocations=10 (full 1):
 def new generation   total 9408K, used 9349K [0x24000000, 0x24a30000, 0x29550000)
  eden space 8384K,  99% used [0x24000000, 0x248214a0, 0x24830000)
  from space 1024K,  99% used [0x24830000, 0x2492fff8, 0x24930000)
  to   space 1024K,   0% used [0x24930000, 0x24930000, 0x24a30000)
 tenured generation   total 20724K, used 17334K [0x29550000, 0x2a98d000, 0x34000000)
   the space 20724K,  83% used [0x29550000, 0x2a63d8b0, 0x2a63da00, 0x2a98d000)
 compacting perm gen  total 12288K, used 8425K [0x34000000, 0x34c00000, 0x38000000)
   the space 12288K,  68% used [0x34000000, 0x3483a5d8, 0x3483a600, 0x34c00000)
    ro space 10240K,  42% used [0x38000000, 0x38434778, 0x38434800, 0x38a00000)
    rw space 12288K,  52% used [0x38a00000, 0x39049a68, 0x39049c00, 0x39600000)
Event: 2.808 GC heap after
Heap after GC invocations=11 (full 1):
 def new generation   total 9408K, used 1024K [0x24000000, 0x24a30000, 0x29550000)
  eden space 8384K,   0% used [0x24000000, 0x24000000, 0x24830000)
  from space 1024K, 100% used [0x24930000, 0x24a30000, 0x24a30000)
  to   space 1024K,   0% used [0x24830000, 0x24830000, 0x24930000)
 tenured generation   total 20724K, used 19110K [0x29550000, 0x2a98d000, 0x34000000)
   the space 20724K,  92% used [0x29550000, 0x2a7f9a38, 0x2a7f9c00, 0x2a98d000)
 compacting perm gen  total 12288K, used 8425K [0x34000000, 0x34c00000, 0x38000000)
   the space 12288K,  68% used [0x34000000, 0x3483a5d8, 0x3483a600, 0x34c00000)
    ro space 10240K,  42% used [0x38000000, 0x38434778, 0x38434800, 0x38a00000)
    rw space 12288K,  52% used [0x38a00000, 0x39049a68, 0x39049c00, 0x39600000)
}
Event: 2.885 GC heap before
{Heap before GC invocations=11 (full 1):
 def new generation   total 9408K, used 8367K [0x24000000, 0x24a30000, 0x29550000)
  eden space 8384K,  87% used [0x24000000, 0x2472be08, 0x24830000)
  from space 1024K, 100% used [0x24930000, 0x24a30000, 0x24a30000)
  to   space 1024K,   0% used [0x24830000, 0x24830000, 0x24930000)
 tenured generation   total 20724K, used 19110K [0x29550000, 0x2a98d000, 0x34000000)
   the space 20724K,  92% used [0x29550000, 0x2a7f9a38, 0x2a7f9c00, 0x2a98d000)
 compacting perm gen  total 12288K, used 8501K [0x34000000, 0x34c00000, 0x38000000)
   the space 12288K,  69% used [0x34000000, 0x3484d540, 0x3484d600, 0x34c00000)
    ro space 10240K,  42% used [0x38000000, 0x38434778, 0x38434800, 0x38a00000)
    rw space 12288K,  52% used [0x38a00000, 0x39049a68, 0x39049c00, 0x39600000)
Event: 2.939 GC heap after
Heap after GC invocations=12 (full 2):
 def new generation   total 9792K, used 0K [0x24000000, 0x24a90000, 0x29550000)
  eden space 8768K,   0% used [0x24000000, 0x24000000, 0x24890000)
  from space 1024K,   0% used [0x24890000, 0x24890000, 0x24990000)
  to   space 1024K,   0% used [0x24990000, 0x24990000, 0x24a90000)
 tenured generation   total 21480K, used 12887K [0x29550000, 0x2aa4a000, 0x34000000)
   the space 21480K,  59% used [0x29550000, 0x2a1e5c90, 0x2a1e5e00, 0x2aa4a000)
 compacting perm gen  total 12288K, used 8501K [0x34000000, 0x34c00000, 0x38000000)
   the space 12288K,  69% used [0x34000000, 0x3484d540, 0x3484d600, 0x34c00000)
    ro space 10240K,  42% used [0x38000000, 0x38434778, 0x38434800, 0x38a00000)
    rw space 12288K,  52% used [0x38a00000, 0x39049a68, 0x39049c00, 0x39600000)
}
Event: 2.940 GC heap before
{Heap before GC invocations=12 (full 2):
 def new generation   total 9792K, used 7569K [0x24000000, 0x24a90000, 0x29550000)
  eden space 8768K,  86% used [0x24000000, 0x24764790, 0x24890000)
  from space 1024K,   0% used [0x24890000, 0x24890000, 0x24990000)
  to   space 1024K,   0% used [0x24990000, 0x24990000, 0x24a90000)
 tenured generation   total 21480K, used 12887K [0x29550000, 0x2aa4a000, 0x34000000)
   the space 21480K,  59% used [0x29550000, 0x2a1e5c90, 0x2a1e5e00, 0x2aa4a000)
 compacting perm gen  total 12288K, used 8501K [0x34000000, 0x34c00000, 0x38000000)
   the space 12288K,  69% used [0x34000000, 0x3484d540, 0x3484d600, 0x34c00000)
    ro space 10240K,  42% used [0x38000000, 0x38434778, 0x38434800, 0x38a00000)
    rw space 12288K,  52% used [0x38a00000, 0x39049a68, 0x39049c00, 0x39600000)
Event: 2.942 GC heap after
Heap after GC invocations=13 (full 2):
 def new generation   total 9792K, used 15K [0x24000000, 0x24a90000, 0x29550000)
  eden space 8768K,   0% used [0x24000000, 0x24000000, 0x24890000)
  from space 1024K,   1% used [0x24990000, 0x24993e58, 0x24a90000)
  to   space 1024K,   0% used [0x24890000, 0x24890000, 0x24990000)
 tenured generation   total 21480K, used 20340K [0x29550000, 0x2aa4a000, 0x34000000)
   the space 21480K,  94% used [0x29550000, 0x2a92d208, 0x2a92d400, 0x2aa4a000)
 compacting perm gen  total 12288K, used 8501K [0x34000000, 0x34c00000, 0x38000000)
   the space 12288K,  69% used [0x34000000, 0x3484d540, 0x3484d600, 0x34c00000)
    ro space 10240K,  42% used [0x38000000, 0x38434778, 0x38434800, 0x38a00000)
    rw space 12288K,  52% used [0x38a00000, 0x39049a68, 0x39049c00, 0x39600000)
}
Event: 2.960 GC heap before
{Heap before GC invocations=13 (full 2):
 def new generation   total 9792K, used 7964K [0x24000000, 0x24a90000, 0x29550000)
  eden space 8768K,  90% used [0x24000000, 0x247c3450, 0x24890000)
  from space 1024K,   1% used [0x24990000, 0x24993e58, 0x24a90000)
  to   space 1024K,   0% used [0x24890000, 0x24890000, 0x24990000)
 tenured generation   total 21480K, used 20340K [0x29550000, 0x2aa4a000, 0x34000000)
   the space 21480K,  94% used [0x29550000, 0x2a92d208, 0x2a92d400, 0x2aa4a000)
 compacting perm gen  total 12288K, used 8501K [0x34000000, 0x34c00000, 0x38000000)
   the space 12288K,  69% used [0x34000000, 0x3484d540, 0x3484d600, 0x34c00000)
    ro space 10240K,  42% used [0x38000000, 0x38434778, 0x38434800, 0x38a00000)
    rw space 12288K,  52% used [0x38a00000, 0x39049a68, 0x39049c00, 0x39600000)
Event: 3.010 GC heap after
Heap after GC invocations=14 (full 3):
 def new generation   total 13248K, used 0K [0x24000000, 0x24e50000, 0x29550000)
  eden space 11840K,   0% used [0x24000000, 0x24000000, 0x24b90000)
  from space 1408K,   0% used [0x24b90000, 0x24b90000, 0x24cf0000)
  to   space 1408K,   0% used [0x24cf0000, 0x24cf0000, 0x24e50000)
 tenured generation   total 29196K, used 17517K [0x29550000, 0x2b1d3000, 0x34000000)
   the space 29196K,  59% used [0x29550000, 0x2a66b458, 0x2a66b600, 0x2b1d3000)
 compacting perm gen  total 12288K, used 8501K [0x34000000, 0x34c00000, 0x38000000)
   the space 12288K,  69% used [0x34000000, 0x3484d540, 0x3484d600, 0x34c00000)
    ro space 10240K,  42% used [0x38000000, 0x38434778, 0x38434800, 0x38a00000)
    rw space 12288K,  52% used [0x38a00000, 0x39049a68, 0x39049c00, 0x39600000)
}

