# JRE version: Java(TM) SE Runtime Environment (7.0_60-b19) (build 1.7.0_60-b19)
# Java VM: Java HotSpot(TM) Client VM (24.60-b09 mixed mode, sharing windows-x86 )
Heap
 def new generation   total 16960K, used 16742K [0x24000000, 0x25260000, 0x29550000)
  eden space 15104K,  98% used [0x24000000, 0x24e90ea0, 0x24ec0000)
  from space 1856K,  98% used [0x25090000, 0x25258a88, 0x25260000)
  to   space 1856K,   0% used [0x24ec0000, 0x24ec0000, 0x25090000)
 tenured generation   total 48736K, used 48603K [0x29550000, 0x2c4e8000, 0x34000000)
   the space 48736K,  99% used [0x29550000, 0x2c4c6d40, 0x2c4c6e00, 0x2c4e8000)
 compacting perm gen  total 12288K, used 9489K [0x34000000, 0x34c00000, 0x38000000)
   the space 12288K,  77% used [0x34000000, 0x349444d0, 0x34944600, 0x34c00000)
    ro space 10240K,  42% used [0x38000000, 0x38434778, 0x38434800, 0x38a00000)
    rw space 12288K,  52% used [0x38a00000, 0x39049a68, 0x39049c00, 0x39600000)
GC Heap History (10 events):
Event: 5.196 GC heap before
{Heap before GC invocations=14 (full 3):
 def new generation   total 11712K, used 8995K [0x24000000, 0x24cb0000, 0x29550000)
  eden space 10432K,  86% used [0x24000000, 0x248c8ce8, 0x24a30000)
  from space 1280K,   0% used [0x24a30000, 0x24a30000, 0x24b70000)
  to   space 1280K,   0% used [0x24b70000, 0x24b70000, 0x24cb0000)
 tenured generation   total 25800K, used 15477K [0x29550000, 0x2ae82000, 0x34000000)
   the space 25800K,  59% used [0x29550000, 0x2a46d750, 0x2a46d800, 0x2ae82000)
 compacting perm gen  total 12288K, used 8548K [0x34000000, 0x34c00000, 0x38000000)
   the space 12288K,  69% used [0x34000000, 0x34859210, 0x34859400, 0x34c00000)
    ro space 10240K,  42% used [0x38000000, 0x38434778, 0x38434800, 0x38a00000)
    rw space 12288K,  52% used [0x38a00000, 0x39049a68, 0x39049c00, 0x39600000)
Event: 5.199 GC heap after
Heap after GC invocations=15 (full 3):
 def new generation   total 11712K, used 1280K [0x24000000, 0x24cb0000, 0x29550000)
  eden space 10432K,   0% used [0x24000000, 0x24000000, 0x24a30000)
  from space 1280K, 100% used [0x24b70000, 0x24cb0000, 0x24cb0000)
  to   space 1280K,   0% used [0x24a30000, 0x24a30000, 0x24b70000)
 tenured generation   total 25800K, used 19002K [0x29550000, 0x2ae82000, 0x34000000)
   the space 25800K,  73% used [0x29550000, 0x2a7de938, 0x2a7dea00, 0x2ae82000)
 compacting perm gen  total 12288K, used 8548K [0x34000000, 0x34c00000, 0x38000000)
   the space 12288K,  69% used [0x34000000, 0x34859210, 0x34859400, 0x34c00000)
    ro space 10240K,  42% used [0x38000000, 0x38434778, 0x38434800, 0x38a00000)
    rw space 12288K,  52% used [0x38a00000, 0x39049a68, 0x39049c00, 0x39600000)
}
Event: 5.201 GC heap before
{Heap before GC invocations=15 (full 3):
 def new generation   total 11712K, used 10490K [0x24000000, 0x24cb0000, 0x29550000)
  eden space 10432K,  88% used [0x24000000, 0x248fe8c0, 0x24a30000)
  from space 1280K, 100% used [0x24b70000, 0x24cb0000, 0x24cb0000)
  to   space 1280K,   0% used [0x24a30000, 0x24a30000, 0x24b70000)
 tenured generation   total 25800K, used 19002K [0x29550000, 0x2ae82000, 0x34000000)
   the space 25800K,  73% used [0x29550000, 0x2a7de938, 0x2a7dea00, 0x2ae82000)
 compacting perm gen  total 12288K, used 8548K [0x34000000, 0x34c00000, 0x38000000)
   the space 12288K,  69% used [0x34000000, 0x34859210, 0x34859400, 0x34c00000)
    ro space 10240K,  42% used [0x38000000, 0x38434778, 0x38434800, 0x38a00000)
    rw space 12288K,  52% used [0x38a00000, 0x39049a68, 0x39049c00, 0x39600000)
Event: 5.256 GC heap after
Heap after GC invocations=16 (full 4):
 def new generation   total 16960K, used 0K [0x24000000, 0x25260000, 0x29550000)
  eden space 15104K,   0% used [0x24000000, 0x24000000, 0x24ec0000)
  from space 1856K,   0% used [0x24ec0000, 0x24ec0000, 0x25090000)
  to   space 1856K,   0% used [0x25090000, 0x25090000, 0x25260000)
 tenured generation   total 37472K, used 22482K [0x29550000, 0x2b9e8000, 0x34000000)
   the space 37472K,  59% used [0x29550000, 0x2ab44968, 0x2ab44a00, 0x2b9e8000)
 compacting perm gen  total 12288K, used 8542K [0x34000000, 0x34c00000, 0x38000000)
   the space 12288K,  69% used [0x34000000, 0x348579e8, 0x34857a00, 0x34c00000)
    ro space 10240K,  42% used [0x38000000, 0x38434778, 0x38434800, 0x38a00000)
    rw space 12288K,  52% used [0x38a00000, 0x39049a68, 0x39049c00, 0x39600000)
}
Event: 5.855 GC heap before
{Heap before GC invocations=16 (full 4):
 def new generation   total 16960K, used 15104K [0x24000000, 0x25260000, 0x29550000)
  eden space 15104K, 100% used [0x24000000, 0x24ec0000, 0x24ec0000)
  from space 1856K,   0% used [0x24ec0000, 0x24ec0190, 0x25090000)
  to   space 1856K,   0% used [0x25090000, 0x25090000, 0x25260000)
 tenured generation   total 37472K, used 22482K [0x29550000, 0x2b9e8000, 0x34000000)
   the space 37472K,  59% used [0x29550000, 0x2ab44968, 0x2ab44a00, 0x2b9e8000)
 compacting perm gen  total 12288K, used 8547K [0x34000000, 0x34c00000, 0x38000000)
   the space 12288K,  69% used [0x34000000, 0x34858d70, 0x34858e00, 0x34c00000)
    ro space 10240K,  42% used [0x38000000, 0x38434778, 0x38434800, 0x38a00000)
    rw space 12288K,  52% used [0x38a00000, 0x39049a68, 0x39049c00, 0x39600000)
Event: 5.859 GC heap after
Heap after GC invocations=17 (full 4):
 def new generation   total 16960K, used 1786K [0x24000000, 0x25260000, 0x29550000)
  eden space 15104K,   0% used [0x24000000, 0x24000000, 0x24ec0000)
  from space 1856K,  96% used [0x25090000, 0x2524e958, 0x25260000)
  to   space 1856K,   0% used [0x24ec0000, 0x24ec0000, 0x25090000)
 tenured generation   total 37472K, used 32420K [0x29550000, 0x2b9e8000, 0x34000000)
   the space 37472K,  86% used [0x29550000, 0x2b4f9280, 0x2b4f9400, 0x2b9e8000)
 compacting perm gen  total 12288K, used 8547K [0x34000000, 0x34c00000, 0x38000000)
   the space 12288K,  69% used [0x34000000, 0x34858d70, 0x34858e00, 0x34c00000)
    ro space 10240K,  42% used [0x38000000, 0x38434778, 0x38434800, 0x38a00000)
    rw space 12288K,  52% used [0x38a00000, 0x39049a68, 0x39049c00, 0x39600000)
}
Event: 12.186 GC heap before
{Heap before GC invocations=17 (full 4):
 def new generation   total 16960K, used 16957K [0x24000000, 0x25260000, 0x29550000)
  eden space 15104K, 100% used [0x24000000, 0x24ec0000, 0x24ec0000)
  from space 1856K,  99% used [0x25090000, 0x2525f438, 0x25260000)
  to   space 1856K,   0% used [0x24ec0000, 0x24ec0000, 0x25090000)
 tenured generation   total 37472K, used 32420K [0x29550000, 0x2b9e8000, 0x34000000)
   the space 37472K,  86% used [0x29550000, 0x2b4f9280, 0x2b4f9400, 0x2b9e8000)
 compacting perm gen  total 12288K, used 9251K [0x34000000, 0x34c00000, 0x38000000)
   the space 12288K,  75% used [0x34000000, 0x34908d88, 0x34908e00, 0x34c00000)
    ro space 10240K,  42% used [0x38000000, 0x38434778, 0x38434800, 0x38a00000)
    rw space 12288K,  52% used [0x38a00000, 0x39049a68, 0x39049c00, 0x39600000)
Event: 12.195 GC heap after
Heap after GC invocations=18 (full 4):
 def new generation   total 16960K, used 1856K [0x24000000, 0x25260000, 0x29550000)
  eden space 15104K,   0% used [0x24000000, 0x24000000, 0x24ec0000)
  from space 1856K, 100% used [0x24ec0000, 0x25090000, 0x25090000)
  to   space 1856K,   0% used [0x25090000, 0x25090000, 0x25260000)
 tenured generation   total 38180K, used 38151K [0x29550000, 0x2ba99000, 0x34000000)
   the space 38180K,  99% used [0x29550000, 0x2ba91d88, 0x2ba91e00, 0x2ba99000)
 compacting perm gen  total 12288K, used 9251K [0x34000000, 0x34c00000, 0x38000000)
   the space 12288K,  75% used [0x34000000, 0x34908d88, 0x34908e00, 0x34c00000)
    ro space 10240K,  42% used [0x38000000, 0x38434778, 0x38434800, 0x38a00000)
    rw space 12288K,  52% used [0x38a00000, 0x39049a68, 0x39049c00, 0x39600000)
}
Event: 12.290 GC heap before
{Heap before GC invocations=18 (full 4):
 def new generation   total 16960K, used 16960K [0x24000000, 0x25260000, 0x29550000)
  eden space 15104K, 100% used [0x24000000, 0x24ec0000, 0x24ec0000)
  from space 1856K, 100% used [0x24ec0000, 0x25090000, 0x25090000)
  to   space 1856K,   0% used [0x25090000, 0x25090000, 0x25260000)
 tenured generation   total 38180K, used 38155K [0x29550000, 0x2ba99000, 0x34000000)
   the space 38180K,  99% used [0x29550000, 0x2ba92cd8, 0x2ba92e00, 0x2ba99000)
 compacting perm gen  total 12288K, used 9319K [0x34000000, 0x34c00000, 0x38000000)
   the space 12288K,  75% used [0x34000000, 0x34919fe8, 0x3491a000, 0x34c00000)
    ro space 10240K,  42% used [0x38000000, 0x38434778, 0x38434800, 0x38a00000)
    rw space 12288K,  52% used [0x38a00000, 0x39049a68, 0x39049c00, 0x39600000)
Event: 12.301 GC heap after
Heap after GC invocations=19 (full 4):
 def new generation   total 16960K, used 1826K [0x24000000, 0x25260000, 0x29550000)
  eden space 15104K,   0% used [0x24000000, 0x24000000, 0x24ec0000)
  from space 1856K,  98% used [0x25090000, 0x25258a88, 0x25260000)
  to   space 1856K,   0% used [0x24ec0000, 0x24ec0000, 0x25090000)
 tenured generation   total 48736K, used 48603K [0x29550000, 0x2c4e8000, 0x34000000)
   the space 48736K,  99% used [0x29550000, 0x2c4c6d40, 0x2c4c6e00, 0x2c4e8000)
 compacting perm gen  total 12288K, used 9319K [0x34000000, 0x34c00000, 0x38000000)
   the space 12288K,  75% used [0x34000000, 0x34919fe8, 0x3491a000, 0x34c00000)
    ro space 10240K,  42% used [0x38000000, 0x38434778, 0x38434800, 0x38a00000)
    rw space 12288K,  52% used [0x38a00000, 0x39049a68, 0x39049c00, 0x39600000)
}

