# JRE version: Java(TM) SE Runtime Environment (7.0_60-b19) (build 1.7.0_60-b19)
# Java VM: Java HotSpot(TM) Client VM (24.60-b09 mixed mode, sharing windows-x86 )
Heap
 def new generation   total 13376K, used 4582K [0x24000000, 0x24e80000, 0x29550000)
  eden space 11904K,  27% used [0x24000000, 0x2432f598, 0x24ba0000)
  from space 1472K,  89% used [0x24d10000, 0x24e5a600, 0x24e80000)
  to   space 1472K,   0% used [0x24ba0000, 0x24ba0000, 0x24d10000)
 tenured generation   total 34312K, used 34221K [0x29550000, 0x2b6d2000, 0x34000000)
   the space 34312K,  99% used [0x29550000, 0x2b6bb740, 0x2b6bb800, 0x2b6d2000)
 compacting perm gen  total 12288K, used 8798K [0x34000000, 0x34c00000, 0x38000000)
   the space 12288K,  71% used [0x34000000, 0x348979e8, 0x34897a00, 0x34c00000)
    ro space 10240K,  42% used [0x38000000, 0x38434778, 0x38434800, 0x38a00000)
    rw space 12288K,  52% used [0x38a00000, 0x39049a68, 0x39049c00, 0x39600000)
GC Heap History (10 events):
Event: 2.976 GC heap before
{Heap before GC invocations=12 (full 2):
 def new generation   total 10240K, used 7595K [0x24000000, 0x24b10000, 0x29550000)
  eden space 9152K,  82% used [0x24000000, 0x2476aff8, 0x248f0000)
  from space 1088K,   0% used [0x248f0000, 0x248f0000, 0x24a00000)
  to   space 1088K,   0% used [0x24a00000, 0x24a00000, 0x24b10000)
 tenured generation   total 22608K, used 13562K [0x29550000, 0x2ab64000, 0x34000000)
   the space 22608K,  59% used [0x29550000, 0x2a28ea80, 0x2a28ec00, 0x2ab64000)
 compacting perm gen  total 12288K, used 8506K [0x34000000, 0x34c00000, 0x38000000)
   the space 12288K,  69% used [0x34000000, 0x3484ea88, 0x3484ec00, 0x34c00000)
    ro space 10240K,  42% used [0x38000000, 0x38434778, 0x38434800, 0x38a00000)
    rw space 12288K,  52% used [0x38a00000, 0x39049a68, 0x39049c00, 0x39600000)
Event: 2.979 GC heap after
Heap after GC invocations=13 (full 2):
 def new generation   total 10240K, used 7K [0x24000000, 0x24b10000, 0x29550000)
  eden space 9152K,   0% used [0x24000000, 0x24000000, 0x248f0000)
  from space 1088K,   0% used [0x24a00000, 0x24a01d00, 0x24b10000)
  to   space 1088K,   0% used [0x248f0000, 0x248f0000, 0x24a00000)
 tenured generation   total 22608K, used 21015K [0x29550000, 0x2ab64000, 0x34000000)
   the space 22608K,  92% used [0x29550000, 0x2a9d5ff8, 0x2a9d6000, 0x2ab64000)
 compacting perm gen  total 12288K, used 8506K [0x34000000, 0x34c00000, 0x38000000)
   the space 12288K,  69% used [0x34000000, 0x3484ea88, 0x3484ec00, 0x34c00000)
    ro space 10240K,  42% used [0x38000000, 0x38434778, 0x38434800, 0x38a00000)
    rw space 12288K,  52% used [0x38a00000, 0x39049a68, 0x39049c00, 0x39600000)
}
Event: 2.994 GC heap before
{Heap before GC invocations=13 (full 2):
 def new generation   total 10240K, used 7539K [0x24000000, 0x24b10000, 0x29550000)
  eden space 9152K,  82% used [0x24000000, 0x2475b098, 0x248f0000)
  from space 1088K,   0% used [0x24a00000, 0x24a01d00, 0x24b10000)
  to   space 1088K,   0% used [0x248f0000, 0x248f0000, 0x24a00000)
 tenured generation   total 22608K, used 21015K [0x29550000, 0x2ab64000, 0x34000000)
   the space 22608K,  92% used [0x29550000, 0x2a9d5ff8, 0x2a9d6000, 0x2ab64000)
 compacting perm gen  total 12288K, used 8506K [0x34000000, 0x34c00000, 0x38000000)
   the space 12288K,  69% used [0x34000000, 0x3484ea88, 0x3484ec00, 0x34c00000)
    ro space 10240K,  42% used [0x38000000, 0x38434778, 0x38434800, 0x38a00000)
    rw space 12288K,  52% used [0x38a00000, 0x39049a68, 0x39049c00, 0x39600000)
Event: 3.038 GC heap after
Heap after GC invocations=14 (full 3):
 def new generation   total 13376K, used 0K [0x24000000, 0x24e80000, 0x29550000)
  eden space 11904K,   0% used [0x24000000, 0x24000000, 0x24ba0000)
  from space 1472K,   0% used [0x24ba0000, 0x24ba0000, 0x24d10000)
  to   space 1472K,   0% used [0x24d10000, 0x24d10000, 0x24e80000)
 tenured generation   total 29636K, used 17781K [0x29550000, 0x2b241000, 0x34000000)
   the space 29636K,  59% used [0x29550000, 0x2a6ad5f8, 0x2a6ad600, 0x2b241000)
 compacting perm gen  total 12288K, used 8506K [0x34000000, 0x34c00000, 0x38000000)
   the space 12288K,  69% used [0x34000000, 0x3484ea88, 0x3484ec00, 0x34c00000)
    ro space 10240K,  42% used [0x38000000, 0x38434778, 0x38434800, 0x38a00000)
    rw space 12288K,  52% used [0x38a00000, 0x39049a68, 0x39049c00, 0x39600000)
}
Event: 5.587 GC heap before
{Heap before GC invocations=14 (full 3):
 def new generation   total 13376K, used 12160K [0x24000000, 0x24e80000, 0x29550000)
  eden space 11904K, 100% used [0x24000000, 0x24ba0000, 0x24ba0000)
  from space 1472K,  17% used [0x24ba0000, 0x24be0010, 0x24d10000)
  to   space 1472K,   0% used [0x24d10000, 0x24d10000, 0x24e80000)
 tenured generation   total 29636K, used 17781K [0x29550000, 0x2b241000, 0x34000000)
   the space 29636K,  59% used [0x29550000, 0x2a6ad5f8, 0x2a6ad600, 0x2b241000)
 compacting perm gen  total 12288K, used 8766K [0x34000000, 0x34c00000, 0x38000000)
   the space 12288K,  71% used [0x34000000, 0x3488fa90, 0x3488fc00, 0x34c00000)
    ro space 10240K,  42% used [0x38000000, 0x38434778, 0x38434800, 0x38a00000)
    rw space 12288K,  52% used [0x38a00000, 0x39049a68, 0x39049c00, 0x39600000)
Event: 5.594 GC heap after
Heap after GC invocations=15 (full 3):
 def new generation   total 13376K, used 1472K [0x24000000, 0x24e80000, 0x29550000)
  eden space 11904K,   0% used [0x24000000, 0x24000000, 0x24ba0000)
  from space 1472K, 100% used [0x24d10000, 0x24e80000, 0x24e80000)
  to   space 1472K,   0% used [0x24ba0000, 0x24ba0000, 0x24d10000)
 tenured generation   total 29636K, used 24238K [0x29550000, 0x2b241000, 0x34000000)
   the space 29636K,  81% used [0x29550000, 0x2acfba40, 0x2acfbc00, 0x2b241000)
 compacting perm gen  total 12288K, used 8766K [0x34000000, 0x34c00000, 0x38000000)
   the space 12288K,  71% used [0x34000000, 0x3488fa90, 0x3488fc00, 0x34c00000)
    ro space 10240K,  42% used [0x38000000, 0x38434778, 0x38434800, 0x38a00000)
    rw space 12288K,  52% used [0x38a00000, 0x39049a68, 0x39049c00, 0x39600000)
}
Event: 6.533 GC heap before
{Heap before GC invocations=15 (full 3):
 def new generation   total 13376K, used 13376K [0x24000000, 0x24e80000, 0x29550000)
  eden space 11904K, 100% used [0x24000000, 0x24ba0000, 0x24ba0000)
  from space 1472K, 100% used [0x24d10000, 0x24e80000, 0x24e80000)
  to   space 1472K,   0% used [0x24ba0000, 0x24ba0000, 0x24d10000)
 tenured generation   total 29636K, used 25023K [0x29550000, 0x2b241000, 0x34000000)
   the space 29636K,  84% used [0x29550000, 0x2adbfd08, 0x2adbfe00, 0x2b241000)
 compacting perm gen  total 12288K, used 8778K [0x34000000, 0x34c00000, 0x38000000)
   the space 12288K,  71% used [0x34000000, 0x34892808, 0x34892a00, 0x34c00000)
    ro space 10240K,  42% used [0x38000000, 0x38434778, 0x38434800, 0x38a00000)
    rw space 12288K,  52% used [0x38a00000, 0x39049a68, 0x39049c00, 0x39600000)
Event: 6.540 GC heap after
Heap after GC invocations=16 (full 3):
 def new generation   total 13376K, used 1358K [0x24000000, 0x24e80000, 0x29550000)
  eden space 11904K,   0% used [0x24000000, 0x24000000, 0x24ba0000)
  from space 1472K,  92% used [0x24ba0000, 0x24cf3930, 0x24d10000)
  to   space 1472K,   0% used [0x24d10000, 0x24d10000, 0x24e80000)
 tenured generation   total 30672K, used 30612K [0x29550000, 0x2b344000, 0x34000000)
   the space 30672K,  99% used [0x29550000, 0x2b335078, 0x2b335200, 0x2b344000)
 compacting perm gen  total 12288K, used 8778K [0x34000000, 0x34c00000, 0x38000000)
   the space 12288K,  71% used [0x34000000, 0x34892808, 0x34892a00, 0x34c00000)
    ro space 10240K,  42% used [0x38000000, 0x38434778, 0x38434800, 0x38a00000)
    rw space 12288K,  52% used [0x38a00000, 0x39049a68, 0x39049c00, 0x39600000)
}
Event: 6.595 GC heap before
{Heap before GC invocations=16 (full 3):
 def new generation   total 13376K, used 13245K [0x24000000, 0x24e80000, 0x29550000)
  eden space 11904K,  99% used [0x24000000, 0x24b9bbe0, 0x24ba0000)
  from space 1472K,  92% used [0x24ba0000, 0x24cf3930, 0x24d10000)
  to   space 1472K,   0% used [0x24d10000, 0x24d10000, 0x24e80000)
 tenured generation   total 30932K, used 30868K [0x29550000, 0x2b385000, 0x34000000)
   the space 30932K,  99% used [0x29550000, 0x2b375088, 0x2b375200, 0x2b385000)
 compacting perm gen  total 12288K, used 8782K [0x34000000, 0x34c00000, 0x38000000)
   the space 12288K,  71% used [0x34000000, 0x34893b40, 0x34893c00, 0x34c00000)
    ro space 10240K,  42% used [0x38000000, 0x38434778, 0x38434800, 0x38a00000)
    rw space 12288K,  52% used [0x38a00000, 0x39049a68, 0x39049c00, 0x39600000)
Event: 6.598 GC heap after
Heap after GC invocations=17 (full 3):
 def new generation   total 13376K, used 1321K [0x24000000, 0x24e80000, 0x29550000)
  eden space 11904K,   0% used [0x24000000, 0x24000000, 0x24ba0000)
  from space 1472K,  89% used [0x24d10000, 0x24e5a600, 0x24e80000)
  to   space 1472K,   0% used [0x24ba0000, 0x24ba0000, 0x24d10000)
 tenured generation   total 34312K, used 34221K [0x29550000, 0x2b6d2000, 0x34000000)
   the space 34312K,  99% used [0x29550000, 0x2b6bb740, 0x2b6bb800, 0x2b6d2000)
 compacting perm gen  total 12288K, used 8782K [0x34000000, 0x34c00000, 0x38000000)
   the space 12288K,  71% used [0x34000000, 0x34893b40, 0x34893c00, 0x34c00000)
    ro space 10240K,  42% used [0x38000000, 0x38434778, 0x38434800, 0x38a00000)
    rw space 12288K,  52% used [0x38a00000, 0x39049a68, 0x39049c00, 0x39600000)
}

