# JRE version: Java(TM) SE Runtime Environment (7.0_60-b19) (build 1.7.0_60-b19)
# Java VM: Java HotSpot(TM) Client VM (24.60-b09 mixed mode, sharing windows-x86 )
Heap
 def new generation   total 14464K, used 13190K [0x24000000, 0x24fb0000, 0x29550000)
  eden space 12864K,  90% used [0x24000000, 0x24b51ba0, 0x24c90000)
  from space 1600K, 100% used [0x24e20000, 0x24fb0000, 0x24fb0000)
  to   space 1600K,   0% used [0x24c90000, 0x24c90000, 0x24e20000)
 tenured generation   total 32088K, used 19531K [0x29550000, 0x2b4a6000, 0x34000000)
   the space 32088K,  60% used [0x29550000, 0x2a862ff0, 0x2a863000, 0x2b4a6000)
 compacting perm gen  total 12288K, used 9365K [0x34000000, 0x34c00000, 0x38000000)
   the space 12288K,  76% used [0x34000000, 0x349256e8, 0x34925800, 0x34c00000)
    ro space 10240K,  42% used [0x38000000, 0x38434778, 0x38434800, 0x38a00000)
    rw space 12288K,  52% used [0x38a00000, 0x39049a68, 0x39049c00, 0x39600000)
GC Heap History (10 events):
Event: 3.393 GC heap before
{Heap before GC invocations=12 (full 2):
 def new generation   total 9728K, used 7560K [0x24000000, 0x24a80000, 0x29550000)
  eden space 8704K,  86% used [0x24000000, 0x24762350, 0x24880000)
  from space 1024K,   0% used [0x24880000, 0x24880000, 0x24980000)
  to   space 1024K,   0% used [0x24980000, 0x24980000, 0x24a80000)
 tenured generation   total 21360K, used 12814K [0x29550000, 0x2aa2c000, 0x34000000)
   the space 21360K,  59% used [0x29550000, 0x2a1d3ad0, 0x2a1d3c00, 0x2aa2c000)
 compacting perm gen  total 12288K, used 8500K [0x34000000, 0x34c00000, 0x38000000)
   the space 12288K,  69% used [0x34000000, 0x3484d0a0, 0x3484d200, 0x34c00000)
    ro space 10240K,  42% used [0x38000000, 0x38434778, 0x38434800, 0x38a00000)
    rw space 12288K,  52% used [0x38a00000, 0x39049a68, 0x39049c00, 0x39600000)
Event: 3.396 GC heap after
Heap after GC invocations=13 (full 2):
 def new generation   total 9728K, used 6K [0x24000000, 0x24a80000, 0x29550000)
  eden space 8704K,   0% used [0x24000000, 0x24000000, 0x24880000)
  from space 1024K,   0% used [0x24980000, 0x24981978, 0x24a80000)
  to   space 1024K,   0% used [0x24880000, 0x24880000, 0x24980000)
 tenured generation   total 21360K, used 20273K [0x29550000, 0x2aa2c000, 0x34000000)
   the space 21360K,  94% used [0x29550000, 0x2a91c700, 0x2a91c800, 0x2aa2c000)
 compacting perm gen  total 12288K, used 8500K [0x34000000, 0x34c00000, 0x38000000)
   the space 12288K,  69% used [0x34000000, 0x3484d0a0, 0x3484d200, 0x34c00000)
    ro space 10240K,  42% used [0x38000000, 0x38434778, 0x38434800, 0x38a00000)
    rw space 12288K,  52% used [0x38a00000, 0x39049a68, 0x39049c00, 0x39600000)
}
Event: 3.412 GC heap before
{Heap before GC invocations=13 (full 2):
 def new generation   total 9728K, used 7528K [0x24000000, 0x24a80000, 0x29550000)
  eden space 8704K,  86% used [0x24000000, 0x24758940, 0x24880000)
  from space 1024K,   0% used [0x24980000, 0x24981978, 0x24a80000)
  to   space 1024K,   0% used [0x24880000, 0x24880000, 0x24980000)
 tenured generation   total 21360K, used 20273K [0x29550000, 0x2aa2c000, 0x34000000)
   the space 21360K,  94% used [0x29550000, 0x2a91c700, 0x2a91c800, 0x2aa2c000)
 compacting perm gen  total 12288K, used 8500K [0x34000000, 0x34c00000, 0x38000000)
   the space 12288K,  69% used [0x34000000, 0x3484d0e0, 0x3484d200, 0x34c00000)
    ro space 10240K,  42% used [0x38000000, 0x38434778, 0x38434800, 0x38a00000)
    rw space 12288K,  52% used [0x38a00000, 0x39049a68, 0x39049c00, 0x39600000)
Event: 3.468 GC heap after
Heap after GC invocations=14 (full 3):
 def new generation   total 11712K, used 0K [0x24000000, 0x24cb0000, 0x29550000)
  eden space 10432K,   0% used [0x24000000, 0x24000000, 0x24a30000)
  from space 1280K,   0% used [0x24a30000, 0x24a30000, 0x24b70000)
  to   space 1280K,   0% used [0x24b70000, 0x24b70000, 0x24cb0000)
 tenured generation   total 25808K, used 15483K [0x29550000, 0x2ae84000, 0x34000000)
   the space 25808K,  59% used [0x29550000, 0x2a46ec18, 0x2a46ee00, 0x2ae84000)
 compacting perm gen  total 12288K, used 8500K [0x34000000, 0x34c00000, 0x38000000)
   the space 12288K,  69% used [0x34000000, 0x3484d0e0, 0x3484d200, 0x34c00000)
    ro space 10240K,  42% used [0x38000000, 0x38434778, 0x38434800, 0x38a00000)
    rw space 12288K,  52% used [0x38a00000, 0x39049a68, 0x39049c00, 0x39600000)
}
Event: 7.462 GC heap before
{Heap before GC invocations=14 (full 3):
 def new generation   total 11712K, used 10316K [0x24000000, 0x24cb0000, 0x29550000)
  eden space 10432K,  98% used [0x24000000, 0x24a13320, 0x24a30000)
  from space 1280K,   0% used [0x24a30000, 0x24a30000, 0x24b70000)
  to   space 1280K,   0% used [0x24b70000, 0x24b70000, 0x24cb0000)
 tenured generation   total 25808K, used 15483K [0x29550000, 0x2ae84000, 0x34000000)
   the space 25808K,  59% used [0x29550000, 0x2a46ec18, 0x2a46ee00, 0x2ae84000)
 compacting perm gen  total 12288K, used 8577K [0x34000000, 0x34c00000, 0x38000000)
   the space 12288K,  69% used [0x34000000, 0x34860530, 0x34860600, 0x34c00000)
    ro space 10240K,  42% used [0x38000000, 0x38434778, 0x38434800, 0x38a00000)
    rw space 12288K,  52% used [0x38a00000, 0x39049a68, 0x39049c00, 0x39600000)
Event: 7.465 GC heap after
Heap after GC invocations=15 (full 3):
 def new generation   total 11712K, used 1280K [0x24000000, 0x24cb0000, 0x29550000)
  eden space 10432K,   0% used [0x24000000, 0x24000000, 0x24a30000)
  from space 1280K, 100% used [0x24b70000, 0x24cb0000, 0x24cb0000)
  to   space 1280K,   0% used [0x24a30000, 0x24a30000, 0x24b70000)
 tenured generation   total 25808K, used 19289K [0x29550000, 0x2ae84000, 0x34000000)
   the space 25808K,  74% used [0x29550000, 0x2a826670, 0x2a826800, 0x2ae84000)
 compacting perm gen  total 12288K, used 8577K [0x34000000, 0x34c00000, 0x38000000)
   the space 12288K,  69% used [0x34000000, 0x34860530, 0x34860600, 0x34c00000)
    ro space 10240K,  42% used [0x38000000, 0x38434778, 0x38434800, 0x38a00000)
    rw space 12288K,  52% used [0x38a00000, 0x39049a68, 0x39049c00, 0x39600000)
}
Event: 7.707 GC heap before
{Heap before GC invocations=15 (full 3):
 def new generation   total 11712K, used 11712K [0x24000000, 0x24cb0000, 0x29550000)
  eden space 10432K, 100% used [0x24000000, 0x24a30000, 0x24a30000)
  from space 1280K, 100% used [0x24b70000, 0x24cb0000, 0x24cb0000)
  to   space 1280K,   0% used [0x24a30000, 0x24a30000, 0x24b70000)
 tenured generation   total 25808K, used 19289K [0x29550000, 0x2ae84000, 0x34000000)
   the space 25808K,  74% used [0x29550000, 0x2a826670, 0x2a826800, 0x2ae84000)
 compacting perm gen  total 12288K, used 8590K [0x34000000, 0x34c00000, 0x38000000)
   the space 12288K,  69% used [0x34000000, 0x34863a58, 0x34863c00, 0x34c00000)
    ro space 10240K,  42% used [0x38000000, 0x38434778, 0x38434800, 0x38a00000)
    rw space 12288K,  52% used [0x38a00000, 0x39049a68, 0x39049c00, 0x39600000)
Event: 7.756 GC heap after
Heap after GC invocations=16 (full 4):
 def new generation   total 14464K, used 0K [0x24000000, 0x24fb0000, 0x29550000)
  eden space 12864K,   0% used [0x24000000, 0x24000000, 0x24c90000)
  from space 1600K,   0% used [0x24c90000, 0x24c90000, 0x24e20000)
  to   space 1600K,   0% used [0x24e20000, 0x24e20000, 0x24fb0000)
 tenured generation   total 32088K, used 19250K [0x29550000, 0x2b4a6000, 0x34000000)
   the space 32088K,  59% used [0x29550000, 0x2a81cbf8, 0x2a81cc00, 0x2b4a6000)
 compacting perm gen  total 12288K, used 8584K [0x34000000, 0x34c00000, 0x38000000)
   the space 12288K,  69% used [0x34000000, 0x348621d0, 0x34862200, 0x34c00000)
    ro space 10240K,  42% used [0x38000000, 0x38434778, 0x38434800, 0x38a00000)
    rw space 12288K,  52% used [0x38a00000, 0x39049a68, 0x39049c00, 0x39600000)
}
Event: 8.429 GC heap before
{Heap before GC invocations=16 (full 4):
 def new generation   total 14464K, used 12864K [0x24000000, 0x24fb0000, 0x29550000)
  eden space 12864K, 100% used [0x24000000, 0x24c90000, 0x24c90000)
  from space 1600K,   0% used [0x24c90000, 0x24c90000, 0x24e20000)
  to   space 1600K,   0% used [0x24e20000, 0x24e20000, 0x24fb0000)
 tenured generation   total 32088K, used 19250K [0x29550000, 0x2b4a6000, 0x34000000)
   the space 32088K,  59% used [0x29550000, 0x2a81cbf8, 0x2a81cc00, 0x2b4a6000)
 compacting perm gen  total 12288K, used 9300K [0x34000000, 0x34c00000, 0x38000000)
   the space 12288K,  75% used [0x34000000, 0x34915398, 0x34915400, 0x34c00000)
    ro space 10240K,  42% used [0x38000000, 0x38434778, 0x38434800, 0x38a00000)
    rw space 12288K,  52% used [0x38a00000, 0x39049a68, 0x39049c00, 0x39600000)
Event: 8.435 GC heap after
Heap after GC invocations=17 (full 4):
 def new generation   total 14464K, used 1600K [0x24000000, 0x24fb0000, 0x29550000)
  eden space 12864K,   0% used [0x24000000, 0x24000000, 0x24c90000)
  from space 1600K, 100% used [0x24e20000, 0x24fb0000, 0x24fb0000)
  to   space 1600K,   0% used [0x24c90000, 0x24c90000, 0x24e20000)
 tenured generation   total 32088K, used 19531K [0x29550000, 0x2b4a6000, 0x34000000)
   the space 32088K,  60% used [0x29550000, 0x2a862ff0, 0x2a863000, 0x2b4a6000)
 compacting perm gen  total 12288K, used 9300K [0x34000000, 0x34c00000, 0x38000000)
   the space 12288K,  75% used [0x34000000, 0x34915398, 0x34915400, 0x34c00000)
    ro space 10240K,  42% used [0x38000000, 0x38434778, 0x38434800, 0x38a00000)
    rw space 12288K,  52% used [0x38a00000, 0x39049a68, 0x39049c00, 0x39600000)
}

