# JRE version: Java(TM) SE Runtime Environment (7.0_60-b19) (build 1.7.0_60-b19)
# Java VM: Java HotSpot(TM) Client VM (24.60-b09 mixed mode, sharing windows-x86 )
Heap
 def new generation   total 12160K, used 4954K [0x24000000, 0x24d30000, 0x29550000)
  eden space 10816K,  33% used [0x24000000, 0x24386b98, 0x24a90000)
  from space 1344K, 100% used [0x24be0000, 0x24d30000, 0x24d30000)
  to   space 1344K,   0% used [0x24a90000, 0x24a90000, 0x24be0000)
 tenured generation   total 26824K, used 22746K [0x29550000, 0x2af82000, 0x34000000)
   the space 26824K,  84% used [0x29550000, 0x2ab869f8, 0x2ab86a00, 0x2af82000)
 compacting perm gen  total 12288K, used 8591K [0x34000000, 0x34c00000, 0x38000000)
   the space 12288K,  69% used [0x34000000, 0x34863e60, 0x34864000, 0x34c00000)
    ro space 10240K,  42% used [0x38000000, 0x38434778, 0x38434800, 0x38a00000)
    rw space 12288K,  52% used [0x38a00000, 0x39049a68, 0x39049c00, 0x39600000)
GC Heap History (10 events):
Event: 8.501 GC heap before
{Heap before GC invocations=10 (full 1):
 def new generation   total 9728K, used 9727K [0x24000000, 0x24a80000, 0x29550000)
  eden space 8704K, 100% used [0x24000000, 0x24880000, 0x24880000)
  from space 1024K,  99% used [0x24980000, 0x24a7fff8, 0x24a80000)
  to   space 1024K,   0% used [0x24880000, 0x24880000, 0x24980000)
 tenured generation   total 21364K, used 16781K [0x29550000, 0x2aa2d000, 0x34000000)
   the space 21364K,  78% used [0x29550000, 0x2a5b3400, 0x2a5b3400, 0x2aa2d000)
 compacting perm gen  total 12288K, used 8139K [0x34000000, 0x34c00000, 0x38000000)
   the space 12288K,  66% used [0x34000000, 0x347f2f80, 0x347f3000, 0x34c00000)
    ro space 10240K,  42% used [0x38000000, 0x38434778, 0x38434800, 0x38a00000)
    rw space 12288K,  52% used [0x38a00000, 0x39049a68, 0x39049c00, 0x39600000)
Event: 8.509 GC heap after
Heap after GC invocations=11 (full 1):
 def new generation   total 9728K, used 1023K [0x24000000, 0x24a80000, 0x29550000)
  eden space 8704K,   0% used [0x24000000, 0x24000000, 0x24880000)
  from space 1024K,  99% used [0x24880000, 0x2497fff8, 0x24980000)
  to   space 1024K,   0% used [0x24980000, 0x24980000, 0x24a80000)
 tenured generation   total 21364K, used 18277K [0x29550000, 0x2aa2d000, 0x34000000)
   the space 21364K,  85% used [0x29550000, 0x2a7294b0, 0x2a729600, 0x2aa2d000)
 compacting perm gen  total 12288K, used 8139K [0x34000000, 0x34c00000, 0x38000000)
   the space 12288K,  66% used [0x34000000, 0x347f2f80, 0x347f3000, 0x34c00000)
    ro space 10240K,  42% used [0x38000000, 0x38434778, 0x38434800, 0x38a00000)
    rw space 12288K,  52% used [0x38a00000, 0x39049a68, 0x39049c00, 0x39600000)
}
Event: 8.685 GC heap before
{Heap before GC invocations=11 (full 1):
 def new generation   total 9728K, used 9064K [0x24000000, 0x24a80000, 0x29550000)
  eden space 8704K,  92% used [0x24000000, 0x247da190, 0x24880000)
  from space 1024K,  99% used [0x24880000, 0x2497fff8, 0x24980000)
  to   space 1024K,   0% used [0x24980000, 0x24980000, 0x24a80000)
 tenured generation   total 21364K, used 18277K [0x29550000, 0x2aa2d000, 0x34000000)
   the space 21364K,  85% used [0x29550000, 0x2a7294b0, 0x2a729600, 0x2aa2d000)
 compacting perm gen  total 12288K, used 8534K [0x34000000, 0x34c00000, 0x38000000)
   the space 12288K,  69% used [0x34000000, 0x34855b68, 0x34855c00, 0x34c00000)
    ro space 10240K,  42% used [0x38000000, 0x38434778, 0x38434800, 0x38a00000)
    rw space 12288K,  52% used [0x38a00000, 0x39049a68, 0x39049c00, 0x39600000)
Event: 8.753 GC heap after
Heap after GC invocations=12 (full 2):
 def new generation   total 9728K, used 0K [0x24000000, 0x24a80000, 0x29550000)
  eden space 8704K,   0% used [0x24000000, 0x24000000, 0x24880000)
  from space 1024K,   0% used [0x24980000, 0x24980000, 0x24a80000)
  to   space 1024K,   0% used [0x24880000, 0x24880000, 0x24980000)
 tenured generation   total 21364K, used 11989K [0x29550000, 0x2aa2d000, 0x34000000)
   the space 21364K,  56% used [0x29550000, 0x2a1055a8, 0x2a105600, 0x2aa2d000)
 compacting perm gen  total 12288K, used 8534K [0x34000000, 0x34c00000, 0x38000000)
   the space 12288K,  69% used [0x34000000, 0x34855b68, 0x34855c00, 0x34c00000)
    ro space 10240K,  42% used [0x38000000, 0x38434778, 0x38434800, 0x38a00000)
    rw space 12288K,  52% used [0x38a00000, 0x39049a68, 0x39049c00, 0x39600000)
}
Event: 8.755 GC heap before
{Heap before GC invocations=12 (full 2):
 def new generation   total 9728K, used 7564K [0x24000000, 0x24a80000, 0x29550000)
  eden space 8704K,  86% used [0x24000000, 0x24763020, 0x24880000)
  from space 1024K,   0% used [0x24980000, 0x24980000, 0x24a80000)
  to   space 1024K,   0% used [0x24880000, 0x24880000, 0x24980000)
 tenured generation   total 21364K, used 11989K [0x29550000, 0x2aa2d000, 0x34000000)
   the space 21364K,  56% used [0x29550000, 0x2a1055a8, 0x2a105600, 0x2aa2d000)
 compacting perm gen  total 12288K, used 8534K [0x34000000, 0x34c00000, 0x38000000)
   the space 12288K,  69% used [0x34000000, 0x34855b68, 0x34855c00, 0x34c00000)
    ro space 10240K,  42% used [0x38000000, 0x38434778, 0x38434800, 0x38a00000)
    rw space 12288K,  52% used [0x38a00000, 0x39049a68, 0x39049c00, 0x39600000)
Event: 8.757 GC heap after
Heap after GC invocations=13 (full 2):
 def new generation   total 9728K, used 2K [0x24000000, 0x24a80000, 0x29550000)
  eden space 8704K,   0% used [0x24000000, 0x24000000, 0x24880000)
  from space 1024K,   0% used [0x24880000, 0x24880ac8, 0x24980000)
  to   space 1024K,   0% used [0x24980000, 0x24980000, 0x24a80000)
 tenured generation   total 21364K, used 19442K [0x29550000, 0x2aa2d000, 0x34000000)
   the space 21364K,  91% used [0x29550000, 0x2a84cb20, 0x2a84cc00, 0x2aa2d000)
 compacting perm gen  total 12288K, used 8534K [0x34000000, 0x34c00000, 0x38000000)
   the space 12288K,  69% used [0x34000000, 0x34855b68, 0x34855c00, 0x34c00000)
    ro space 10240K,  42% used [0x38000000, 0x38434778, 0x38434800, 0x38a00000)
    rw space 12288K,  52% used [0x38a00000, 0x39049a68, 0x39049c00, 0x39600000)
}
Event: 8.774 GC heap before
{Heap before GC invocations=13 (full 2):
 def new generation   total 9728K, used 7539K [0x24000000, 0x24a80000, 0x29550000)
  eden space 8704K,  86% used [0x24000000, 0x2475c480, 0x24880000)
  from space 1024K,   0% used [0x24880000, 0x24880ac8, 0x24980000)
  to   space 1024K,   0% used [0x24980000, 0x24980000, 0x24a80000)
 tenured generation   total 21364K, used 19442K [0x29550000, 0x2aa2d000, 0x34000000)
   the space 21364K,  91% used [0x29550000, 0x2a84cb20, 0x2a84cc00, 0x2aa2d000)
 compacting perm gen  total 12288K, used 8534K [0x34000000, 0x34c00000, 0x38000000)
   the space 12288K,  69% used [0x34000000, 0x34855b68, 0x34855c00, 0x34c00000)
    ro space 10240K,  42% used [0x38000000, 0x38434778, 0x38434800, 0x38a00000)
    rw space 12288K,  52% used [0x38a00000, 0x39049a68, 0x39049c00, 0x39600000)
Event: 8.843 GC heap after
Heap after GC invocations=14 (full 3):
 def new generation   total 12160K, used 0K [0x24000000, 0x24d30000, 0x29550000)
  eden space 10816K,   0% used [0x24000000, 0x24000000, 0x24a90000)
  from space 1344K,   0% used [0x24a90000, 0x24a90000, 0x24be0000)
  to   space 1344K,   0% used [0x24be0000, 0x24be0000, 0x24d30000)
 tenured generation   total 26824K, used 16094K [0x29550000, 0x2af82000, 0x34000000)
   the space 26824K,  59% used [0x29550000, 0x2a5078f0, 0x2a507a00, 0x2af82000)
 compacting perm gen  total 12288K, used 8534K [0x34000000, 0x34c00000, 0x38000000)
   the space 12288K,  69% used [0x34000000, 0x34855b68, 0x34855c00, 0x34c00000)
    ro space 10240K,  42% used [0x38000000, 0x38434778, 0x38434800, 0x38a00000)
    rw space 12288K,  52% used [0x38a00000, 0x39049a68, 0x39049c00, 0x39600000)
}
Event: 9.487 GC heap before
{Heap before GC invocations=14 (full 3):
 def new generation   total 12160K, used 10816K [0x24000000, 0x24d30000, 0x29550000)
  eden space 10816K, 100% used [0x24000000, 0x24a90000, 0x24a90000)
  from space 1344K,   0% used [0x24a90000, 0x24a90000, 0x24be0000)
  to   space 1344K,   0% used [0x24be0000, 0x24be0000, 0x24d30000)
 tenured generation   total 26824K, used 16094K [0x29550000, 0x2af82000, 0x34000000)
   the space 26824K,  59% used [0x29550000, 0x2a5078f0, 0x2a507a00, 0x2af82000)
 compacting perm gen  total 12288K, used 8559K [0x34000000, 0x34c00000, 0x38000000)
   the space 12288K,  69% used [0x34000000, 0x3485bed0, 0x3485c000, 0x34c00000)
    ro space 10240K,  42% used [0x38000000, 0x38434778, 0x38434800, 0x38a00000)
    rw space 12288K,  52% used [0x38a00000, 0x39049a68, 0x39049c00, 0x39600000)
Event: 9.492 GC heap after
Heap after GC invocations=15 (full 3):
 def new generation   total 12160K, used 1344K [0x24000000, 0x24d30000, 0x29550000)
  eden space 10816K,   0% used [0x24000000, 0x24000000, 0x24a90000)
  from space 1344K, 100% used [0x24be0000, 0x24d30000, 0x24d30000)
  to   space 1344K,   0% used [0x24a90000, 0x24a90000, 0x24be0000)
 tenured generation   total 26824K, used 22746K [0x29550000, 0x2af82000, 0x34000000)
   the space 26824K,  84% used [0x29550000, 0x2ab869f8, 0x2ab86a00, 0x2af82000)
 compacting perm gen  total 12288K, used 8559K [0x34000000, 0x34c00000, 0x38000000)
   the space 12288K,  69% used [0x34000000, 0x3485bed0, 0x3485c000, 0x34c00000)
    ro space 10240K,  42% used [0x38000000, 0x38434778, 0x38434800, 0x38a00000)
    rw space 12288K,  52% used [0x38a00000, 0x39049a68, 0x39049c00, 0x39600000)
}

