# JRE version: Java(TM) SE Runtime Environment (7.0_60-b19) (build 1.7.0_60-b19)
# Java VM: Java HotSpot(TM) Client VM (24.60-b09 mixed mode, sharing windows-x86 )
Heap
 def new generation   total 58752K, used 14233K [0x24000000, 0x27fc0000, 0x29550000)
  eden space 52224K,  14% used [0x24000000, 0x247867d0, 0x27300000)
  from space 6528K,  99% used [0x27960000, 0x27fbfff0, 0x27fc0000)
  to   space 6528K,   0% used [0x27300000, 0x27300000, 0x27960000)
 tenured generation   total 130436K, used 97965K [0x29550000, 0x314b1000, 0x34000000)
   the space 130436K,  75% used [0x29550000, 0x2f4fb498, 0x2f4fb600, 0x314b1000)
 compacting perm gen  total 12288K, used 8890K [0x34000000, 0x34c00000, 0x38000000)
   the space 12288K,  72% used [0x34000000, 0x348ae958, 0x348aea00, 0x34c00000)
    ro space 10240K,  42% used [0x38000000, 0x38434778, 0x38434800, 0x38a00000)
    rw space 12288K,  52% used [0x38a00000, 0x39049a68, 0x39049c00, 0x39600000)
GC Heap History (10 events):
Event: 65.166 GC heap before
{Heap before GC invocations=30 (full 6):
 def new generation   total 38848K, used 34390K [0x24000000, 0x26a20000, 0x29550000)
  eden space 34560K,  99% used [0x24000000, 0x26195b40, 0x261c0000)
  from space 4288K,   0% used [0x261c0000, 0x261c0000, 0x265f0000)
  to   space 4288K,   0% used [0x265f0000, 0x265f0000, 0x26a20000)
 tenured generation   total 85912K, used 51545K [0x29550000, 0x2e936000, 0x34000000)
   the space 85912K,  59% used [0x29550000, 0x2c7a64c0, 0x2c7a6600, 0x2e936000)
 compacting perm gen  total 12288K, used 8886K [0x34000000, 0x34c00000, 0x38000000)
   the space 12288K,  72% used [0x34000000, 0x348ad928, 0x348ada00, 0x34c00000)
    ro space 10240K,  42% used [0x38000000, 0x38434778, 0x38434800, 0x38a00000)
    rw space 12288K,  52% used [0x38a00000, 0x39049a68, 0x39049c00, 0x39600000)
Event: 65.171 GC heap after
Heap after GC invocations=31 (full 6):
 def new generation   total 38848K, used 4279K [0x24000000, 0x26a20000, 0x29550000)
  eden space 34560K,   0% used [0x24000000, 0x24000000, 0x261c0000)
  from space 4288K,  99% used [0x265f0000, 0x26a1ddb0, 0x26a20000)
  to   space 4288K,   0% used [0x261c0000, 0x261c0000, 0x265f0000)
 tenured generation   total 85912K, used 61593K [0x29550000, 0x2e936000, 0x34000000)
   the space 85912K,  71% used [0x29550000, 0x2d176770, 0x2d176800, 0x2e936000)
 compacting perm gen  total 12288K, used 8886K [0x34000000, 0x34c00000, 0x38000000)
   the space 12288K,  72% used [0x34000000, 0x348ad928, 0x348ada00, 0x34c00000)
    ro space 10240K,  42% used [0x38000000, 0x38434778, 0x38434800, 0x38a00000)
    rw space 12288K,  52% used [0x38a00000, 0x39049a68, 0x39049c00, 0x39600000)
}
Event: 66.253 GC heap before
{Heap before GC invocations=31 (full 6):
 def new generation   total 38848K, used 38840K [0x24000000, 0x26a20000, 0x29550000)
  eden space 34560K, 100% used [0x24000000, 0x261c0000, 0x261c0000)
  from space 4288K,  99% used [0x265f0000, 0x26a1e1c0, 0x26a20000)
  to   space 4288K,   0% used [0x261c0000, 0x261c0000, 0x265f0000)
 tenured generation   total 85912K, used 61593K [0x29550000, 0x2e936000, 0x34000000)
   the space 85912K,  71% used [0x29550000, 0x2d176770, 0x2d176800, 0x2e936000)
 compacting perm gen  total 12288K, used 8886K [0x34000000, 0x34c00000, 0x38000000)
   the space 12288K,  72% used [0x34000000, 0x348ad948, 0x348ada00, 0x34c00000)
    ro space 10240K,  42% used [0x38000000, 0x38434778, 0x38434800, 0x38a00000)
    rw space 12288K,  52% used [0x38a00000, 0x39049a68, 0x39049c00, 0x39600000)
Event: 66.262 GC heap after
Heap after GC invocations=32 (full 6):
 def new generation   total 38848K, used 4288K [0x24000000, 0x26a20000, 0x29550000)
  eden space 34560K,   0% used [0x24000000, 0x24000000, 0x261c0000)
  from space 4288K, 100% used [0x261c0000, 0x265f0000, 0x265f0000)
  to   space 4288K,   0% used [0x265f0000, 0x265f0000, 0x26a20000)
 tenured generation   total 85912K, used 79299K [0x29550000, 0x2e936000, 0x34000000)
   the space 85912K,  92% used [0x29550000, 0x2e2c0e18, 0x2e2c1000, 0x2e936000)
 compacting perm gen  total 12288K, used 8886K [0x34000000, 0x34c00000, 0x38000000)
   the space 12288K,  72% used [0x34000000, 0x348ad948, 0x348ada00, 0x34c00000)
    ro space 10240K,  42% used [0x38000000, 0x38434778, 0x38434800, 0x38a00000)
    rw space 12288K,  52% used [0x38a00000, 0x39049a68, 0x39049c00, 0x39600000)
}
Event: 66.263 GC heap before
{Heap before GC invocations=32 (full 6):
 def new generation   total 38848K, used 4362K [0x24000000, 0x26a20000, 0x29550000)
  eden space 34560K,   0% used [0x24000000, 0x24012828, 0x261c0000)
  from space 4288K, 100% used [0x261c0000, 0x265f0000, 0x265f0000)
  to   space 4288K,   0% used [0x265f0000, 0x265f0000, 0x26a20000)
 tenured generation   total 85912K, used 79299K [0x29550000, 0x2e936000, 0x34000000)
   the space 85912K,  92% used [0x29550000, 0x2e2c0e18, 0x2e2c1000, 0x2e936000)
 compacting perm gen  total 12288K, used 8886K [0x34000000, 0x34c00000, 0x38000000)
   the space 12288K,  72% used [0x34000000, 0x348ad948, 0x348ada00, 0x34c00000)
    ro space 10240K,  42% used [0x38000000, 0x38434778, 0x38434800, 0x38a00000)
    rw space 12288K,  52% used [0x38a00000, 0x39049a68, 0x39049c00, 0x39600000)
Event: 66.270 GC heap after
Heap after GC invocations=33 (full 6):
 def new generation   total 38848K, used 0K [0x24000000, 0x26a20000, 0x29550000)
  eden space 34560K,   0% used [0x24000000, 0x24000000, 0x261c0000)
  from space 4288K,   0% used [0x265f0000, 0x265f0330, 0x26a20000)
  to   space 4288K,   0% used [0x261c0000, 0x261c0000, 0x265f0000)
 tenured generation   total 85912K, used 83561K [0x29550000, 0x2e936000, 0x34000000)
   the space 85912K,  97% used [0x29550000, 0x2e6ea6b0, 0x2e6ea800, 0x2e936000)
 compacting perm gen  total 12288K, used 8886K [0x34000000, 0x34c00000, 0x38000000)
   the space 12288K,  72% used [0x34000000, 0x348ad948, 0x348ada00, 0x34c00000)
    ro space 10240K,  42% used [0x38000000, 0x38434778, 0x38434800, 0x38a00000)
    rw space 12288K,  52% used [0x38a00000, 0x39049a68, 0x39049c00, 0x39600000)
}
Event: 91.335 GC heap before
{Heap before GC invocations=33 (full 6):
 def new generation   total 38848K, used 34556K [0x24000000, 0x26a20000, 0x29550000)
  eden space 34560K,  99% used [0x24000000, 0x261bef90, 0x261c0000)
  from space 4288K,   0% used [0x265f0000, 0x265f0330, 0x26a20000)
  to   space 4288K,   0% used [0x261c0000, 0x261c0000, 0x265f0000)
 tenured generation   total 85912K, used 83561K [0x29550000, 0x2e936000, 0x34000000)
   the space 85912K,  97% used [0x29550000, 0x2e6ea6b0, 0x2e6ea800, 0x2e936000)
 compacting perm gen  total 12288K, used 8886K [0x34000000, 0x34c00000, 0x38000000)
   the space 12288K,  72% used [0x34000000, 0x348ada38, 0x348adc00, 0x34c00000)
    ro space 10240K,  42% used [0x38000000, 0x38434778, 0x38434800, 0x38a00000)
    rw space 12288K,  52% used [0x38a00000, 0x39049a68, 0x39049c00, 0x39600000)
Event: 91.386 GC heap after
Heap after GC invocations=34 (full 7):
 def new generation   total 58752K, used 0K [0x24000000, 0x27fc0000, 0x29550000)
  eden space 52224K,   0% used [0x24000000, 0x24000000, 0x27300000)
  from space 6528K,   0% used [0x27300000, 0x27300000, 0x27960000)
  to   space 6528K,   0% used [0x27960000, 0x27960000, 0x27fc0000)
 tenured generation   total 130436K, used 78259K [0x29550000, 0x314b1000, 0x34000000)
   the space 130436K,  59% used [0x29550000, 0x2e1bcd18, 0x2e1bce00, 0x314b1000)
 compacting perm gen  total 12288K, used 8886K [0x34000000, 0x34c00000, 0x38000000)
   the space 12288K,  72% used [0x34000000, 0x348ada38, 0x348adc00, 0x34c00000)
    ro space 10240K,  42% used [0x38000000, 0x38434778, 0x38434800, 0x38a00000)
    rw space 12288K,  52% used [0x38a00000, 0x39049a68, 0x39049c00, 0x39600000)
}
Event: 92.602 GC heap before
{Heap before GC invocations=34 (full 7):
 def new generation   total 58752K, used 52480K [0x24000000, 0x27fc0000, 0x29550000)
  eden space 52224K, 100% used [0x24000000, 0x27300000, 0x27300000)
  from space 6528K,   3% used [0x27300000, 0x273401a0, 0x27960000)
  to   space 6528K,   0% used [0x27960000, 0x27960000, 0x27fc0000)
 tenured generation   total 130436K, used 78259K [0x29550000, 0x314b1000, 0x34000000)
   the space 130436K,  59% used [0x29550000, 0x2e1bcd18, 0x2e1bce00, 0x314b1000)
 compacting perm gen  total 12288K, used 8886K [0x34000000, 0x34c00000, 0x38000000)
   the space 12288K,  72% used [0x34000000, 0x348adaa8, 0x348adc00, 0x34c00000)
    ro space 10240K,  42% used [0x38000000, 0x38434778, 0x38434800, 0x38a00000)
    rw space 12288K,  52% used [0x38a00000, 0x39049a68, 0x39049c00, 0x39600000)
Event: 92.613 GC heap after
Heap after GC invocations=35 (full 7):
 def new generation   total 58752K, used 6527K [0x24000000, 0x27fc0000, 0x29550000)
  eden space 52224K,   0% used [0x24000000, 0x24000000, 0x27300000)
  from space 6528K,  99% used [0x27960000, 0x27fbfff0, 0x27fc0000)
  to   space 6528K,   0% used [0x27300000, 0x27300000, 0x27960000)
 tenured generation   total 130436K, used 97965K [0x29550000, 0x314b1000, 0x34000000)
   the space 130436K,  75% used [0x29550000, 0x2f4fb498, 0x2f4fb600, 0x314b1000)
 compacting perm gen  total 12288K, used 8886K [0x34000000, 0x34c00000, 0x38000000)
   the space 12288K,  72% used [0x34000000, 0x348adaa8, 0x348adc00, 0x34c00000)
    ro space 10240K,  42% used [0x38000000, 0x38434778, 0x38434800, 0x38a00000)
    rw space 12288K,  52% used [0x38a00000, 0x39049a68, 0x39049c00, 0x39600000)
}

