# JRE version: Java(TM) SE Runtime Environment (7.0_60-b19) (build 1.7.0_60-b19)
# Java VM: Java HotSpot(TM) Client VM (24.60-b09 mixed mode, sharing windows-x86 )
Heap
 def new generation   total 32000K, used 14482K [0x24000000, 0x262b0000, 0x29550000)
  eden space 28480K,  50% used [0x24000000, 0x24e24b88, 0x25bd0000)
  from space 3520K,   0% used [0x25bd0000, 0x25bd0000, 0x25f40000)
  to   space 3520K,   0% used [0x25f40000, 0x25f40000, 0x262b0000)
 tenured generation   total 70856K, used 42512K [0x29550000, 0x2da82000, 0x34000000)
   the space 70856K,  59% used [0x29550000, 0x2bed41a8, 0x2bed4200, 0x2da82000)
 compacting perm gen  total 12288K, used 9492K [0x34000000, 0x34c00000, 0x38000000)
   the space 12288K,  77% used [0x34000000, 0x34945178, 0x34945200, 0x34c00000)
    ro space 10240K,  42% used [0x38000000, 0x38434778, 0x38434800, 0x38a00000)
    rw space 12288K,  52% used [0x38a00000, 0x39049a68, 0x39049c00, 0x39600000)
GC Heap History (10 events):
Event: 8.992 GC heap before
{Heap before GC invocations=15 (full 3):
 def new generation   total 13312K, used 13090K [0x24000000, 0x24e70000, 0x29550000)
  eden space 11840K,  98% used [0x24000000, 0x24b58948, 0x24b90000)
  from space 1472K, 100% used [0x24d00000, 0x24e70000, 0x24e70000)
  to   space 1472K,   0% used [0x24b90000, 0x24b90000, 0x24d00000)
 tenured generation   total 29532K, used 24409K [0x29550000, 0x2b227000, 0x34000000)
   the space 29532K,  82% used [0x29550000, 0x2ad264b8, 0x2ad26600, 0x2b227000)
 compacting perm gen  total 12288K, used 9236K [0x34000000, 0x34c00000, 0x38000000)
   the space 12288K,  75% used [0x34000000, 0x349052b0, 0x34905400, 0x34c00000)
    ro space 10240K,  42% used [0x38000000, 0x38434778, 0x38434800, 0x38a00000)
    rw space 12288K,  52% used [0x38a00000, 0x39049a68, 0x39049c00, 0x39600000)
Event: 9.078 GC heap after
Heap after GC invocations=16 (full 4):
 def new generation   total 24768K, used 0K [0x24000000, 0x25ad0000, 0x29550000)
  eden space 22080K,   0% used [0x24000000, 0x24000000, 0x25590000)
  from space 2688K,   0% used [0x25590000, 0x25590000, 0x25830000)
  to   space 2688K,   0% used [0x25830000, 0x25830000, 0x25ad0000)
 tenured generation   total 54772K, used 32861K [0x29550000, 0x2cacd000, 0x34000000)
   the space 54772K,  59% used [0x29550000, 0x2b567678, 0x2b567800, 0x2cacd000)
 compacting perm gen  total 12288K, used 9230K [0x34000000, 0x34c00000, 0x38000000)
   the space 12288K,  75% used [0x34000000, 0x34903898, 0x34903a00, 0x34c00000)
    ro space 10240K,  42% used [0x38000000, 0x38434778, 0x38434800, 0x38a00000)
    rw space 12288K,  52% used [0x38a00000, 0x39049a68, 0x39049c00, 0x39600000)
}
Event: 9.327 GC heap before
{Heap before GC invocations=16 (full 4):
 def new generation   total 24768K, used 22080K [0x24000000, 0x25ad0000, 0x29550000)
  eden space 22080K, 100% used [0x24000000, 0x25590000, 0x25590000)
  from space 2688K,   0% used [0x25590000, 0x25590000, 0x25830000)
  to   space 2688K,   0% used [0x25830000, 0x25830000, 0x25ad0000)
 tenured generation   total 54772K, used 32861K [0x29550000, 0x2cacd000, 0x34000000)
   the space 54772K,  59% used [0x29550000, 0x2b567678, 0x2b567800, 0x2cacd000)
 compacting perm gen  total 12288K, used 9290K [0x34000000, 0x34c00000, 0x38000000)
   the space 12288K,  75% used [0x34000000, 0x34912ab0, 0x34912c00, 0x34c00000)
    ro space 10240K,  42% used [0x38000000, 0x38434778, 0x38434800, 0x38a00000)
    rw space 12288K,  52% used [0x38a00000, 0x39049a68, 0x39049c00, 0x39600000)
Event: 9.339 GC heap after
Heap after GC invocations=17 (full 4):
 def new generation   total 24768K, used 2687K [0x24000000, 0x25ad0000, 0x29550000)
  eden space 22080K,   0% used [0x24000000, 0x24000000, 0x25590000)
  from space 2688K,  99% used [0x25830000, 0x25acfff8, 0x25ad0000)
  to   space 2688K,   0% used [0x25590000, 0x25590000, 0x25830000)
 tenured generation   total 54772K, used 37595K [0x29550000, 0x2cacd000, 0x34000000)
   the space 54772K,  68% used [0x29550000, 0x2ba06c00, 0x2ba06c00, 0x2cacd000)
 compacting perm gen  total 12288K, used 9290K [0x34000000, 0x34c00000, 0x38000000)
   the space 12288K,  75% used [0x34000000, 0x34912ab0, 0x34912c00, 0x34c00000)
    ro space 10240K,  42% used [0x38000000, 0x38434778, 0x38434800, 0x38a00000)
    rw space 12288K,  52% used [0x38a00000, 0x39049a68, 0x39049c00, 0x39600000)
}
Event: 15.377 GC heap before
{Heap before GC invocations=17 (full 4):
 def new generation   total 24768K, used 24767K [0x24000000, 0x25ad0000, 0x29550000)
  eden space 22080K, 100% used [0x24000000, 0x25590000, 0x25590000)
  from space 2688K,  99% used [0x25830000, 0x25acfff8, 0x25ad0000)
  to   space 2688K,   0% used [0x25590000, 0x25590000, 0x25830000)
 tenured generation   total 54772K, used 37595K [0x29550000, 0x2cacd000, 0x34000000)
   the space 54772K,  68% used [0x29550000, 0x2ba06c00, 0x2ba06c00, 0x2cacd000)
 compacting perm gen  total 12288K, used 9309K [0x34000000, 0x34c00000, 0x38000000)
   the space 12288K,  75% used [0x34000000, 0x34917480, 0x34917600, 0x34c00000)
    ro space 10240K,  42% used [0x38000000, 0x38434778, 0x38434800, 0x38a00000)
    rw space 12288K,  52% used [0x38a00000, 0x39049a68, 0x39049c00, 0x39600000)
Event: 15.383 GC heap after
Heap after GC invocations=18 (full 4):
 def new generation   total 24768K, used 2661K [0x24000000, 0x25ad0000, 0x29550000)
  eden space 22080K,   0% used [0x24000000, 0x24000000, 0x25590000)
  from space 2688K,  99% used [0x25590000, 0x258295e0, 0x25830000)
  to   space 2688K,   0% used [0x25830000, 0x25830000, 0x25ad0000)
 tenured generation   total 54772K, used 42071K [0x29550000, 0x2cacd000, 0x34000000)
   the space 54772K,  76% used [0x29550000, 0x2be65c20, 0x2be65e00, 0x2cacd000)
 compacting perm gen  total 12288K, used 9309K [0x34000000, 0x34c00000, 0x38000000)
   the space 12288K,  75% used [0x34000000, 0x34917480, 0x34917600, 0x34c00000)
    ro space 10240K,  42% used [0x38000000, 0x38434778, 0x38434800, 0x38a00000)
    rw space 12288K,  52% used [0x38a00000, 0x39049a68, 0x39049c00, 0x39600000)
}
Event: 49.889 GC heap before
{Heap before GC invocations=18 (full 4):
 def new generation   total 24768K, used 23700K [0x24000000, 0x25ad0000, 0x29550000)
  eden space 22080K,  95% used [0x24000000, 0x2548bb90, 0x25590000)
  from space 2688K,  99% used [0x25590000, 0x258295e0, 0x25830000)
  to   space 2688K,   0% used [0x25830000, 0x25830000, 0x25ad0000)
 tenured generation   total 54772K, used 42071K [0x29550000, 0x2cacd000, 0x34000000)
   the space 54772K,  76% used [0x29550000, 0x2be65c20, 0x2be65e00, 0x2cacd000)
 compacting perm gen  total 12288K, used 9488K [0x34000000, 0x34c00000, 0x38000000)
   the space 12288K,  77% used [0x34000000, 0x349441e8, 0x34944200, 0x34c00000)
    ro space 10240K,  42% used [0x38000000, 0x38434778, 0x38434800, 0x38a00000)
    rw space 12288K,  52% used [0x38a00000, 0x39049a68, 0x39049c00, 0x39600000)
Event: 49.895 GC heap after
Heap after GC invocations=19 (full 4):
 def new generation   total 24768K, used 2688K [0x24000000, 0x25ad0000, 0x29550000)
  eden space 22080K,   0% used [0x24000000, 0x24000000, 0x25590000)
  from space 2688K, 100% used [0x25830000, 0x25ad0000, 0x25ad0000)
  to   space 2688K,   0% used [0x25590000, 0x25590000, 0x25830000)
 tenured generation   total 54772K, used 51639K [0x29550000, 0x2cacd000, 0x34000000)
   the space 54772K,  94% used [0x29550000, 0x2c7bdd80, 0x2c7bde00, 0x2cacd000)
 compacting perm gen  total 12288K, used 9488K [0x34000000, 0x34c00000, 0x38000000)
   the space 12288K,  77% used [0x34000000, 0x349441e8, 0x34944200, 0x34c00000)
    ro space 10240K,  42% used [0x38000000, 0x38434778, 0x38434800, 0x38a00000)
    rw space 12288K,  52% used [0x38a00000, 0x39049a68, 0x39049c00, 0x39600000)
}
Event: 50.996 GC heap before
{Heap before GC invocations=19 (full 4):
 def new generation   total 24768K, used 24768K [0x24000000, 0x25ad0000, 0x29550000)
  eden space 22080K, 100% used [0x24000000, 0x25590000, 0x25590000)
  from space 2688K, 100% used [0x25830000, 0x25ad0000, 0x25ad0000)
  to   space 2688K,   0% used [0x25590000, 0x25590000, 0x25830000)
 tenured generation   total 54772K, used 51639K [0x29550000, 0x2cacd000, 0x34000000)
   the space 54772K,  94% used [0x29550000, 0x2c7bdd80, 0x2c7bde00, 0x2cacd000)
 compacting perm gen  total 12288K, used 9488K [0x34000000, 0x34c00000, 0x38000000)
   the space 12288K,  77% used [0x34000000, 0x34944298, 0x34944400, 0x34c00000)
    ro space 10240K,  42% used [0x38000000, 0x38434778, 0x38434800, 0x38a00000)
    rw space 12288K,  52% used [0x38a00000, 0x39049a68, 0x39049c00, 0x39600000)
Event: 51.075 GC heap after
Heap after GC invocations=20 (full 5):
 def new generation   total 32000K, used 0K [0x24000000, 0x262b0000, 0x29550000)
  eden space 28480K,   0% used [0x24000000, 0x24000000, 0x25bd0000)
  from space 3520K,   0% used [0x25bd0000, 0x25bd0000, 0x25f40000)
  to   space 3520K,   0% used [0x25f40000, 0x25f40000, 0x262b0000)
 tenured generation   total 70856K, used 42512K [0x29550000, 0x2da82000, 0x34000000)
   the space 70856K,  59% used [0x29550000, 0x2bed41a8, 0x2bed4200, 0x2da82000)
 compacting perm gen  total 12288K, used 9488K [0x34000000, 0x34c00000, 0x38000000)
   the space 12288K,  77% used [0x34000000, 0x34944298, 0x34944400, 0x34c00000)
    ro space 10240K,  42% used [0x38000000, 0x38434778, 0x38434800, 0x38a00000)
    rw space 12288K,  52% used [0x38a00000, 0x39049a68, 0x39049c00, 0x39600000)
}

