# JRE version: Java(TM) SE Runtime Environment (7.0_60-b19) (build 1.7.0_60-b19)
# Java VM: Java HotSpot(TM) Client VM (24.60-b09 mixed mode, sharing windows-x86 )
Heap
 def new generation   total 35008K, used 16651K [0x24000000, 0x265f0000, 0x29550000)
  eden space 31168K,  41% used [0x24000000, 0x24c82ea0, 0x25e70000)
  from space 3840K, 100% used [0x25e70000, 0x26230000, 0x26230000)
  to   space 3840K,   0% used [0x26230000, 0x26230000, 0x265f0000)
 tenured generation   total 77332K, used 67427K [0x29550000, 0x2e0d5000, 0x34000000)
   the space 77332K,  87% used [0x29550000, 0x2d728e30, 0x2d729000, 0x2e0d5000)
 compacting perm gen  total 12288K, used 10684K [0x34000000, 0x34c00000, 0x38000000)
   the space 12288K,  86% used [0x34000000, 0x34a6f130, 0x34a6f200, 0x34c00000)
    ro space 10240K,  42% used [0x38000000, 0x38434778, 0x38434800, 0x38a00000)
    rw space 12288K,  52% used [0x38a00000, 0x39049a68, 0x39049c00, 0x39600000)
GC Heap History (10 events):
Event: 59.825 GC heap before
{Heap before GC invocations=23 (full 6):
 def new generation   total 27328K, used 22469K [0x24000000, 0x25da0000, 0x29550000)
  eden space 24320K,  92% used [0x24000000, 0x255f1608, 0x257c0000)
  from space 3008K,   0% used [0x257c0000, 0x257c0000, 0x25ab0000)
  to   space 3008K,   0% used [0x25ab0000, 0x25ab0000, 0x25da0000)
 tenured generation   total 60484K, used 36288K [0x29550000, 0x2d061000, 0x34000000)
   the space 60484K,  59% used [0x29550000, 0x2b8c03c0, 0x2b8c0400, 0x2d061000)
 compacting perm gen  total 12288K, used 10671K [0x34000000, 0x34c00000, 0x38000000)
   the space 12288K,  86% used [0x34000000, 0x34a6bfd8, 0x34a6c000, 0x34c00000)
    ro space 10240K,  42% used [0x38000000, 0x38434778, 0x38434800, 0x38a00000)
    rw space 12288K,  52% used [0x38a00000, 0x39049a68, 0x39049c00, 0x39600000)
Event: 59.837 GC heap after
Heap after GC invocations=24 (full 6):
 def new generation   total 27328K, used 3008K [0x24000000, 0x25da0000, 0x29550000)
  eden space 24320K,   0% used [0x24000000, 0x24000000, 0x257c0000)
  from space 3008K, 100% used [0x25ab0000, 0x25da0000, 0x25da0000)
  to   space 3008K,   0% used [0x257c0000, 0x257c0000, 0x25ab0000)
 tenured generation   total 60484K, used 38010K [0x29550000, 0x2d061000, 0x34000000)
   the space 60484K,  62% used [0x29550000, 0x2ba6e950, 0x2ba6ea00, 0x2d061000)
 compacting perm gen  total 12288K, used 10671K [0x34000000, 0x34c00000, 0x38000000)
   the space 12288K,  86% used [0x34000000, 0x34a6bfd8, 0x34a6c000, 0x34c00000)
    ro space 10240K,  42% used [0x38000000, 0x38434778, 0x38434800, 0x38a00000)
    rw space 12288K,  52% used [0x38a00000, 0x39049a68, 0x39049c00, 0x39600000)
}
Event: 68.926 GC heap before
{Heap before GC invocations=24 (full 6):
 def new generation   total 27328K, used 27328K [0x24000000, 0x25da0000, 0x29550000)
  eden space 24320K, 100% used [0x24000000, 0x257c0000, 0x257c0000)
  from space 3008K, 100% used [0x25ab0000, 0x25da0000, 0x25da0000)
  to   space 3008K,   0% used [0x257c0000, 0x257c0000, 0x25ab0000)
 tenured generation   total 60484K, used 38010K [0x29550000, 0x2d061000, 0x34000000)
   the space 60484K,  62% used [0x29550000, 0x2ba6e950, 0x2ba6ea00, 0x2d061000)
 compacting perm gen  total 12288K, used 10672K [0x34000000, 0x34c00000, 0x38000000)
   the space 12288K,  86% used [0x34000000, 0x34a6c138, 0x34a6c200, 0x34c00000)
    ro space 10240K,  42% used [0x38000000, 0x38434778, 0x38434800, 0x38a00000)
    rw space 12288K,  52% used [0x38a00000, 0x39049a68, 0x39049c00, 0x39600000)
Event: 68.933 GC heap after
Heap after GC invocations=25 (full 6):
 def new generation   total 27328K, used 3008K [0x24000000, 0x25da0000, 0x29550000)
  eden space 24320K,   0% used [0x24000000, 0x24000000, 0x257c0000)
  from space 3008K, 100% used [0x257c0000, 0x25ab0000, 0x25ab0000)
  to   space 3008K,   0% used [0x25ab0000, 0x25ab0000, 0x25da0000)
 tenured generation   total 60484K, used 52207K [0x29550000, 0x2d061000, 0x34000000)
   the space 60484K,  86% used [0x29550000, 0x2c84bfa8, 0x2c84c000, 0x2d061000)
 compacting perm gen  total 12288K, used 10672K [0x34000000, 0x34c00000, 0x38000000)
   the space 12288K,  86% used [0x34000000, 0x34a6c138, 0x34a6c200, 0x34c00000)
    ro space 10240K,  42% used [0x38000000, 0x38434778, 0x38434800, 0x38a00000)
    rw space 12288K,  52% used [0x38a00000, 0x39049a68, 0x39049c00, 0x39600000)
}
Event: 82.324 GC heap before
{Heap before GC invocations=25 (full 6):
 def new generation   total 27328K, used 27135K [0x24000000, 0x25da0000, 0x29550000)
  eden space 24320K,  99% used [0x24000000, 0x2578fff8, 0x257c0000)
  from space 3008K, 100% used [0x257c0000, 0x25ab0000, 0x25ab0000)
  to   space 3008K,   0% used [0x25ab0000, 0x25ab0000, 0x25da0000)
 tenured generation   total 60484K, used 52207K [0x29550000, 0x2d061000, 0x34000000)
   the space 60484K,  86% used [0x29550000, 0x2c84bfa8, 0x2c84c000, 0x2d061000)
 compacting perm gen  total 12288K, used 10672K [0x34000000, 0x34c00000, 0x38000000)
   the space 12288K,  86% used [0x34000000, 0x34a6c1d8, 0x34a6c200, 0x34c00000)
    ro space 10240K,  42% used [0x38000000, 0x38434778, 0x38434800, 0x38a00000)
    rw space 12288K,  52% used [0x38a00000, 0x39049a68, 0x39049c00, 0x39600000)
Event: 82.407 GC heap after
Heap after GC invocations=26 (full 7):
 def new generation   total 35008K, used 0K [0x24000000, 0x265f0000, 0x29550000)
  eden space 31168K,   0% used [0x24000000, 0x24000000, 0x25e70000)
  from space 3840K,   0% used [0x25e70000, 0x25e70000, 0x26230000)
  to   space 3840K,   0% used [0x26230000, 0x26230000, 0x265f0000)
 tenured generation   total 77332K, used 46397K [0x29550000, 0x2e0d5000, 0x34000000)
   the space 77332K,  59% used [0x29550000, 0x2c29f420, 0x2c29f600, 0x2e0d5000)
 compacting perm gen  total 12288K, used 10672K [0x34000000, 0x34c00000, 0x38000000)
   the space 12288K,  86% used [0x34000000, 0x34a6c1d8, 0x34a6c200, 0x34c00000)
    ro space 10240K,  42% used [0x38000000, 0x38434778, 0x38434800, 0x38a00000)
    rw space 12288K,  52% used [0x38a00000, 0x39049a68, 0x39049c00, 0x39600000)
}
Event: 85.458 GC heap before
{Heap before GC invocations=26 (full 7):
 def new generation   total 35008K, used 30253K [0x24000000, 0x265f0000, 0x29550000)
  eden space 31168K,  97% used [0x24000000, 0x25d8b558, 0x25e70000)
  from space 3840K,   0% used [0x25e70000, 0x25e70000, 0x26230000)
  to   space 3840K,   0% used [0x26230000, 0x26230000, 0x265f0000)
 tenured generation   total 77332K, used 46397K [0x29550000, 0x2e0d5000, 0x34000000)
   the space 77332K,  59% used [0x29550000, 0x2c29f420, 0x2c29f600, 0x2e0d5000)
 compacting perm gen  total 12288K, used 10682K [0x34000000, 0x34c00000, 0x38000000)
   the space 12288K,  86% used [0x34000000, 0x34a6ea48, 0x34a6ec00, 0x34c00000)
    ro space 10240K,  42% used [0x38000000, 0x38434778, 0x38434800, 0x38a00000)
    rw space 12288K,  52% used [0x38a00000, 0x39049a68, 0x39049c00, 0x39600000)
Event: 85.469 GC heap after
Heap after GC invocations=27 (full 7):
 def new generation   total 35008K, used 3840K [0x24000000, 0x265f0000, 0x29550000)
  eden space 31168K,   0% used [0x24000000, 0x24000000, 0x25e70000)
  from space 3840K, 100% used [0x26230000, 0x265f0000, 0x265f0000)
  to   space 3840K,   0% used [0x25e70000, 0x25e70000, 0x26230000)
 tenured generation   total 77332K, used 54640K [0x29550000, 0x2e0d5000, 0x34000000)
   the space 77332K,  70% used [0x29550000, 0x2caac268, 0x2caac400, 0x2e0d5000)
 compacting perm gen  total 12288K, used 10682K [0x34000000, 0x34c00000, 0x38000000)
   the space 12288K,  86% used [0x34000000, 0x34a6ea48, 0x34a6ec00, 0x34c00000)
    ro space 10240K,  42% used [0x38000000, 0x38434778, 0x38434800, 0x38a00000)
    rw space 12288K,  52% used [0x38a00000, 0x39049a68, 0x39049c00, 0x39600000)
}
Event: 95.782 GC heap before
{Heap before GC invocations=27 (full 7):
 def new generation   total 35008K, used 35008K [0x24000000, 0x265f0000, 0x29550000)
  eden space 31168K, 100% used [0x24000000, 0x25e70000, 0x25e70000)
  from space 3840K, 100% used [0x26230000, 0x265f0000, 0x265f0000)
  to   space 3840K,   0% used [0x25e70000, 0x25e70000, 0x26230000)
 tenured generation   total 77332K, used 54640K [0x29550000, 0x2e0d5000, 0x34000000)
   the space 77332K,  70% used [0x29550000, 0x2caac268, 0x2caac400, 0x2e0d5000)
 compacting perm gen  total 12288K, used 10682K [0x34000000, 0x34c00000, 0x38000000)
   the space 12288K,  86% used [0x34000000, 0x34a6eb18, 0x34a6ec00, 0x34c00000)
    ro space 10240K,  42% used [0x38000000, 0x38434778, 0x38434800, 0x38a00000)
    rw space 12288K,  52% used [0x38a00000, 0x39049a68, 0x39049c00, 0x39600000)
Event: 95.794 GC heap after
Heap after GC invocations=28 (full 7):
 def new generation   total 35008K, used 3840K [0x24000000, 0x265f0000, 0x29550000)
  eden space 31168K,   0% used [0x24000000, 0x24000000, 0x25e70000)
  from space 3840K, 100% used [0x25e70000, 0x26230000, 0x26230000)
  to   space 3840K,   0% used [0x26230000, 0x26230000, 0x265f0000)
 tenured generation   total 77332K, used 67427K [0x29550000, 0x2e0d5000, 0x34000000)
   the space 77332K,  87% used [0x29550000, 0x2d728e30, 0x2d729000, 0x2e0d5000)
 compacting perm gen  total 12288K, used 10682K [0x34000000, 0x34c00000, 0x38000000)
   the space 12288K,  86% used [0x34000000, 0x34a6eb18, 0x34a6ec00, 0x34c00000)
    ro space 10240K,  42% used [0x38000000, 0x38434778, 0x38434800, 0x38a00000)
    rw space 12288K,  52% used [0x38a00000, 0x39049a68, 0x39049c00, 0x39600000)
}

