# JRE version: Java(TM) SE Runtime Environment (7.0_60-b19) (build 1.7.0_60-b19)
# Java VM: Java HotSpot(TM) Client VM (24.60-b09 mixed mode, sharing windows-x86 )
Heap
 def new generation   total 78656K, used 25217K [0x24000000, 0x29550000, 0x29550000)
  eden space 69952K,  23% used [0x24000000, 0x25039d78, 0x28450000)
  from space 8704K,  98% used [0x28cd0000, 0x29536820, 0x29550000)
  to   space 8704K,   0% used [0x28450000, 0x28450000, 0x28cd0000)
 tenured generation   total 174784K, used 50676K [0x29550000, 0x34000000, 0x34000000)
   the space 174784K,  28% used [0x29550000, 0x2c6cd3f8, 0x2c6cd400, 0x34000000)
 compacting perm gen  total 12288K, used 8830K [0x34000000, 0x34c00000, 0x38000000)
   the space 12288K,  71% used [0x34000000, 0x3489f860, 0x3489fa00, 0x34c00000)
    ro space 10240K,  42% used [0x38000000, 0x38434778, 0x38434800, 0x38a00000)
    rw space 12288K,  52% used [0x38a00000, 0x39049a68, 0x39049c00, 0x39600000)
GC Heap History (10 events):
Event: 41.483 GC heap before
{Heap before GC invocations=168 (full 71):
 def new generation   total 78656K, used 78655K [0x24000000, 0x29550000, 0x29550000)
  eden space 69952K, 100% used [0x24000000, 0x28450000, 0x28450000)
  from space 8704K,  99% used [0x28cd0000, 0x2954ffe8, 0x29550000)
  to   space 8704K,   0% used [0x28450000, 0x28450000, 0x28cd0000)
 tenured generation   total 174784K, used 174783K [0x29550000, 0x34000000, 0x34000000)
   the space 174784K,  99% used [0x29550000, 0x33fffff8, 0x34000000, 0x34000000)
 compacting perm gen  total 12288K, used 8797K [0x34000000, 0x34c00000, 0x38000000)
   the space 12288K,  71% used [0x34000000, 0x34897470, 0x34897600, 0x34c00000)
    ro space 10240K,  42% used [0x38000000, 0x38434778, 0x38434800, 0x38a00000)
    rw space 12288K,  52% used [0x38a00000, 0x39049a68, 0x39049c00, 0x39600000)
Event: 41.780 GC heap after
Heap after GC invocations=169 (full 72):
 def new generation   total 78656K, used 78655K [0x24000000, 0x29550000, 0x29550000)
  eden space 69952K, 100% used [0x24000000, 0x28450000, 0x28450000)
  from space 8704K,  99% used [0x28cd0000, 0x2954ffe8, 0x29550000)
  to   space 8704K,   0% used [0x28450000, 0x28450000, 0x28cd0000)
 tenured generation   total 174784K, used 174783K [0x29550000, 0x34000000, 0x34000000)
   the space 174784K,  99% used [0x29550000, 0x33fffff8, 0x34000000, 0x34000000)
 compacting perm gen  total 12288K, used 8797K [0x34000000, 0x34c00000, 0x38000000)
   the space 12288K,  71% used [0x34000000, 0x34897470, 0x34897600, 0x34c00000)
    ro space 10240K,  42% used [0x38000000, 0x38434778, 0x38434800, 0x38a00000)
    rw space 12288K,  52% used [0x38a00000, 0x39049a68, 0x39049c00, 0x39600000)
}
Event: 41.780 GC heap before
{Heap before GC invocations=169 (full 72):
 def new generation   total 78656K, used 78655K [0x24000000, 0x29550000, 0x29550000)
  eden space 69952K, 100% used [0x24000000, 0x28450000, 0x28450000)
  from space 8704K,  99% used [0x28cd0000, 0x2954ffe8, 0x29550000)
  to   space 8704K,   0% used [0x28450000, 0x28450000, 0x28cd0000)
 tenured generation   total 174784K, used 174783K [0x29550000, 0x34000000, 0x34000000)
   the space 174784K,  99% used [0x29550000, 0x33fffff8, 0x34000000, 0x34000000)
 compacting perm gen  total 12288K, used 8797K [0x34000000, 0x34c00000, 0x38000000)
   the space 12288K,  71% used [0x34000000, 0x34897470, 0x34897600, 0x34c00000)
    ro space 10240K,  42% used [0x38000000, 0x38434778, 0x38434800, 0x38a00000)
    rw space 12288K,  52% used [0x38a00000, 0x39049a68, 0x39049c00, 0x39600000)
Event: 42.082 GC heap after
Heap after GC invocations=170 (full 73):
 def new generation   total 78656K, used 78655K [0x24000000, 0x29550000, 0x29550000)
  eden space 69952K, 100% used [0x24000000, 0x28450000, 0x28450000)
  from space 8704K,  99% used [0x28cd0000, 0x2954ffe8, 0x29550000)
  to   space 8704K,   0% used [0x28450000, 0x28450000, 0x28cd0000)
 tenured generation   total 174784K, used 174783K [0x29550000, 0x34000000, 0x34000000)
   the space 174784K,  99% used [0x29550000, 0x33fffff8, 0x34000000, 0x34000000)
 compacting perm gen  total 12288K, used 8797K [0x34000000, 0x34c00000, 0x38000000)
   the space 12288K,  71% used [0x34000000, 0x34897470, 0x34897600, 0x34c00000)
    ro space 10240K,  42% used [0x38000000, 0x38434778, 0x38434800, 0x38a00000)
    rw space 12288K,  52% used [0x38a00000, 0x39049a68, 0x39049c00, 0x39600000)
}
Event: 42.082 GC heap before
{Heap before GC invocations=170 (full 73):
 def new generation   total 78656K, used 78655K [0x24000000, 0x29550000, 0x29550000)
  eden space 69952K, 100% used [0x24000000, 0x28450000, 0x28450000)
  from space 8704K,  99% used [0x28cd0000, 0x2954fff8, 0x29550000)
  to   space 8704K,   0% used [0x28450000, 0x28450000, 0x28cd0000)
 tenured generation   total 174784K, used 174783K [0x29550000, 0x34000000, 0x34000000)
   the space 174784K,  99% used [0x29550000, 0x33fffff8, 0x34000000, 0x34000000)
 compacting perm gen  total 12288K, used 8797K [0x34000000, 0x34c00000, 0x38000000)
   the space 12288K,  71% used [0x34000000, 0x34897470, 0x34897600, 0x34c00000)
    ro space 10240K,  42% used [0x38000000, 0x38434778, 0x38434800, 0x38a00000)
    rw space 12288K,  52% used [0x38a00000, 0x39049a68, 0x39049c00, 0x39600000)
Event: 42.161 GC heap after
Heap after GC invocations=171 (full 74):
 def new generation   total 78656K, used 0K [0x24000000, 0x29550000, 0x29550000)
  eden space 69952K,   0% used [0x24000000, 0x24000000, 0x28450000)
  from space 8704K,   0% used [0x28cd0000, 0x28cd0000, 0x29550000)
  to   space 8704K,   0% used [0x28450000, 0x28450000, 0x28cd0000)
 tenured generation   total 174784K, used 35304K [0x29550000, 0x34000000, 0x34000000)
   the space 174784K,  20% used [0x29550000, 0x2b7ca080, 0x2b7ca200, 0x34000000)
 compacting perm gen  total 12288K, used 8797K [0x34000000, 0x34c00000, 0x38000000)
   the space 12288K,  71% used [0x34000000, 0x34897470, 0x34897600, 0x34c00000)
    ro space 10240K,  42% used [0x38000000, 0x38434778, 0x38434800, 0x38a00000)
    rw space 12288K,  52% used [0x38a00000, 0x39049a68, 0x39049c00, 0x39600000)
}
Event: 58.429 GC heap before
{Heap before GC invocations=171 (full 74):
 def new generation   total 78656K, used 69952K [0x24000000, 0x29550000, 0x29550000)
  eden space 69952K, 100% used [0x24000000, 0x28450000, 0x28450000)
  from space 8704K,   0% used [0x28cd0000, 0x28cd0000, 0x29550000)
  to   space 8704K,   0% used [0x28450000, 0x28450000, 0x28cd0000)
 tenured generation   total 174784K, used 35304K [0x29550000, 0x34000000, 0x34000000)
   the space 174784K,  20% used [0x29550000, 0x2b7ca080, 0x2b7ca200, 0x34000000)
 compacting perm gen  total 12288K, used 8821K [0x34000000, 0x34c00000, 0x38000000)
   the space 12288K,  71% used [0x34000000, 0x3489d570, 0x3489d600, 0x34c00000)
    ro space 10240K,  42% used [0x38000000, 0x38434778, 0x38434800, 0x38a00000)
    rw space 12288K,  52% used [0x38a00000, 0x39049a68, 0x39049c00, 0x39600000)
Event: 58.442 GC heap after
Heap after GC invocations=172 (full 74):
 def new generation   total 78656K, used 8703K [0x24000000, 0x29550000, 0x29550000)
  eden space 69952K,   0% used [0x24000000, 0x24000000, 0x28450000)
  from space 8704K,  99% used [0x28450000, 0x28ccffa8, 0x28cd0000)
  to   space 8704K,   0% used [0x28cd0000, 0x28cd0000, 0x29550000)
 tenured generation   total 174784K, used 40670K [0x29550000, 0x34000000, 0x34000000)
   the space 174784K,  23% used [0x29550000, 0x2bd07ac0, 0x2bd07c00, 0x34000000)
 compacting perm gen  total 12288K, used 8821K [0x34000000, 0x34c00000, 0x38000000)
   the space 12288K,  71% used [0x34000000, 0x3489d570, 0x3489d600, 0x34c00000)
    ro space 10240K,  42% used [0x38000000, 0x38434778, 0x38434800, 0x38a00000)
    rw space 12288K,  52% used [0x38a00000, 0x39049a68, 0x39049c00, 0x39600000)
}
Event: 69.876 GC heap before
{Heap before GC invocations=172 (full 74):
 def new generation   total 78656K, used 78655K [0x24000000, 0x29550000, 0x29550000)
  eden space 69952K, 100% used [0x24000000, 0x28450000, 0x28450000)
  from space 8704K,  99% used [0x28450000, 0x28ccffa8, 0x28cd0000)
  to   space 8704K,   0% used [0x28cd0000, 0x28cd0000, 0x29550000)
 tenured generation   total 174784K, used 40670K [0x29550000, 0x34000000, 0x34000000)
   the space 174784K,  23% used [0x29550000, 0x2bd07ac0, 0x2bd07c00, 0x34000000)
 compacting perm gen  total 12288K, used 8821K [0x34000000, 0x34c00000, 0x38000000)
   the space 12288K,  71% used [0x34000000, 0x3489d620, 0x3489d800, 0x34c00000)
    ro space 10240K,  42% used [0x38000000, 0x38434778, 0x38434800, 0x38a00000)
    rw space 12288K,  52% used [0x38a00000, 0x39049a68, 0x39049c00, 0x39600000)
Event: 69.889 GC heap after
Heap after GC invocations=173 (full 74):
 def new generation   total 78656K, used 8602K [0x24000000, 0x29550000, 0x29550000)
  eden space 69952K,   0% used [0x24000000, 0x24000000, 0x28450000)
  from space 8704K,  98% used [0x28cd0000, 0x29536820, 0x29550000)
  to   space 8704K,   0% used [0x28450000, 0x28450000, 0x28cd0000)
 tenured generation   total 174784K, used 50676K [0x29550000, 0x34000000, 0x34000000)
   the space 174784K,  28% used [0x29550000, 0x2c6cd3f8, 0x2c6cd400, 0x34000000)
 compacting perm gen  total 12288K, used 8821K [0x34000000, 0x34c00000, 0x38000000)
   the space 12288K,  71% used [0x34000000, 0x3489d620, 0x3489d800, 0x34c00000)
    ro space 10240K,  42% used [0x38000000, 0x38434778, 0x38434800, 0x38a00000)
    rw space 12288K,  52% used [0x38a00000, 0x39049a68, 0x39049c00, 0x39600000)
}

