# JRE version: Java(TM) SE Runtime Environment (7.0_60-b19) (build 1.7.0_60-b19)
# Java VM: Java HotSpot(TM) Client VM (24.60-b09 mixed mode, sharing windows-x86 )
Heap
 def new generation   total 35264K, used 5893K [0x24000000, 0x26640000, 0x29550000)
  eden space 31360K,  10% used [0x24000000, 0x243230b0, 0x25ea0000)
  from space 3904K,  68% used [0x26270000, 0x2650e370, 0x26640000)
  to   space 3904K,   0% used [0x25ea0000, 0x25ea0000, 0x26270000)
 tenured generation   total 95248K, used 94512K [0x29550000, 0x2f254000, 0x34000000)
   the space 95248K,  99% used [0x29550000, 0x2f19c108, 0x2f19c200, 0x2f254000)
 compacting perm gen  total 12288K, used 9316K [0x34000000, 0x34c00000, 0x38000000)
   the space 12288K,  75% used [0x34000000, 0x34919060, 0x34919200, 0x34c00000)
    ro space 10240K,  42% used [0x38000000, 0x38434778, 0x38434800, 0x38a00000)
    rw space 12288K,  52% used [0x38a00000, 0x39049a68, 0x39049c00, 0x39600000)
GC Heap History (10 events):
Event: 24.365 GC heap before
{Heap before GC invocations=20 (full 5):
 def new generation   total 26112K, used 24235K [0x24000000, 0x25c50000, 0x29550000)
  eden space 23232K,  92% used [0x24000000, 0x254f3ef0, 0x256b0000)
  from space 2880K,  96% used [0x25980000, 0x25c36ea8, 0x25c50000)
  to   space 2880K,   0% used [0x256b0000, 0x256b0000, 0x25980000)
 tenured generation   total 57844K, used 41595K [0x29550000, 0x2cdcd000, 0x34000000)
   the space 57844K,  71% used [0x29550000, 0x2bdeedd0, 0x2bdeee00, 0x2cdcd000)
 compacting perm gen  total 12288K, used 8583K [0x34000000, 0x34c00000, 0x38000000)
   the space 12288K,  69% used [0x34000000, 0x34861c68, 0x34861e00, 0x34c00000)
    ro space 10240K,  42% used [0x38000000, 0x38434778, 0x38434800, 0x38a00000)
    rw space 12288K,  52% used [0x38a00000, 0x39049a68, 0x39049c00, 0x39600000)
Event: 24.382 GC heap after
Heap after GC invocations=21 (full 5):
 def new generation   total 26112K, used 2825K [0x24000000, 0x25c50000, 0x29550000)
  eden space 23232K,   0% used [0x24000000, 0x24000000, 0x256b0000)
  from space 2880K,  98% used [0x256b0000, 0x259726a8, 0x25980000)
  to   space 2880K,   0% used [0x25980000, 0x25980000, 0x25c50000)
 tenured generation   total 57844K, used 53145K [0x29550000, 0x2cdcd000, 0x34000000)
   the space 57844K,  91% used [0x29550000, 0x2c936590, 0x2c936600, 0x2cdcd000)
 compacting perm gen  total 12288K, used 8583K [0x34000000, 0x34c00000, 0x38000000)
   the space 12288K,  69% used [0x34000000, 0x34861c68, 0x34861e00, 0x34c00000)
    ro space 10240K,  42% used [0x38000000, 0x38434778, 0x38434800, 0x38a00000)
    rw space 12288K,  52% used [0x38a00000, 0x39049a68, 0x39049c00, 0x39600000)
}
Event: 25.774 GC heap before
{Heap before GC invocations=21 (full 5):
 def new generation   total 26112K, used 26057K [0x24000000, 0x25c50000, 0x29550000)
  eden space 23232K, 100% used [0x24000000, 0x256b0000, 0x256b0000)
  from space 2880K,  98% used [0x256b0000, 0x259726a8, 0x25980000)
  to   space 2880K,   0% used [0x25980000, 0x25980000, 0x25c50000)
 tenured generation   total 57844K, used 53145K [0x29550000, 0x2cdcd000, 0x34000000)
   the space 57844K,  91% used [0x29550000, 0x2c936590, 0x2c936600, 0x2cdcd000)
 compacting perm gen  total 12288K, used 8583K [0x34000000, 0x34c00000, 0x38000000)
   the space 12288K,  69% used [0x34000000, 0x34861c98, 0x34861e00, 0x34c00000)
    ro space 10240K,  42% used [0x38000000, 0x38434778, 0x38434800, 0x38a00000)
    rw space 12288K,  52% used [0x38a00000, 0x39049a68, 0x39049c00, 0x39600000)
Event: 25.844 GC heap after
Heap after GC invocations=22 (full 6):
 def new generation   total 35264K, used 0K [0x24000000, 0x26640000, 0x29550000)
  eden space 31360K,   0% used [0x24000000, 0x24000000, 0x25ea0000)
  from space 3904K,   0% used [0x25ea0000, 0x25ea0000, 0x26270000)
  to   space 3904K,   0% used [0x26270000, 0x26270000, 0x26640000)
 tenured generation   total 78056K, used 46831K [0x29550000, 0x2e18a000, 0x34000000)
   the space 78056K,  59% used [0x29550000, 0x2c30bef8, 0x2c30c000, 0x2e18a000)
 compacting perm gen  total 12288K, used 8583K [0x34000000, 0x34c00000, 0x38000000)
   the space 12288K,  69% used [0x34000000, 0x34861c98, 0x34861e00, 0x34c00000)
    ro space 10240K,  42% used [0x38000000, 0x38434778, 0x38434800, 0x38a00000)
    rw space 12288K,  52% used [0x38a00000, 0x39049a68, 0x39049c00, 0x39600000)
}
Event: 30.581 GC heap before
{Heap before GC invocations=22 (full 6):
 def new generation   total 35264K, used 31360K [0x24000000, 0x26640000, 0x29550000)
  eden space 31360K, 100% used [0x24000000, 0x25ea0000, 0x25ea0000)
  from space 3904K,   0% used [0x25ea0000, 0x25ea0000, 0x26270000)
  to   space 3904K,   0% used [0x26270000, 0x26270000, 0x26640000)
 tenured generation   total 78056K, used 46831K [0x29550000, 0x2e18a000, 0x34000000)
   the space 78056K,  59% used [0x29550000, 0x2c30bef8, 0x2c30c000, 0x2e18a000)
 compacting perm gen  total 12288K, used 8583K [0x34000000, 0x34c00000, 0x38000000)
   the space 12288K,  69% used [0x34000000, 0x34861d28, 0x34861e00, 0x34c00000)
    ro space 10240K,  42% used [0x38000000, 0x38434778, 0x38434800, 0x38a00000)
    rw space 12288K,  52% used [0x38a00000, 0x39049a68, 0x39049c00, 0x39600000)
Event: 30.587 GC heap after
Heap after GC invocations=23 (full 6):
 def new generation   total 35264K, used 3904K [0x24000000, 0x26640000, 0x29550000)
  eden space 31360K,   0% used [0x24000000, 0x24000000, 0x25ea0000)
  from space 3904K, 100% used [0x26270000, 0x26640000, 0x26640000)
  to   space 3904K,   0% used [0x25ea0000, 0x25ea0000, 0x26270000)
 tenured generation   total 78056K, used 60098K [0x29550000, 0x2e18a000, 0x34000000)
   the space 78056K,  76% used [0x29550000, 0x2d000a58, 0x2d000c00, 0x2e18a000)
 compacting perm gen  total 12288K, used 8583K [0x34000000, 0x34c00000, 0x38000000)
   the space 12288K,  69% used [0x34000000, 0x34861d28, 0x34861e00, 0x34c00000)
    ro space 10240K,  42% used [0x38000000, 0x38434778, 0x38434800, 0x38a00000)
    rw space 12288K,  52% used [0x38a00000, 0x39049a68, 0x39049c00, 0x39600000)
}
Event: 58.813 GC heap before
{Heap before GC invocations=23 (full 6):
 def new generation   total 35264K, used 32786K [0x24000000, 0x26640000, 0x29550000)
  eden space 31360K,  92% used [0x24000000, 0x25c34ae0, 0x25ea0000)
  from space 3904K, 100% used [0x26270000, 0x26640000, 0x26640000)
  to   space 3904K,   0% used [0x25ea0000, 0x25ea0000, 0x26270000)
 tenured generation   total 78056K, used 60098K [0x29550000, 0x2e18a000, 0x34000000)
   the space 78056K,  76% used [0x29550000, 0x2d000a58, 0x2d000c00, 0x2e18a000)
 compacting perm gen  total 12288K, used 9308K [0x34000000, 0x34c00000, 0x38000000)
   the space 12288K,  75% used [0x34000000, 0x34917158, 0x34917200, 0x34c00000)
    ro space 10240K,  42% used [0x38000000, 0x38434778, 0x38434800, 0x38a00000)
    rw space 12288K,  52% used [0x38a00000, 0x39049a68, 0x39049c00, 0x39600000)
Event: 58.825 GC heap after
Heap after GC invocations=24 (full 6):
 def new generation   total 35264K, used 3904K [0x24000000, 0x26640000, 0x29550000)
  eden space 31360K,   0% used [0x24000000, 0x24000000, 0x25ea0000)
  from space 3904K, 100% used [0x25ea0000, 0x26270000, 0x26270000)
  to   space 3904K,   0% used [0x26270000, 0x26270000, 0x26640000)
 tenured generation   total 78056K, used 73234K [0x29550000, 0x2e18a000, 0x34000000)
   the space 78056K,  93% used [0x29550000, 0x2dcd4ad0, 0x2dcd4c00, 0x2e18a000)
 compacting perm gen  total 12288K, used 9308K [0x34000000, 0x34c00000, 0x38000000)
   the space 12288K,  75% used [0x34000000, 0x34917158, 0x34917200, 0x34c00000)
    ro space 10240K,  42% used [0x38000000, 0x38434778, 0x38434800, 0x38a00000)
    rw space 12288K,  52% used [0x38a00000, 0x39049a68, 0x39049c00, 0x39600000)
}
Event: 60.680 GC heap before
{Heap before GC invocations=24 (full 6):
 def new generation   total 35264K, used 35264K [0x24000000, 0x26640000, 0x29550000)
  eden space 31360K, 100% used [0x24000000, 0x25ea0000, 0x25ea0000)
  from space 3904K, 100% used [0x25ea0000, 0x26270000, 0x26270000)
  to   space 3904K,   0% used [0x26270000, 0x26270000, 0x26640000)
 tenured generation   total 78056K, used 73430K [0x29550000, 0x2e18a000, 0x34000000)
   the space 78056K,  94% used [0x29550000, 0x2dd05a30, 0x2dd05c00, 0x2e18a000)
 compacting perm gen  total 12288K, used 9308K [0x34000000, 0x34c00000, 0x38000000)
   the space 12288K,  75% used [0x34000000, 0x34917188, 0x34917200, 0x34c00000)
    ro space 10240K,  42% used [0x38000000, 0x38434778, 0x38434800, 0x38a00000)
    rw space 12288K,  52% used [0x38a00000, 0x39049a68, 0x39049c00, 0x39600000)
Event: 60.695 GC heap after
Heap after GC invocations=25 (full 6):
 def new generation   total 35264K, used 2680K [0x24000000, 0x26640000, 0x29550000)
  eden space 31360K,   0% used [0x24000000, 0x24000000, 0x25ea0000)
  from space 3904K,  68% used [0x26270000, 0x2650e370, 0x26640000)
  to   space 3904K,   0% used [0x25ea0000, 0x25ea0000, 0x26270000)
 tenured generation   total 95248K, used 94512K [0x29550000, 0x2f254000, 0x34000000)
   the space 95248K,  99% used [0x29550000, 0x2f19c108, 0x2f19c200, 0x2f254000)
 compacting perm gen  total 12288K, used 9308K [0x34000000, 0x34c00000, 0x38000000)
   the space 12288K,  75% used [0x34000000, 0x34917188, 0x34917200, 0x34c00000)
    ro space 10240K,  42% used [0x38000000, 0x38434778, 0x38434800, 0x38a00000)
    rw space 12288K,  52% used [0x38a00000, 0x39049a68, 0x39049c00, 0x39600000)
}

