# JRE version: Java(TM) SE Runtime Environment (7.0_60-b19) (build 1.7.0_60-b19)
# Java VM: Java HotSpot(TM) Client VM (24.60-b09 mixed mode, sharing windows-x86 )
Heap
 def new generation   total 21888K, used 11982K [0x24000000, 0x257b0000, 0x29550000)
  eden space 19520K,  60% used [0x24000000, 0x24b8a2b8, 0x25310000)
  from space 2368K,   7% used [0x25310000, 0x253397c0, 0x25560000)
  to   space 2368K,   0% used [0x25560000, 0x25560000, 0x257b0000)
 tenured generation   total 48216K, used 36443K [0x29550000, 0x2c466000, 0x34000000)
   the space 48216K,  75% used [0x29550000, 0x2b8e6ec8, 0x2b8e7000, 0x2c466000)
 compacting perm gen  total 12288K, used 10015K [0x34000000, 0x34c00000, 0x38000000)
   the space 12288K,  81% used [0x34000000, 0x349c7f10, 0x349c8000, 0x34c00000)
    ro space 10240K,  42% used [0x38000000, 0x38434778, 0x38434800, 0x38a00000)
    rw space 12288K,  52% used [0x38a00000, 0x39049a68, 0x39049c00, 0x39600000)
GC Heap History (10 events):
Event: 20.713 GC heap before
{Heap before GC invocations=18 (full 4):
 def new generation   total 19008K, used 17758K [0x24000000, 0x25490000, 0x29550000)
  eden space 16960K, 100% used [0x24000000, 0x25090000, 0x25090000)
  from space 2048K,  38% used [0x25090000, 0x25157988, 0x25290000)
  to   space 2048K,   0% used [0x25290000, 0x25290000, 0x25490000)
 tenured generation   total 41988K, used 40557K [0x29550000, 0x2be51000, 0x34000000)
   the space 41988K,  96% used [0x29550000, 0x2bceb620, 0x2bceb800, 0x2be51000)
 compacting perm gen  total 12288K, used 8637K [0x34000000, 0x34c00000, 0x38000000)
   the space 12288K,  70% used [0x34000000, 0x3486f630, 0x3486f800, 0x34c00000)
    ro space 10240K,  42% used [0x38000000, 0x38434778, 0x38434800, 0x38a00000)
    rw space 12288K,  52% used [0x38a00000, 0x39049a68, 0x39049c00, 0x39600000)
Event: 20.764 GC heap after
Heap after GC invocations=19 (full 5):
 def new generation   total 21888K, used 0K [0x24000000, 0x257b0000, 0x29550000)
  eden space 19520K,   0% used [0x24000000, 0x24000000, 0x25310000)
  from space 2368K,   0% used [0x25310000, 0x25310000, 0x25560000)
  to   space 2368K,   0% used [0x25560000, 0x25560000, 0x257b0000)
 tenured generation   total 48216K, used 28927K [0x29550000, 0x2c466000, 0x34000000)
   the space 48216K,  59% used [0x29550000, 0x2b18fd08, 0x2b18fe00, 0x2c466000)
 compacting perm gen  total 12288K, used 8637K [0x34000000, 0x34c00000, 0x38000000)
   the space 12288K,  70% used [0x34000000, 0x3486f630, 0x3486f800, 0x34c00000)
    ro space 10240K,  42% used [0x38000000, 0x38434778, 0x38434800, 0x38a00000)
    rw space 12288K,  52% used [0x38a00000, 0x39049a68, 0x39049c00, 0x39600000)
}
Event: 26.395 GC heap before
{Heap before GC invocations=19 (full 5):
 def new generation   total 21888K, used 19520K [0x24000000, 0x257b0000, 0x29550000)
  eden space 19520K, 100% used [0x24000000, 0x25310000, 0x25310000)
  from space 2368K,   0% used [0x25310000, 0x25310000, 0x25560000)
  to   space 2368K,   0% used [0x25560000, 0x25560000, 0x257b0000)
 tenured generation   total 48216K, used 28927K [0x29550000, 0x2c466000, 0x34000000)
   the space 48216K,  59% used [0x29550000, 0x2b18fd08, 0x2b18fe00, 0x2c466000)
 compacting perm gen  total 12288K, used 8686K [0x34000000, 0x34c00000, 0x38000000)
   the space 12288K,  70% used [0x34000000, 0x3487b898, 0x3487ba00, 0x34c00000)
    ro space 10240K,  42% used [0x38000000, 0x38434778, 0x38434800, 0x38a00000)
    rw space 12288K,  52% used [0x38a00000, 0x39049a68, 0x39049c00, 0x39600000)
Event: 26.401 GC heap after
Heap after GC invocations=20 (full 5):
 def new generation   total 21888K, used 2368K [0x24000000, 0x257b0000, 0x29550000)
  eden space 19520K,   0% used [0x24000000, 0x24000000, 0x25310000)
  from space 2368K, 100% used [0x25560000, 0x257b0000, 0x257b0000)
  to   space 2368K,   0% used [0x25310000, 0x25310000, 0x25560000)
 tenured generation   total 48216K, used 32585K [0x29550000, 0x2c466000, 0x34000000)
   the space 48216K,  67% used [0x29550000, 0x2b522690, 0x2b522800, 0x2c466000)
 compacting perm gen  total 12288K, used 8686K [0x34000000, 0x34c00000, 0x38000000)
   the space 12288K,  70% used [0x34000000, 0x3487b898, 0x3487ba00, 0x34c00000)
    ro space 10240K,  42% used [0x38000000, 0x38434778, 0x38434800, 0x38a00000)
    rw space 12288K,  52% used [0x38a00000, 0x39049a68, 0x39049c00, 0x39600000)
}
Event: 40.691 GC heap before
{Heap before GC invocations=20 (full 5):
 def new generation   total 21888K, used 21888K [0x24000000, 0x257b0000, 0x29550000)
  eden space 19520K, 100% used [0x24000000, 0x25310000, 0x25310000)
  from space 2368K, 100% used [0x25560000, 0x257b0000, 0x257b0000)
  to   space 2368K,   0% used [0x25310000, 0x25310000, 0x25560000)
 tenured generation   total 48216K, used 32585K [0x29550000, 0x2c466000, 0x34000000)
   the space 48216K,  67% used [0x29550000, 0x2b522690, 0x2b522800, 0x2c466000)
 compacting perm gen  total 12288K, used 9881K [0x34000000, 0x34c00000, 0x38000000)
   the space 12288K,  80% used [0x34000000, 0x349a6558, 0x349a6600, 0x34c00000)
    ro space 10240K,  42% used [0x38000000, 0x38434778, 0x38434800, 0x38a00000)
    rw space 12288K,  52% used [0x38a00000, 0x39049a68, 0x39049c00, 0x39600000)
Event: 40.698 GC heap after
Heap after GC invocations=21 (full 5):
 def new generation   total 21888K, used 2368K [0x24000000, 0x257b0000, 0x29550000)
  eden space 19520K,   0% used [0x24000000, 0x24000000, 0x25310000)
  from space 2368K, 100% used [0x25310000, 0x25560000, 0x25560000)
  to   space 2368K,   0% used [0x25560000, 0x25560000, 0x257b0000)
 tenured generation   total 48216K, used 35100K [0x29550000, 0x2c466000, 0x34000000)
   the space 48216K,  72% used [0x29550000, 0x2b797048, 0x2b797200, 0x2c466000)
 compacting perm gen  total 12288K, used 9881K [0x34000000, 0x34c00000, 0x38000000)
   the space 12288K,  80% used [0x34000000, 0x349a6558, 0x349a6600, 0x34c00000)
    ro space 10240K,  42% used [0x38000000, 0x38434778, 0x38434800, 0x38a00000)
    rw space 12288K,  52% used [0x38a00000, 0x39049a68, 0x39049c00, 0x39600000)
}
Event: 48.164 GC heap before
{Heap before GC invocations=21 (full 5):
 def new generation   total 21888K, used 21888K [0x24000000, 0x257b0000, 0x29550000)
  eden space 19520K, 100% used [0x24000000, 0x25310000, 0x25310000)
  from space 2368K, 100% used [0x25310000, 0x25560000, 0x25560000)
  to   space 2368K,   0% used [0x25560000, 0x25560000, 0x257b0000)
 tenured generation   total 48216K, used 35100K [0x29550000, 0x2c466000, 0x34000000)
   the space 48216K,  72% used [0x29550000, 0x2b797048, 0x2b797200, 0x2c466000)
 compacting perm gen  total 12288K, used 10007K [0x34000000, 0x34c00000, 0x38000000)
   the space 12288K,  81% used [0x34000000, 0x349c5f08, 0x349c6000, 0x34c00000)
    ro space 10240K,  42% used [0x38000000, 0x38434778, 0x38434800, 0x38a00000)
    rw space 12288K,  52% used [0x38a00000, 0x39049a68, 0x39049c00, 0x39600000)
Event: 48.168 GC heap after
Heap after GC invocations=22 (full 5):
 def new generation   total 21888K, used 271K [0x24000000, 0x257b0000, 0x29550000)
  eden space 19520K,   0% used [0x24000000, 0x24000000, 0x25310000)
  from space 2368K,  11% used [0x25560000, 0x255a3e48, 0x257b0000)
  to   space 2368K,   0% used [0x25310000, 0x25310000, 0x25560000)
 tenured generation   total 48216K, used 36443K [0x29550000, 0x2c466000, 0x34000000)
   the space 48216K,  75% used [0x29550000, 0x2b8e6ec8, 0x2b8e7000, 0x2c466000)
 compacting perm gen  total 12288K, used 10007K [0x34000000, 0x34c00000, 0x38000000)
   the space 12288K,  81% used [0x34000000, 0x349c5f08, 0x349c6000, 0x34c00000)
    ro space 10240K,  42% used [0x38000000, 0x38434778, 0x38434800, 0x38a00000)
    rw space 12288K,  52% used [0x38a00000, 0x39049a68, 0x39049c00, 0x39600000)
}
Event: 53.628 GC heap before
{Heap before GC invocations=22 (full 5):
 def new generation   total 21888K, used 19791K [0x24000000, 0x257b0000, 0x29550000)
  eden space 19520K, 100% used [0x24000000, 0x25310000, 0x25310000)
  from space 2368K,  11% used [0x25560000, 0x255a3e48, 0x257b0000)
  to   space 2368K,   0% used [0x25310000, 0x25310000, 0x25560000)
 tenured generation   total 48216K, used 36443K [0x29550000, 0x2c466000, 0x34000000)
   the space 48216K,  75% used [0x29550000, 0x2b8e6ec8, 0x2b8e7000, 0x2c466000)
 compacting perm gen  total 12288K, used 10009K [0x34000000, 0x34c00000, 0x38000000)
   the space 12288K,  81% used [0x34000000, 0x349c6760, 0x349c6800, 0x34c00000)
    ro space 10240K,  42% used [0x38000000, 0x38434778, 0x38434800, 0x38a00000)
    rw space 12288K,  52% used [0x38a00000, 0x39049a68, 0x39049c00, 0x39600000)
Event: 53.631 GC heap after
Heap after GC invocations=23 (full 5):
 def new generation   total 21888K, used 165K [0x24000000, 0x257b0000, 0x29550000)
  eden space 19520K,   0% used [0x24000000, 0x24000000, 0x25310000)
  from space 2368K,   7% used [0x25310000, 0x253397c0, 0x25560000)
  to   space 2368K,   0% used [0x25560000, 0x25560000, 0x257b0000)
 tenured generation   total 48216K, used 36443K [0x29550000, 0x2c466000, 0x34000000)
   the space 48216K,  75% used [0x29550000, 0x2b8e6ec8, 0x2b8e7000, 0x2c466000)
 compacting perm gen  total 12288K, used 10009K [0x34000000, 0x34c00000, 0x38000000)
   the space 12288K,  81% used [0x34000000, 0x349c6760, 0x349c6800, 0x34c00000)
    ro space 10240K,  42% used [0x38000000, 0x38434778, 0x38434800, 0x38a00000)
    rw space 12288K,  52% used [0x38a00000, 0x39049a68, 0x39049c00, 0x39600000)
}

