# JRE version: Java(TM) SE Runtime Environment (7.0_60-b19) (build 1.7.0_60-b19)
# Java VM: Java HotSpot(TM) Client VM (24.60-b09 mixed mode, sharing windows-x86 )
Heap
 def new generation   total 32192K, used 28384K [0x24000000, 0x262e0000, 0x29550000)
  eden space 28672K,  87% used [0x24000000, 0x2586e6d0, 0x25c00000)
  from space 3520K,  95% used [0x25f70000, 0x262b9a88, 0x262e0000)
  to   space 3520K,   0% used [0x25c00000, 0x25c00000, 0x25f70000)
 tenured generation   total 71384K, used 43596K [0x29550000, 0x2db06000, 0x34000000)
   the space 71384K,  61% used [0x29550000, 0x2bfe32c8, 0x2bfe3400, 0x2db06000)
 compacting perm gen  total 12288K, used 8800K [0x34000000, 0x34c00000, 0x38000000)
   the space 12288K,  71% used [0x34000000, 0x348980b8, 0x34898200, 0x34c00000)
    ro space 10240K,  42% used [0x38000000, 0x38434778, 0x38434800, 0x38a00000)
    rw space 12288K,  52% used [0x38a00000, 0x39049a68, 0x39049c00, 0x39600000)
GC Heap History (10 events):
Event: 8.275 GC heap before
{Heap before GC invocations=16 (full 4):
 def new generation   total 17984K, used 16000K [0x24000000, 0x25380000, 0x29550000)
  eden space 16000K, 100% used [0x24000000, 0x24fa0000, 0x24fa0000)
  from space 1984K,   0% used [0x24fa0000, 0x24fa0000, 0x25190000)
  to   space 1984K,   0% used [0x25190000, 0x25190000, 0x25380000)
 tenured generation   total 39840K, used 23903K [0x29550000, 0x2bc38000, 0x34000000)
   the space 39840K,  59% used [0x29550000, 0x2aca7c20, 0x2aca7e00, 0x2bc38000)
 compacting perm gen  total 12288K, used 8773K [0x34000000, 0x34c00000, 0x38000000)
   the space 12288K,  71% used [0x34000000, 0x34891460, 0x34891600, 0x34c00000)
    ro space 10240K,  42% used [0x38000000, 0x38434778, 0x38434800, 0x38a00000)
    rw space 12288K,  52% used [0x38a00000, 0x39049a68, 0x39049c00, 0x39600000)
Event: 8.281 GC heap after
Heap after GC invocations=17 (full 4):
 def new generation   total 17984K, used 1931K [0x24000000, 0x25380000, 0x29550000)
  eden space 16000K,   0% used [0x24000000, 0x24000000, 0x24fa0000)
  from space 1984K,  97% used [0x25190000, 0x25372fd0, 0x25380000)
  to   space 1984K,   0% used [0x24fa0000, 0x24fa0000, 0x25190000)
 tenured generation   total 39840K, used 30779K [0x29550000, 0x2bc38000, 0x34000000)
   the space 39840K,  77% used [0x29550000, 0x2b35ef18, 0x2b35f000, 0x2bc38000)
 compacting perm gen  total 12288K, used 8773K [0x34000000, 0x34c00000, 0x38000000)
   the space 12288K,  71% used [0x34000000, 0x34891460, 0x34891600, 0x34c00000)
    ro space 10240K,  42% used [0x38000000, 0x38434778, 0x38434800, 0x38a00000)
    rw space 12288K,  52% used [0x38a00000, 0x39049a68, 0x39049c00, 0x39600000)
}
Event: 9.629 GC heap before
{Heap before GC invocations=17 (full 4):
 def new generation   total 17984K, used 17970K [0x24000000, 0x25380000, 0x29550000)
  eden space 16000K, 100% used [0x24000000, 0x24fa0000, 0x24fa0000)
  from space 1984K,  99% used [0x25190000, 0x2537cb60, 0x25380000)
  to   space 1984K,   0% used [0x24fa0000, 0x24fa0000, 0x25190000)
 tenured generation   total 39840K, used 31547K [0x29550000, 0x2bc38000, 0x34000000)
   the space 39840K,  79% used [0x29550000, 0x2b41ef48, 0x2b41f000, 0x2bc38000)
 compacting perm gen  total 12288K, used 8783K [0x34000000, 0x34c00000, 0x38000000)
   the space 12288K,  71% used [0x34000000, 0x34893da0, 0x34893e00, 0x34c00000)
    ro space 10240K,  42% used [0x38000000, 0x38434778, 0x38434800, 0x38a00000)
    rw space 12288K,  52% used [0x38a00000, 0x39049a68, 0x39049c00, 0x39600000)
Event: 9.636 GC heap after
Heap after GC invocations=18 (full 4):
 def new generation   total 17984K, used 1984K [0x24000000, 0x25380000, 0x29550000)
  eden space 16000K,   0% used [0x24000000, 0x24000000, 0x24fa0000)
  from space 1984K, 100% used [0x24fa0000, 0x25190000, 0x25190000)
  to   space 1984K,   0% used [0x25190000, 0x25190000, 0x25380000)
 tenured generation   total 40224K, used 40132K [0x29550000, 0x2bc98000, 0x34000000)
   the space 40224K,  99% used [0x29550000, 0x2bc81118, 0x2bc81200, 0x2bc98000)
 compacting perm gen  total 12288K, used 8783K [0x34000000, 0x34c00000, 0x38000000)
   the space 12288K,  71% used [0x34000000, 0x34893da0, 0x34893e00, 0x34c00000)
    ro space 10240K,  42% used [0x38000000, 0x38434778, 0x38434800, 0x38a00000)
    rw space 12288K,  52% used [0x38a00000, 0x39049a68, 0x39049c00, 0x39600000)
}
Event: 9.688 GC heap before
{Heap before GC invocations=18 (full 4):
 def new generation   total 17984K, used 17970K [0x24000000, 0x25380000, 0x29550000)
  eden space 16000K,  99% used [0x24000000, 0x24f9c998, 0x24fa0000)
  from space 1984K, 100% used [0x24fa0000, 0x25190000, 0x25190000)
  to   space 1984K,   0% used [0x25190000, 0x25190000, 0x25380000)
 tenured generation   total 41004K, used 40900K [0x29550000, 0x2bd5b000, 0x34000000)
   the space 41004K,  99% used [0x29550000, 0x2bd41148, 0x2bd41200, 0x2bd5b000)
 compacting perm gen  total 12288K, used 8783K [0x34000000, 0x34c00000, 0x38000000)
   the space 12288K,  71% used [0x34000000, 0x34893dc0, 0x34893e00, 0x34c00000)
    ro space 10240K,  42% used [0x38000000, 0x38434778, 0x38434800, 0x38a00000)
    rw space 12288K,  52% used [0x38a00000, 0x39049a68, 0x39049c00, 0x39600000)
Event: 9.694 GC heap after
Heap after GC invocations=19 (full 4):
 def new generation   total 17984K, used 1845K [0x24000000, 0x25380000, 0x29550000)
  eden space 16000K,   0% used [0x24000000, 0x24000000, 0x24fa0000)
  from space 1984K,  93% used [0x25190000, 0x2535d720, 0x25380000)
  to   space 1984K,   0% used [0x24fa0000, 0x24fa0000, 0x25190000)
 tenured generation   total 48412K, used 48327K [0x29550000, 0x2c497000, 0x34000000)
   the space 48412K,  99% used [0x29550000, 0x2c481ea8, 0x2c482000, 0x2c497000)
 compacting perm gen  total 12288K, used 8783K [0x34000000, 0x34c00000, 0x38000000)
   the space 12288K,  71% used [0x34000000, 0x34893dc0, 0x34893e00, 0x34c00000)
    ro space 10240K,  42% used [0x38000000, 0x38434778, 0x38434800, 0x38a00000)
    rw space 12288K,  52% used [0x38a00000, 0x39049a68, 0x39049c00, 0x39600000)
}
Event: 13.475 GC heap before
{Heap before GC invocations=19 (full 4):
 def new generation   total 17984K, used 17772K [0x24000000, 0x25380000, 0x29550000)
  eden space 16000K,  99% used [0x24000000, 0x24f8da40, 0x24fa0000)
  from space 1984K,  93% used [0x25190000, 0x2535d720, 0x25380000)
  to   space 1984K,   0% used [0x24fa0000, 0x24fa0000, 0x25190000)
 tenured generation   total 48412K, used 48327K [0x29550000, 0x2c497000, 0x34000000)
   the space 48412K,  99% used [0x29550000, 0x2c481ea8, 0x2c482000, 0x2c497000)
 compacting perm gen  total 12288K, used 8796K [0x34000000, 0x34c00000, 0x38000000)
   the space 12288K,  71% used [0x34000000, 0x348970e8, 0x34897200, 0x34c00000)
    ro space 10240K,  42% used [0x38000000, 0x38434778, 0x38434800, 0x38a00000)
    rw space 12288K,  52% used [0x38a00000, 0x39049a68, 0x39049c00, 0x39600000)
Event: 13.521 GC heap after
Heap after GC invocations=20 (full 5):
 def new generation   total 32192K, used 0K [0x24000000, 0x262e0000, 0x29550000)
  eden space 28672K,   0% used [0x24000000, 0x24000000, 0x25c00000)
  from space 3520K,   0% used [0x25c00000, 0x25c00000, 0x25f70000)
  to   space 3520K,   0% used [0x25f70000, 0x25f70000, 0x262e0000)
 tenured generation   total 71384K, used 42828K [0x29550000, 0x2db06000, 0x34000000)
   the space 71384K,  59% used [0x29550000, 0x2bf23298, 0x2bf23400, 0x2db06000)
 compacting perm gen  total 12288K, used 8796K [0x34000000, 0x34c00000, 0x38000000)
   the space 12288K,  71% used [0x34000000, 0x348970e8, 0x34897200, 0x34c00000)
    ro space 10240K,  42% used [0x38000000, 0x38434778, 0x38434800, 0x38a00000)
    rw space 12288K,  52% used [0x38a00000, 0x39049a68, 0x39049c00, 0x39600000)
}
Event: 13.636 GC heap before
{Heap before GC invocations=20 (full 5):
 def new generation   total 32192K, used 28515K [0x24000000, 0x262e0000, 0x29550000)
  eden space 28672K,  99% used [0x24000000, 0x25bd8e50, 0x25c00000)
  from space 3520K,   0% used [0x25c00000, 0x25c00000, 0x25f70000)
  to   space 3520K,   0% used [0x25f70000, 0x25f70000, 0x262e0000)
 tenured generation   total 71384K, used 42828K [0x29550000, 0x2db06000, 0x34000000)
   the space 71384K,  59% used [0x29550000, 0x2bf23298, 0x2bf23400, 0x2db06000)
 compacting perm gen  total 12288K, used 8796K [0x34000000, 0x34c00000, 0x38000000)
   the space 12288K,  71% used [0x34000000, 0x34897128, 0x34897200, 0x34c00000)
    ro space 10240K,  42% used [0x38000000, 0x38434778, 0x38434800, 0x38a00000)
    rw space 12288K,  52% used [0x38a00000, 0x39049a68, 0x39049c00, 0x39600000)
Event: 13.639 GC heap after
Heap after GC invocations=21 (full 5):
 def new generation   total 32192K, used 3366K [0x24000000, 0x262e0000, 0x29550000)
  eden space 28672K,   0% used [0x24000000, 0x24000000, 0x25c00000)
  from space 3520K,  95% used [0x25f70000, 0x262b9a88, 0x262e0000)
  to   space 3520K,   0% used [0x25c00000, 0x25c00000, 0x25f70000)
 tenured generation   total 71384K, used 43596K [0x29550000, 0x2db06000, 0x34000000)
   the space 71384K,  61% used [0x29550000, 0x2bfe32c8, 0x2bfe3400, 0x2db06000)
 compacting perm gen  total 12288K, used 8796K [0x34000000, 0x34c00000, 0x38000000)
   the space 12288K,  71% used [0x34000000, 0x34897128, 0x34897200, 0x34c00000)
    ro space 10240K,  42% used [0x38000000, 0x38434778, 0x38434800, 0x38a00000)
    rw space 12288K,  52% used [0x38a00000, 0x39049a68, 0x39049c00, 0x39600000)
}

