# JRE version: Java(TM) SE Runtime Environment (7.0_60-b19) (build 1.7.0_60-b19)
# Java VM: Java HotSpot(TM) Client VM (24.60-b09 mixed mode, sharing windows-x86 )
Heap
 def new generation   total 27712K, used 5754K [0x24000000, 0x25e10000, 0x29550000)
  eden space 24640K,  11% used [0x24000000, 0x242ad638, 0x25810000)
  from space 3072K,  98% used [0x25810000, 0x25b01560, 0x25b10000)
  to   space 3072K,   0% used [0x25b10000, 0x25b10000, 0x25e10000)
 tenured generation   total 61388K, used 58040K [0x29550000, 0x2d143000, 0x34000000)
   the space 61388K,  94% used [0x29550000, 0x2cdfe138, 0x2cdfe200, 0x2d143000)
 compacting perm gen  total 12288K, used 10592K [0x34000000, 0x34c00000, 0x38000000)
   the space 12288K,  86% used [0x34000000, 0x34a581e0, 0x34a58200, 0x34c00000)
    ro space 10240K,  42% used [0x38000000, 0x38434778, 0x38434800, 0x38a00000)
    rw space 12288K,  52% used [0x38a00000, 0x39049a68, 0x39049c00, 0x39600000)
GC Heap History (10 events):
Event: 8.272 GC heap before
{Heap before GC invocations=17 (full 4):
 def new generation   total 20800K, used 20800K [0x24000000, 0x25690000, 0x29550000)
  eden space 18496K, 100% used [0x24000000, 0x25210000, 0x25210000)
  from space 2304K, 100% used [0x25450000, 0x25690000, 0x25690000)
  to   space 2304K,   0% used [0x25210000, 0x25210000, 0x25450000)
 tenured generation   total 46080K, used 30696K [0x29550000, 0x2c250000, 0x34000000)
   the space 46080K,  66% used [0x29550000, 0x2b34a1d0, 0x2b34a200, 0x2c250000)
 compacting perm gen  total 12288K, used 9357K [0x34000000, 0x34c00000, 0x38000000)
   the space 12288K,  76% used [0x34000000, 0x34923450, 0x34923600, 0x34c00000)
    ro space 10240K,  42% used [0x38000000, 0x38434778, 0x38434800, 0x38a00000)
    rw space 12288K,  52% used [0x38a00000, 0x39049a68, 0x39049c00, 0x39600000)
Event: 8.284 GC heap after
Heap after GC invocations=18 (full 4):
 def new generation   total 20800K, used 1561K [0x24000000, 0x25690000, 0x29550000)
  eden space 18496K,   0% used [0x24000000, 0x24000000, 0x25210000)
  from space 2304K,  67% used [0x25210000, 0x253964f0, 0x25450000)
  to   space 2304K,   0% used [0x25450000, 0x25450000, 0x25690000)
 tenured generation   total 46080K, used 38185K [0x29550000, 0x2c250000, 0x34000000)
   the space 46080K,  82% used [0x29550000, 0x2ba9a718, 0x2ba9a800, 0x2c250000)
 compacting perm gen  total 12288K, used 9357K [0x34000000, 0x34c00000, 0x38000000)
   the space 12288K,  76% used [0x34000000, 0x34923450, 0x34923600, 0x34c00000)
    ro space 10240K,  42% used [0x38000000, 0x38434778, 0x38434800, 0x38a00000)
    rw space 12288K,  52% used [0x38a00000, 0x39049a68, 0x39049c00, 0x39600000)
}
Event: 9.575 GC heap before
{Heap before GC invocations=18 (full 4):
 def new generation   total 20800K, used 20249K [0x24000000, 0x25690000, 0x29550000)
  eden space 18496K, 100% used [0x24000000, 0x25210000, 0x25210000)
  from space 2304K,  76% used [0x25210000, 0x253c6500, 0x25450000)
  to   space 2304K,   0% used [0x25450000, 0x25450000, 0x25690000)
 tenured generation   total 46080K, used 38185K [0x29550000, 0x2c250000, 0x34000000)
   the space 46080K,  82% used [0x29550000, 0x2ba9a718, 0x2ba9a800, 0x2c250000)
 compacting perm gen  total 12288K, used 10582K [0x34000000, 0x34c00000, 0x38000000)
   the space 12288K,  86% used [0x34000000, 0x34a55988, 0x34a55a00, 0x34c00000)
    ro space 10240K,  42% used [0x38000000, 0x38434778, 0x38434800, 0x38a00000)
    rw space 12288K,  52% used [0x38a00000, 0x39049a68, 0x39049c00, 0x39600000)
Event: 9.583 GC heap after
Heap after GC invocations=19 (full 4):
 def new generation   total 20800K, used 2304K [0x24000000, 0x25690000, 0x29550000)
  eden space 18496K,   0% used [0x24000000, 0x24000000, 0x25210000)
  from space 2304K, 100% used [0x25450000, 0x25690000, 0x25690000)
  to   space 2304K,   0% used [0x25210000, 0x25210000, 0x25450000)
 tenured generation   total 46080K, used 43063K [0x29550000, 0x2c250000, 0x34000000)
   the space 46080K,  93% used [0x29550000, 0x2bf5df78, 0x2bf5e000, 0x2c250000)
 compacting perm gen  total 12288K, used 10582K [0x34000000, 0x34c00000, 0x38000000)
   the space 12288K,  86% used [0x34000000, 0x34a55988, 0x34a55a00, 0x34c00000)
    ro space 10240K,  42% used [0x38000000, 0x38434778, 0x38434800, 0x38a00000)
    rw space 12288K,  52% used [0x38a00000, 0x39049a68, 0x39049c00, 0x39600000)
}
Event: 11.441 GC heap before
{Heap before GC invocations=19 (full 4):
 def new generation   total 20800K, used 20563K [0x24000000, 0x25690000, 0x29550000)
  eden space 18496K,  98% used [0x24000000, 0x251d4f30, 0x25210000)
  from space 2304K, 100% used [0x25450000, 0x25690000, 0x25690000)
  to   space 2304K,   0% used [0x25210000, 0x25210000, 0x25450000)
 tenured generation   total 46080K, used 43063K [0x29550000, 0x2c250000, 0x34000000)
   the space 46080K,  93% used [0x29550000, 0x2bf5df78, 0x2bf5e000, 0x2c250000)
 compacting perm gen  total 12288K, used 10582K [0x34000000, 0x34c00000, 0x38000000)
   the space 12288K,  86% used [0x34000000, 0x34a559b8, 0x34a55a00, 0x34c00000)
    ro space 10240K,  42% used [0x38000000, 0x38434778, 0x38434800, 0x38a00000)
    rw space 12288K,  52% used [0x38a00000, 0x39049a68, 0x39049c00, 0x39600000)
Event: 11.531 GC heap after
Heap after GC invocations=20 (full 5):
 def new generation   total 27712K, used 0K [0x24000000, 0x25e10000, 0x29550000)
  eden space 24640K,   0% used [0x24000000, 0x24000000, 0x25810000)
  from space 3072K,   0% used [0x25810000, 0x25810000, 0x25b10000)
  to   space 3072K,   0% used [0x25b10000, 0x25b10000, 0x25e10000)
 tenured generation   total 61388K, used 36897K [0x29550000, 0x2d143000, 0x34000000)
   the space 61388K,  60% used [0x29550000, 0x2b958518, 0x2b958600, 0x2d143000)
 compacting perm gen  total 12288K, used 10582K [0x34000000, 0x34c00000, 0x38000000)
   the space 12288K,  86% used [0x34000000, 0x34a559b8, 0x34a55a00, 0x34c00000)
    ro space 10240K,  42% used [0x38000000, 0x38434778, 0x38434800, 0x38a00000)
    rw space 12288K,  52% used [0x38a00000, 0x39049a68, 0x39049c00, 0x39600000)
}
Event: 14.602 GC heap before
{Heap before GC invocations=20 (full 5):
 def new generation   total 27712K, used 23089K [0x24000000, 0x25e10000, 0x29550000)
  eden space 24640K,  93% used [0x24000000, 0x2568c538, 0x25810000)
  from space 3072K,   0% used [0x25810000, 0x25810000, 0x25b10000)
  to   space 3072K,   0% used [0x25b10000, 0x25b10000, 0x25e10000)
 tenured generation   total 61388K, used 36897K [0x29550000, 0x2d143000, 0x34000000)
   the space 61388K,  60% used [0x29550000, 0x2b958518, 0x2b958600, 0x2d143000)
 compacting perm gen  total 12288K, used 10582K [0x34000000, 0x34c00000, 0x38000000)
   the space 12288K,  86% used [0x34000000, 0x34a55b48, 0x34a55c00, 0x34c00000)
    ro space 10240K,  42% used [0x38000000, 0x38434778, 0x38434800, 0x38a00000)
    rw space 12288K,  52% used [0x38a00000, 0x39049a68, 0x39049c00, 0x39600000)
Event: 14.607 GC heap after
Heap after GC invocations=21 (full 5):
 def new generation   total 27712K, used 3072K [0x24000000, 0x25e10000, 0x29550000)
  eden space 24640K,   0% used [0x24000000, 0x24000000, 0x25810000)
  from space 3072K, 100% used [0x25b10000, 0x25e10000, 0x25e10000)
  to   space 3072K,   0% used [0x25810000, 0x25810000, 0x25b10000)
 tenured generation   total 61388K, used 45049K [0x29550000, 0x2d143000, 0x34000000)
   the space 61388K,  73% used [0x29550000, 0x2c14e6e8, 0x2c14e800, 0x2d143000)
 compacting perm gen  total 12288K, used 10582K [0x34000000, 0x34c00000, 0x38000000)
   the space 12288K,  86% used [0x34000000, 0x34a55b48, 0x34a55c00, 0x34c00000)
    ro space 10240K,  42% used [0x38000000, 0x38434778, 0x38434800, 0x38a00000)
    rw space 12288K,  52% used [0x38a00000, 0x39049a68, 0x39049c00, 0x39600000)
}
Event: 16.235 GC heap before
{Heap before GC invocations=21 (full 5):
 def new generation   total 27712K, used 27712K [0x24000000, 0x25e10000, 0x29550000)
  eden space 24640K, 100% used [0x24000000, 0x25810000, 0x25810000)
  from space 3072K, 100% used [0x25b10000, 0x25e10000, 0x25e10000)
  to   space 3072K,   0% used [0x25810000, 0x25810000, 0x25b10000)
 tenured generation   total 61388K, used 46022K [0x29550000, 0x2d143000, 0x34000000)
   the space 61388K,  74% used [0x29550000, 0x2c241ba8, 0x2c241c00, 0x2d143000)
 compacting perm gen  total 12288K, used 10590K [0x34000000, 0x34c00000, 0x38000000)
   the space 12288K,  86% used [0x34000000, 0x34a57bd8, 0x34a57c00, 0x34c00000)
    ro space 10240K,  42% used [0x38000000, 0x38434778, 0x38434800, 0x38a00000)
    rw space 12288K,  52% used [0x38a00000, 0x39049a68, 0x39049c00, 0x39600000)
Event: 16.241 GC heap after
Heap after GC invocations=22 (full 5):
 def new generation   total 27712K, used 3013K [0x24000000, 0x25e10000, 0x29550000)
  eden space 24640K,   0% used [0x24000000, 0x24000000, 0x25810000)
  from space 3072K,  98% used [0x25810000, 0x25b01560, 0x25b10000)
  to   space 3072K,   0% used [0x25b10000, 0x25b10000, 0x25e10000)
 tenured generation   total 61388K, used 58040K [0x29550000, 0x2d143000, 0x34000000)
   the space 61388K,  94% used [0x29550000, 0x2cdfe138, 0x2cdfe200, 0x2d143000)
 compacting perm gen  total 12288K, used 10590K [0x34000000, 0x34c00000, 0x38000000)
   the space 12288K,  86% used [0x34000000, 0x34a57bd8, 0x34a57c00, 0x34c00000)
    ro space 10240K,  42% used [0x38000000, 0x38434778, 0x38434800, 0x38a00000)
    rw space 12288K,  52% used [0x38a00000, 0x39049a68, 0x39049c00, 0x39600000)
}

