# JRE version: Java(TM) SE Runtime Environment (7.0_60-b19) (build 1.7.0_60-b19)
# Java VM: Java HotSpot(TM) Client VM (24.60-b09 mixed mode, sharing windows-x86 )
Heap
 def new generation   total 25472K, used 3964K [0x24000000, 0x25ba0000, 0x29550000)
  eden space 22656K,  17% used [0x24000000, 0x243df0f8, 0x25620000)
  from space 2816K,   0% used [0x25620000, 0x25620000, 0x258e0000)
  to   space 2816K,   0% used [0x258e0000, 0x258e0000, 0x25ba0000)
 tenured generation   total 56428K, used 33856K [0x29550000, 0x2cc6b000, 0x34000000)
   the space 56428K,  59% used [0x29550000, 0x2b660258, 0x2b660400, 0x2cc6b000)
 compacting perm gen  total 12288K, used 10598K [0x34000000, 0x34c00000, 0x38000000)
   the space 12288K,  86% used [0x34000000, 0x34a59b30, 0x34a59c00, 0x34c00000)
    ro space 10240K,  42% used [0x38000000, 0x38434778, 0x38434800, 0x38a00000)
    rw space 12288K,  52% used [0x38a00000, 0x39049a68, 0x39049c00, 0x39600000)
GC Heap History (10 events):
Event: 6.342 GC heap before
{Heap before GC invocations=15 (full 3):
 def new generation   total 11712K, used 11712K [0x24000000, 0x24cb0000, 0x29550000)
  eden space 10432K, 100% used [0x24000000, 0x24a30000, 0x24a30000)
  from space 1280K, 100% used [0x24b70000, 0x24cb0000, 0x24cb0000)
  to   space 1280K,   0% used [0x24a30000, 0x24a30000, 0x24b70000)
 tenured generation   total 25824K, used 19368K [0x29550000, 0x2ae88000, 0x34000000)
   the space 25824K,  75% used [0x29550000, 0x2a83a1d8, 0x2a83a200, 0x2ae88000)
 compacting perm gen  total 12288K, used 9239K [0x34000000, 0x34c00000, 0x38000000)
   the space 12288K,  75% used [0x34000000, 0x34905eb8, 0x34906000, 0x34c00000)
    ro space 10240K,  42% used [0x38000000, 0x38434778, 0x38434800, 0x38a00000)
    rw space 12288K,  52% used [0x38a00000, 0x39049a68, 0x39049c00, 0x39600000)
Event: 6.425 GC heap after
Heap after GC invocations=16 (full 4):
 def new generation   total 20160K, used 0K [0x24000000, 0x255e0000, 0x29550000)
  eden space 17920K,   0% used [0x24000000, 0x24000000, 0x25180000)
  from space 2240K,   0% used [0x25180000, 0x25180000, 0x253b0000)
  to   space 2240K,   0% used [0x253b0000, 0x253b0000, 0x255e0000)
 tenured generation   total 44704K, used 26820K [0x29550000, 0x2c0f8000, 0x34000000)
   the space 44704K,  59% used [0x29550000, 0x2af81288, 0x2af81400, 0x2c0f8000)
 compacting perm gen  total 12288K, used 9233K [0x34000000, 0x34c00000, 0x38000000)
   the space 12288K,  75% used [0x34000000, 0x349044f0, 0x34904600, 0x34c00000)
    ro space 10240K,  42% used [0x38000000, 0x38434778, 0x38434800, 0x38a00000)
    rw space 12288K,  52% used [0x38a00000, 0x39049a68, 0x39049c00, 0x39600000)
}
Event: 6.738 GC heap before
{Heap before GC invocations=16 (full 4):
 def new generation   total 20160K, used 17920K [0x24000000, 0x255e0000, 0x29550000)
  eden space 17920K, 100% used [0x24000000, 0x25180000, 0x25180000)
  from space 2240K,   0% used [0x25180000, 0x25180000, 0x253b0000)
  to   space 2240K,   0% used [0x253b0000, 0x253b0000, 0x255e0000)
 tenured generation   total 44704K, used 26820K [0x29550000, 0x2c0f8000, 0x34000000)
   the space 44704K,  59% used [0x29550000, 0x2af81288, 0x2af81400, 0x2c0f8000)
 compacting perm gen  total 12288K, used 9293K [0x34000000, 0x34c00000, 0x38000000)
   the space 12288K,  75% used [0x34000000, 0x349136e8, 0x34913800, 0x34c00000)
    ro space 10240K,  42% used [0x38000000, 0x38434778, 0x38434800, 0x38a00000)
    rw space 12288K,  52% used [0x38a00000, 0x39049a68, 0x39049c00, 0x39600000)
Event: 6.748 GC heap after
Heap after GC invocations=17 (full 4):
 def new generation   total 20160K, used 2240K [0x24000000, 0x255e0000, 0x29550000)
  eden space 17920K,   0% used [0x24000000, 0x24000000, 0x25180000)
  from space 2240K, 100% used [0x253b0000, 0x255e0000, 0x255e0000)
  to   space 2240K,   0% used [0x25180000, 0x25180000, 0x253b0000)
 tenured generation   total 44704K, used 30743K [0x29550000, 0x2c0f8000, 0x34000000)
   the space 44704K,  68% used [0x29550000, 0x2b355fc0, 0x2b356000, 0x2c0f8000)
 compacting perm gen  total 12288K, used 9293K [0x34000000, 0x34c00000, 0x38000000)
   the space 12288K,  75% used [0x34000000, 0x349136e8, 0x34913800, 0x34c00000)
    ro space 10240K,  42% used [0x38000000, 0x38434778, 0x38434800, 0x38a00000)
    rw space 12288K,  52% used [0x38a00000, 0x39049a68, 0x39049c00, 0x39600000)
}
Event: 9.012 GC heap before
{Heap before GC invocations=17 (full 4):
 def new generation   total 20160K, used 20160K [0x24000000, 0x255e0000, 0x29550000)
  eden space 17920K, 100% used [0x24000000, 0x25180000, 0x25180000)
  from space 2240K, 100% used [0x253b0000, 0x255e0000, 0x255e0000)
  to   space 2240K,   0% used [0x25180000, 0x25180000, 0x253b0000)
 tenured generation   total 44704K, used 30743K [0x29550000, 0x2c0f8000, 0x34000000)
   the space 44704K,  68% used [0x29550000, 0x2b355fc0, 0x2b356000, 0x2c0f8000)
 compacting perm gen  total 12288K, used 9316K [0x34000000, 0x34c00000, 0x38000000)
   the space 12288K,  75% used [0x34000000, 0x34919200, 0x34919200, 0x34c00000)
    ro space 10240K,  42% used [0x38000000, 0x38434778, 0x38434800, 0x38a00000)
    rw space 12288K,  52% used [0x38a00000, 0x39049a68, 0x39049c00, 0x39600000)
Event: 9.021 GC heap after
Heap after GC invocations=18 (full 4):
 def new generation   total 20160K, used 2240K [0x24000000, 0x255e0000, 0x29550000)
  eden space 17920K,   0% used [0x24000000, 0x24000000, 0x25180000)
  from space 2240K, 100% used [0x25180000, 0x253b0000, 0x253b0000)
  to   space 2240K,   0% used [0x253b0000, 0x253b0000, 0x255e0000)
 tenured generation   total 44704K, used 37103K [0x29550000, 0x2c0f8000, 0x34000000)
   the space 44704K,  82% used [0x29550000, 0x2b98bfc8, 0x2b98c000, 0x2c0f8000)
 compacting perm gen  total 12288K, used 9316K [0x34000000, 0x34c00000, 0x38000000)
   the space 12288K,  75% used [0x34000000, 0x34919200, 0x34919200, 0x34c00000)
    ro space 10240K,  42% used [0x38000000, 0x38434778, 0x38434800, 0x38a00000)
    rw space 12288K,  52% used [0x38a00000, 0x39049a68, 0x39049c00, 0x39600000)
}
Event: 10.075 GC heap before
{Heap before GC invocations=18 (full 4):
 def new generation   total 20160K, used 20160K [0x24000000, 0x255e0000, 0x29550000)
  eden space 17920K, 100% used [0x24000000, 0x25180000, 0x25180000)
  from space 2240K, 100% used [0x25180000, 0x253b0000, 0x253b0000)
  to   space 2240K,   0% used [0x253b0000, 0x253b0000, 0x255e0000)
 tenured generation   total 44704K, used 37106K [0x29550000, 0x2c0f8000, 0x34000000)
   the space 44704K,  83% used [0x29550000, 0x2b98c8f8, 0x2b98ca00, 0x2c0f8000)
 compacting perm gen  total 12288K, used 10580K [0x34000000, 0x34c00000, 0x38000000)
   the space 12288K,  86% used [0x34000000, 0x34a55388, 0x34a55400, 0x34c00000)
    ro space 10240K,  42% used [0x38000000, 0x38434778, 0x38434800, 0x38a00000)
    rw space 12288K,  52% used [0x38a00000, 0x39049a68, 0x39049c00, 0x39600000)
Event: 10.084 GC heap after
Heap after GC invocations=19 (full 4):
 def new generation   total 20160K, used 2240K [0x24000000, 0x255e0000, 0x29550000)
  eden space 17920K,   0% used [0x24000000, 0x24000000, 0x25180000)
  from space 2240K, 100% used [0x253b0000, 0x255e0000, 0x255e0000)
  to   space 2240K,   0% used [0x25180000, 0x25180000, 0x253b0000)
 tenured generation   total 44704K, used 42371K [0x29550000, 0x2c0f8000, 0x34000000)
   the space 44704K,  94% used [0x29550000, 0x2beb0fb8, 0x2beb1000, 0x2c0f8000)
 compacting perm gen  total 12288K, used 10580K [0x34000000, 0x34c00000, 0x38000000)
   the space 12288K,  86% used [0x34000000, 0x34a55388, 0x34a55400, 0x34c00000)
    ro space 10240K,  42% used [0x38000000, 0x38434778, 0x38434800, 0x38a00000)
    rw space 12288K,  52% used [0x38a00000, 0x39049a68, 0x39049c00, 0x39600000)
}
Event: 14.194 GC heap before
{Heap before GC invocations=19 (full 4):
 def new generation   total 20160K, used 20160K [0x24000000, 0x255e0000, 0x29550000)
  eden space 17920K, 100% used [0x24000000, 0x25180000, 0x25180000)
  from space 2240K, 100% used [0x253b0000, 0x255e0000, 0x255e0000)
  to   space 2240K,   0% used [0x25180000, 0x25180000, 0x253b0000)
 tenured generation   total 44704K, used 42371K [0x29550000, 0x2c0f8000, 0x34000000)
   the space 44704K,  94% used [0x29550000, 0x2beb0fb8, 0x2beb1000, 0x2c0f8000)
 compacting perm gen  total 12288K, used 10583K [0x34000000, 0x34c00000, 0x38000000)
   the space 12288K,  86% used [0x34000000, 0x34a55c18, 0x34a55e00, 0x34c00000)
    ro space 10240K,  42% used [0x38000000, 0x38434778, 0x38434800, 0x38a00000)
    rw space 12288K,  52% used [0x38a00000, 0x39049a68, 0x39049c00, 0x39600000)
Event: 14.283 GC heap after
Heap after GC invocations=20 (full 5):
 def new generation   total 25472K, used 0K [0x24000000, 0x25ba0000, 0x29550000)
  eden space 22656K,   0% used [0x24000000, 0x24000000, 0x25620000)
  from space 2816K,   0% used [0x25620000, 0x25620000, 0x258e0000)
  to   space 2816K,   0% used [0x258e0000, 0x258e0000, 0x25ba0000)
 tenured generation   total 56428K, used 33856K [0x29550000, 0x2cc6b000, 0x34000000)
   the space 56428K,  59% used [0x29550000, 0x2b660258, 0x2b660400, 0x2cc6b000)
 compacting perm gen  total 12288K, used 10583K [0x34000000, 0x34c00000, 0x38000000)
   the space 12288K,  86% used [0x34000000, 0x34a55c18, 0x34a55e00, 0x34c00000)
    ro space 10240K,  42% used [0x38000000, 0x38434778, 0x38434800, 0x38a00000)
    rw space 12288K,  52% used [0x38a00000, 0x39049a68, 0x39049c00, 0x39600000)
}

