# JRE version: Java(TM) SE Runtime Environment (7.0_60-b19) (build 1.7.0_60-b19)
# Java VM: Java HotSpot(TM) Client VM (24.60-b09 mixed mode, sharing windows-x86 )
Heap
 def new generation   total 78656K, used 34123K [0x24000000, 0x29550000, 0x29550000)
  eden space 69952K,  36% used [0x24000000, 0x258d2e38, 0x28450000)
  from space 8704K, 100% used [0x28450000, 0x28cd0000, 0x28cd0000)
  to   space 8704K,   0% used [0x28cd0000, 0x28cd0000, 0x29550000)
 tenured generation   total 174784K, used 104882K [0x29550000, 0x34000000, 0x34000000)
   the space 174784K,  60% used [0x29550000, 0x2fbbcaf0, 0x2fbbcc00, 0x34000000)
 compacting perm gen  total 12288K, used 8887K [0x34000000, 0x34c00000, 0x38000000)
   the space 12288K,  72% used [0x34000000, 0x348adc20, 0x348ade00, 0x34c00000)
    ro space 10240K,  42% used [0x38000000, 0x38434778, 0x38434800, 0x38a00000)
    rw space 12288K,  52% used [0x38a00000, 0x39049a68, 0x39049c00, 0x39600000)
GC Heap History (10 events):
Event: 156.478 GC heap before
{Heap before GC invocations=56 (full 14):
 def new generation   total 78656K, used 78583K [0x24000000, 0x29550000, 0x29550000)
  eden space 69952K,  99% used [0x24000000, 0x2843de08, 0x28450000)
  from space 8704K, 100% used [0x28cd0000, 0x29550000, 0x29550000)
  to   space 8704K,   0% used [0x28450000, 0x28450000, 0x28cd0000)
 tenured generation   total 174784K, used 68979K [0x29550000, 0x34000000, 0x34000000)
   the space 174784K,  39% used [0x29550000, 0x2d8acc60, 0x2d8ace00, 0x34000000)
 compacting perm gen  total 12288K, used 8883K [0x34000000, 0x34c00000, 0x38000000)
   the space 12288K,  72% used [0x34000000, 0x348acda0, 0x348ace00, 0x34c00000)
    ro space 10240K,  42% used [0x38000000, 0x38434778, 0x38434800, 0x38a00000)
    rw space 12288K,  52% used [0x38a00000, 0x39049a68, 0x39049c00, 0x39600000)
Event: 156.483 GC heap after
Heap after GC invocations=57 (full 14):
 def new generation   total 78656K, used 6263K [0x24000000, 0x29550000, 0x29550000)
  eden space 69952K,   0% used [0x24000000, 0x24000000, 0x28450000)
  from space 8704K,  71% used [0x28450000, 0x28a6dc28, 0x28cd0000)
  to   space 8704K,   0% used [0x28cd0000, 0x28cd0000, 0x29550000)
 tenured generation   total 174784K, used 75704K [0x29550000, 0x34000000, 0x34000000)
   the space 174784K,  43% used [0x29550000, 0x2df3e228, 0x2df3e400, 0x34000000)
 compacting perm gen  total 12288K, used 8883K [0x34000000, 0x34c00000, 0x38000000)
   the space 12288K,  72% used [0x34000000, 0x348acda0, 0x348ace00, 0x34c00000)
    ro space 10240K,  42% used [0x38000000, 0x38434778, 0x38434800, 0x38a00000)
    rw space 12288K,  52% used [0x38a00000, 0x39049a68, 0x39049c00, 0x39600000)
}
Event: 157.202 GC heap before
{Heap before GC invocations=57 (full 14):
 def new generation   total 78656K, used 76268K [0x24000000, 0x29550000, 0x29550000)
  eden space 69952K,  99% used [0x24000000, 0x2841d4b8, 0x28450000)
  from space 8704K,  74% used [0x28450000, 0x28aadc38, 0x28cd0000)
  to   space 8704K,   0% used [0x28cd0000, 0x28cd0000, 0x29550000)
 tenured generation   total 174784K, used 75704K [0x29550000, 0x34000000, 0x34000000)
   the space 174784K,  43% used [0x29550000, 0x2df3e228, 0x2df3e400, 0x34000000)
 compacting perm gen  total 12288K, used 8883K [0x34000000, 0x34c00000, 0x38000000)
   the space 12288K,  72% used [0x34000000, 0x348acda0, 0x348ace00, 0x34c00000)
    ro space 10240K,  42% used [0x38000000, 0x38434778, 0x38434800, 0x38a00000)
    rw space 12288K,  52% used [0x38a00000, 0x39049a68, 0x39049c00, 0x39600000)
Event: 157.206 GC heap after
Heap after GC invocations=58 (full 14):
 def new generation   total 78656K, used 7534K [0x24000000, 0x29550000, 0x29550000)
  eden space 69952K,   0% used [0x24000000, 0x24000000, 0x28450000)
  from space 8704K,  86% used [0x28cd0000, 0x2942bb58, 0x29550000)
  to   space 8704K,   0% used [0x28450000, 0x28450000, 0x28cd0000)
 tenured generation   total 174784K, used 80828K [0x29550000, 0x34000000, 0x34000000)
   the space 174784K,  46% used [0x29550000, 0x2e43f320, 0x2e43f400, 0x34000000)
 compacting perm gen  total 12288K, used 8883K [0x34000000, 0x34c00000, 0x38000000)
   the space 12288K,  72% used [0x34000000, 0x348acda0, 0x348ace00, 0x34c00000)
    ro space 10240K,  42% used [0x38000000, 0x38434778, 0x38434800, 0x38a00000)
    rw space 12288K,  52% used [0x38a00000, 0x39049a68, 0x39049c00, 0x39600000)
}
Event: 157.928 GC heap before
{Heap before GC invocations=58 (full 14):
 def new generation   total 78656K, used 77418K [0x24000000, 0x29550000, 0x29550000)
  eden space 69952K,  99% used [0x24000000, 0x2843ee38, 0x28450000)
  from space 8704K,  86% used [0x28cd0000, 0x2942bb58, 0x29550000)
  to   space 8704K,   0% used [0x28450000, 0x28450000, 0x28cd0000)
 tenured generation   total 174784K, used 80828K [0x29550000, 0x34000000, 0x34000000)
   the space 174784K,  46% used [0x29550000, 0x2e43f320, 0x2e43f400, 0x34000000)
 compacting perm gen  total 12288K, used 8883K [0x34000000, 0x34c00000, 0x38000000)
   the space 12288K,  72% used [0x34000000, 0x348acdb0, 0x348ace00, 0x34c00000)
    ro space 10240K,  42% used [0x38000000, 0x38434778, 0x38434800, 0x38a00000)
    rw space 12288K,  52% used [0x38a00000, 0x39049a68, 0x39049c00, 0x39600000)
Event: 157.931 GC heap after
Heap after GC invocations=59 (full 14):
 def new generation   total 78656K, used 3427K [0x24000000, 0x29550000, 0x29550000)
  eden space 69952K,   0% used [0x24000000, 0x24000000, 0x28450000)
  from space 8704K,  39% used [0x28450000, 0x287a8ca0, 0x28cd0000)
  to   space 8704K,   0% used [0x28cd0000, 0x28cd0000, 0x29550000)
 tenured generation   total 174784K, used 85468K [0x29550000, 0x34000000, 0x34000000)
   the space 174784K,  48% used [0x29550000, 0x2e8c7228, 0x2e8c7400, 0x34000000)
 compacting perm gen  total 12288K, used 8883K [0x34000000, 0x34c00000, 0x38000000)
   the space 12288K,  72% used [0x34000000, 0x348acdb0, 0x348ace00, 0x34c00000)
    ro space 10240K,  42% used [0x38000000, 0x38434778, 0x38434800, 0x38a00000)
    rw space 12288K,  52% used [0x38a00000, 0x39049a68, 0x39049c00, 0x39600000)
}
Event: 158.678 GC heap before
{Heap before GC invocations=59 (full 14):
 def new generation   total 78656K, used 73346K [0x24000000, 0x29550000, 0x29550000)
  eden space 69952K,  99% used [0x24000000, 0x28447f10, 0x28450000)
  from space 8704K,  39% used [0x28450000, 0x287a8ca0, 0x28cd0000)
  to   space 8704K,   0% used [0x28cd0000, 0x28cd0000, 0x29550000)
 tenured generation   total 174784K, used 85468K [0x29550000, 0x34000000, 0x34000000)
   the space 174784K,  48% used [0x29550000, 0x2e8c7228, 0x2e8c7400, 0x34000000)
 compacting perm gen  total 12288K, used 8883K [0x34000000, 0x34c00000, 0x38000000)
   the space 12288K,  72% used [0x34000000, 0x348acdb0, 0x348ace00, 0x34c00000)
    ro space 10240K,  42% used [0x38000000, 0x38434778, 0x38434800, 0x38a00000)
    rw space 12288K,  52% used [0x38a00000, 0x39049a68, 0x39049c00, 0x39600000)
Event: 158.681 GC heap after
Heap after GC invocations=60 (full 14):
 def new generation   total 78656K, used 5979K [0x24000000, 0x29550000, 0x29550000)
  eden space 69952K,   0% used [0x24000000, 0x24000000, 0x28450000)
  from space 8704K,  68% used [0x28cd0000, 0x292a6fd8, 0x29550000)
  to   space 8704K,   0% used [0x28450000, 0x28450000, 0x28cd0000)
 tenured generation   total 174784K, used 85468K [0x29550000, 0x34000000, 0x34000000)
   the space 174784K,  48% used [0x29550000, 0x2e8c7228, 0x2e8c7400, 0x34000000)
 compacting perm gen  total 12288K, used 8883K [0x34000000, 0x34c00000, 0x38000000)
   the space 12288K,  72% used [0x34000000, 0x348acdb0, 0x348ace00, 0x34c00000)
    ro space 10240K,  42% used [0x38000000, 0x38434778, 0x38434800, 0x38a00000)
    rw space 12288K,  52% used [0x38a00000, 0x39049a68, 0x39049c00, 0x39600000)
}
Event: 286.656 GC heap before
{Heap before GC invocations=60 (full 14):
 def new generation   total 78656K, used 76156K [0x24000000, 0x29550000, 0x29550000)
  eden space 69952K,  99% used [0x24000000, 0x28448370, 0x28450000)
  from space 8704K,  71% used [0x28cd0000, 0x292e6fe8, 0x29550000)
  to   space 8704K,   0% used [0x28450000, 0x28450000, 0x28cd0000)
 tenured generation   total 174784K, used 85468K [0x29550000, 0x34000000, 0x34000000)
   the space 174784K,  48% used [0x29550000, 0x2e8c7228, 0x2e8c7400, 0x34000000)
 compacting perm gen  total 12288K, used 8883K [0x34000000, 0x34c00000, 0x38000000)
   the space 12288K,  72% used [0x34000000, 0x348acdd0, 0x348ace00, 0x34c00000)
    ro space 10240K,  42% used [0x38000000, 0x38434778, 0x38434800, 0x38a00000)
    rw space 12288K,  52% used [0x38a00000, 0x39049a68, 0x39049c00, 0x39600000)
Event: 286.666 GC heap after
Heap after GC invocations=61 (full 14):
 def new generation   total 78656K, used 8704K [0x24000000, 0x29550000, 0x29550000)
  eden space 69952K,   0% used [0x24000000, 0x24000000, 0x28450000)
  from space 8704K, 100% used [0x28450000, 0x28cd0000, 0x28cd0000)
  to   space 8704K,   0% used [0x28cd0000, 0x28cd0000, 0x29550000)
 tenured generation   total 174784K, used 104882K [0x29550000, 0x34000000, 0x34000000)
   the space 174784K,  60% used [0x29550000, 0x2fbbcaf0, 0x2fbbcc00, 0x34000000)
 compacting perm gen  total 12288K, used 8883K [0x34000000, 0x34c00000, 0x38000000)
   the space 12288K,  72% used [0x34000000, 0x348acdd0, 0x348ace00, 0x34c00000)
    ro space 10240K,  42% used [0x38000000, 0x38434778, 0x38434800, 0x38a00000)
    rw space 12288K,  52% used [0x38a00000, 0x39049a68, 0x39049c00, 0x39600000)
}

