# JRE version: Java(TM) SE Runtime Environment (7.0_60-b19) (build 1.7.0_60-b19)
# Java VM: Java HotSpot(TM) Client VM (24.60-b09 mixed mode, sharing windows-x86 )
Heap
 def new generation   total 22016K, used 12541K [0x24000000, 0x257e0000, 0x29550000)
  eden space 19584K,  52% used [0x24000000, 0x24a074f0, 0x25320000)
  from space 2432K,  93% used [0x25580000, 0x257b7f30, 0x257e0000)
  to   space 2432K,   0% used [0x25320000, 0x25320000, 0x25580000)
 tenured generation   total 48848K, used 39436K [0x29550000, 0x2c504000, 0x34000000)
   the space 48848K,  80% used [0x29550000, 0x2bbd32d0, 0x2bbd3400, 0x2c504000)
 compacting perm gen  total 12288K, used 10638K [0x34000000, 0x34c00000, 0x38000000)
   the space 12288K,  86% used [0x34000000, 0x34a63820, 0x34a63a00, 0x34c00000)
    ro space 10240K,  42% used [0x38000000, 0x38434778, 0x38434800, 0x38a00000)
    rw space 12288K,  52% used [0x38a00000, 0x39049a68, 0x39049c00, 0x39600000)
GC Heap History (10 events):
Event: 7.844 GC heap before
{Heap before GC invocations=15 (full 3):
 def new generation   total 11712K, used 11048K [0x24000000, 0x24cb0000, 0x29550000)
  eden space 10432K,  93% used [0x24000000, 0x2498a2d0, 0x24a30000)
  from space 1280K, 100% used [0x24b70000, 0x24cb0000, 0x24cb0000)
  to   space 1280K,   0% used [0x24a30000, 0x24a30000, 0x24b70000)
 tenured generation   total 25848K, used 19401K [0x29550000, 0x2ae8e000, 0x34000000)
   the space 25848K,  75% used [0x29550000, 0x2a842528, 0x2a842600, 0x2ae8e000)
 compacting perm gen  total 12288K, used 9257K [0x34000000, 0x34c00000, 0x38000000)
   the space 12288K,  75% used [0x34000000, 0x3490a550, 0x3490a600, 0x34c00000)
    ro space 10240K,  42% used [0x38000000, 0x38434778, 0x38434800, 0x38a00000)
    rw space 12288K,  52% used [0x38a00000, 0x39049a68, 0x39049c00, 0x39600000)
Event: 7.848 GC heap after
Heap after GC invocations=16 (full 3):
 def new generation   total 11712K, used 669K [0x24000000, 0x24cb0000, 0x29550000)
  eden space 10432K,   0% used [0x24000000, 0x24000000, 0x24a30000)
  from space 1280K,  52% used [0x24a30000, 0x24ad7598, 0x24b70000)
  to   space 1280K,   0% used [0x24b70000, 0x24b70000, 0x24cb0000)
 tenured generation   total 25848K, used 22507K [0x29550000, 0x2ae8e000, 0x34000000)
   the space 25848K,  87% used [0x29550000, 0x2ab4adc8, 0x2ab4ae00, 0x2ae8e000)
 compacting perm gen  total 12288K, used 9257K [0x34000000, 0x34c00000, 0x38000000)
   the space 12288K,  75% used [0x34000000, 0x3490a550, 0x3490a600, 0x34c00000)
    ro space 10240K,  42% used [0x38000000, 0x38434778, 0x38434800, 0x38a00000)
    rw space 12288K,  52% used [0x38a00000, 0x39049a68, 0x39049c00, 0x39600000)
}
Event: 8.650 GC heap before
{Heap before GC invocations=16 (full 3):
 def new generation   total 11712K, used 11101K [0x24000000, 0x24cb0000, 0x29550000)
  eden space 10432K, 100% used [0x24000000, 0x24a30000, 0x24a30000)
  from space 1280K,  52% used [0x24a30000, 0x24ad7598, 0x24b70000)
  to   space 1280K,   0% used [0x24b70000, 0x24b70000, 0x24cb0000)
 tenured generation   total 25848K, used 22507K [0x29550000, 0x2ae8e000, 0x34000000)
   the space 25848K,  87% used [0x29550000, 0x2ab4adc8, 0x2ab4ae00, 0x2ae8e000)
 compacting perm gen  total 12288K, used 9580K [0x34000000, 0x34c00000, 0x38000000)
   the space 12288K,  77% used [0x34000000, 0x3495b2f0, 0x3495b400, 0x34c00000)
    ro space 10240K,  42% used [0x38000000, 0x38434778, 0x38434800, 0x38a00000)
    rw space 12288K,  52% used [0x38a00000, 0x39049a68, 0x39049c00, 0x39600000)
Event: 8.723 GC heap after
Heap after GC invocations=17 (full 4):
 def new generation   total 15936K, used 0K [0x24000000, 0x25140000, 0x29550000)
  eden space 14208K,   0% used [0x24000000, 0x24000000, 0x24de0000)
  from space 1728K,   0% used [0x24de0000, 0x24de0000, 0x24f90000)
  to   space 1728K,   0% used [0x24f90000, 0x24f90000, 0x25140000)
 tenured generation   total 35080K, used 21046K [0x29550000, 0x2b792000, 0x34000000)
   the space 35080K,  59% used [0x29550000, 0x2a9dd880, 0x2a9dda00, 0x2b792000)
 compacting perm gen  total 12288K, used 9573K [0x34000000, 0x34c00000, 0x38000000)
   the space 12288K,  77% used [0x34000000, 0x349595f0, 0x34959600, 0x34c00000)
    ro space 10240K,  42% used [0x38000000, 0x38434778, 0x38434800, 0x38a00000)
    rw space 12288K,  52% used [0x38a00000, 0x39049a68, 0x39049c00, 0x39600000)
}
Event: 9.849 GC heap before
{Heap before GC invocations=17 (full 4):
 def new generation   total 15936K, used 15667K [0x24000000, 0x25140000, 0x29550000)
  eden space 14208K, 100% used [0x24000000, 0x24de0000, 0x24de0000)
  from space 1728K,  84% used [0x24de0000, 0x24f4cf40, 0x24f90000)
  to   space 1728K,   0% used [0x24f90000, 0x24f90000, 0x25140000)
 tenured generation   total 35080K, used 21046K [0x29550000, 0x2b792000, 0x34000000)
   the space 35080K,  59% used [0x29550000, 0x2a9dd880, 0x2a9dda00, 0x2b792000)
 compacting perm gen  total 12288K, used 10629K [0x34000000, 0x34c00000, 0x38000000)
   the space 12288K,  86% used [0x34000000, 0x34a61528, 0x34a61600, 0x34c00000)
    ro space 10240K,  42% used [0x38000000, 0x38434778, 0x38434800, 0x38a00000)
    rw space 12288K,  52% used [0x38a00000, 0x39049a68, 0x39049c00, 0x39600000)
Event: 9.855 GC heap after
Heap after GC invocations=18 (full 4):
 def new generation   total 15936K, used 1728K [0x24000000, 0x25140000, 0x29550000)
  eden space 14208K,   0% used [0x24000000, 0x24000000, 0x24de0000)
  from space 1728K, 100% used [0x24f90000, 0x25140000, 0x25140000)
  to   space 1728K,   0% used [0x24de0000, 0x24de0000, 0x24f90000)
 tenured generation   total 35080K, used 25076K [0x29550000, 0x2b792000, 0x34000000)
   the space 35080K,  71% used [0x29550000, 0x2adcd228, 0x2adcd400, 0x2b792000)
 compacting perm gen  total 12288K, used 10629K [0x34000000, 0x34c00000, 0x38000000)
   the space 12288K,  86% used [0x34000000, 0x34a61528, 0x34a61600, 0x34c00000)
    ro space 10240K,  42% used [0x38000000, 0x38434778, 0x38434800, 0x38a00000)
    rw space 12288K,  52% used [0x38a00000, 0x39049a68, 0x39049c00, 0x39600000)
}
Event: 12.134 GC heap before
{Heap before GC invocations=18 (full 4):
 def new generation   total 15936K, used 14317K [0x24000000, 0x25140000, 0x29550000)
  eden space 14208K,  88% used [0x24000000, 0x24c4b540, 0x24de0000)
  from space 1728K, 100% used [0x24f90000, 0x25140000, 0x25140000)
  to   space 1728K,   0% used [0x24de0000, 0x24de0000, 0x24f90000)
 tenured generation   total 35080K, used 25076K [0x29550000, 0x2b792000, 0x34000000)
   the space 35080K,  71% used [0x29550000, 0x2adcd228, 0x2adcd400, 0x2b792000)
 compacting perm gen  total 12288K, used 10629K [0x34000000, 0x34c00000, 0x38000000)
   the space 12288K,  86% used [0x34000000, 0x34a61538, 0x34a61600, 0x34c00000)
    ro space 10240K,  42% used [0x38000000, 0x38434778, 0x38434800, 0x38a00000)
    rw space 12288K,  52% used [0x38a00000, 0x39049a68, 0x39049c00, 0x39600000)
Event: 12.183 GC heap after
Heap after GC invocations=19 (full 5):
 def new generation   total 22016K, used 0K [0x24000000, 0x257e0000, 0x29550000)
  eden space 19584K,   0% used [0x24000000, 0x24000000, 0x25320000)
  from space 2432K,   0% used [0x25320000, 0x25320000, 0x25580000)
  to   space 2432K,   0% used [0x25580000, 0x25580000, 0x257e0000)
 tenured generation   total 48848K, used 29306K [0x29550000, 0x2c504000, 0x34000000)
   the space 48848K,  59% used [0x29550000, 0x2b1ee9a8, 0x2b1eea00, 0x2c504000)
 compacting perm gen  total 12288K, used 10629K [0x34000000, 0x34c00000, 0x38000000)
   the space 12288K,  86% used [0x34000000, 0x34a61538, 0x34a61600, 0x34c00000)
    ro space 10240K,  42% used [0x38000000, 0x38434778, 0x38434800, 0x38a00000)
    rw space 12288K,  52% used [0x38a00000, 0x39049a68, 0x39049c00, 0x39600000)
}
Event: 13.937 GC heap before
{Heap before GC invocations=19 (full 5):
 def new generation   total 22016K, used 19584K [0x24000000, 0x257e0000, 0x29550000)
  eden space 19584K, 100% used [0x24000000, 0x25320000, 0x25320000)
  from space 2432K,   0% used [0x25320000, 0x25320000, 0x25580000)
  to   space 2432K,   0% used [0x25580000, 0x25580000, 0x257e0000)
 tenured generation   total 48848K, used 29306K [0x29550000, 0x2c504000, 0x34000000)
   the space 48848K,  59% used [0x29550000, 0x2b1ee9a8, 0x2b1eea00, 0x2c504000)
 compacting perm gen  total 12288K, used 10634K [0x34000000, 0x34c00000, 0x38000000)
   the space 12288K,  86% used [0x34000000, 0x34a62980, 0x34a62a00, 0x34c00000)
    ro space 10240K,  42% used [0x38000000, 0x38434778, 0x38434800, 0x38a00000)
    rw space 12288K,  52% used [0x38a00000, 0x39049a68, 0x39049c00, 0x39600000)
Event: 13.943 GC heap after
Heap after GC invocations=20 (full 5):
 def new generation   total 22016K, used 2271K [0x24000000, 0x257e0000, 0x29550000)
  eden space 19584K,   0% used [0x24000000, 0x24000000, 0x25320000)
  from space 2432K,  93% used [0x25580000, 0x257b7f30, 0x257e0000)
  to   space 2432K,   0% used [0x25320000, 0x25320000, 0x25580000)
 tenured generation   total 48848K, used 39436K [0x29550000, 0x2c504000, 0x34000000)
   the space 48848K,  80% used [0x29550000, 0x2bbd32d0, 0x2bbd3400, 0x2c504000)
 compacting perm gen  total 12288K, used 10634K [0x34000000, 0x34c00000, 0x38000000)
   the space 12288K,  86% used [0x34000000, 0x34a62980, 0x34a62a00, 0x34c00000)
    ro space 10240K,  42% used [0x38000000, 0x38434778, 0x38434800, 0x38a00000)
    rw space 12288K,  52% used [0x38a00000, 0x39049a68, 0x39049c00, 0x39600000)
}

