# JRE version: Java(TM) SE Runtime Environment (7.0_60-b19) (build 1.7.0_60-b19)
# Java VM: Java HotSpot(TM) Client VM (24.60-b09 mixed mode, sharing windows-x86 )
Heap
 def new generation   total 41728K, used 19364K [0x24000000, 0x26d40000, 0x29550000)
  eden space 37120K,  41% used [0x24000000, 0x24f2c508, 0x26440000)
  from space 4608K,  83% used [0x268c0000, 0x26c7cdb0, 0x26d40000)
  to   space 4608K,   0% used [0x26440000, 0x26440000, 0x268c0000)
 tenured generation   total 92608K, used 55563K [0x29550000, 0x2efc0000, 0x34000000)
   the space 92608K,  59% used [0x29550000, 0x2cb92e30, 0x2cb93000, 0x2efc0000)
 compacting perm gen  total 12288K, used 10692K [0x34000000, 0x34c00000, 0x38000000)
   the space 12288K,  87% used [0x34000000, 0x34a71308, 0x34a71400, 0x34c00000)
    ro space 10240K,  42% used [0x38000000, 0x38434778, 0x38434800, 0x38a00000)
    rw space 12288K,  52% used [0x38a00000, 0x39049a68, 0x39049c00, 0x39600000)
GC Heap History (10 events):
Event: 30.528 GC heap before
{Heap before GC invocations=68 (full 6):
 def new generation   total 41728K, used 37122K [0x24000000, 0x26d40000, 0x29550000)
  eden space 37120K, 100% used [0x24000000, 0x26440000, 0x26440000)
  from space 4608K,   0% used [0x26440000, 0x264409b8, 0x268c0000)
  to   space 4608K,   0% used [0x268c0000, 0x268c0000, 0x26d40000)
 tenured generation   total 92608K, used 55563K [0x29550000, 0x2efc0000, 0x34000000)
   the space 92608K,  59% used [0x29550000, 0x2cb92e30, 0x2cb93000, 0x2efc0000)
 compacting perm gen  total 12288K, used 10620K [0x34000000, 0x34c00000, 0x38000000)
   the space 12288K,  86% used [0x34000000, 0x34a5f300, 0x34a5f400, 0x34c00000)
    ro space 10240K,  42% used [0x38000000, 0x38434778, 0x38434800, 0x38a00000)
    rw space 12288K,  52% used [0x38a00000, 0x39049a68, 0x39049c00, 0x39600000)
Event: 30.528 GC heap after
Heap after GC invocations=69 (full 6):
 def new generation   total 41728K, used 2K [0x24000000, 0x26d40000, 0x29550000)
  eden space 37120K,   0% used [0x24000000, 0x24000000, 0x26440000)
  from space 4608K,   0% used [0x268c0000, 0x268c0958, 0x26d40000)
  to   space 4608K,   0% used [0x26440000, 0x26440000, 0x268c0000)
 tenured generation   total 92608K, used 55563K [0x29550000, 0x2efc0000, 0x34000000)
   the space 92608K,  59% used [0x29550000, 0x2cb92e30, 0x2cb93000, 0x2efc0000)
 compacting perm gen  total 12288K, used 10620K [0x34000000, 0x34c00000, 0x38000000)
   the space 12288K,  86% used [0x34000000, 0x34a5f300, 0x34a5f400, 0x34c00000)
    ro space 10240K,  42% used [0x38000000, 0x38434778, 0x38434800, 0x38a00000)
    rw space 12288K,  52% used [0x38a00000, 0x39049a68, 0x39049c00, 0x39600000)
}
Event: 30.578 GC heap before
{Heap before GC invocations=69 (full 6):
 def new generation   total 41728K, used 37122K [0x24000000, 0x26d40000, 0x29550000)
  eden space 37120K, 100% used [0x24000000, 0x26440000, 0x26440000)
  from space 4608K,   0% used [0x268c0000, 0x268c0958, 0x26d40000)
  to   space 4608K,   0% used [0x26440000, 0x26440000, 0x268c0000)
 tenured generation   total 92608K, used 55563K [0x29550000, 0x2efc0000, 0x34000000)
   the space 92608K,  59% used [0x29550000, 0x2cb92e30, 0x2cb93000, 0x2efc0000)
 compacting perm gen  total 12288K, used 10620K [0x34000000, 0x34c00000, 0x38000000)
   the space 12288K,  86% used [0x34000000, 0x34a5f300, 0x34a5f400, 0x34c00000)
    ro space 10240K,  42% used [0x38000000, 0x38434778, 0x38434800, 0x38a00000)
    rw space 12288K,  52% used [0x38a00000, 0x39049a68, 0x39049c00, 0x39600000)
Event: 30.579 GC heap after
Heap after GC invocations=70 (full 6):
 def new generation   total 41728K, used 2K [0x24000000, 0x26d40000, 0x29550000)
  eden space 37120K,   0% used [0x24000000, 0x24000000, 0x26440000)
  from space 4608K,   0% used [0x26440000, 0x26440958, 0x268c0000)
  to   space 4608K,   0% used [0x268c0000, 0x268c0000, 0x26d40000)
 tenured generation   total 92608K, used 55563K [0x29550000, 0x2efc0000, 0x34000000)
   the space 92608K,  59% used [0x29550000, 0x2cb92e30, 0x2cb93000, 0x2efc0000)
 compacting perm gen  total 12288K, used 10620K [0x34000000, 0x34c00000, 0x38000000)
   the space 12288K,  86% used [0x34000000, 0x34a5f300, 0x34a5f400, 0x34c00000)
    ro space 10240K,  42% used [0x38000000, 0x38434778, 0x38434800, 0x38a00000)
    rw space 12288K,  52% used [0x38a00000, 0x39049a68, 0x39049c00, 0x39600000)
}
Event: 30.629 GC heap before
{Heap before GC invocations=70 (full 6):
 def new generation   total 41728K, used 37122K [0x24000000, 0x26d40000, 0x29550000)
  eden space 37120K, 100% used [0x24000000, 0x26440000, 0x26440000)
  from space 4608K,   0% used [0x26440000, 0x26440958, 0x268c0000)
  to   space 4608K,   0% used [0x268c0000, 0x268c0000, 0x26d40000)
 tenured generation   total 92608K, used 55563K [0x29550000, 0x2efc0000, 0x34000000)
   the space 92608K,  59% used [0x29550000, 0x2cb92e30, 0x2cb93000, 0x2efc0000)
 compacting perm gen  total 12288K, used 10620K [0x34000000, 0x34c00000, 0x38000000)
   the space 12288K,  86% used [0x34000000, 0x34a5f300, 0x34a5f400, 0x34c00000)
    ro space 10240K,  42% used [0x38000000, 0x38434778, 0x38434800, 0x38a00000)
    rw space 12288K,  52% used [0x38a00000, 0x39049a68, 0x39049c00, 0x39600000)
Event: 30.629 GC heap after
Heap after GC invocations=71 (full 6):
 def new generation   total 41728K, used 2K [0x24000000, 0x26d40000, 0x29550000)
  eden space 37120K,   0% used [0x24000000, 0x24000000, 0x26440000)
  from space 4608K,   0% used [0x268c0000, 0x268c0898, 0x26d40000)
  to   space 4608K,   0% used [0x26440000, 0x26440000, 0x268c0000)
 tenured generation   total 92608K, used 55563K [0x29550000, 0x2efc0000, 0x34000000)
   the space 92608K,  59% used [0x29550000, 0x2cb92e30, 0x2cb93000, 0x2efc0000)
 compacting perm gen  total 12288K, used 10620K [0x34000000, 0x34c00000, 0x38000000)
   the space 12288K,  86% used [0x34000000, 0x34a5f300, 0x34a5f400, 0x34c00000)
    ro space 10240K,  42% used [0x38000000, 0x38434778, 0x38434800, 0x38a00000)
    rw space 12288K,  52% used [0x38a00000, 0x39049a68, 0x39049c00, 0x39600000)
}
Event: 30.679 GC heap before
{Heap before GC invocations=71 (full 6):
 def new generation   total 41728K, used 37122K [0x24000000, 0x26d40000, 0x29550000)
  eden space 37120K, 100% used [0x24000000, 0x26440000, 0x26440000)
  from space 4608K,   0% used [0x268c0000, 0x268c0898, 0x26d40000)
  to   space 4608K,   0% used [0x26440000, 0x26440000, 0x268c0000)
 tenured generation   total 92608K, used 55563K [0x29550000, 0x2efc0000, 0x34000000)
   the space 92608K,  59% used [0x29550000, 0x2cb92e30, 0x2cb93000, 0x2efc0000)
 compacting perm gen  total 12288K, used 10620K [0x34000000, 0x34c00000, 0x38000000)
   the space 12288K,  86% used [0x34000000, 0x34a5f300, 0x34a5f400, 0x34c00000)
    ro space 10240K,  42% used [0x38000000, 0x38434778, 0x38434800, 0x38a00000)
    rw space 12288K,  52% used [0x38a00000, 0x39049a68, 0x39049c00, 0x39600000)
Event: 30.680 GC heap after
Heap after GC invocations=72 (full 6):
 def new generation   total 41728K, used 2K [0x24000000, 0x26d40000, 0x29550000)
  eden space 37120K,   0% used [0x24000000, 0x24000000, 0x26440000)
  from space 4608K,   0% used [0x26440000, 0x26440898, 0x268c0000)
  to   space 4608K,   0% used [0x268c0000, 0x268c0000, 0x26d40000)
 tenured generation   total 92608K, used 55563K [0x29550000, 0x2efc0000, 0x34000000)
   the space 92608K,  59% used [0x29550000, 0x2cb92e30, 0x2cb93000, 0x2efc0000)
 compacting perm gen  total 12288K, used 10620K [0x34000000, 0x34c00000, 0x38000000)
   the space 12288K,  86% used [0x34000000, 0x34a5f300, 0x34a5f400, 0x34c00000)
    ro space 10240K,  42% used [0x38000000, 0x38434778, 0x38434800, 0x38a00000)
    rw space 12288K,  52% used [0x38a00000, 0x39049a68, 0x39049c00, 0x39600000)
}
Event: 33.863 GC heap before
{Heap before GC invocations=72 (full 6):
 def new generation   total 41728K, used 37125K [0x24000000, 0x26d40000, 0x29550000)
  eden space 37120K, 100% used [0x24000000, 0x26440000, 0x26440000)
  from space 4608K,   0% used [0x26440000, 0x264417e8, 0x268c0000)
  to   space 4608K,   0% used [0x268c0000, 0x268c0000, 0x26d40000)
 tenured generation   total 92608K, used 55563K [0x29550000, 0x2efc0000, 0x34000000)
   the space 92608K,  59% used [0x29550000, 0x2cb92e30, 0x2cb93000, 0x2efc0000)
 compacting perm gen  total 12288K, used 10629K [0x34000000, 0x34c00000, 0x38000000)
   the space 12288K,  86% used [0x34000000, 0x34a61460, 0x34a61600, 0x34c00000)
    ro space 10240K,  42% used [0x38000000, 0x38434778, 0x38434800, 0x38a00000)
    rw space 12288K,  52% used [0x38a00000, 0x39049a68, 0x39049c00, 0x39600000)
Event: 33.867 GC heap after
Heap after GC invocations=73 (full 6):
 def new generation   total 41728K, used 3827K [0x24000000, 0x26d40000, 0x29550000)
  eden space 37120K,   0% used [0x24000000, 0x24000000, 0x26440000)
  from space 4608K,  83% used [0x268c0000, 0x26c7cdb0, 0x26d40000)
  to   space 4608K,   0% used [0x26440000, 0x26440000, 0x268c0000)
 tenured generation   total 92608K, used 55563K [0x29550000, 0x2efc0000, 0x34000000)
   the space 92608K,  59% used [0x29550000, 0x2cb92e30, 0x2cb93000, 0x2efc0000)
 compacting perm gen  total 12288K, used 10629K [0x34000000, 0x34c00000, 0x38000000)
   the space 12288K,  86% used [0x34000000, 0x34a61460, 0x34a61600, 0x34c00000)
    ro space 10240K,  42% used [0x38000000, 0x38434778, 0x38434800, 0x38a00000)
    rw space 12288K,  52% used [0x38a00000, 0x39049a68, 0x39049c00, 0x39600000)
}

