# JRE version: Java(TM) SE Runtime Environment (7.0_60-b19) (build 1.7.0_60-b19)
# Java VM: Java HotSpot(TM) Client VM (24.60-b09 mixed mode windows-x86 )
Heap
 def new generation   total 21312K, used 3803K [0x04400000, 0x05b20000, 0x09950000)
  eden space 18944K,   7% used [0x04400000, 0x04566f70, 0x05680000)
  from space 2368K, 100% used [0x05680000, 0x058d0000, 0x058d0000)
  to   space 2368K,   0% used [0x058d0000, 0x058d0000, 0x05b20000)
 tenured generation   total 46960K, used 39479K [0x09950000, 0x0c72c000, 0x14400000)
   the space 46960K,  84% used [0x09950000, 0x0bfddd00, 0x0bfdde00, 0x0c72c000)
 compacting perm gen  total 16128K, used 16068K [0x14400000, 0x153c0000, 0x18400000)
   the space 16128K,  99% used [0x14400000, 0x153b1328, 0x153b1400, 0x153c0000)
GC Heap History (10 events):
Event: 4.868 GC heap before
{Heap before GC invocations=14 (full 3):
 def new generation   total 14336K, used 12729K [0x04400000, 0x05380000, 0x09950000)
  eden space 12800K,  99% used [0x04400000, 0x0506e520, 0x05080000)
  from space 1536K,   0% used [0x05080000, 0x05080000, 0x05200000)
  to   space 1536K,   0% used [0x05200000, 0x05200000, 0x05380000)
 tenured generation   total 31592K, used 18954K [0x09950000, 0x0b82a000, 0x14400000)
   the space 31592K,  59% used [0x09950000, 0x0abd2858, 0x0abd2a00, 0x0b82a000)
 compacting perm gen  total 15872K, used 15727K [0x14400000, 0x15380000, 0x18400000)
   the space 15872K,  99% used [0x14400000, 0x1535bdf8, 0x1535be00, 0x15380000)
No shared spaces configured.
Event: 4.871 GC heap after
Heap after GC invocations=15 (full 3):
 def new generation   total 14336K, used 202K [0x04400000, 0x05380000, 0x09950000)
  eden space 12800K,   0% used [0x04400000, 0x04400000, 0x05080000)
  from space 1536K,  13% used [0x05200000, 0x05232a80, 0x05380000)
  to   space 1536K,   0% used [0x05080000, 0x05080000, 0x05200000)
 tenured generation   total 31592K, used 30591K [0x09950000, 0x0b82a000, 0x14400000)
   the space 31592K,  96% used [0x09950000, 0x0b72fd68, 0x0b72fe00, 0x0b82a000)
 compacting perm gen  total 15872K, used 15727K [0x14400000, 0x15380000, 0x18400000)
   the space 15872K,  99% used [0x14400000, 0x1535bdf8, 0x1535be00, 0x15380000)
No shared spaces configured.
}
Event: 5.252 GC heap before
{Heap before GC invocations=15 (full 3):
 def new generation   total 14336K, used 13003K [0x04400000, 0x05380000, 0x09950000)
  eden space 12800K, 100% used [0x04400000, 0x05080000, 0x05080000)
  from space 1536K,  13% used [0x05200000, 0x05232d90, 0x05380000)
  to   space 1536K,   0% used [0x05080000, 0x05080000, 0x05200000)
 tenured generation   total 31592K, used 30591K [0x09950000, 0x0b82a000, 0x14400000)
   the space 31592K,  96% used [0x09950000, 0x0b72fd68, 0x0b72fe00, 0x0b82a000)
 compacting perm gen  total 15872K, used 15727K [0x14400000, 0x15380000, 0x18400000)
   the space 15872K,  99% used [0x14400000, 0x1535be58, 0x1535c000, 0x15380000)
No shared spaces configured.
Event: 5.260 GC heap after
Heap after GC invocations=16 (full 3):
 def new generation   total 14336K, used 1275K [0x04400000, 0x05380000, 0x09950000)
  eden space 12800K,   0% used [0x04400000, 0x04400000, 0x05080000)
  from space 1536K,  83% used [0x05080000, 0x051beec0, 0x05200000)
  to   space 1536K,   0% used [0x05200000, 0x05200000, 0x05380000)
 tenured generation   total 41536K, used 40529K [0x09950000, 0x0c1e0000, 0x14400000)
   the space 41536K,  97% used [0x09950000, 0x0c0e4680, 0x0c0e4800, 0x0c1e0000)
 compacting perm gen  total 15872K, used 15727K [0x14400000, 0x15380000, 0x18400000)
   the space 15872K,  99% used [0x14400000, 0x1535be58, 0x1535c000, 0x15380000)
No shared spaces configured.
}
Event: 9.013 GC heap before
{Heap before GC invocations=16 (full 3):
 def new generation   total 14336K, used 14245K [0x04400000, 0x05380000, 0x09950000)
  eden space 12800K,  99% used [0x04400000, 0x0506a820, 0x05080000)
  from space 1536K,  99% used [0x05080000, 0x051feed0, 0x05200000)
  to   space 1536K,   0% used [0x05200000, 0x05200000, 0x05380000)
 tenured generation   total 41536K, used 40529K [0x09950000, 0x0c1e0000, 0x14400000)
   the space 41536K,  97% used [0x09950000, 0x0c0e4680, 0x0c0e4800, 0x0c1e0000)
 compacting perm gen  total 16128K, used 16065K [0x14400000, 0x153c0000, 0x18400000)
   the space 16128K,  99% used [0x14400000, 0x153b04e8, 0x153b0600, 0x153c0000)
No shared spaces configured.
Event: 9.075 GC heap after
Heap after GC invocations=17 (full 4):
 def new generation   total 21312K, used 0K [0x04400000, 0x05b20000, 0x09950000)
  eden space 18944K,   0% used [0x04400000, 0x04400000, 0x05680000)
  from space 2368K,   0% used [0x05680000, 0x05680000, 0x058d0000)
  to   space 2368K,   0% used [0x058d0000, 0x058d0000, 0x05b20000)
 tenured generation   total 46960K, used 28174K [0x09950000, 0x0c72c000, 0x14400000)
   the space 46960K,  59% used [0x09950000, 0x0b4d3bb8, 0x0b4d3c00, 0x0c72c000)
 compacting perm gen  total 16128K, used 16054K [0x14400000, 0x153c0000, 0x18400000)
   the space 16128K,  99% used [0x14400000, 0x153adba0, 0x153adc00, 0x153c0000)
No shared spaces configured.
}
Event: 9.076 GC heap before
{Heap before GC invocations=17 (full 4):
 def new generation   total 21312K, used 466K [0x04400000, 0x05b20000, 0x09950000)
  eden space 18944K,   2% used [0x04400000, 0x04474820, 0x05680000)
  from space 2368K,   0% used [0x05680000, 0x05680000, 0x058d0000)
  to   space 2368K,   0% used [0x058d0000, 0x058d0000, 0x05b20000)
 tenured generation   total 46960K, used 28174K [0x09950000, 0x0c72c000, 0x14400000)
   the space 46960K,  59% used [0x09950000, 0x0b4d3bb8, 0x0b4d3c00, 0x0c72c000)
 compacting perm gen  total 16128K, used 16054K [0x14400000, 0x153c0000, 0x18400000)
   the space 16128K,  99% used [0x14400000, 0x153adba0, 0x153adc00, 0x153c0000)
No shared spaces configured.
Event: 9.077 GC heap after
Heap after GC invocations=18 (full 4):
 def new generation   total 21312K, used 275K [0x04400000, 0x05b20000, 0x09950000)
  eden space 18944K,   0% used [0x04400000, 0x04400000, 0x05680000)
  from space 2368K,  11% used [0x058d0000, 0x05914d68, 0x05b20000)
  to   space 2368K,   0% used [0x05680000, 0x05680000, 0x058d0000)
 tenured generation   total 46960K, used 28174K [0x09950000, 0x0c72c000, 0x14400000)
   the space 46960K,  59% used [0x09950000, 0x0b4d3bb8, 0x0b4d3c00, 0x0c72c000)
 compacting perm gen  total 16128K, used 16054K [0x14400000, 0x153c0000, 0x18400000)
   the space 16128K,  99% used [0x14400000, 0x153adba0, 0x153adc00, 0x153c0000)
No shared spaces configured.
}
Event: 9.131 GC heap before
{Heap before GC invocations=18 (full 4):
 def new generation   total 21312K, used 19482K [0x04400000, 0x05b20000, 0x09950000)
  eden space 18944K, 100% used [0x04400000, 0x05680000, 0x05680000)
  from space 2368K,  22% used [0x058d0000, 0x05956a80, 0x05b20000)
  to   space 2368K,   0% used [0x05680000, 0x05680000, 0x058d0000)
 tenured generation   total 46960K, used 28174K [0x09950000, 0x0c72c000, 0x14400000)
   the space 46960K,  59% used [0x09950000, 0x0b4d3bb8, 0x0b4d3c00, 0x0c72c000)
 compacting perm gen  total 16128K, used 16064K [0x14400000, 0x153c0000, 0x18400000)
   the space 16128K,  99% used [0x14400000, 0x153b0338, 0x153b0400, 0x153c0000)
No shared spaces configured.
Event: 9.137 GC heap after
Heap after GC invocations=19 (full 4):
 def new generation   total 21312K, used 2368K [0x04400000, 0x05b20000, 0x09950000)
  eden space 18944K,   0% used [0x04400000, 0x04400000, 0x05680000)
  from space 2368K, 100% used [0x05680000, 0x058d0000, 0x058d0000)
  to   space 2368K,   0% used [0x058d0000, 0x058d0000, 0x05b20000)
 tenured generation   total 46960K, used 39479K [0x09950000, 0x0c72c000, 0x14400000)
   the space 46960K,  84% used [0x09950000, 0x0bfddd00, 0x0bfdde00, 0x0c72c000)
 compacting perm gen  total 16128K, used 16064K [0x14400000, 0x153c0000, 0x18400000)
   the space 16128K,  99% used [0x14400000, 0x153b0338, 0x153b0400, 0x153c0000)
No shared spaces configured.
}

