# JRE version: Java(TM) SE Runtime Environment (7.0_60-b19) (build 1.7.0_60-b19)
# Java VM: Java HotSpot(TM) Client VM (24.60-b09 mixed mode, sharing windows-x86 )
Heap
 def new generation   total 30912K, used 28932K [0x24000000, 0x26180000, 0x29550000)
  eden space 27520K,  98% used [0x24000000, 0x25a96500, 0x25ae0000)
  from space 3392K,  50% used [0x25e30000, 0x25fdab28, 0x26180000)
  to   space 3392K,   0% used [0x25ae0000, 0x25ae0000, 0x25e30000)
 tenured generation   total 68476K, used 65025K [0x29550000, 0x2d82f000, 0x34000000)
   the space 68476K,  94% used [0x29550000, 0x2d4d05c8, 0x2d4d0600, 0x2d82f000)
 compacting perm gen  total 12288K, used 10678K [0x34000000, 0x34c00000, 0x38000000)
   the space 12288K,  86% used [0x34000000, 0x34a6dbe0, 0x34a6dc00, 0x34c00000)
    ro space 10240K,  42% used [0x38000000, 0x38434778, 0x38434800, 0x38a00000)
    rw space 12288K,  52% used [0x38a00000, 0x39049a68, 0x39049c00, 0x39600000)
GC Heap History (10 events):
Event: 7.095 GC heap before
{Heap before GC invocations=16 (full 4):
 def new generation   total 17984K, used 16000K [0x24000000, 0x25380000, 0x29550000)
  eden space 16000K, 100% used [0x24000000, 0x24fa0000, 0x24fa0000)
  from space 1984K,   0% used [0x24fa0000, 0x24fa0000, 0x25190000)
  to   space 1984K,   0% used [0x25190000, 0x25190000, 0x25380000)
 tenured generation   total 39788K, used 23872K [0x29550000, 0x2bc2b000, 0x34000000)
   the space 39788K,  59% used [0x29550000, 0x2aca0030, 0x2aca0200, 0x2bc2b000)
 compacting perm gen  total 12288K, used 8567K [0x34000000, 0x34c00000, 0x38000000)
   the space 12288K,  69% used [0x34000000, 0x3485df08, 0x3485e000, 0x34c00000)
    ro space 10240K,  42% used [0x38000000, 0x38434778, 0x38434800, 0x38a00000)
    rw space 12288K,  52% used [0x38a00000, 0x39049a68, 0x39049c00, 0x39600000)
Event: 7.099 GC heap after
Heap after GC invocations=17 (full 4):
 def new generation   total 17984K, used 1980K [0x24000000, 0x25380000, 0x29550000)
  eden space 16000K,   0% used [0x24000000, 0x24000000, 0x24fa0000)
  from space 1984K,  99% used [0x25190000, 0x2537f2b8, 0x25380000)
  to   space 1984K,   0% used [0x24fa0000, 0x24fa0000, 0x25190000)
 tenured generation   total 39788K, used 31338K [0x29550000, 0x2bc2b000, 0x34000000)
   the space 39788K,  78% used [0x29550000, 0x2b3ea908, 0x2b3eaa00, 0x2bc2b000)
 compacting perm gen  total 12288K, used 8567K [0x34000000, 0x34c00000, 0x38000000)
   the space 12288K,  69% used [0x34000000, 0x3485df08, 0x3485e000, 0x34c00000)
    ro space 10240K,  42% used [0x38000000, 0x38434778, 0x38434800, 0x38a00000)
    rw space 12288K,  52% used [0x38a00000, 0x39049a68, 0x39049c00, 0x39600000)
}
Event: 28.858 GC heap before
{Heap before GC invocations=17 (full 4):
 def new generation   total 17984K, used 17980K [0x24000000, 0x25380000, 0x29550000)
  eden space 16000K, 100% used [0x24000000, 0x24fa0000, 0x24fa0000)
  from space 1984K,  99% used [0x25190000, 0x2537f2b8, 0x25380000)
  to   space 1984K,   0% used [0x24fa0000, 0x24fa0000, 0x25190000)
 tenured generation   total 39788K, used 31338K [0x29550000, 0x2bc2b000, 0x34000000)
   the space 39788K,  78% used [0x29550000, 0x2b3ea908, 0x2b3eaa00, 0x2bc2b000)
 compacting perm gen  total 12288K, used 9268K [0x34000000, 0x34c00000, 0x38000000)
   the space 12288K,  75% used [0x34000000, 0x3490d120, 0x3490d200, 0x34c00000)
    ro space 10240K,  42% used [0x38000000, 0x38434778, 0x38434800, 0x38a00000)
    rw space 12288K,  52% used [0x38a00000, 0x39049a68, 0x39049c00, 0x39600000)
Event: 28.940 GC heap after
Heap after GC invocations=18 (full 5):
 def new generation   total 30912K, used 0K [0x24000000, 0x26180000, 0x29550000)
  eden space 27520K,   0% used [0x24000000, 0x24000000, 0x25ae0000)
  from space 3392K,   0% used [0x25ae0000, 0x25ae0000, 0x25e30000)
  to   space 3392K,   0% used [0x25e30000, 0x25e30000, 0x26180000)
 tenured generation   total 68476K, used 41084K [0x29550000, 0x2d82f000, 0x34000000)
   the space 68476K,  59% used [0x29550000, 0x2bd6f228, 0x2bd6f400, 0x2d82f000)
 compacting perm gen  total 12288K, used 9268K [0x34000000, 0x34c00000, 0x38000000)
   the space 12288K,  75% used [0x34000000, 0x3490d120, 0x3490d200, 0x34c00000)
    ro space 10240K,  42% used [0x38000000, 0x38434778, 0x38434800, 0x38a00000)
    rw space 12288K,  52% used [0x38a00000, 0x39049a68, 0x39049c00, 0x39600000)
}
Event: 29.233 GC heap before
{Heap before GC invocations=18 (full 5):
 def new generation   total 30912K, used 27520K [0x24000000, 0x26180000, 0x29550000)
  eden space 27520K, 100% used [0x24000000, 0x25ae0000, 0x25ae0000)
  from space 3392K,   0% used [0x25ae0000, 0x25ae0000, 0x25e30000)
  to   space 3392K,   0% used [0x25e30000, 0x25e30000, 0x26180000)
 tenured generation   total 68476K, used 41084K [0x29550000, 0x2d82f000, 0x34000000)
   the space 68476K,  59% used [0x29550000, 0x2bd6f228, 0x2bd6f400, 0x2d82f000)
 compacting perm gen  total 12288K, used 9328K [0x34000000, 0x34c00000, 0x38000000)
   the space 12288K,  75% used [0x34000000, 0x3491c318, 0x3491c400, 0x34c00000)
    ro space 10240K,  42% used [0x38000000, 0x38434778, 0x38434800, 0x38a00000)
    rw space 12288K,  52% used [0x38a00000, 0x39049a68, 0x39049c00, 0x39600000)
Event: 29.251 GC heap after
Heap after GC invocations=19 (full 5):
 def new generation   total 30912K, used 3392K [0x24000000, 0x26180000, 0x29550000)
  eden space 27520K,   0% used [0x24000000, 0x24000000, 0x25ae0000)
  from space 3392K, 100% used [0x25e30000, 0x26180000, 0x26180000)
  to   space 3392K,   0% used [0x25ae0000, 0x25ae0000, 0x25e30000)
 tenured generation   total 68476K, used 48325K [0x29550000, 0x2d82f000, 0x34000000)
   the space 68476K,  70% used [0x29550000, 0x2c4815f8, 0x2c481600, 0x2d82f000)
 compacting perm gen  total 12288K, used 9328K [0x34000000, 0x34c00000, 0x38000000)
   the space 12288K,  75% used [0x34000000, 0x3491c318, 0x3491c400, 0x34c00000)
    ro space 10240K,  42% used [0x38000000, 0x38434778, 0x38434800, 0x38a00000)
    rw space 12288K,  52% used [0x38a00000, 0x39049a68, 0x39049c00, 0x39600000)
}
Event: 36.754 GC heap before
{Heap before GC invocations=19 (full 5):
 def new generation   total 30912K, used 30432K [0x24000000, 0x26180000, 0x29550000)
  eden space 27520K,  98% used [0x24000000, 0x25a68368, 0x25ae0000)
  from space 3392K, 100% used [0x25e30000, 0x26180000, 0x26180000)
  to   space 3392K,   0% used [0x25ae0000, 0x25ae0000, 0x25e30000)
 tenured generation   total 68476K, used 48325K [0x29550000, 0x2d82f000, 0x34000000)
   the space 68476K,  70% used [0x29550000, 0x2c4815f8, 0x2c481600, 0x2d82f000)
 compacting perm gen  total 12288K, used 9344K [0x34000000, 0x34c00000, 0x38000000)
   the space 12288K,  76% used [0x34000000, 0x34920348, 0x34920400, 0x34c00000)
    ro space 10240K,  42% used [0x38000000, 0x38434778, 0x38434800, 0x38a00000)
    rw space 12288K,  52% used [0x38a00000, 0x39049a68, 0x39049c00, 0x39600000)
Event: 36.766 GC heap after
Heap after GC invocations=20 (full 5):
 def new generation   total 30912K, used 3392K [0x24000000, 0x26180000, 0x29550000)
  eden space 27520K,   0% used [0x24000000, 0x24000000, 0x25ae0000)
  from space 3392K, 100% used [0x25ae0000, 0x25e30000, 0x25e30000)
  to   space 3392K,   0% used [0x25e30000, 0x25e30000, 0x26180000)
 tenured generation   total 68476K, used 53270K [0x29550000, 0x2d82f000, 0x34000000)
   the space 68476K,  77% used [0x29550000, 0x2c9558a8, 0x2c955a00, 0x2d82f000)
 compacting perm gen  total 12288K, used 9344K [0x34000000, 0x34c00000, 0x38000000)
   the space 12288K,  76% used [0x34000000, 0x34920348, 0x34920400, 0x34c00000)
    ro space 10240K,  42% used [0x38000000, 0x38434778, 0x38434800, 0x38a00000)
    rw space 12288K,  52% used [0x38a00000, 0x39049a68, 0x39049c00, 0x39600000)
}
Event: 39.008 GC heap before
{Heap before GC invocations=20 (full 5):
 def new generation   total 30912K, used 30912K [0x24000000, 0x26180000, 0x29550000)
  eden space 27520K, 100% used [0x24000000, 0x25ae0000, 0x25ae0000)
  from space 3392K, 100% used [0x25ae0000, 0x25e30000, 0x25e30000)
  to   space 3392K,   0% used [0x25e30000, 0x25e30000, 0x26180000)
 tenured generation   total 68476K, used 53270K [0x29550000, 0x2d82f000, 0x34000000)
   the space 68476K,  77% used [0x29550000, 0x2c9558a8, 0x2c955a00, 0x2d82f000)
 compacting perm gen  total 12288K, used 10613K [0x34000000, 0x34c00000, 0x38000000)
   the space 12288K,  86% used [0x34000000, 0x34a5d560, 0x34a5d600, 0x34c00000)
    ro space 10240K,  42% used [0x38000000, 0x38434778, 0x38434800, 0x38a00000)
    rw space 12288K,  52% used [0x38a00000, 0x39049a68, 0x39049c00, 0x39600000)
Event: 39.018 GC heap after
Heap after GC invocations=21 (full 5):
 def new generation   total 30912K, used 1706K [0x24000000, 0x26180000, 0x29550000)
  eden space 27520K,   0% used [0x24000000, 0x24000000, 0x25ae0000)
  from space 3392K,  50% used [0x25e30000, 0x25fdab28, 0x26180000)
  to   space 3392K,   0% used [0x25ae0000, 0x25ae0000, 0x25e30000)
 tenured generation   total 68476K, used 65025K [0x29550000, 0x2d82f000, 0x34000000)
   the space 68476K,  94% used [0x29550000, 0x2d4d05c8, 0x2d4d0600, 0x2d82f000)
 compacting perm gen  total 12288K, used 10613K [0x34000000, 0x34c00000, 0x38000000)
   the space 12288K,  86% used [0x34000000, 0x34a5d560, 0x34a5d600, 0x34c00000)
    ro space 10240K,  42% used [0x38000000, 0x38434778, 0x38434800, 0x38a00000)
    rw space 12288K,  52% used [0x38a00000, 0x39049a68, 0x39049c00, 0x39600000)
}

