# JRE version: Java(TM) SE Runtime Environment (7.0_60-b19) (build 1.7.0_60-b19)
# Java VM: Java HotSpot(TM) Client VM (24.60-b09 mixed mode, sharing windows-x86 )
Heap
 def new generation   total 40064K, used 24588K [0x24000000, 0x26b70000, 0x29550000)
  eden space 35648K,  68% used [0x24000000, 0x258030f8, 0x262d0000)
  from space 4416K,   0% used [0x262d0000, 0x262d0000, 0x26720000)
  to   space 4416K,   0% used [0x26720000, 0x26720000, 0x26b70000)
 tenured generation   total 88824K, used 53293K [0x29550000, 0x2ec0e000, 0x34000000)
   the space 88824K,  59% used [0x29550000, 0x2c95b730, 0x2c95b800, 0x2ec0e000)
 compacting perm gen  total 12288K, used 10147K [0x34000000, 0x34c00000, 0x38000000)
   the space 12288K,  82% used [0x34000000, 0x349e8c50, 0x349e8e00, 0x34c00000)
    ro space 10240K,  42% used [0x38000000, 0x38434778, 0x38434800, 0x38a00000)
    rw space 12288K,  52% used [0x38a00000, 0x39049a68, 0x39049c00, 0x39600000)
GC Heap History (10 events):
Event: 36.358 GC heap before
{Heap before GC invocations=25 (full 6):
 def new generation   total 32192K, used 28948K [0x24000000, 0x262e0000, 0x29550000)
  eden space 28672K,  99% used [0x24000000, 0x25be2418, 0x25c00000)
  from space 3520K,  11% used [0x25c00000, 0x25c62f10, 0x25f70000)
  to   space 3520K,   0% used [0x25f70000, 0x25f70000, 0x262e0000)
 tenured generation   total 71344K, used 42804K [0x29550000, 0x2dafc000, 0x34000000)
   the space 71344K,  59% used [0x29550000, 0x2bf1d378, 0x2bf1d400, 0x2dafc000)
 compacting perm gen  total 12288K, used 10143K [0x34000000, 0x34c00000, 0x38000000)
   the space 12288K,  82% used [0x34000000, 0x349e7d10, 0x349e7e00, 0x34c00000)
    ro space 10240K,  42% used [0x38000000, 0x38434778, 0x38434800, 0x38a00000)
    rw space 12288K,  52% used [0x38a00000, 0x39049a68, 0x39049c00, 0x39600000)
Event: 36.359 GC heap after
Heap after GC invocations=26 (full 6):
 def new generation   total 32192K, used 394K [0x24000000, 0x262e0000, 0x29550000)
  eden space 28672K,   0% used [0x24000000, 0x24000000, 0x25c00000)
  from space 3520K,  11% used [0x25f70000, 0x25fd2920, 0x262e0000)
  to   space 3520K,   0% used [0x25c00000, 0x25c00000, 0x25f70000)
 tenured generation   total 71344K, used 42804K [0x29550000, 0x2dafc000, 0x34000000)
   the space 71344K,  59% used [0x29550000, 0x2bf1d378, 0x2bf1d400, 0x2dafc000)
 compacting perm gen  total 12288K, used 10143K [0x34000000, 0x34c00000, 0x38000000)
   the space 12288K,  82% used [0x34000000, 0x349e7d10, 0x349e7e00, 0x34c00000)
    ro space 10240K,  42% used [0x38000000, 0x38434778, 0x38434800, 0x38a00000)
    rw space 12288K,  52% used [0x38a00000, 0x39049a68, 0x39049c00, 0x39600000)
}
Event: 36.437 GC heap before
{Heap before GC invocations=26 (full 6):
 def new generation   total 32192K, used 28826K [0x24000000, 0x262e0000, 0x29550000)
  eden space 28672K,  99% used [0x24000000, 0x25bc4018, 0x25c00000)
  from space 3520K,  11% used [0x25f70000, 0x25fd2920, 0x262e0000)
  to   space 3520K,   0% used [0x25c00000, 0x25c00000, 0x25f70000)
 tenured generation   total 71344K, used 42804K [0x29550000, 0x2dafc000, 0x34000000)
   the space 71344K,  59% used [0x29550000, 0x2bf1d378, 0x2bf1d400, 0x2dafc000)
 compacting perm gen  total 12288K, used 10143K [0x34000000, 0x34c00000, 0x38000000)
   the space 12288K,  82% used [0x34000000, 0x349e7d10, 0x349e7e00, 0x34c00000)
    ro space 10240K,  42% used [0x38000000, 0x38434778, 0x38434800, 0x38a00000)
    rw space 12288K,  52% used [0x38a00000, 0x39049a68, 0x39049c00, 0x39600000)
Event: 36.439 GC heap after
Heap after GC invocations=27 (full 6):
 def new generation   total 32192K, used 3485K [0x24000000, 0x262e0000, 0x29550000)
  eden space 28672K,   0% used [0x24000000, 0x24000000, 0x25c00000)
  from space 3520K,  99% used [0x25c00000, 0x25f67630, 0x25f70000)
  to   space 3520K,   0% used [0x25f70000, 0x25f70000, 0x262e0000)
 tenured generation   total 71344K, used 45365K [0x29550000, 0x2dafc000, 0x34000000)
   the space 71344K,  63% used [0x29550000, 0x2c19d418, 0x2c19d600, 0x2dafc000)
 compacting perm gen  total 12288K, used 10143K [0x34000000, 0x34c00000, 0x38000000)
   the space 12288K,  82% used [0x34000000, 0x349e7d10, 0x349e7e00, 0x34c00000)
    ro space 10240K,  42% used [0x38000000, 0x38434778, 0x38434800, 0x38a00000)
    rw space 12288K,  52% used [0x38a00000, 0x39049a68, 0x39049c00, 0x39600000)
}
Event: 37.246 GC heap before
{Heap before GC invocations=27 (full 6):
 def new generation   total 32192K, used 32157K [0x24000000, 0x262e0000, 0x29550000)
  eden space 28672K, 100% used [0x24000000, 0x25c00000, 0x25c00000)
  from space 3520K,  99% used [0x25c00000, 0x25f67630, 0x25f70000)
  to   space 3520K,   0% used [0x25f70000, 0x25f70000, 0x262e0000)
 tenured generation   total 71344K, used 45365K [0x29550000, 0x2dafc000, 0x34000000)
   the space 71344K,  63% used [0x29550000, 0x2c19d418, 0x2c19d600, 0x2dafc000)
 compacting perm gen  total 12288K, used 10143K [0x34000000, 0x34c00000, 0x38000000)
   the space 12288K,  82% used [0x34000000, 0x349e7d10, 0x349e7e00, 0x34c00000)
    ro space 10240K,  42% used [0x38000000, 0x38434778, 0x38434800, 0x38a00000)
    rw space 12288K,  52% used [0x38a00000, 0x39049a68, 0x39049c00, 0x39600000)
Event: 37.252 GC heap after
Heap after GC invocations=28 (full 6):
 def new generation   total 32192K, used 3421K [0x24000000, 0x262e0000, 0x29550000)
  eden space 28672K,   0% used [0x24000000, 0x24000000, 0x25c00000)
  from space 3520K,  97% used [0x25f70000, 0x262c7600, 0x262e0000)
  to   space 3520K,   0% used [0x25c00000, 0x25c00000, 0x25f70000)
 tenured generation   total 71344K, used 50071K [0x29550000, 0x2dafc000, 0x34000000)
   the space 71344K,  70% used [0x29550000, 0x2c635e48, 0x2c636000, 0x2dafc000)
 compacting perm gen  total 12288K, used 10143K [0x34000000, 0x34c00000, 0x38000000)
   the space 12288K,  82% used [0x34000000, 0x349e7d10, 0x349e7e00, 0x34c00000)
    ro space 10240K,  42% used [0x38000000, 0x38434778, 0x38434800, 0x38a00000)
    rw space 12288K,  52% used [0x38a00000, 0x39049a68, 0x39049c00, 0x39600000)
}
Event: 39.444 GC heap before
{Heap before GC invocations=28 (full 6):
 def new generation   total 32192K, used 31987K [0x24000000, 0x262e0000, 0x29550000)
  eden space 28672K,  99% used [0x24000000, 0x25be58c8, 0x25c00000)
  from space 3520K,  97% used [0x25f70000, 0x262c7600, 0x262e0000)
  to   space 3520K,   0% used [0x25c00000, 0x25c00000, 0x25f70000)
 tenured generation   total 71344K, used 50327K [0x29550000, 0x2dafc000, 0x34000000)
   the space 71344K,  70% used [0x29550000, 0x2c675e58, 0x2c676000, 0x2dafc000)
 compacting perm gen  total 12288K, used 10143K [0x34000000, 0x34c00000, 0x38000000)
   the space 12288K,  82% used [0x34000000, 0x349e7d60, 0x349e7e00, 0x34c00000)
    ro space 10240K,  42% used [0x38000000, 0x38434778, 0x38434800, 0x38a00000)
    rw space 12288K,  52% used [0x38a00000, 0x39049a68, 0x39049c00, 0x39600000)
Event: 39.450 GC heap after
Heap after GC invocations=29 (full 6):
 def new generation   total 32192K, used 3520K [0x24000000, 0x262e0000, 0x29550000)
  eden space 28672K,   0% used [0x24000000, 0x24000000, 0x25c00000)
  from space 3520K, 100% used [0x25c00000, 0x25f70000, 0x25f70000)
  to   space 3520K,   0% used [0x25f70000, 0x25f70000, 0x262e0000)
 tenured generation   total 71344K, used 64487K [0x29550000, 0x2dafc000, 0x34000000)
   the space 71344K,  90% used [0x29550000, 0x2d449d80, 0x2d449e00, 0x2dafc000)
 compacting perm gen  total 12288K, used 10143K [0x34000000, 0x34c00000, 0x38000000)
   the space 12288K,  82% used [0x34000000, 0x349e7d60, 0x349e7e00, 0x34c00000)
    ro space 10240K,  42% used [0x38000000, 0x38434778, 0x38434800, 0x38a00000)
    rw space 12288K,  52% used [0x38a00000, 0x39049a68, 0x39049c00, 0x39600000)
}
Event: 42.104 GC heap before
{Heap before GC invocations=29 (full 6):
 def new generation   total 32192K, used 32047K [0x24000000, 0x262e0000, 0x29550000)
  eden space 28672K,  99% used [0x24000000, 0x25bdbed0, 0x25c00000)
  from space 3520K, 100% used [0x25c00000, 0x25f70000, 0x25f70000)
  to   space 3520K,   0% used [0x25f70000, 0x25f70000, 0x262e0000)
 tenured generation   total 71344K, used 64487K [0x29550000, 0x2dafc000, 0x34000000)
   the space 71344K,  90% used [0x29550000, 0x2d449d80, 0x2d449e00, 0x2dafc000)
 compacting perm gen  total 12288K, used 10143K [0x34000000, 0x34c00000, 0x38000000)
   the space 12288K,  82% used [0x34000000, 0x349e7da0, 0x349e7e00, 0x34c00000)
    ro space 10240K,  42% used [0x38000000, 0x38434778, 0x38434800, 0x38a00000)
    rw space 12288K,  52% used [0x38a00000, 0x39049a68, 0x39049c00, 0x39600000)
Event: 42.156 GC heap after
Heap after GC invocations=30 (full 7):
 def new generation   total 40064K, used 0K [0x24000000, 0x26b70000, 0x29550000)
  eden space 35648K,   0% used [0x24000000, 0x24000000, 0x262d0000)
  from space 4416K,   0% used [0x262d0000, 0x262d0000, 0x26720000)
  to   space 4416K,   0% used [0x26720000, 0x26720000, 0x26b70000)
 tenured generation   total 88824K, used 53293K [0x29550000, 0x2ec0e000, 0x34000000)
   the space 88824K,  59% used [0x29550000, 0x2c95b730, 0x2c95b800, 0x2ec0e000)
 compacting perm gen  total 12288K, used 10143K [0x34000000, 0x34c00000, 0x38000000)
   the space 12288K,  82% used [0x34000000, 0x349e7da0, 0x349e7e00, 0x34c00000)
    ro space 10240K,  42% used [0x38000000, 0x38434778, 0x38434800, 0x38a00000)
    rw space 12288K,  52% used [0x38a00000, 0x39049a68, 0x39049c00, 0x39600000)
}

