# JRE version: Java(TM) SE Runtime Environment (7.0_60-b19) (build 1.7.0_60-b19)
# Java VM: Java HotSpot(TM) Client VM (24.60-b09 mixed mode, sharing windows-x86 )
Heap
 def new generation   total 32896K, used 23754K [0x24000000, 0x263b0000, 0x29550000)
  eden space 29248K,  68% used [0x24000000, 0x253a2948, 0x25c90000)
  from space 3648K, 100% used [0x25c90000, 0x26020000, 0x26020000)
  to   space 3648K,   0% used [0x26020000, 0x26020000, 0x263b0000)
 tenured generation   total 72936K, used 68583K [0x29550000, 0x2dc8a000, 0x34000000)
   the space 72936K,  94% used [0x29550000, 0x2d849c78, 0x2d849e00, 0x2dc8a000)
 compacting perm gen  total 12288K, used 8813K [0x34000000, 0x34c00000, 0x38000000)
   the space 12288K,  71% used [0x34000000, 0x3489b5d0, 0x3489b600, 0x34c00000)
    ro space 10240K,  42% used [0x38000000, 0x38434778, 0x38434800, 0x38a00000)
    rw space 12288K,  52% used [0x38a00000, 0x39049a68, 0x39049c00, 0x39600000)
GC Heap History (10 events):
Event: 8.801 GC heap before
{Heap before GC invocations=17 (full 3):
 def new generation   total 13248K, used 10189K [0x24000000, 0x24e50000, 0x29550000)
  eden space 11840K,  75% used [0x24000000, 0x248b06b8, 0x24b90000)
  from space 1408K,  91% used [0x24cf0000, 0x24e32ed8, 0x24e50000)
  to   space 1408K,   0% used [0x24b90000, 0x24b90000, 0x24cf0000)
 tenured generation   total 34952K, used 34907K [0x29550000, 0x2b772000, 0x34000000)
   the space 34952K,  99% used [0x29550000, 0x2b766cc8, 0x2b766e00, 0x2b772000)
 compacting perm gen  total 12288K, used 8789K [0x34000000, 0x34c00000, 0x38000000)
   the space 12288K,  71% used [0x34000000, 0x34895478, 0x34895600, 0x34c00000)
    ro space 10240K,  42% used [0x38000000, 0x38434778, 0x38434800, 0x38a00000)
    rw space 12288K,  52% used [0x38a00000, 0x39049a68, 0x39049c00, 0x39600000)
Event: 8.851 GC heap after
Heap after GC invocations=18 (full 4):
 def new generation   total 22464K, used 0K [0x24000000, 0x25860000, 0x29550000)
  eden space 19968K,   0% used [0x24000000, 0x24000000, 0x25380000)
  from space 2496K,   0% used [0x25380000, 0x25380000, 0x255f0000)
  to   space 2496K,   0% used [0x255f0000, 0x255f0000, 0x25860000)
 tenured generation   total 49784K, used 29868K [0x29550000, 0x2c5ee000, 0x34000000)
   the space 49784K,  59% used [0x29550000, 0x2b27b010, 0x2b27b200, 0x2c5ee000)
 compacting perm gen  total 12288K, used 8782K [0x34000000, 0x34c00000, 0x38000000)
   the space 12288K,  71% used [0x34000000, 0x34893a30, 0x34893c00, 0x34c00000)
    ro space 10240K,  42% used [0x38000000, 0x38434778, 0x38434800, 0x38a00000)
    rw space 12288K,  52% used [0x38a00000, 0x39049a68, 0x39049c00, 0x39600000)
}
Event: 8.892 GC heap before
{Heap before GC invocations=18 (full 4):
 def new generation   total 22464K, used 19855K [0x24000000, 0x25860000, 0x29550000)
  eden space 19968K,  99% used [0x24000000, 0x25363e28, 0x25380000)
  from space 2496K,   0% used [0x25380000, 0x25380000, 0x255f0000)
  to   space 2496K,   0% used [0x255f0000, 0x255f0000, 0x25860000)
 tenured generation   total 49784K, used 29868K [0x29550000, 0x2c5ee000, 0x34000000)
   the space 49784K,  59% used [0x29550000, 0x2b27b010, 0x2b27b200, 0x2c5ee000)
 compacting perm gen  total 12288K, used 8783K [0x34000000, 0x34c00000, 0x38000000)
   the space 12288K,  71% used [0x34000000, 0x34893dc0, 0x34893e00, 0x34c00000)
    ro space 10240K,  42% used [0x38000000, 0x38434778, 0x38434800, 0x38a00000)
    rw space 12288K,  52% used [0x38a00000, 0x39049a68, 0x39049c00, 0x39600000)
Event: 8.896 GC heap after
Heap after GC invocations=19 (full 4):
 def new generation   total 22464K, used 2495K [0x24000000, 0x25860000, 0x29550000)
  eden space 19968K,   0% used [0x24000000, 0x24000000, 0x25380000)
  from space 2496K,  99% used [0x255f0000, 0x2585fe80, 0x25860000)
  to   space 2496K,   0% used [0x25380000, 0x25380000, 0x255f0000)
 tenured generation   total 49784K, used 42467K [0x29550000, 0x2c5ee000, 0x34000000)
   the space 49784K,  85% used [0x29550000, 0x2bec8c30, 0x2bec8e00, 0x2c5ee000)
 compacting perm gen  total 12288K, used 8783K [0x34000000, 0x34c00000, 0x38000000)
   the space 12288K,  71% used [0x34000000, 0x34893dc0, 0x34893e00, 0x34c00000)
    ro space 10240K,  42% used [0x38000000, 0x38434778, 0x38434800, 0x38a00000)
    rw space 12288K,  52% used [0x38a00000, 0x39049a68, 0x39049c00, 0x39600000)
}
Event: 9.370 GC heap before
{Heap before GC invocations=19 (full 4):
 def new generation   total 22464K, used 21264K [0x24000000, 0x25860000, 0x29550000)
  eden space 19968K,  93% used [0x24000000, 0x25254460, 0x25380000)
  from space 2496K,  99% used [0x255f0000, 0x2585fe80, 0x25860000)
  to   space 2496K,   0% used [0x25380000, 0x25380000, 0x255f0000)
 tenured generation   total 49784K, used 42467K [0x29550000, 0x2c5ee000, 0x34000000)
   the space 49784K,  85% used [0x29550000, 0x2bec8c30, 0x2bec8e00, 0x2c5ee000)
 compacting perm gen  total 12288K, used 8803K [0x34000000, 0x34c00000, 0x38000000)
   the space 12288K,  71% used [0x34000000, 0x34898dd0, 0x34898e00, 0x34c00000)
    ro space 10240K,  42% used [0x38000000, 0x38434778, 0x38434800, 0x38a00000)
    rw space 12288K,  52% used [0x38a00000, 0x39049a68, 0x39049c00, 0x39600000)
Event: 9.428 GC heap after
Heap after GC invocations=20 (full 5):
 def new generation   total 32896K, used 0K [0x24000000, 0x263b0000, 0x29550000)
  eden space 29248K,   0% used [0x24000000, 0x24000000, 0x25c90000)
  from space 3648K,   0% used [0x25c90000, 0x25c90000, 0x26020000)
  to   space 3648K,   0% used [0x26020000, 0x26020000, 0x263b0000)
 tenured generation   total 72936K, used 43761K [0x29550000, 0x2dc8a000, 0x34000000)
   the space 72936K,  59% used [0x29550000, 0x2c00c4a0, 0x2c00c600, 0x2dc8a000)
 compacting perm gen  total 12288K, used 8803K [0x34000000, 0x34c00000, 0x38000000)
   the space 12288K,  71% used [0x34000000, 0x34898dd0, 0x34898e00, 0x34c00000)
    ro space 10240K,  42% used [0x38000000, 0x38434778, 0x38434800, 0x38a00000)
    rw space 12288K,  52% used [0x38a00000, 0x39049a68, 0x39049c00, 0x39600000)
}
Event: 9.978 GC heap before
{Heap before GC invocations=20 (full 5):
 def new generation   total 32896K, used 26391K [0x24000000, 0x263b0000, 0x29550000)
  eden space 29248K,  90% used [0x24000000, 0x259c5f48, 0x25c90000)
  from space 3648K,   0% used [0x25c90000, 0x25c90000, 0x26020000)
  to   space 3648K,   0% used [0x26020000, 0x26020000, 0x263b0000)
 tenured generation   total 72936K, used 43761K [0x29550000, 0x2dc8a000, 0x34000000)
   the space 72936K,  59% used [0x29550000, 0x2c00c4a0, 0x2c00c600, 0x2dc8a000)
 compacting perm gen  total 12288K, used 8803K [0x34000000, 0x34c00000, 0x38000000)
   the space 12288K,  71% used [0x34000000, 0x34898ec0, 0x34899000, 0x34c00000)
    ro space 10240K,  42% used [0x38000000, 0x38434778, 0x38434800, 0x38a00000)
    rw space 12288K,  52% used [0x38a00000, 0x39049a68, 0x39049c00, 0x39600000)
Event: 9.982 GC heap after
Heap after GC invocations=21 (full 5):
 def new generation   total 32896K, used 3121K [0x24000000, 0x263b0000, 0x29550000)
  eden space 29248K,   0% used [0x24000000, 0x24000000, 0x25c90000)
  from space 3648K,  85% used [0x26020000, 0x2632c5a8, 0x263b0000)
  to   space 3648K,   0% used [0x25c90000, 0x25c90000, 0x26020000)
 tenured generation   total 72936K, used 52945K [0x29550000, 0x2dc8a000, 0x34000000)
   the space 72936K,  72% used [0x29550000, 0x2c904700, 0x2c904800, 0x2dc8a000)
 compacting perm gen  total 12288K, used 8803K [0x34000000, 0x34c00000, 0x38000000)
   the space 12288K,  71% used [0x34000000, 0x34898ec0, 0x34899000, 0x34c00000)
    ro space 10240K,  42% used [0x38000000, 0x38434778, 0x38434800, 0x38a00000)
    rw space 12288K,  52% used [0x38a00000, 0x39049a68, 0x39049c00, 0x39600000)
}
Event: 13.490 GC heap before
{Heap before GC invocations=21 (full 5):
 def new generation   total 32896K, used 32498K [0x24000000, 0x263b0000, 0x29550000)
  eden space 29248K,  99% used [0x24000000, 0x25c70520, 0x25c90000)
  from space 3648K,  92% used [0x26020000, 0x2636c5b8, 0x263b0000)
  to   space 3648K,   0% used [0x25c90000, 0x25c90000, 0x26020000)
 tenured generation   total 72936K, used 52945K [0x29550000, 0x2dc8a000, 0x34000000)
   the space 72936K,  72% used [0x29550000, 0x2c904700, 0x2c904800, 0x2dc8a000)
 compacting perm gen  total 12288K, used 8809K [0x34000000, 0x34c00000, 0x38000000)
   the space 12288K,  71% used [0x34000000, 0x3489a720, 0x3489a800, 0x34c00000)
    ro space 10240K,  42% used [0x38000000, 0x38434778, 0x38434800, 0x38a00000)
    rw space 12288K,  52% used [0x38a00000, 0x39049a68, 0x39049c00, 0x39600000)
Event: 13.500 GC heap after
Heap after GC invocations=22 (full 5):
 def new generation   total 32896K, used 3648K [0x24000000, 0x263b0000, 0x29550000)
  eden space 29248K,   0% used [0x24000000, 0x24000000, 0x25c90000)
  from space 3648K, 100% used [0x25c90000, 0x26020000, 0x26020000)
  to   space 3648K,   0% used [0x26020000, 0x26020000, 0x263b0000)
 tenured generation   total 72936K, used 68583K [0x29550000, 0x2dc8a000, 0x34000000)
   the space 72936K,  94% used [0x29550000, 0x2d849c78, 0x2d849e00, 0x2dc8a000)
 compacting perm gen  total 12288K, used 8809K [0x34000000, 0x34c00000, 0x38000000)
   the space 12288K,  71% used [0x34000000, 0x3489a720, 0x3489a800, 0x34c00000)
    ro space 10240K,  42% used [0x38000000, 0x38434778, 0x38434800, 0x38a00000)
    rw space 12288K,  52% used [0x38a00000, 0x39049a68, 0x39049c00, 0x39600000)
}

