# JRE version: Java(TM) SE Runtime Environment (7.0_60-b19) (build 1.7.0_60-b19)
# Java VM: Java HotSpot(TM) Client VM (24.60-b09 mixed mode, sharing windows-x86 )
Heap
 def new generation   total 30720K, used 2018K [0x24000000, 0x26150000, 0x29550000)
  eden space 27328K,   7% used [0x24000000, 0x241f8830, 0x25ab0000)
  from space 3392K,   0% used [0x25ab0000, 0x25ab0000, 0x25e00000)
  to   space 3392K,   0% used [0x25e00000, 0x25e00000, 0x26150000)
 tenured generation   total 68164K, used 40898K [0x29550000, 0x2d7e1000, 0x34000000)
   the space 68164K,  59% used [0x29550000, 0x2bd40978, 0x2bd40a00, 0x2d7e1000)
 compacting perm gen  total 12288K, used 8836K [0x34000000, 0x34c00000, 0x38000000)
   the space 12288K,  71% used [0x34000000, 0x348a1390, 0x348a1400, 0x34c00000)
    ro space 10240K,  42% used [0x38000000, 0x38434778, 0x38434800, 0x38a00000)
    rw space 12288K,  52% used [0x38a00000, 0x39049a68, 0x39049c00, 0x39600000)
GC Heap History (10 events):
Event: 7.188 GC heap before
{Heap before GC invocations=16 (full 4):
 def new generation   total 18944K, used 16896K [0x24000000, 0x25480000, 0x29550000)
  eden space 16896K, 100% used [0x24000000, 0x25080000, 0x25080000)
  from space 2048K,   0% used [0x25080000, 0x25080000, 0x25280000)
  to   space 2048K,   0% used [0x25280000, 0x25280000, 0x25480000)
 tenured generation   total 41836K, used 25101K [0x29550000, 0x2be2b000, 0x34000000)
   the space 41836K,  59% used [0x29550000, 0x2add3570, 0x2add3600, 0x2be2b000)
 compacting perm gen  total 12288K, used 8642K [0x34000000, 0x34c00000, 0x38000000)
   the space 12288K,  70% used [0x34000000, 0x34870b38, 0x34870c00, 0x34c00000)
    ro space 10240K,  42% used [0x38000000, 0x38434778, 0x38434800, 0x38a00000)
    rw space 12288K,  52% used [0x38a00000, 0x39049a68, 0x39049c00, 0x39600000)
Event: 7.195 GC heap after
Heap after GC invocations=17 (full 4):
 def new generation   total 18944K, used 2048K [0x24000000, 0x25480000, 0x29550000)
  eden space 16896K,   0% used [0x24000000, 0x24000000, 0x25080000)
  from space 2048K, 100% used [0x25280000, 0x25480000, 0x25480000)
  to   space 2048K,   0% used [0x25080000, 0x25080000, 0x25280000)
 tenured generation   total 41836K, used 29893K [0x29550000, 0x2be2b000, 0x34000000)
   the space 41836K,  71% used [0x29550000, 0x2b281598, 0x2b281600, 0x2be2b000)
 compacting perm gen  total 12288K, used 8642K [0x34000000, 0x34c00000, 0x38000000)
   the space 12288K,  70% used [0x34000000, 0x34870b38, 0x34870c00, 0x34c00000)
    ro space 10240K,  42% used [0x38000000, 0x38434778, 0x38434800, 0x38a00000)
    rw space 12288K,  52% used [0x38a00000, 0x39049a68, 0x39049c00, 0x39600000)
}
Event: 10.535 GC heap before
{Heap before GC invocations=17 (full 4):
 def new generation   total 18944K, used 18944K [0x24000000, 0x25480000, 0x29550000)
  eden space 16896K, 100% used [0x24000000, 0x25080000, 0x25080000)
  from space 2048K, 100% used [0x25280000, 0x25480000, 0x25480000)
  to   space 2048K,   0% used [0x25080000, 0x25080000, 0x25280000)
 tenured generation   total 41836K, used 31190K [0x29550000, 0x2be2b000, 0x34000000)
   the space 41836K,  74% used [0x29550000, 0x2b3c5bb8, 0x2b3c5c00, 0x2be2b000)
 compacting perm gen  total 12288K, used 8815K [0x34000000, 0x34c00000, 0x38000000)
   the space 12288K,  71% used [0x34000000, 0x3489bd30, 0x3489be00, 0x34c00000)
    ro space 10240K,  42% used [0x38000000, 0x38434778, 0x38434800, 0x38a00000)
    rw space 12288K,  52% used [0x38a00000, 0x39049a68, 0x39049c00, 0x39600000)
Event: 10.543 GC heap after
Heap after GC invocations=18 (full 4):
 def new generation   total 18944K, used 2048K [0x24000000, 0x25480000, 0x29550000)
  eden space 16896K,   0% used [0x24000000, 0x24000000, 0x25080000)
  from space 2048K, 100% used [0x25080000, 0x25280000, 0x25280000)
  to   space 2048K,   0% used [0x25280000, 0x25280000, 0x25480000)
 tenured generation   total 41836K, used 34573K [0x29550000, 0x2be2b000, 0x34000000)
   the space 41836K,  82% used [0x29550000, 0x2b7137d8, 0x2b713800, 0x2be2b000)
 compacting perm gen  total 12288K, used 8815K [0x34000000, 0x34c00000, 0x38000000)
   the space 12288K,  71% used [0x34000000, 0x3489bd30, 0x3489be00, 0x34c00000)
    ro space 10240K,  42% used [0x38000000, 0x38434778, 0x38434800, 0x38a00000)
    rw space 12288K,  52% used [0x38a00000, 0x39049a68, 0x39049c00, 0x39600000)
}
Event: 10.586 GC heap before
{Heap before GC invocations=18 (full 4):
 def new generation   total 18944K, used 18888K [0x24000000, 0x25480000, 0x29550000)
  eden space 16896K,  99% used [0x24000000, 0x25072280, 0x25080000)
  from space 2048K, 100% used [0x25080000, 0x25280000, 0x25280000)
  to   space 2048K,   0% used [0x25280000, 0x25280000, 0x25480000)
 tenured generation   total 41836K, used 34829K [0x29550000, 0x2be2b000, 0x34000000)
   the space 41836K,  83% used [0x29550000, 0x2b7537e8, 0x2b753800, 0x2be2b000)
 compacting perm gen  total 12288K, used 8815K [0x34000000, 0x34c00000, 0x38000000)
   the space 12288K,  71% used [0x34000000, 0x3489bd30, 0x3489be00, 0x34c00000)
    ro space 10240K,  42% used [0x38000000, 0x38434778, 0x38434800, 0x38a00000)
    rw space 12288K,  52% used [0x38a00000, 0x39049a68, 0x39049c00, 0x39600000)
Event: 10.592 GC heap after
Heap after GC invocations=19 (full 4):
 def new generation   total 18944K, used 1904K [0x24000000, 0x25480000, 0x29550000)
  eden space 16896K,   0% used [0x24000000, 0x24000000, 0x25080000)
  from space 2048K,  92% used [0x25280000, 0x2545c288, 0x25480000)
  to   space 2048K,   0% used [0x25080000, 0x25080000, 0x25280000)
 tenured generation   total 45476K, used 45233K [0x29550000, 0x2c1b9000, 0x34000000)
   the space 45476K,  99% used [0x29550000, 0x2c17c5c0, 0x2c17c600, 0x2c1b9000)
 compacting perm gen  total 12288K, used 8815K [0x34000000, 0x34c00000, 0x38000000)
   the space 12288K,  71% used [0x34000000, 0x3489bd30, 0x3489be00, 0x34c00000)
    ro space 10240K,  42% used [0x38000000, 0x38434778, 0x38434800, 0x38a00000)
    rw space 12288K,  52% used [0x38a00000, 0x39049a68, 0x39049c00, 0x39600000)
}
Event: 20.994 GC heap before
{Heap before GC invocations=19 (full 4):
 def new generation   total 18944K, used 18827K [0x24000000, 0x25480000, 0x29550000)
  eden space 16896K, 100% used [0x24000000, 0x25080000, 0x25080000)
  from space 2048K,  94% used [0x25280000, 0x25462eb8, 0x25480000)
  to   space 2048K,   0% used [0x25080000, 0x25080000, 0x25280000)
 tenured generation   total 45736K, used 45489K [0x29550000, 0x2c1fa000, 0x34000000)
   the space 45736K,  99% used [0x29550000, 0x2c1bc5d0, 0x2c1bc600, 0x2c1fa000)
 compacting perm gen  total 12288K, used 8817K [0x34000000, 0x34c00000, 0x38000000)
   the space 12288K,  71% used [0x34000000, 0x3489c628, 0x3489c800, 0x34c00000)
    ro space 10240K,  42% used [0x38000000, 0x38434778, 0x38434800, 0x38a00000)
    rw space 12288K,  52% used [0x38a00000, 0x39049a68, 0x39049c00, 0x39600000)
Event: 20.999 GC heap after
Heap after GC invocations=20 (full 4):
 def new generation   total 18944K, used 2048K [0x24000000, 0x25480000, 0x29550000)
  eden space 16896K,   0% used [0x24000000, 0x24000000, 0x25080000)
  from space 2048K, 100% used [0x25080000, 0x25280000, 0x25280000)
  to   space 2048K,   0% used [0x25280000, 0x25280000, 0x25480000)
 tenured generation   total 50672K, used 50600K [0x29550000, 0x2c6cc000, 0x34000000)
   the space 50672K,  99% used [0x29550000, 0x2c6ba3f8, 0x2c6ba400, 0x2c6cc000)
 compacting perm gen  total 12288K, used 8817K [0x34000000, 0x34c00000, 0x38000000)
   the space 12288K,  71% used [0x34000000, 0x3489c628, 0x3489c800, 0x34c00000)
    ro space 10240K,  42% used [0x38000000, 0x38434778, 0x38434800, 0x38a00000)
    rw space 12288K,  52% used [0x38a00000, 0x39049a68, 0x39049c00, 0x39600000)
}
Event: 25.064 GC heap before
{Heap before GC invocations=20 (full 4):
 def new generation   total 18944K, used 18944K [0x24000000, 0x25480000, 0x29550000)
  eden space 16896K, 100% used [0x24000000, 0x25080000, 0x25080000)
  from space 2048K, 100% used [0x25080000, 0x25280000, 0x25280000)
  to   space 2048K,   0% used [0x25280000, 0x25280000, 0x25480000)
 tenured generation   total 50672K, used 50600K [0x29550000, 0x2c6cc000, 0x34000000)
   the space 50672K,  99% used [0x29550000, 0x2c6ba3f8, 0x2c6ba400, 0x2c6cc000)
 compacting perm gen  total 12288K, used 8817K [0x34000000, 0x34c00000, 0x38000000)
   the space 12288K,  71% used [0x34000000, 0x3489c678, 0x3489c800, 0x34c00000)
    ro space 10240K,  42% used [0x38000000, 0x38434778, 0x38434800, 0x38a00000)
    rw space 12288K,  52% used [0x38a00000, 0x39049a68, 0x39049c00, 0x39600000)
Event: 25.134 GC heap after
Heap after GC invocations=21 (full 5):
 def new generation   total 30720K, used 0K [0x24000000, 0x26150000, 0x29550000)
  eden space 27328K,   0% used [0x24000000, 0x24000000, 0x25ab0000)
  from space 3392K,   0% used [0x25ab0000, 0x25ab0000, 0x25e00000)
  to   space 3392K,   0% used [0x25e00000, 0x25e00000, 0x26150000)
 tenured generation   total 68164K, used 40898K [0x29550000, 0x2d7e1000, 0x34000000)
   the space 68164K,  59% used [0x29550000, 0x2bd40978, 0x2bd40a00, 0x2d7e1000)
 compacting perm gen  total 12288K, used 8817K [0x34000000, 0x34c00000, 0x38000000)
   the space 12288K,  71% used [0x34000000, 0x3489c678, 0x3489c800, 0x34c00000)
    ro space 10240K,  42% used [0x38000000, 0x38434778, 0x38434800, 0x38a00000)
    rw space 12288K,  52% used [0x38a00000, 0x39049a68, 0x39049c00, 0x39600000)
}

