# JRE version: Java(TM) SE Runtime Environment (7.0_60-b19) (build 1.7.0_60-b19)
# Java VM: Java HotSpot(TM) Client VM (24.60-b09 mixed mode, sharing windows-x86 )
Heap
 def new generation   total 28800K, used 19562K [0x24000000, 0x25f40000, 0x29550000)
  eden space 25600K,  72% used [0x24000000, 0x25213400, 0x25900000)
  from space 3200K,  32% used [0x25900000, 0x25a076e8, 0x25c20000)
  to   space 3200K,   0% used [0x25c20000, 0x25c20000, 0x25f40000)
 tenured generation   total 63864K, used 52578K [0x29550000, 0x2d3ae000, 0x34000000)
   the space 63864K,  82% used [0x29550000, 0x2c8a8bf8, 0x2c8a8c00, 0x2d3ae000)
 compacting perm gen  total 12288K, used 8830K [0x34000000, 0x34c00000, 0x38000000)
   the space 12288K,  71% used [0x34000000, 0x3489fad0, 0x3489fc00, 0x34c00000)
    ro space 10240K,  42% used [0x38000000, 0x38434778, 0x38434800, 0x38a00000)
    rw space 12288K,  52% used [0x38a00000, 0x39049a68, 0x39049c00, 0x39600000)
GC Heap History (10 events):
Event: 36.909 GC heap before
{Heap before GC invocations=23 (full 5):
 def new generation   total 28800K, used 28757K [0x24000000, 0x25f40000, 0x29550000)
  eden space 25600K, 100% used [0x24000000, 0x25900000, 0x25900000)
  from space 3200K,  98% used [0x25c20000, 0x25f35568, 0x25f40000)
  to   space 3200K,   0% used [0x25900000, 0x25900000, 0x25c20000)
 tenured generation   total 63864K, used 51941K [0x29550000, 0x2d3ae000, 0x34000000)
   the space 63864K,  81% used [0x29550000, 0x2c8096c0, 0x2c809800, 0x2d3ae000)
 compacting perm gen  total 12288K, used 8827K [0x34000000, 0x34c00000, 0x38000000)
   the space 12288K,  71% used [0x34000000, 0x3489ec10, 0x3489ee00, 0x34c00000)
    ro space 10240K,  42% used [0x38000000, 0x38434778, 0x38434800, 0x38a00000)
    rw space 12288K,  52% used [0x38a00000, 0x39049a68, 0x39049c00, 0x39600000)
Event: 36.910 GC heap after
Heap after GC invocations=24 (full 5):
 def new generation   total 28800K, used 26K [0x24000000, 0x25f40000, 0x29550000)
  eden space 25600K,   0% used [0x24000000, 0x24000000, 0x25900000)
  from space 3200K,   0% used [0x25900000, 0x25906900, 0x25c20000)
  to   space 3200K,   0% used [0x25c20000, 0x25c20000, 0x25f40000)
 tenured generation   total 63864K, used 52252K [0x29550000, 0x2d3ae000, 0x34000000)
   the space 63864K,  81% used [0x29550000, 0x2c8573f8, 0x2c857400, 0x2d3ae000)
 compacting perm gen  total 12288K, used 8827K [0x34000000, 0x34c00000, 0x38000000)
   the space 12288K,  71% used [0x34000000, 0x3489ec10, 0x3489ee00, 0x34c00000)
    ro space 10240K,  42% used [0x38000000, 0x38434778, 0x38434800, 0x38a00000)
    rw space 12288K,  52% used [0x38a00000, 0x39049a68, 0x39049c00, 0x39600000)
}
Event: 37.525 GC heap before
{Heap before GC invocations=24 (full 5):
 def new generation   total 28800K, used 25472K [0x24000000, 0x25f40000, 0x29550000)
  eden space 25600K,  99% used [0x24000000, 0x258d9ac8, 0x25900000)
  from space 3200K,   0% used [0x25900000, 0x25906900, 0x25c20000)
  to   space 3200K,   0% used [0x25c20000, 0x25c20000, 0x25f40000)
 tenured generation   total 63864K, used 52252K [0x29550000, 0x2d3ae000, 0x34000000)
   the space 63864K,  81% used [0x29550000, 0x2c8573f8, 0x2c857400, 0x2d3ae000)
 compacting perm gen  total 12288K, used 8827K [0x34000000, 0x34c00000, 0x38000000)
   the space 12288K,  71% used [0x34000000, 0x3489ec20, 0x3489ee00, 0x34c00000)
    ro space 10240K,  42% used [0x38000000, 0x38434778, 0x38434800, 0x38a00000)
    rw space 12288K,  52% used [0x38a00000, 0x39049a68, 0x39049c00, 0x39600000)
Event: 37.526 GC heap after
Heap after GC invocations=25 (full 5):
 def new generation   total 28800K, used 1823K [0x24000000, 0x25f40000, 0x29550000)
  eden space 25600K,   0% used [0x24000000, 0x24000000, 0x25900000)
  from space 3200K,  56% used [0x25c20000, 0x25de7de8, 0x25f40000)
  to   space 3200K,   0% used [0x25900000, 0x25900000, 0x25c20000)
 tenured generation   total 63864K, used 52252K [0x29550000, 0x2d3ae000, 0x34000000)
   the space 63864K,  81% used [0x29550000, 0x2c8573f8, 0x2c857400, 0x2d3ae000)
 compacting perm gen  total 12288K, used 8827K [0x34000000, 0x34c00000, 0x38000000)
   the space 12288K,  71% used [0x34000000, 0x3489ec20, 0x3489ee00, 0x34c00000)
    ro space 10240K,  42% used [0x38000000, 0x38434778, 0x38434800, 0x38a00000)
    rw space 12288K,  52% used [0x38a00000, 0x39049a68, 0x39049c00, 0x39600000)
}
Event: 38.472 GC heap before
{Heap before GC invocations=25 (full 5):
 def new generation   total 28800K, used 27301K [0x24000000, 0x25f40000, 0x29550000)
  eden space 25600K,  99% used [0x24000000, 0x258e1900, 0x25900000)
  from space 3200K,  56% used [0x25c20000, 0x25de7de8, 0x25f40000)
  to   space 3200K,   0% used [0x25900000, 0x25900000, 0x25c20000)
 tenured generation   total 63864K, used 52252K [0x29550000, 0x2d3ae000, 0x34000000)
   the space 63864K,  81% used [0x29550000, 0x2c8573f8, 0x2c857400, 0x2d3ae000)
 compacting perm gen  total 12288K, used 8827K [0x34000000, 0x34c00000, 0x38000000)
   the space 12288K,  71% used [0x34000000, 0x3489ec30, 0x3489ee00, 0x34c00000)
    ro space 10240K,  42% used [0x38000000, 0x38434778, 0x38434800, 0x38a00000)
    rw space 12288K,  52% used [0x38a00000, 0x39049a68, 0x39049c00, 0x39600000)
Event: 38.473 GC heap after
Heap after GC invocations=26 (full 5):
 def new generation   total 28800K, used 3152K [0x24000000, 0x25f40000, 0x29550000)
  eden space 25600K,   0% used [0x24000000, 0x24000000, 0x25900000)
  from space 3200K,  98% used [0x25900000, 0x25c14088, 0x25c20000)
  to   space 3200K,   0% used [0x25c20000, 0x25c20000, 0x25f40000)
 tenured generation   total 63864K, used 52522K [0x29550000, 0x2d3ae000, 0x34000000)
   the space 63864K,  82% used [0x29550000, 0x2c89a9d0, 0x2c89aa00, 0x2d3ae000)
 compacting perm gen  total 12288K, used 8827K [0x34000000, 0x34c00000, 0x38000000)
   the space 12288K,  71% used [0x34000000, 0x3489ec30, 0x3489ee00, 0x34c00000)
    ro space 10240K,  42% used [0x38000000, 0x38434778, 0x38434800, 0x38a00000)
    rw space 12288K,  52% used [0x38a00000, 0x39049a68, 0x39049c00, 0x39600000)
}
Event: 38.566 GC heap before
{Heap before GC invocations=26 (full 5):
 def new generation   total 28800K, used 28726K [0x24000000, 0x25f40000, 0x29550000)
  eden space 25600K,  99% used [0x24000000, 0x258f9a60, 0x25900000)
  from space 3200K,  98% used [0x25900000, 0x25c14088, 0x25c20000)
  to   space 3200K,   0% used [0x25c20000, 0x25c20000, 0x25f40000)
 tenured generation   total 63864K, used 52522K [0x29550000, 0x2d3ae000, 0x34000000)
   the space 63864K,  82% used [0x29550000, 0x2c89a9d0, 0x2c89aa00, 0x2d3ae000)
 compacting perm gen  total 12288K, used 8827K [0x34000000, 0x34c00000, 0x38000000)
   the space 12288K,  71% used [0x34000000, 0x3489ec40, 0x3489ee00, 0x34c00000)
    ro space 10240K,  42% used [0x38000000, 0x38434778, 0x38434800, 0x38a00000)
    rw space 12288K,  52% used [0x38a00000, 0x39049a68, 0x39049c00, 0x39600000)
Event: 38.567 GC heap after
Heap after GC invocations=27 (full 5):
 def new generation   total 28800K, used 796K [0x24000000, 0x25f40000, 0x29550000)
  eden space 25600K,   0% used [0x24000000, 0x24000000, 0x25900000)
  from space 3200K,  24% used [0x25c20000, 0x25ce7340, 0x25f40000)
  to   space 3200K,   0% used [0x25900000, 0x25900000, 0x25c20000)
 tenured generation   total 63864K, used 52578K [0x29550000, 0x2d3ae000, 0x34000000)
   the space 63864K,  82% used [0x29550000, 0x2c8a8bf8, 0x2c8a8c00, 0x2d3ae000)
 compacting perm gen  total 12288K, used 8827K [0x34000000, 0x34c00000, 0x38000000)
   the space 12288K,  71% used [0x34000000, 0x3489ec40, 0x3489ee00, 0x34c00000)
    ro space 10240K,  42% used [0x38000000, 0x38434778, 0x38434800, 0x38a00000)
    rw space 12288K,  52% used [0x38a00000, 0x39049a68, 0x39049c00, 0x39600000)
}
Event: 38.664 GC heap before
{Heap before GC invocations=27 (full 5):
 def new generation   total 28800K, used 26144K [0x24000000, 0x25f40000, 0x29550000)
  eden space 25600K,  99% used [0x24000000, 0x258c0de0, 0x25900000)
  from space 3200K,  24% used [0x25c20000, 0x25ce7340, 0x25f40000)
  to   space 3200K,   0% used [0x25900000, 0x25900000, 0x25c20000)
 tenured generation   total 63864K, used 52578K [0x29550000, 0x2d3ae000, 0x34000000)
   the space 63864K,  82% used [0x29550000, 0x2c8a8bf8, 0x2c8a8c00, 0x2d3ae000)
 compacting perm gen  total 12288K, used 8827K [0x34000000, 0x34c00000, 0x38000000)
   the space 12288K,  71% used [0x34000000, 0x3489ec80, 0x3489ee00, 0x34c00000)
    ro space 10240K,  42% used [0x38000000, 0x38434778, 0x38434800, 0x38a00000)
    rw space 12288K,  52% used [0x38a00000, 0x39049a68, 0x39049c00, 0x39600000)
Event: 38.664 GC heap after
Heap after GC invocations=28 (full 5):
 def new generation   total 28800K, used 1053K [0x24000000, 0x25f40000, 0x29550000)
  eden space 25600K,   0% used [0x24000000, 0x24000000, 0x25900000)
  from space 3200K,  32% used [0x25900000, 0x25a076e8, 0x25c20000)
  to   space 3200K,   0% used [0x25c20000, 0x25c20000, 0x25f40000)
 tenured generation   total 63864K, used 52578K [0x29550000, 0x2d3ae000, 0x34000000)
   the space 63864K,  82% used [0x29550000, 0x2c8a8bf8, 0x2c8a8c00, 0x2d3ae000)
 compacting perm gen  total 12288K, used 8827K [0x34000000, 0x34c00000, 0x38000000)
   the space 12288K,  71% used [0x34000000, 0x3489ec80, 0x3489ee00, 0x34c00000)
    ro space 10240K,  42% used [0x38000000, 0x38434778, 0x38434800, 0x38a00000)
    rw space 12288K,  52% used [0x38a00000, 0x39049a68, 0x39049c00, 0x39600000)
}

