# JRE version: Java(TM) SE Runtime Environment (7.0_60-b19) (build 1.7.0_60-b19)
# Java VM: Java HotSpot(TM) Client VM (24.60-b09 mixed mode, sharing windows-x86 )
Heap
 def new generation   total 48128K, used 19048K [0x24000000, 0x27430000, 0x29550000)
  eden space 42816K,  32% used [0x24000000, 0x24d74dc8, 0x269d0000)
  from space 5312K,  99% used [0x26f00000, 0x274254d8, 0x27430000)
  to   space 5312K,   0% used [0x269d0000, 0x269d0000, 0x26f00000)
 tenured generation   total 106696K, used 76465K [0x29550000, 0x2fd82000, 0x34000000)
   the space 106696K,  71% used [0x29550000, 0x2dffc4d0, 0x2dffc600, 0x2fd82000)
 compacting perm gen  total 12288K, used 8648K [0x34000000, 0x34c00000, 0x38000000)
   the space 12288K,  70% used [0x34000000, 0x34872288, 0x34872400, 0x34c00000)
    ro space 10240K,  42% used [0x38000000, 0x38434778, 0x38434800, 0x38a00000)
    rw space 12288K,  52% used [0x38a00000, 0x39049a68, 0x39049c00, 0x39600000)
GC Heap History (10 events):
Event: 19.862 GC heap before
{Heap before GC invocations=21 (full 5):
 def new generation   total 27200K, used 25011K [0x24000000, 0x25d80000, 0x29550000)
  eden space 24192K,  90% used [0x24000000, 0x2557cdc8, 0x257a0000)
  from space 3008K, 100% used [0x257a0000, 0x25a90000, 0x25a90000)
  to   space 3008K,   0% used [0x25a90000, 0x25a90000, 0x25d80000)
 tenured generation   total 60196K, used 56688K [0x29550000, 0x2d019000, 0x34000000)
   the space 60196K,  94% used [0x29550000, 0x2ccac048, 0x2ccac200, 0x2d019000)
 compacting perm gen  total 12288K, used 8615K [0x34000000, 0x34c00000, 0x38000000)
   the space 12288K,  70% used [0x34000000, 0x34869fd8, 0x3486a000, 0x34c00000)
    ro space 10240K,  42% used [0x38000000, 0x38434778, 0x38434800, 0x38a00000)
    rw space 12288K,  52% used [0x38a00000, 0x39049a68, 0x39049c00, 0x39600000)
Event: 19.928 GC heap after
Heap after GC invocations=22 (full 6):
 def new generation   total 33152K, used 0K [0x24000000, 0x263f0000, 0x29550000)
  eden space 29504K,   0% used [0x24000000, 0x24000000, 0x25cd0000)
  from space 3648K,   0% used [0x25cd0000, 0x25cd0000, 0x26060000)
  to   space 3648K,   0% used [0x26060000, 0x26060000, 0x263f0000)
 tenured generation   total 73364K, used 44016K [0x29550000, 0x2dcf5000, 0x34000000)
   the space 73364K,  59% used [0x29550000, 0x2c04c038, 0x2c04c200, 0x2dcf5000)
 compacting perm gen  total 12288K, used 8615K [0x34000000, 0x34c00000, 0x38000000)
   the space 12288K,  70% used [0x34000000, 0x34869fd8, 0x3486a000, 0x34c00000)
    ro space 10240K,  42% used [0x38000000, 0x38434778, 0x38434800, 0x38a00000)
    rw space 12288K,  52% used [0x38a00000, 0x39049a68, 0x39049c00, 0x39600000)
}
Event: 26.105 GC heap before
{Heap before GC invocations=22 (full 6):
 def new generation   total 33152K, used 29489K [0x24000000, 0x263f0000, 0x29550000)
  eden space 29504K,  99% used [0x24000000, 0x25ccc6b8, 0x25cd0000)
  from space 3648K,   0% used [0x25cd0000, 0x25cd0000, 0x26060000)
  to   space 3648K,   0% used [0x26060000, 0x26060000, 0x263f0000)
 tenured generation   total 73364K, used 44016K [0x29550000, 0x2dcf5000, 0x34000000)
   the space 73364K,  59% used [0x29550000, 0x2c04c038, 0x2c04c200, 0x2dcf5000)
 compacting perm gen  total 12288K, used 8616K [0x34000000, 0x34c00000, 0x38000000)
   the space 12288K,  70% used [0x34000000, 0x3486a098, 0x3486a200, 0x34c00000)
    ro space 10240K,  42% used [0x38000000, 0x38434778, 0x38434800, 0x38a00000)
    rw space 12288K,  52% used [0x38a00000, 0x39049a68, 0x39049c00, 0x39600000)
Event: 26.112 GC heap after
Heap after GC invocations=23 (full 6):
 def new generation   total 33152K, used 3631K [0x24000000, 0x263f0000, 0x29550000)
  eden space 29504K,   0% used [0x24000000, 0x24000000, 0x25cd0000)
  from space 3648K,  99% used [0x26060000, 0x263ebf90, 0x263f0000)
  to   space 3648K,   0% used [0x25cd0000, 0x25cd0000, 0x26060000)
 tenured generation   total 73364K, used 54950K [0x29550000, 0x2dcf5000, 0x34000000)
   the space 73364K,  74% used [0x29550000, 0x2caf98e8, 0x2caf9a00, 0x2dcf5000)
 compacting perm gen  total 12288K, used 8616K [0x34000000, 0x34c00000, 0x38000000)
   the space 12288K,  70% used [0x34000000, 0x3486a098, 0x3486a200, 0x34c00000)
    ro space 10240K,  42% used [0x38000000, 0x38434778, 0x38434800, 0x38a00000)
    rw space 12288K,  52% used [0x38a00000, 0x39049a68, 0x39049c00, 0x39600000)
}
Event: 35.180 GC heap before
{Heap before GC invocations=23 (full 6):
 def new generation   total 33152K, used 33134K [0x24000000, 0x263f0000, 0x29550000)
  eden space 29504K,  99% used [0x24000000, 0x25ccf980, 0x25cd0000)
  from space 3648K,  99% used [0x26060000, 0x263ebf90, 0x263f0000)
  to   space 3648K,   0% used [0x25cd0000, 0x25cd0000, 0x26060000)
 tenured generation   total 73364K, used 54950K [0x29550000, 0x2dcf5000, 0x34000000)
   the space 73364K,  74% used [0x29550000, 0x2caf98e8, 0x2caf9a00, 0x2dcf5000)
 compacting perm gen  total 12288K, used 8619K [0x34000000, 0x34c00000, 0x38000000)
   the space 12288K,  70% used [0x34000000, 0x3486aef0, 0x3486b000, 0x34c00000)
    ro space 10240K,  42% used [0x38000000, 0x38434778, 0x38434800, 0x38a00000)
    rw space 12288K,  52% used [0x38a00000, 0x39049a68, 0x39049c00, 0x39600000)
Event: 35.188 GC heap after
Heap after GC invocations=24 (full 6):
 def new generation   total 33152K, used 3648K [0x24000000, 0x263f0000, 0x29550000)
  eden space 29504K,   0% used [0x24000000, 0x24000000, 0x25cd0000)
  from space 3648K, 100% used [0x25cd0000, 0x26060000, 0x26060000)
  to   space 3648K,   0% used [0x26060000, 0x26060000, 0x263f0000)
 tenured generation   total 73364K, used 71152K [0x29550000, 0x2dcf5000, 0x34000000)
   the space 73364K,  96% used [0x29550000, 0x2dacc298, 0x2dacc400, 0x2dcf5000)
 compacting perm gen  total 12288K, used 8619K [0x34000000, 0x34c00000, 0x38000000)
   the space 12288K,  70% used [0x34000000, 0x3486aef0, 0x3486b000, 0x34c00000)
    ro space 10240K,  42% used [0x38000000, 0x38434778, 0x38434800, 0x38a00000)
    rw space 12288K,  52% used [0x38a00000, 0x39049a68, 0x39049c00, 0x39600000)
}
Event: 54.310 GC heap before
{Heap before GC invocations=24 (full 6):
 def new generation   total 33152K, used 33027K [0x24000000, 0x263f0000, 0x29550000)
  eden space 29504K,  99% used [0x24000000, 0x25cb0cd0, 0x25cd0000)
  from space 3648K, 100% used [0x25cd0000, 0x26060000, 0x26060000)
  to   space 3648K,   0% used [0x26060000, 0x26060000, 0x263f0000)
 tenured generation   total 73364K, used 71152K [0x29550000, 0x2dcf5000, 0x34000000)
   the space 73364K,  96% used [0x29550000, 0x2dacc298, 0x2dacc400, 0x2dcf5000)
 compacting perm gen  total 12288K, used 8644K [0x34000000, 0x34c00000, 0x38000000)
   the space 12288K,  70% used [0x34000000, 0x348713c8, 0x34871400, 0x34c00000)
    ro space 10240K,  42% used [0x38000000, 0x38434778, 0x38434800, 0x38a00000)
    rw space 12288K,  52% used [0x38a00000, 0x39049a68, 0x39049c00, 0x39600000)
Event: 54.386 GC heap after
Heap after GC invocations=25 (full 7):
 def new generation   total 48128K, used 0K [0x24000000, 0x27430000, 0x29550000)
  eden space 42816K,   0% used [0x24000000, 0x24000000, 0x269d0000)
  from space 5312K,   0% used [0x269d0000, 0x269d0000, 0x26f00000)
  to   space 5312K,   0% used [0x26f00000, 0x26f00000, 0x27430000)
 tenured generation   total 106696K, used 64016K [0x29550000, 0x2fd82000, 0x34000000)
   the space 106696K,  59% used [0x29550000, 0x2d3d4160, 0x2d3d4200, 0x2fd82000)
 compacting perm gen  total 12288K, used 8644K [0x34000000, 0x34c00000, 0x38000000)
   the space 12288K,  70% used [0x34000000, 0x348713c8, 0x34871400, 0x34c00000)
    ro space 10240K,  42% used [0x38000000, 0x38434778, 0x38434800, 0x38a00000)
    rw space 12288K,  52% used [0x38a00000, 0x39049a68, 0x39049c00, 0x39600000)
}
Event: 59.812 GC heap before
{Heap before GC invocations=25 (full 7):
 def new generation   total 48128K, used 40288K [0x24000000, 0x27430000, 0x29550000)
  eden space 42816K,  94% used [0x24000000, 0x26758308, 0x269d0000)
  from space 5312K,   0% used [0x269d0000, 0x269d0000, 0x26f00000)
  to   space 5312K,   0% used [0x26f00000, 0x26f00000, 0x27430000)
 tenured generation   total 106696K, used 64016K [0x29550000, 0x2fd82000, 0x34000000)
   the space 106696K,  59% used [0x29550000, 0x2d3d4160, 0x2d3d4200, 0x2fd82000)
 compacting perm gen  total 12288K, used 8644K [0x34000000, 0x34c00000, 0x38000000)
   the space 12288K,  70% used [0x34000000, 0x348713c8, 0x34871400, 0x34c00000)
    ro space 10240K,  42% used [0x38000000, 0x38434778, 0x38434800, 0x38a00000)
    rw space 12288K,  52% used [0x38a00000, 0x39049a68, 0x39049c00, 0x39600000)
Event: 59.817 GC heap after
Heap after GC invocations=26 (full 7):
 def new generation   total 48128K, used 5269K [0x24000000, 0x27430000, 0x29550000)
  eden space 42816K,   0% used [0x24000000, 0x24000000, 0x269d0000)
  from space 5312K,  99% used [0x26f00000, 0x274254d8, 0x27430000)
  to   space 5312K,   0% used [0x269d0000, 0x269d0000, 0x26f00000)
 tenured generation   total 106696K, used 76465K [0x29550000, 0x2fd82000, 0x34000000)
   the space 106696K,  71% used [0x29550000, 0x2dffc4d0, 0x2dffc600, 0x2fd82000)
 compacting perm gen  total 12288K, used 8644K [0x34000000, 0x34c00000, 0x38000000)
   the space 12288K,  70% used [0x34000000, 0x348713c8, 0x34871400, 0x34c00000)
    ro space 10240K,  42% used [0x38000000, 0x38434778, 0x38434800, 0x38a00000)
    rw space 12288K,  52% used [0x38a00000, 0x39049a68, 0x39049c00, 0x39600000)
}

