# JRE version: Java(TM) SE Runtime Environment (7.0_60-b19) (build 1.7.0_60-b19)
# Java VM: Java HotSpot(TM) Client VM (24.60-b09 mixed mode, sharing windows-x86 )
Heap
 def new generation   total 12288K, used 7940K [0x24000000, 0x24d50000, 0x29550000)
  eden space 10944K,  72% used [0x24000000, 0x247c1228, 0x24ab0000)
  from space 1344K,   0% used [0x24ab0000, 0x24ab0000, 0x24c00000)
  to   space 1344K,   0% used [0x24c00000, 0x24c00000, 0x24d50000)
 tenured generation   total 27068K, used 16238K [0x29550000, 0x2afbf000, 0x34000000)
   the space 27068K,  59% used [0x29550000, 0x2a52bb58, 0x2a52bc00, 0x2afbf000)
 compacting perm gen  total 12288K, used 8520K [0x34000000, 0x34c00000, 0x38000000)
   the space 12288K,  69% used [0x34000000, 0x348523f8, 0x34852400, 0x34c00000)
    ro space 10240K,  42% used [0x38000000, 0x38434778, 0x38434800, 0x38a00000)
    rw space 12288K,  52% used [0x38a00000, 0x39049a68, 0x39049c00, 0x39600000)
GC Heap History (10 events):
Event: 3.963 GC heap before
{Heap before GC invocations=9 (full 1):
 def new generation   total 9408K, used 9408K [0x24000000, 0x24a30000, 0x29550000)
  eden space 8384K, 100% used [0x24000000, 0x24830000, 0x24830000)
  from space 1024K, 100% used [0x24930000, 0x24a30000, 0x24a30000)
  to   space 1024K,   0% used [0x24830000, 0x24830000, 0x24930000)
 tenured generation   total 20768K, used 15857K [0x29550000, 0x2a998000, 0x34000000)
   the space 20768K,  76% used [0x29550000, 0x2a4cc630, 0x2a4cc800, 0x2a998000)
 compacting perm gen  total 12288K, used 7698K [0x34000000, 0x34c00000, 0x38000000)
   the space 12288K,  62% used [0x34000000, 0x34784998, 0x34784a00, 0x34c00000)
    ro space 10240K,  42% used [0x38000000, 0x38434778, 0x38434800, 0x38a00000)
    rw space 12288K,  52% used [0x38a00000, 0x39049a68, 0x39049c00, 0x39600000)
Event: 3.971 GC heap after
Heap after GC invocations=10 (full 1):
 def new generation   total 9408K, used 1024K [0x24000000, 0x24a30000, 0x29550000)
  eden space 8384K,   0% used [0x24000000, 0x24000000, 0x24830000)
  from space 1024K, 100% used [0x24830000, 0x24930000, 0x24930000)
  to   space 1024K,   0% used [0x24930000, 0x24930000, 0x24a30000)
 tenured generation   total 20768K, used 17415K [0x29550000, 0x2a998000, 0x34000000)
   the space 20768K,  83% used [0x29550000, 0x2a651c90, 0x2a651e00, 0x2a998000)
 compacting perm gen  total 12288K, used 7698K [0x34000000, 0x34c00000, 0x38000000)
   the space 12288K,  62% used [0x34000000, 0x34784998, 0x34784a00, 0x34c00000)
    ro space 10240K,  42% used [0x38000000, 0x38434778, 0x38434800, 0x38a00000)
    rw space 12288K,  52% used [0x38a00000, 0x39049a68, 0x39049c00, 0x39600000)
}
Event: 4.288 GC heap before
{Heap before GC invocations=10 (full 1):
 def new generation   total 9408K, used 8565K [0x24000000, 0x24a30000, 0x29550000)
  eden space 8384K,  89% used [0x24000000, 0x2475d7d0, 0x24830000)
  from space 1024K, 100% used [0x24830000, 0x24930000, 0x24930000)
  to   space 1024K,   0% used [0x24930000, 0x24930000, 0x24a30000)
 tenured generation   total 20768K, used 17415K [0x29550000, 0x2a998000, 0x34000000)
   the space 20768K,  83% used [0x29550000, 0x2a651c90, 0x2a651e00, 0x2a998000)
 compacting perm gen  total 12288K, used 8491K [0x34000000, 0x34c00000, 0x38000000)
   the space 12288K,  69% used [0x34000000, 0x3484ae20, 0x3484b000, 0x34c00000)
    ro space 10240K,  42% used [0x38000000, 0x38434778, 0x38434800, 0x38a00000)
    rw space 12288K,  52% used [0x38a00000, 0x39049a68, 0x39049c00, 0x39600000)
Event: 4.296 GC heap after
Heap after GC invocations=11 (full 1):
 def new generation   total 9408K, used 1024K [0x24000000, 0x24a30000, 0x29550000)
  eden space 8384K,   0% used [0x24000000, 0x24000000, 0x24830000)
  from space 1024K, 100% used [0x24930000, 0x24a30000, 0x24a30000)
  to   space 1024K,   0% used [0x24830000, 0x24830000, 0x24930000)
 tenured generation   total 20768K, used 18662K [0x29550000, 0x2a998000, 0x34000000)
   the space 20768K,  89% used [0x29550000, 0x2a789900, 0x2a789a00, 0x2a998000)
 compacting perm gen  total 12288K, used 8491K [0x34000000, 0x34c00000, 0x38000000)
   the space 12288K,  69% used [0x34000000, 0x3484ae20, 0x3484b000, 0x34c00000)
    ro space 10240K,  42% used [0x38000000, 0x38434778, 0x38434800, 0x38a00000)
    rw space 12288K,  52% used [0x38a00000, 0x39049a68, 0x39049c00, 0x39600000)
}
Event: 4.303 GC heap before
{Heap before GC invocations=11 (full 1):
 def new generation   total 9408K, used 7947K [0x24000000, 0x24a30000, 0x29550000)
  eden space 8384K,  82% used [0x24000000, 0x246c2cb0, 0x24830000)
  from space 1024K, 100% used [0x24930000, 0x24a30000, 0x24a30000)
  to   space 1024K,   0% used [0x24830000, 0x24830000, 0x24930000)
 tenured generation   total 20768K, used 18662K [0x29550000, 0x2a998000, 0x34000000)
   the space 20768K,  89% used [0x29550000, 0x2a789900, 0x2a789a00, 0x2a998000)
 compacting perm gen  total 12288K, used 8493K [0x34000000, 0x34c00000, 0x38000000)
   the space 12288K,  69% used [0x34000000, 0x3484b6c8, 0x3484b800, 0x34c00000)
    ro space 10240K,  42% used [0x38000000, 0x38434778, 0x38434800, 0x38a00000)
    rw space 12288K,  52% used [0x38a00000, 0x39049a68, 0x39049c00, 0x39600000)
Event: 4.367 GC heap after
Heap after GC invocations=12 (full 2):
 def new generation   total 9472K, used 0K [0x24000000, 0x24a40000, 0x29550000)
  eden space 8448K,   0% used [0x24000000, 0x24000000, 0x24840000)
  from space 1024K,   0% used [0x24840000, 0x24840000, 0x24940000)
  to   space 1024K,   0% used [0x24940000, 0x24940000, 0x24a40000)
 tenured generation   total 20824K, used 12492K [0x29550000, 0x2a9a6000, 0x34000000)
   the space 20824K,  59% used [0x29550000, 0x2a183390, 0x2a183400, 0x2a9a6000)
 compacting perm gen  total 12288K, used 8493K [0x34000000, 0x34c00000, 0x38000000)
   the space 12288K,  69% used [0x34000000, 0x3484b6c8, 0x3484b800, 0x34c00000)
    ro space 10240K,  42% used [0x38000000, 0x38434778, 0x38434800, 0x38a00000)
    rw space 12288K,  52% used [0x38a00000, 0x39049a68, 0x39049c00, 0x39600000)
}
Event: 4.377 GC heap before
{Heap before GC invocations=12 (full 2):
 def new generation   total 9472K, used 8030K [0x24000000, 0x24a40000, 0x29550000)
  eden space 8448K,  95% used [0x24000000, 0x247d7990, 0x24840000)
  from space 1024K,   0% used [0x24840000, 0x24840000, 0x24940000)
  to   space 1024K,   0% used [0x24940000, 0x24940000, 0x24a40000)
 tenured generation   total 20824K, used 12492K [0x29550000, 0x2a9a6000, 0x34000000)
   the space 20824K,  59% used [0x29550000, 0x2a183390, 0x2a183400, 0x2a9a6000)
 compacting perm gen  total 12288K, used 8493K [0x34000000, 0x34c00000, 0x38000000)
   the space 12288K,  69% used [0x34000000, 0x3484b6c8, 0x3484b800, 0x34c00000)
    ro space 10240K,  42% used [0x38000000, 0x38434778, 0x38434800, 0x38a00000)
    rw space 12288K,  52% used [0x38a00000, 0x39049a68, 0x39049c00, 0x39600000)
Event: 4.379 GC heap after
Heap after GC invocations=13 (full 2):
 def new generation   total 9472K, used 200K [0x24000000, 0x24a40000, 0x29550000)
  eden space 8448K,   0% used [0x24000000, 0x24000000, 0x24840000)
  from space 1024K,  19% used [0x24940000, 0x24972178, 0x24a40000)
  to   space 1024K,   0% used [0x24840000, 0x24840000, 0x24940000)
 tenured generation   total 20824K, used 19948K [0x29550000, 0x2a9a6000, 0x34000000)
   the space 20824K,  95% used [0x29550000, 0x2a8cb0d8, 0x2a8cb200, 0x2a9a6000)
 compacting perm gen  total 12288K, used 8493K [0x34000000, 0x34c00000, 0x38000000)
   the space 12288K,  69% used [0x34000000, 0x3484b6c8, 0x3484b800, 0x34c00000)
    ro space 10240K,  42% used [0x38000000, 0x38434778, 0x38434800, 0x38a00000)
    rw space 12288K,  52% used [0x38a00000, 0x39049a68, 0x39049c00, 0x39600000)
}
Event: 4.381 GC heap before
{Heap before GC invocations=13 (full 2):
 def new generation   total 9472K, used 7708K [0x24000000, 0x24a40000, 0x29550000)
  eden space 8448K,  88% used [0x24000000, 0x24755098, 0x24840000)
  from space 1024K,  19% used [0x24940000, 0x24972178, 0x24a40000)
  to   space 1024K,   0% used [0x24840000, 0x24840000, 0x24940000)
 tenured generation   total 20824K, used 19948K [0x29550000, 0x2a9a6000, 0x34000000)
   the space 20824K,  95% used [0x29550000, 0x2a8cb0d8, 0x2a8cb200, 0x2a9a6000)
 compacting perm gen  total 12288K, used 8493K [0x34000000, 0x34c00000, 0x38000000)
   the space 12288K,  69% used [0x34000000, 0x3484b6c8, 0x3484b800, 0x34c00000)
    ro space 10240K,  42% used [0x38000000, 0x38434778, 0x38434800, 0x38a00000)
    rw space 12288K,  52% used [0x38a00000, 0x39049a68, 0x39049c00, 0x39600000)
Event: 4.442 GC heap after
Heap after GC invocations=14 (full 3):
 def new generation   total 12288K, used 0K [0x24000000, 0x24d50000, 0x29550000)
  eden space 10944K,   0% used [0x24000000, 0x24000000, 0x24ab0000)
  from space 1344K,   0% used [0x24ab0000, 0x24ab0000, 0x24c00000)
  to   space 1344K,   0% used [0x24c00000, 0x24c00000, 0x24d50000)
 tenured generation   total 27068K, used 16238K [0x29550000, 0x2afbf000, 0x34000000)
   the space 27068K,  59% used [0x29550000, 0x2a52bb58, 0x2a52bc00, 0x2afbf000)
 compacting perm gen  total 12288K, used 8493K [0x34000000, 0x34c00000, 0x38000000)
   the space 12288K,  69% used [0x34000000, 0x3484b6c8, 0x3484b800, 0x34c00000)
    ro space 10240K,  42% used [0x38000000, 0x38434778, 0x38434800, 0x38a00000)
    rw space 12288K,  52% used [0x38a00000, 0x39049a68, 0x39049c00, 0x39600000)
}

