# JRE version: Java(TM) SE Runtime Environment (7.0_60-b19) (build 1.7.0_60-b19)
# Java VM: Java HotSpot(TM) Client VM (24.60-b09 mixed mode, sharing windows-x86 )
Heap
 def new generation   total 78656K, used 17205K [0x24000000, 0x29550000, 0x29550000)
  eden space 69952K,  24% used [0x24000000, 0x250cd4a0, 0x28450000)
  from space 8704K,   0% used [0x28cd0000, 0x28cd0000, 0x29550000)
  to   space 8704K,   0% used [0x28450000, 0x28450000, 0x28cd0000)
 tenured generation   total 174784K, used 151080K [0x29550000, 0x34000000, 0x34000000)
   the space 174784K,  86% used [0x29550000, 0x328da040, 0x328da200, 0x34000000)
 compacting perm gen  total 12288K, used 11222K [0x34000000, 0x34c00000, 0x38000000)
   the space 12288K,  91% used [0x34000000, 0x34af5948, 0x34af5a00, 0x34c00000)
    ro space 10240K,  42% used [0x38000000, 0x38434778, 0x38434800, 0x38a00000)
    rw space 12288K,  52% used [0x38a00000, 0x39049a68, 0x39049c00, 0x39600000)
GC Heap History (10 events):
Event: 1894.880 GC heap before
{Heap before GC invocations=106 (full 26):
 def new generation   total 78656K, used 78438K [0x24000000, 0x29550000, 0x29550000)
  eden space 69952K,  99% used [0x24000000, 0x28419b90, 0x28450000)
  from space 8704K, 100% used [0x28450000, 0x28cd0000, 0x28cd0000)
  to   space 8704K,   0% used [0x28cd0000, 0x28cd0000, 0x29550000)
 tenured generation   total 174784K, used 160279K [0x29550000, 0x34000000, 0x34000000)
   the space 174784K,  91% used [0x29550000, 0x331d5ce0, 0x331d5e00, 0x34000000)
 compacting perm gen  total 12288K, used 11220K [0x34000000, 0x34c00000, 0x38000000)
   the space 12288K,  91% used [0x34000000, 0x34af53c0, 0x34af5400, 0x34c00000)
    ro space 10240K,  42% used [0x38000000, 0x38434778, 0x38434800, 0x38a00000)
    rw space 12288K,  52% used [0x38a00000, 0x39049a68, 0x39049c00, 0x39600000)
Event: 1894.989 GC heap after
Heap after GC invocations=107 (full 27):
 def new generation   total 78656K, used 0K [0x24000000, 0x29550000, 0x29550000)
  eden space 69952K,   0% used [0x24000000, 0x24000000, 0x28450000)
  from space 8704K,   0% used [0x28450000, 0x28450000, 0x28cd0000)
  to   space 8704K,   0% used [0x28cd0000, 0x28cd0000, 0x29550000)
 tenured generation   total 174784K, used 150793K [0x29550000, 0x34000000, 0x34000000)
   the space 174784K,  86% used [0x29550000, 0x32892608, 0x32892800, 0x34000000)
 compacting perm gen  total 12288K, used 11220K [0x34000000, 0x34c00000, 0x38000000)
   the space 12288K,  91% used [0x34000000, 0x34af53c0, 0x34af5400, 0x34c00000)
    ro space 10240K,  42% used [0x38000000, 0x38434778, 0x38434800, 0x38a00000)
    rw space 12288K,  52% used [0x38a00000, 0x39049a68, 0x39049c00, 0x39600000)
}
Event: 1896.896 GC heap before
{Heap before GC invocations=107 (full 27):
 def new generation   total 78656K, used 70523K [0x24000000, 0x29550000, 0x29550000)
  eden space 69952K,  99% used [0x24000000, 0x2841ebf0, 0x28450000)
  from space 8704K,   8% used [0x28450000, 0x28510030, 0x28cd0000)
  to   space 8704K,   0% used [0x28cd0000, 0x28cd0000, 0x29550000)
 tenured generation   total 174784K, used 150793K [0x29550000, 0x34000000, 0x34000000)
   the space 174784K,  86% used [0x29550000, 0x32892608, 0x32892800, 0x34000000)
 compacting perm gen  total 12288K, used 11221K [0x34000000, 0x34c00000, 0x38000000)
   the space 12288K,  91% used [0x34000000, 0x34af5660, 0x34af5800, 0x34c00000)
    ro space 10240K,  42% used [0x38000000, 0x38434778, 0x38434800, 0x38a00000)
    rw space 12288K,  52% used [0x38a00000, 0x39049a68, 0x39049c00, 0x39600000)
Event: 1896.905 GC heap after
Heap after GC invocations=108 (full 27):
 def new generation   total 78656K, used 8704K [0x24000000, 0x29550000, 0x29550000)
  eden space 69952K,   0% used [0x24000000, 0x24000000, 0x28450000)
  from space 8704K, 100% used [0x28cd0000, 0x29550000, 0x29550000)
  to   space 8704K,   0% used [0x28450000, 0x28450000, 0x28cd0000)
 tenured generation   total 174784K, used 162966K [0x29550000, 0x34000000, 0x34000000)
   the space 174784K,  93% used [0x29550000, 0x33475a88, 0x33475c00, 0x34000000)
 compacting perm gen  total 12288K, used 11221K [0x34000000, 0x34c00000, 0x38000000)
   the space 12288K,  91% used [0x34000000, 0x34af5660, 0x34af5800, 0x34c00000)
    ro space 10240K,  42% used [0x38000000, 0x38434778, 0x38434800, 0x38a00000)
    rw space 12288K,  52% used [0x38a00000, 0x39049a68, 0x39049c00, 0x39600000)
}
Event: 1897.875 GC heap before
{Heap before GC invocations=108 (full 27):
 def new generation   total 78656K, used 78656K [0x24000000, 0x29550000, 0x29550000)
  eden space 69952K, 100% used [0x24000000, 0x28450000, 0x28450000)
  from space 8704K, 100% used [0x28cd0000, 0x29550000, 0x29550000)
  to   space 8704K,   0% used [0x28450000, 0x28450000, 0x28cd0000)
 tenured generation   total 174784K, used 162966K [0x29550000, 0x34000000, 0x34000000)
   the space 174784K,  93% used [0x29550000, 0x33475a88, 0x33475c00, 0x34000000)
 compacting perm gen  total 12288K, used 11221K [0x34000000, 0x34c00000, 0x38000000)
   the space 12288K,  91% used [0x34000000, 0x34af5660, 0x34af5800, 0x34c00000)
    ro space 10240K,  42% used [0x38000000, 0x38434778, 0x38434800, 0x38a00000)
    rw space 12288K,  52% used [0x38a00000, 0x39049a68, 0x39049c00, 0x39600000)
Event: 1897.984 GC heap after
Heap after GC invocations=109 (full 28):
 def new generation   total 78656K, used 0K [0x24000000, 0x29550000, 0x29550000)
  eden space 69952K,   0% used [0x24000000, 0x24000000, 0x28450000)
  from space 8704K,   0% used [0x28cd0000, 0x28cd0000, 0x29550000)
  to   space 8704K,   0% used [0x28450000, 0x28450000, 0x28cd0000)
 tenured generation   total 174784K, used 140695K [0x29550000, 0x34000000, 0x34000000)
   the space 174784K,  80% used [0x29550000, 0x31eb5e68, 0x31eb6000, 0x34000000)
 compacting perm gen  total 12288K, used 11220K [0x34000000, 0x34c00000, 0x38000000)
   the space 12288K,  91% used [0x34000000, 0x34af5350, 0x34af5400, 0x34c00000)
    ro space 10240K,  42% used [0x38000000, 0x38434778, 0x38434800, 0x38a00000)
    rw space 12288K,  52% used [0x38a00000, 0x39049a68, 0x39049c00, 0x39600000)
}
Event: 1909.087 GC heap before
{Heap before GC invocations=109 (full 28):
 def new generation   total 78656K, used 69801K [0x24000000, 0x29550000, 0x29550000)
  eden space 69952K,  99% used [0x24000000, 0x2842a7f8, 0x28450000)
  from space 8704K,   0% used [0x28cd0000, 0x28cd0000, 0x29550000)
  to   space 8704K,   0% used [0x28450000, 0x28450000, 0x28cd0000)
 tenured generation   total 174784K, used 140695K [0x29550000, 0x34000000, 0x34000000)
   the space 174784K,  80% used [0x29550000, 0x31eb5e68, 0x31eb6000, 0x34000000)
 compacting perm gen  total 12288K, used 11220K [0x34000000, 0x34c00000, 0x38000000)
   the space 12288K,  91% used [0x34000000, 0x34af5350, 0x34af5400, 0x34c00000)
    ro space 10240K,  42% used [0x38000000, 0x38434778, 0x38434800, 0x38a00000)
    rw space 12288K,  52% used [0x38a00000, 0x39049a68, 0x39049c00, 0x39600000)
Event: 1909.096 GC heap after
Heap after GC invocations=110 (full 28):
 def new generation   total 78656K, used 8704K [0x24000000, 0x29550000, 0x29550000)
  eden space 69952K,   0% used [0x24000000, 0x24000000, 0x28450000)
  from space 8704K, 100% used [0x28450000, 0x28cd0000, 0x28cd0000)
  to   space 8704K,   0% used [0x28cd0000, 0x28cd0000, 0x29550000)
 tenured generation   total 174784K, used 155344K [0x29550000, 0x34000000, 0x34000000)
   the space 174784K,  88% used [0x29550000, 0x32d04198, 0x32d04200, 0x34000000)
 compacting perm gen  total 12288K, used 11220K [0x34000000, 0x34c00000, 0x38000000)
   the space 12288K,  91% used [0x34000000, 0x34af5350, 0x34af5400, 0x34c00000)
    ro space 10240K,  42% used [0x38000000, 0x38434778, 0x38434800, 0x38a00000)
    rw space 12288K,  52% used [0x38a00000, 0x39049a68, 0x39049c00, 0x39600000)
}
Event: 4431.124 GC heap before
{Heap before GC invocations=110 (full 28):
 def new generation   total 78656K, used 78598K [0x24000000, 0x29550000, 0x29550000)
  eden space 69952K,  99% used [0x24000000, 0x28441898, 0x28450000)
  from space 8704K, 100% used [0x28450000, 0x28cd0000, 0x28cd0000)
  to   space 8704K,   0% used [0x28cd0000, 0x28cd0000, 0x29550000)
 tenured generation   total 174784K, used 155344K [0x29550000, 0x34000000, 0x34000000)
   the space 174784K,  88% used [0x29550000, 0x32d04198, 0x32d04200, 0x34000000)
 compacting perm gen  total 12288K, used 11220K [0x34000000, 0x34c00000, 0x38000000)
   the space 12288K,  91% used [0x34000000, 0x34af5360, 0x34af5400, 0x34c00000)
    ro space 10240K,  42% used [0x38000000, 0x38434778, 0x38434800, 0x38a00000)
    rw space 12288K,  52% used [0x38a00000, 0x39049a68, 0x39049c00, 0x39600000)
Event: 4431.252 GC heap after
Heap after GC invocations=111 (full 29):
 def new generation   total 78656K, used 0K [0x24000000, 0x29550000, 0x29550000)
  eden space 69952K,   0% used [0x24000000, 0x24000000, 0x28450000)
  from space 8704K,   0% used [0x28cd0000, 0x28cd0000, 0x29550000)
  to   space 8704K,   0% used [0x28450000, 0x28450000, 0x28cd0000)
 tenured generation   total 174784K, used 151080K [0x29550000, 0x34000000, 0x34000000)
   the space 174784K,  86% used [0x29550000, 0x328da040, 0x328da200, 0x34000000)
 compacting perm gen  total 12288K, used 11220K [0x34000000, 0x34c00000, 0x38000000)
   the space 12288K,  91% used [0x34000000, 0x34af5360, 0x34af5400, 0x34c00000)
    ro space 10240K,  42% used [0x38000000, 0x38434778, 0x38434800, 0x38a00000)
    rw space 12288K,  52% used [0x38a00000, 0x39049a68, 0x39049c00, 0x39600000)
}

