# JRE version: Java(TM) SE Runtime Environment (7.0_60-b19) (build 1.7.0_60-b19)
# Java VM: Java HotSpot(TM) Client VM (24.60-b09 mixed mode, sharing windows-x86 )
Heap
 def new generation   total 68544K, used 30362K [0x24000000, 0x28a50000, 0x29550000)
  eden space 60992K,  37% used [0x24000000, 0x25646880, 0x27b90000)
  from space 7552K, 100% used [0x27b90000, 0x282f0000, 0x282f0000)
  to   space 7552K,   0% used [0x282f0000, 0x282f0000, 0x28a50000)
 tenured generation   total 152092K, used 134465K [0x29550000, 0x329d7000, 0x34000000)
   the space 152092K,  88% used [0x29550000, 0x318a0748, 0x318a0800, 0x329d7000)
 compacting perm gen  total 12288K, used 10995K [0x34000000, 0x34c00000, 0x38000000)
   the space 12288K,  89% used [0x34000000, 0x34abce78, 0x34abd000, 0x34c00000)
    ro space 10240K,  42% used [0x38000000, 0x38434778, 0x38434800, 0x38a00000)
    rw space 12288K,  52% used [0x38a00000, 0x39049a68, 0x39049c00, 0x39600000)
GC Heap History (10 events):
Event: 143.935 GC heap before
{Heap before GC invocations=48 (full 9):
 def new generation   total 43136K, used 43039K [0x24000000, 0x26ec0000, 0x29550000)
  eden space 38400K,  99% used [0x24000000, 0x26569d20, 0x26580000)
  from space 4736K,  99% used [0x26a20000, 0x26ebe080, 0x26ec0000)
  to   space 4736K,   0% used [0x26580000, 0x26580000, 0x26a20000)
 tenured generation   total 117912K, used 117679K [0x29550000, 0x30876000, 0x34000000)
   the space 117912K,  99% used [0x29550000, 0x3083be90, 0x3083c000, 0x30876000)
 compacting perm gen  total 12288K, used 10990K [0x34000000, 0x34c00000, 0x38000000)
   the space 12288K,  89% used [0x34000000, 0x34abbaf0, 0x34abbc00, 0x34c00000)
    ro space 10240K,  42% used [0x38000000, 0x38434778, 0x38434800, 0x38a00000)
    rw space 12288K,  52% used [0x38a00000, 0x39049a68, 0x39049c00, 0x39600000)
Event: 144.020 GC heap after
Heap after GC invocations=49 (full 10):
 def new generation   total 68544K, used 0K [0x24000000, 0x28a50000, 0x29550000)
  eden space 60992K,   0% used [0x24000000, 0x24000000, 0x27b90000)
  from space 7552K,   0% used [0x27b90000, 0x27b90000, 0x282f0000)
  to   space 7552K,   0% used [0x282f0000, 0x282f0000, 0x28a50000)
 tenured generation   total 152092K, used 91254K [0x29550000, 0x329d7000, 0x34000000)
   the space 152092K,  59% used [0x29550000, 0x2ee6d878, 0x2ee6da00, 0x329d7000)
 compacting perm gen  total 12288K, used 10990K [0x34000000, 0x34c00000, 0x38000000)
   the space 12288K,  89% used [0x34000000, 0x34abbaf0, 0x34abbc00, 0x34c00000)
    ro space 10240K,  42% used [0x38000000, 0x38434778, 0x38434800, 0x38a00000)
    rw space 12288K,  52% used [0x38a00000, 0x39049a68, 0x39049c00, 0x39600000)
}
Event: 153.736 GC heap before
{Heap before GC invocations=49 (full 10):
 def new generation   total 68544K, used 58551K [0x24000000, 0x28a50000, 0x29550000)
  eden space 60992K,  95% used [0x24000000, 0x2792dc08, 0x27b90000)
  from space 7552K,   0% used [0x27b90000, 0x27b90000, 0x282f0000)
  to   space 7552K,   0% used [0x282f0000, 0x282f0000, 0x28a50000)
 tenured generation   total 152092K, used 91254K [0x29550000, 0x329d7000, 0x34000000)
   the space 152092K,  59% used [0x29550000, 0x2ee6d878, 0x2ee6da00, 0x329d7000)
 compacting perm gen  total 12288K, used 10990K [0x34000000, 0x34c00000, 0x38000000)
   the space 12288K,  89% used [0x34000000, 0x34abbb00, 0x34abbc00, 0x34c00000)
    ro space 10240K,  42% used [0x38000000, 0x38434778, 0x38434800, 0x38a00000)
    rw space 12288K,  52% used [0x38a00000, 0x39049a68, 0x39049c00, 0x39600000)
Event: 153.742 GC heap after
Heap after GC invocations=50 (full 10):
 def new generation   total 68544K, used 7551K [0x24000000, 0x28a50000, 0x29550000)
  eden space 60992K,   0% used [0x24000000, 0x24000000, 0x27b90000)
  from space 7552K,  99% used [0x282f0000, 0x28a4fff0, 0x28a50000)
  to   space 7552K,   0% used [0x27b90000, 0x27b90000, 0x282f0000)
 tenured generation   total 152092K, used 92035K [0x29550000, 0x329d7000, 0x34000000)
   the space 152092K,  60% used [0x29550000, 0x2ef30d68, 0x2ef30e00, 0x329d7000)
 compacting perm gen  total 12288K, used 10990K [0x34000000, 0x34c00000, 0x38000000)
   the space 12288K,  89% used [0x34000000, 0x34abbb00, 0x34abbc00, 0x34c00000)
    ro space 10240K,  42% used [0x38000000, 0x38434778, 0x38434800, 0x38a00000)
    rw space 12288K,  52% used [0x38a00000, 0x39049a68, 0x39049c00, 0x39600000)
}
Event: 157.328 GC heap before
{Heap before GC invocations=50 (full 10):
 def new generation   total 68544K, used 65987K [0x24000000, 0x28a50000, 0x29550000)
  eden space 60992K,  95% used [0x24000000, 0x27910d10, 0x27b90000)
  from space 7552K,  99% used [0x282f0000, 0x28a4fff0, 0x28a50000)
  to   space 7552K,   0% used [0x27b90000, 0x27b90000, 0x282f0000)
 tenured generation   total 152092K, used 92035K [0x29550000, 0x329d7000, 0x34000000)
   the space 152092K,  60% used [0x29550000, 0x2ef30d68, 0x2ef30e00, 0x329d7000)
 compacting perm gen  total 12288K, used 10990K [0x34000000, 0x34c00000, 0x38000000)
   the space 12288K,  89% used [0x34000000, 0x34abbb40, 0x34abbc00, 0x34c00000)
    ro space 10240K,  42% used [0x38000000, 0x38434778, 0x38434800, 0x38a00000)
    rw space 12288K,  52% used [0x38a00000, 0x39049a68, 0x39049c00, 0x39600000)
Event: 157.335 GC heap after
Heap after GC invocations=51 (full 10):
 def new generation   total 68544K, used 7475K [0x24000000, 0x28a50000, 0x29550000)
  eden space 60992K,   0% used [0x24000000, 0x24000000, 0x27b90000)
  from space 7552K,  98% used [0x27b90000, 0x282dcea8, 0x282f0000)
  to   space 7552K,   0% used [0x282f0000, 0x282f0000, 0x28a50000)
 tenured generation   total 152092K, used 108141K [0x29550000, 0x329d7000, 0x34000000)
   the space 152092K,  71% used [0x29550000, 0x2feeb618, 0x2feeb800, 0x329d7000)
 compacting perm gen  total 12288K, used 10990K [0x34000000, 0x34c00000, 0x38000000)
   the space 12288K,  89% used [0x34000000, 0x34abbb40, 0x34abbc00, 0x34c00000)
    ro space 10240K,  42% used [0x38000000, 0x38434778, 0x38434800, 0x38a00000)
    rw space 12288K,  52% used [0x38a00000, 0x39049a68, 0x39049c00, 0x39600000)
}
Event: 164.575 GC heap before
{Heap before GC invocations=51 (full 10):
 def new generation   total 68544K, used 68333K [0x24000000, 0x28a50000, 0x29550000)
  eden space 60992K,  99% used [0x24000000, 0x27b6e7d8, 0x27b90000)
  from space 7552K,  98% used [0x27b90000, 0x282dcea8, 0x282f0000)
  to   space 7552K,   0% used [0x282f0000, 0x282f0000, 0x28a50000)
 tenured generation   total 152092K, used 108333K [0x29550000, 0x329d7000, 0x34000000)
   the space 152092K,  71% used [0x29550000, 0x2ff1b628, 0x2ff1b800, 0x329d7000)
 compacting perm gen  total 12288K, used 10993K [0x34000000, 0x34c00000, 0x38000000)
   the space 12288K,  89% used [0x34000000, 0x34abc7f0, 0x34abc800, 0x34c00000)
    ro space 10240K,  42% used [0x38000000, 0x38434778, 0x38434800, 0x38a00000)
    rw space 12288K,  52% used [0x38a00000, 0x39049a68, 0x39049c00, 0x39600000)
Event: 164.582 GC heap after
Heap after GC invocations=52 (full 10):
 def new generation   total 68544K, used 7431K [0x24000000, 0x28a50000, 0x29550000)
  eden space 60992K,   0% used [0x24000000, 0x24000000, 0x27b90000)
  from space 7552K,  98% used [0x282f0000, 0x28a31e98, 0x28a50000)
  to   space 7552K,   0% used [0x27b90000, 0x27b90000, 0x282f0000)
 tenured generation   total 152092K, used 119542K [0x29550000, 0x329d7000, 0x34000000)
   the space 152092K,  78% used [0x29550000, 0x30a0db10, 0x30a0dc00, 0x329d7000)
 compacting perm gen  total 12288K, used 10993K [0x34000000, 0x34c00000, 0x38000000)
   the space 12288K,  89% used [0x34000000, 0x34abc7f0, 0x34abc800, 0x34c00000)
    ro space 10240K,  42% used [0x38000000, 0x38434778, 0x38434800, 0x38a00000)
    rw space 12288K,  52% used [0x38a00000, 0x39049a68, 0x39049c00, 0x39600000)
}
Event: 175.217 GC heap before
{Heap before GC invocations=52 (full 10):
 def new generation   total 68544K, used 68199K [0x24000000, 0x28a50000, 0x29550000)
  eden space 60992K,  99% used [0x24000000, 0x27b58108, 0x27b90000)
  from space 7552K,  98% used [0x282f0000, 0x28a31e98, 0x28a50000)
  to   space 7552K,   0% used [0x27b90000, 0x27b90000, 0x282f0000)
 tenured generation   total 152092K, used 119542K [0x29550000, 0x329d7000, 0x34000000)
   the space 152092K,  78% used [0x29550000, 0x30a0db10, 0x30a0dc00, 0x329d7000)
 compacting perm gen  total 12288K, used 10994K [0x34000000, 0x34c00000, 0x38000000)
   the space 12288K,  89% used [0x34000000, 0x34abc860, 0x34abca00, 0x34c00000)
    ro space 10240K,  42% used [0x38000000, 0x38434778, 0x38434800, 0x38a00000)
    rw space 12288K,  52% used [0x38a00000, 0x39049a68, 0x39049c00, 0x39600000)
Event: 175.226 GC heap after
Heap after GC invocations=53 (full 10):
 def new generation   total 68544K, used 7552K [0x24000000, 0x28a50000, 0x29550000)
  eden space 60992K,   0% used [0x24000000, 0x24000000, 0x27b90000)
  from space 7552K, 100% used [0x27b90000, 0x282f0000, 0x282f0000)
  to   space 7552K,   0% used [0x282f0000, 0x282f0000, 0x28a50000)
 tenured generation   total 152092K, used 134465K [0x29550000, 0x329d7000, 0x34000000)
   the space 152092K,  88% used [0x29550000, 0x318a0748, 0x318a0800, 0x329d7000)
 compacting perm gen  total 12288K, used 10994K [0x34000000, 0x34c00000, 0x38000000)
   the space 12288K,  89% used [0x34000000, 0x34abc860, 0x34abca00, 0x34c00000)
    ro space 10240K,  42% used [0x38000000, 0x38434778, 0x38434800, 0x38a00000)
    rw space 12288K,  52% used [0x38a00000, 0x39049a68, 0x39049c00, 0x39600000)
}

