# JRE version: Java(TM) SE Runtime Environment (7.0_60-b19) (build 1.7.0_60-b19)
# Java VM: Java HotSpot(TM) Client VM (24.60-b09 mixed mode, sharing windows-x86 )
Heap
 def new generation   total 23104K, used 9523K [0x24000000, 0x25910000, 0x29550000)
  eden space 20544K,  34% used [0x24000000, 0x246e5020, 0x25410000)
  from space 2560K,  96% used [0x25410000, 0x25677f10, 0x25690000)
  to   space 2560K,   0% used [0x25690000, 0x25690000, 0x25910000)
 tenured generation   total 51184K, used 50457K [0x29550000, 0x2c74c000, 0x34000000)
   the space 51184K,  98% used [0x29550000, 0x2c696748, 0x2c696800, 0x2c74c000)
 compacting perm gen  total 12288K, used 8813K [0x34000000, 0x34c00000, 0x38000000)
   the space 12288K,  71% used [0x34000000, 0x3489b480, 0x3489b600, 0x34c00000)
    ro space 10240K,  42% used [0x38000000, 0x38434778, 0x38434800, 0x38a00000)
    rw space 12288K,  52% used [0x38a00000, 0x39049a68, 0x39049c00, 0x39600000)
GC Heap History (10 events):
Event: 5.877 GC heap before
{Heap before GC invocations=14 (full 3):
 def new generation   total 13376K, used 11902K [0x24000000, 0x24e80000, 0x29550000)
  eden space 11904K,  99% used [0x24000000, 0x24b9fb50, 0x24ba0000)
  from space 1472K,   0% used [0x24ba0000, 0x24ba0000, 0x24d10000)
  to   space 1472K,   0% used [0x24d10000, 0x24d10000, 0x24e80000)
 tenured generation   total 29620K, used 17771K [0x29550000, 0x2b23d000, 0x34000000)
   the space 29620K,  59% used [0x29550000, 0x2a6aae40, 0x2a6ab000, 0x2b23d000)
 compacting perm gen  total 12288K, used 8778K [0x34000000, 0x34c00000, 0x38000000)
   the space 12288K,  71% used [0x34000000, 0x34892a88, 0x34892c00, 0x34c00000)
    ro space 10240K,  42% used [0x38000000, 0x38434778, 0x38434800, 0x38a00000)
    rw space 12288K,  52% used [0x38a00000, 0x39049a68, 0x39049c00, 0x39600000)
Event: 5.886 GC heap after
Heap after GC invocations=15 (full 3):
 def new generation   total 13376K, used 1127K [0x24000000, 0x24e80000, 0x29550000)
  eden space 11904K,   0% used [0x24000000, 0x24000000, 0x24ba0000)
  from space 1472K,  76% used [0x24d10000, 0x24e29ea0, 0x24e80000)
  to   space 1472K,   0% used [0x24ba0000, 0x24ba0000, 0x24d10000)
 tenured generation   total 29620K, used 23964K [0x29550000, 0x2b23d000, 0x34000000)
   the space 29620K,  80% used [0x29550000, 0x2acb7210, 0x2acb7400, 0x2b23d000)
 compacting perm gen  total 12288K, used 8778K [0x34000000, 0x34c00000, 0x38000000)
   the space 12288K,  71% used [0x34000000, 0x34892a88, 0x34892c00, 0x34c00000)
    ro space 10240K,  42% used [0x38000000, 0x38434778, 0x38434800, 0x38a00000)
    rw space 12288K,  52% used [0x38a00000, 0x39049a68, 0x39049c00, 0x39600000)
}
Event: 6.800 GC heap before
{Heap before GC invocations=15 (full 3):
 def new generation   total 13376K, used 13341K [0x24000000, 0x24e80000, 0x29550000)
  eden space 11904K, 100% used [0x24000000, 0x24ba0000, 0x24ba0000)
  from space 1472K,  97% used [0x24d10000, 0x24e77658, 0x24e80000)
  to   space 1472K,   0% used [0x24ba0000, 0x24ba0000, 0x24d10000)
 tenured generation   total 29620K, used 24476K [0x29550000, 0x2b23d000, 0x34000000)
   the space 29620K,  82% used [0x29550000, 0x2ad37230, 0x2ad37400, 0x2b23d000)
 compacting perm gen  total 12288K, used 8779K [0x34000000, 0x34c00000, 0x38000000)
   the space 12288K,  71% used [0x34000000, 0x34892c60, 0x34892e00, 0x34c00000)
    ro space 10240K,  42% used [0x38000000, 0x38434778, 0x38434800, 0x38a00000)
    rw space 12288K,  52% used [0x38a00000, 0x39049a68, 0x39049c00, 0x39600000)
Event: 6.805 GC heap after
Heap after GC invocations=16 (full 3):
 def new generation   total 13376K, used 1306K [0x24000000, 0x24e80000, 0x29550000)
  eden space 11904K,   0% used [0x24000000, 0x24000000, 0x24ba0000)
  from space 1472K,  88% used [0x24ba0000, 0x24ce6ba8, 0x24d10000)
  to   space 1472K,   0% used [0x24d10000, 0x24d10000, 0x24e80000)
 tenured generation   total 30916K, used 30855K [0x29550000, 0x2b381000, 0x34000000)
   the space 30916K,  99% used [0x29550000, 0x2b371f70, 0x2b372000, 0x2b381000)
 compacting perm gen  total 12288K, used 8779K [0x34000000, 0x34c00000, 0x38000000)
   the space 12288K,  71% used [0x34000000, 0x34892c60, 0x34892e00, 0x34c00000)
    ro space 10240K,  42% used [0x38000000, 0x38434778, 0x38434800, 0x38a00000)
    rw space 12288K,  52% used [0x38a00000, 0x39049a68, 0x39049c00, 0x39600000)
}
Event: 7.699 GC heap before
{Heap before GC invocations=16 (full 3):
 def new generation   total 13376K, used 13210K [0x24000000, 0x24e80000, 0x29550000)
  eden space 11904K,  99% used [0x24000000, 0x24b9ff98, 0x24ba0000)
  from space 1472K,  88% used [0x24ba0000, 0x24ce6ba8, 0x24d10000)
  to   space 1472K,   0% used [0x24d10000, 0x24d10000, 0x24e80000)
 tenured generation   total 30916K, used 30855K [0x29550000, 0x2b381000, 0x34000000)
   the space 30916K,  99% used [0x29550000, 0x2b371f70, 0x2b372000, 0x2b381000)
 compacting perm gen  total 12288K, used 8808K [0x34000000, 0x34c00000, 0x38000000)
   the space 12288K,  71% used [0x34000000, 0x3489a318, 0x3489a400, 0x34c00000)
    ro space 10240K,  42% used [0x38000000, 0x38434778, 0x38434800, 0x38a00000)
    rw space 12288K,  52% used [0x38a00000, 0x39049a68, 0x39049c00, 0x39600000)
Event: 7.773 GC heap after
Heap after GC invocations=17 (full 4):
 def new generation   total 23104K, used 0K [0x24000000, 0x25910000, 0x29550000)
  eden space 20544K,   0% used [0x24000000, 0x24000000, 0x25410000)
  from space 2560K,   0% used [0x25410000, 0x25410000, 0x25690000)
  to   space 2560K,   0% used [0x25690000, 0x25690000, 0x25910000)
 tenured generation   total 51184K, used 30709K [0x29550000, 0x2c74c000, 0x34000000)
   the space 51184K,  59% used [0x29550000, 0x2b34d638, 0x2b34d800, 0x2c74c000)
 compacting perm gen  total 12288K, used 8802K [0x34000000, 0x34c00000, 0x38000000)
   the space 12288K,  71% used [0x34000000, 0x348989c0, 0x34898a00, 0x34c00000)
    ro space 10240K,  42% used [0x38000000, 0x38434778, 0x38434800, 0x38a00000)
    rw space 12288K,  52% used [0x38a00000, 0x39049a68, 0x39049c00, 0x39600000)
}
Event: 9.528 GC heap before
{Heap before GC invocations=17 (full 4):
 def new generation   total 23104K, used 20600K [0x24000000, 0x25910000, 0x29550000)
  eden space 20544K, 100% used [0x24000000, 0x25410000, 0x25410000)
  from space 2560K,   2% used [0x25410000, 0x2541e358, 0x25690000)
  to   space 2560K,   0% used [0x25690000, 0x25690000, 0x25910000)
 tenured generation   total 51184K, used 30709K [0x29550000, 0x2c74c000, 0x34000000)
   the space 51184K,  59% used [0x29550000, 0x2b34d638, 0x2b34d800, 0x2c74c000)
 compacting perm gen  total 12288K, used 8802K [0x34000000, 0x34c00000, 0x38000000)
   the space 12288K,  71% used [0x34000000, 0x34898ad0, 0x34898c00, 0x34c00000)
    ro space 10240K,  42% used [0x38000000, 0x38434778, 0x38434800, 0x38a00000)
    rw space 12288K,  52% used [0x38a00000, 0x39049a68, 0x39049c00, 0x39600000)
Event: 9.534 GC heap after
Heap after GC invocations=18 (full 4):
 def new generation   total 23104K, used 2560K [0x24000000, 0x25910000, 0x29550000)
  eden space 20544K,   0% used [0x24000000, 0x24000000, 0x25410000)
  from space 2560K, 100% used [0x25690000, 0x25910000, 0x25910000)
  to   space 2560K,   0% used [0x25410000, 0x25410000, 0x25690000)
 tenured generation   total 51184K, used 41438K [0x29550000, 0x2c74c000, 0x34000000)
   the space 51184K,  80% used [0x29550000, 0x2bdc7bc0, 0x2bdc7c00, 0x2c74c000)
 compacting perm gen  total 12288K, used 8802K [0x34000000, 0x34c00000, 0x38000000)
   the space 12288K,  71% used [0x34000000, 0x34898ad0, 0x34898c00, 0x34c00000)
    ro space 10240K,  42% used [0x38000000, 0x38434778, 0x38434800, 0x38a00000)
    rw space 12288K,  52% used [0x38a00000, 0x39049a68, 0x39049c00, 0x39600000)
}
Event: 10.385 GC heap before
{Heap before GC invocations=18 (full 4):
 def new generation   total 23104K, used 22825K [0x24000000, 0x25910000, 0x29550000)
  eden space 20544K,  98% used [0x24000000, 0x253ca470, 0x25410000)
  from space 2560K, 100% used [0x25690000, 0x25910000, 0x25910000)
  to   space 2560K,   0% used [0x25410000, 0x25410000, 0x25690000)
 tenured generation   total 51184K, used 41438K [0x29550000, 0x2c74c000, 0x34000000)
   the space 51184K,  80% used [0x29550000, 0x2bdc7bc0, 0x2bdc7c00, 0x2c74c000)
 compacting perm gen  total 12288K, used 8802K [0x34000000, 0x34c00000, 0x38000000)
   the space 12288K,  71% used [0x34000000, 0x34898af0, 0x34898c00, 0x34c00000)
    ro space 10240K,  42% used [0x38000000, 0x38434778, 0x38434800, 0x38a00000)
    rw space 12288K,  52% used [0x38a00000, 0x39049a68, 0x39049c00, 0x39600000)
Event: 10.399 GC heap after
Heap after GC invocations=19 (full 4):
 def new generation   total 23104K, used 2463K [0x24000000, 0x25910000, 0x29550000)
  eden space 20544K,   0% used [0x24000000, 0x24000000, 0x25410000)
  from space 2560K,  96% used [0x25410000, 0x25677f10, 0x25690000)
  to   space 2560K,   0% used [0x25690000, 0x25690000, 0x25910000)
 tenured generation   total 51184K, used 50457K [0x29550000, 0x2c74c000, 0x34000000)
   the space 51184K,  98% used [0x29550000, 0x2c696748, 0x2c696800, 0x2c74c000)
 compacting perm gen  total 12288K, used 8802K [0x34000000, 0x34c00000, 0x38000000)
   the space 12288K,  71% used [0x34000000, 0x34898af0, 0x34898c00, 0x34c00000)
    ro space 10240K,  42% used [0x38000000, 0x38434778, 0x38434800, 0x38a00000)
    rw space 12288K,  52% used [0x38a00000, 0x39049a68, 0x39049c00, 0x39600000)
}

