# JRE version: Java(TM) SE Runtime Environment (7.0_60-b19) (build 1.7.0_60-b19)
# Java VM: Java HotSpot(TM) Client VM (24.60-b09 mixed mode, sharing windows-x86 )
Heap
 def new generation   total 69440K, used 15701K [0x24000000, 0x28b50000, 0x29550000)
  eden space 61760K,  18% used [0x24000000, 0x24b34c60, 0x27c50000)
  from space 7680K,  55% used [0x283d0000, 0x287f0800, 0x28b50000)
  to   space 7680K,   0% used [0x27c50000, 0x27c50000, 0x283d0000)
 tenured generation   total 154072K, used 118877K [0x29550000, 0x32bc6000, 0x34000000)
   the space 154072K,  77% used [0x29550000, 0x309675c8, 0x30967600, 0x32bc6000)
 compacting perm gen  total 12288K, used 11117K [0x34000000, 0x34c00000, 0x38000000)
   the space 12288K,  90% used [0x34000000, 0x34adb4a0, 0x34adb600, 0x34c00000)
    ro space 10240K,  42% used [0x38000000, 0x38434778, 0x38434800, 0x38a00000)
    rw space 12288K,  52% used [0x38a00000, 0x39049a68, 0x39049c00, 0x39600000)
GC Heap History (10 events):
Event: 311.998 GC heap before
{Heap before GC invocations=70 (full 10):
 def new generation   total 69440K, used 69308K [0x24000000, 0x28b50000, 0x29550000)
  eden space 61760K,  99% used [0x24000000, 0x27c2f0b8, 0x27c50000)
  from space 7680K, 100% used [0x27c50000, 0x283d0000, 0x283d0000)
  to   space 7680K,   0% used [0x283d0000, 0x283d0000, 0x28b50000)
 tenured generation   total 154072K, used 74106K [0x29550000, 0x32bc6000, 0x34000000)
   the space 154072K,  48% used [0x29550000, 0x2ddae900, 0x2ddaea00, 0x32bc6000)
 compacting perm gen  total 12288K, used 11106K [0x34000000, 0x34c00000, 0x38000000)
   the space 12288K,  90% used [0x34000000, 0x34ad8848, 0x34ad8a00, 0x34c00000)
    ro space 10240K,  42% used [0x38000000, 0x38434778, 0x38434800, 0x38a00000)
    rw space 12288K,  52% used [0x38a00000, 0x39049a68, 0x39049c00, 0x39600000)
Event: 312.004 GC heap after
Heap after GC invocations=71 (full 10):
 def new generation   total 69440K, used 7680K [0x24000000, 0x28b50000, 0x29550000)
  eden space 61760K,   0% used [0x24000000, 0x24000000, 0x27c50000)
  from space 7680K, 100% used [0x283d0000, 0x28b50000, 0x28b50000)
  to   space 7680K,   0% used [0x27c50000, 0x27c50000, 0x283d0000)
 tenured generation   total 154072K, used 80581K [0x29550000, 0x32bc6000, 0x34000000)
   the space 154072K,  52% used [0x29550000, 0x2e401490, 0x2e401600, 0x32bc6000)
 compacting perm gen  total 12288K, used 11106K [0x34000000, 0x34c00000, 0x38000000)
   the space 12288K,  90% used [0x34000000, 0x34ad8848, 0x34ad8a00, 0x34c00000)
    ro space 10240K,  42% used [0x38000000, 0x38434778, 0x38434800, 0x38a00000)
    rw space 12288K,  52% used [0x38a00000, 0x39049a68, 0x39049c00, 0x39600000)
}
Event: 321.855 GC heap before
{Heap before GC invocations=71 (full 10):
 def new generation   total 69440K, used 69440K [0x24000000, 0x28b50000, 0x29550000)
  eden space 61760K, 100% used [0x24000000, 0x27c50000, 0x27c50000)
  from space 7680K, 100% used [0x283d0000, 0x28b50000, 0x28b50000)
  to   space 7680K,   0% used [0x27c50000, 0x27c50000, 0x283d0000)
 tenured generation   total 154072K, used 80581K [0x29550000, 0x32bc6000, 0x34000000)
   the space 154072K,  52% used [0x29550000, 0x2e4014a0, 0x2e401600, 0x32bc6000)
 compacting perm gen  total 12288K, used 11115K [0x34000000, 0x34c00000, 0x38000000)
   the space 12288K,  90% used [0x34000000, 0x34adae78, 0x34adb000, 0x34c00000)
    ro space 10240K,  42% used [0x38000000, 0x38434778, 0x38434800, 0x38a00000)
    rw space 12288K,  52% used [0x38a00000, 0x39049a68, 0x39049c00, 0x39600000)
Event: 321.870 GC heap after
Heap after GC invocations=72 (full 10):
 def new generation   total 69440K, used 7680K [0x24000000, 0x28b50000, 0x29550000)
  eden space 61760K,   0% used [0x24000000, 0x24000000, 0x27c50000)
  from space 7680K, 100% used [0x27c50000, 0x283d0000, 0x283d0000)
  to   space 7680K,   0% used [0x283d0000, 0x283d0000, 0x28b50000)
 tenured generation   total 154072K, used 96589K [0x29550000, 0x32bc6000, 0x34000000)
   the space 154072K,  62% used [0x29550000, 0x2f3a34c8, 0x2f3a3600, 0x32bc6000)
 compacting perm gen  total 12288K, used 11115K [0x34000000, 0x34c00000, 0x38000000)
   the space 12288K,  90% used [0x34000000, 0x34adae78, 0x34adb000, 0x34c00000)
    ro space 10240K,  42% used [0x38000000, 0x38434778, 0x38434800, 0x38a00000)
    rw space 12288K,  52% used [0x38a00000, 0x39049a68, 0x39049c00, 0x39600000)
}
Event: 325.055 GC heap before
{Heap before GC invocations=72 (full 10):
 def new generation   total 69440K, used 69262K [0x24000000, 0x28b50000, 0x29550000)
  eden space 61760K,  99% used [0x24000000, 0x27c23898, 0x27c50000)
  from space 7680K, 100% used [0x27c50000, 0x283d0000, 0x283d0000)
  to   space 7680K,   0% used [0x283d0000, 0x283d0000, 0x28b50000)
 tenured generation   total 154072K, used 96589K [0x29550000, 0x32bc6000, 0x34000000)
   the space 154072K,  62% used [0x29550000, 0x2f3a34c8, 0x2f3a3600, 0x32bc6000)
 compacting perm gen  total 12288K, used 11115K [0x34000000, 0x34c00000, 0x38000000)
   the space 12288K,  90% used [0x34000000, 0x34adaeb8, 0x34adb000, 0x34c00000)
    ro space 10240K,  42% used [0x38000000, 0x38434778, 0x38434800, 0x38a00000)
    rw space 12288K,  52% used [0x38a00000, 0x39049a68, 0x39049c00, 0x39600000)
Event: 325.062 GC heap after
Heap after GC invocations=73 (full 10):
 def new generation   total 69440K, used 7631K [0x24000000, 0x28b50000, 0x29550000)
  eden space 61760K,   0% used [0x24000000, 0x24000000, 0x27c50000)
  from space 7680K,  99% used [0x283d0000, 0x28b43ee0, 0x28b50000)
  to   space 7680K,   0% used [0x27c50000, 0x27c50000, 0x283d0000)
 tenured generation   total 154072K, used 112676K [0x29550000, 0x32bc6000, 0x34000000)
   the space 154072K,  73% used [0x29550000, 0x303590b8, 0x30359200, 0x32bc6000)
 compacting perm gen  total 12288K, used 11115K [0x34000000, 0x34c00000, 0x38000000)
   the space 12288K,  90% used [0x34000000, 0x34adaeb8, 0x34adb000, 0x34c00000)
    ro space 10240K,  42% used [0x38000000, 0x38434778, 0x38434800, 0x38a00000)
    rw space 12288K,  52% used [0x38a00000, 0x39049a68, 0x39049c00, 0x39600000)
}
Event: 325.628 GC heap before
{Heap before GC invocations=73 (full 10):
 def new generation   total 69440K, used 69323K [0x24000000, 0x28b50000, 0x29550000)
  eden space 61760K,  99% used [0x24000000, 0x27c3efa0, 0x27c50000)
  from space 7680K,  99% used [0x283d0000, 0x28b43ee0, 0x28b50000)
  to   space 7680K,   0% used [0x27c50000, 0x27c50000, 0x283d0000)
 tenured generation   total 154072K, used 112676K [0x29550000, 0x32bc6000, 0x34000000)
   the space 154072K,  73% used [0x29550000, 0x303590b8, 0x30359200, 0x32bc6000)
 compacting perm gen  total 12288K, used 11115K [0x34000000, 0x34c00000, 0x38000000)
   the space 12288K,  90% used [0x34000000, 0x34adaeb8, 0x34adb000, 0x34c00000)
    ro space 10240K,  42% used [0x38000000, 0x38434778, 0x38434800, 0x38a00000)
    rw space 12288K,  52% used [0x38a00000, 0x39049a68, 0x39049c00, 0x39600000)
Event: 325.631 GC heap after
Heap after GC invocations=74 (full 10):
 def new generation   total 69440K, used 2137K [0x24000000, 0x28b50000, 0x29550000)
  eden space 61760K,   0% used [0x24000000, 0x24000000, 0x27c50000)
  from space 7680K,  27% used [0x27c50000, 0x27e667e8, 0x283d0000)
  to   space 7680K,   0% used [0x283d0000, 0x283d0000, 0x28b50000)
 tenured generation   total 154072K, used 118877K [0x29550000, 0x32bc6000, 0x34000000)
   the space 154072K,  77% used [0x29550000, 0x309675c8, 0x30967600, 0x32bc6000)
 compacting perm gen  total 12288K, used 11115K [0x34000000, 0x34c00000, 0x38000000)
   the space 12288K,  90% used [0x34000000, 0x34adaeb8, 0x34adb000, 0x34c00000)
    ro space 10240K,  42% used [0x38000000, 0x38434778, 0x38434800, 0x38a00000)
    rw space 12288K,  52% used [0x38a00000, 0x39049a68, 0x39049c00, 0x39600000)
}
Event: 326.167 GC heap before
{Heap before GC invocations=74 (full 10):
 def new generation   total 69440K, used 63846K [0x24000000, 0x28b50000, 0x29550000)
  eden space 61760K,  99% used [0x24000000, 0x27c431b8, 0x27c50000)
  from space 7680K,  27% used [0x27c50000, 0x27e667e8, 0x283d0000)
  to   space 7680K,   0% used [0x283d0000, 0x283d0000, 0x28b50000)
 tenured generation   total 154072K, used 118877K [0x29550000, 0x32bc6000, 0x34000000)
   the space 154072K,  77% used [0x29550000, 0x309675c8, 0x30967600, 0x32bc6000)
 compacting perm gen  total 12288K, used 11115K [0x34000000, 0x34c00000, 0x38000000)
   the space 12288K,  90% used [0x34000000, 0x34adaeb8, 0x34adb000, 0x34c00000)
    ro space 10240K,  42% used [0x38000000, 0x38434778, 0x38434800, 0x38a00000)
    rw space 12288K,  52% used [0x38a00000, 0x39049a68, 0x39049c00, 0x39600000)
Event: 326.168 GC heap after
Heap after GC invocations=75 (full 10):
 def new generation   total 69440K, used 4226K [0x24000000, 0x28b50000, 0x29550000)
  eden space 61760K,   0% used [0x24000000, 0x24000000, 0x27c50000)
  from space 7680K,  55% used [0x283d0000, 0x287f0800, 0x28b50000)
  to   space 7680K,   0% used [0x27c50000, 0x27c50000, 0x283d0000)
 tenured generation   total 154072K, used 118877K [0x29550000, 0x32bc6000, 0x34000000)
   the space 154072K,  77% used [0x29550000, 0x309675c8, 0x30967600, 0x32bc6000)
 compacting perm gen  total 12288K, used 11115K [0x34000000, 0x34c00000, 0x38000000)
   the space 12288K,  90% used [0x34000000, 0x34adaeb8, 0x34adb000, 0x34c00000)
    ro space 10240K,  42% used [0x38000000, 0x38434778, 0x38434800, 0x38a00000)
    rw space 12288K,  52% used [0x38a00000, 0x39049a68, 0x39049c00, 0x39600000)
}

