# JRE version: Java(TM) SE Runtime Environment (7.0_60-b19) (build 1.7.0_60-b19)
# Java VM: Java HotSpot(TM) Client VM (24.60-b09 mixed mode, sharing windows-x86 )
Heap
 def new generation   total 34624K, used 4717K [0x24000000, 0x26590000, 0x29550000)
  eden space 30784K,   2% used [0x24000000, 0x240db7d8, 0x25e10000)
  from space 3840K, 100% used [0x25e10000, 0x261d0000, 0x261d0000)
  to   space 3840K,   0% used [0x261d0000, 0x261d0000, 0x26590000)
 tenured generation   total 76828K, used 48719K [0x29550000, 0x2e057000, 0x34000000)
   the space 76828K,  63% used [0x29550000, 0x2c4e3dc0, 0x2c4e3e00, 0x2e057000)
 compacting perm gen  total 12288K, used 9603K [0x34000000, 0x34c00000, 0x38000000)
   the space 12288K,  78% used [0x34000000, 0x34960df0, 0x34960e00, 0x34c00000)
    ro space 10240K,  42% used [0x38000000, 0x38434778, 0x38434800, 0x38a00000)
    rw space 12288K,  52% used [0x38a00000, 0x39049a68, 0x39049c00, 0x39600000)
GC Heap History (10 events):
Event: 33.836 GC heap before
{Heap before GC invocations=63 (full 6):
 def new generation   total 34624K, used 30786K [0x24000000, 0x26590000, 0x29550000)
  eden space 30784K, 100% used [0x24000000, 0x25e10000, 0x25e10000)
  from space 3840K,   0% used [0x261d0000, 0x261d0828, 0x26590000)
  to   space 3840K,   0% used [0x25e10000, 0x25e10000, 0x261d0000)
 tenured generation   total 76828K, used 46095K [0x29550000, 0x2e057000, 0x34000000)
   the space 76828K,  59% used [0x29550000, 0x2c253e98, 0x2c254000, 0x2e057000)
 compacting perm gen  total 12288K, used 9527K [0x34000000, 0x34c00000, 0x38000000)
   the space 12288K,  77% used [0x34000000, 0x3494de68, 0x3494e000, 0x34c00000)
    ro space 10240K,  42% used [0x38000000, 0x38434778, 0x38434800, 0x38a00000)
    rw space 12288K,  52% used [0x38a00000, 0x39049a68, 0x39049c00, 0x39600000)
Event: 33.837 GC heap after
Heap after GC invocations=64 (full 6):
 def new generation   total 34624K, used 2K [0x24000000, 0x26590000, 0x29550000)
  eden space 30784K,   0% used [0x24000000, 0x24000000, 0x25e10000)
  from space 3840K,   0% used [0x25e10000, 0x25e10828, 0x261d0000)
  to   space 3840K,   0% used [0x261d0000, 0x261d0000, 0x26590000)
 tenured generation   total 76828K, used 46095K [0x29550000, 0x2e057000, 0x34000000)
   the space 76828K,  59% used [0x29550000, 0x2c253e98, 0x2c254000, 0x2e057000)
 compacting perm gen  total 12288K, used 9527K [0x34000000, 0x34c00000, 0x38000000)
   the space 12288K,  77% used [0x34000000, 0x3494de68, 0x3494e000, 0x34c00000)
    ro space 10240K,  42% used [0x38000000, 0x38434778, 0x38434800, 0x38a00000)
    rw space 12288K,  52% used [0x38a00000, 0x39049a68, 0x39049c00, 0x39600000)
}
Event: 33.878 GC heap before
{Heap before GC invocations=64 (full 6):
 def new generation   total 34624K, used 30786K [0x24000000, 0x26590000, 0x29550000)
  eden space 30784K, 100% used [0x24000000, 0x25e10000, 0x25e10000)
  from space 3840K,   0% used [0x25e10000, 0x25e10828, 0x261d0000)
  to   space 3840K,   0% used [0x261d0000, 0x261d0000, 0x26590000)
 tenured generation   total 76828K, used 46095K [0x29550000, 0x2e057000, 0x34000000)
   the space 76828K,  59% used [0x29550000, 0x2c253e98, 0x2c254000, 0x2e057000)
 compacting perm gen  total 12288K, used 9527K [0x34000000, 0x34c00000, 0x38000000)
   the space 12288K,  77% used [0x34000000, 0x3494de68, 0x3494e000, 0x34c00000)
    ro space 10240K,  42% used [0x38000000, 0x38434778, 0x38434800, 0x38a00000)
    rw space 12288K,  52% used [0x38a00000, 0x39049a68, 0x39049c00, 0x39600000)
Event: 33.879 GC heap after
Heap after GC invocations=65 (full 6):
 def new generation   total 34624K, used 2K [0x24000000, 0x26590000, 0x29550000)
  eden space 30784K,   0% used [0x24000000, 0x24000000, 0x25e10000)
  from space 3840K,   0% used [0x261d0000, 0x261d0828, 0x26590000)
  to   space 3840K,   0% used [0x25e10000, 0x25e10000, 0x261d0000)
 tenured generation   total 76828K, used 46095K [0x29550000, 0x2e057000, 0x34000000)
   the space 76828K,  59% used [0x29550000, 0x2c253e98, 0x2c254000, 0x2e057000)
 compacting perm gen  total 12288K, used 9527K [0x34000000, 0x34c00000, 0x38000000)
   the space 12288K,  77% used [0x34000000, 0x3494de68, 0x3494e000, 0x34c00000)
    ro space 10240K,  42% used [0x38000000, 0x38434778, 0x38434800, 0x38a00000)
    rw space 12288K,  52% used [0x38a00000, 0x39049a68, 0x39049c00, 0x39600000)
}
Event: 33.921 GC heap before
{Heap before GC invocations=65 (full 6):
 def new generation   total 34624K, used 30786K [0x24000000, 0x26590000, 0x29550000)
  eden space 30784K, 100% used [0x24000000, 0x25e10000, 0x25e10000)
  from space 3840K,   0% used [0x261d0000, 0x261d0828, 0x26590000)
  to   space 3840K,   0% used [0x25e10000, 0x25e10000, 0x261d0000)
 tenured generation   total 76828K, used 46095K [0x29550000, 0x2e057000, 0x34000000)
   the space 76828K,  59% used [0x29550000, 0x2c253e98, 0x2c254000, 0x2e057000)
 compacting perm gen  total 12288K, used 9527K [0x34000000, 0x34c00000, 0x38000000)
   the space 12288K,  77% used [0x34000000, 0x3494de68, 0x3494e000, 0x34c00000)
    ro space 10240K,  42% used [0x38000000, 0x38434778, 0x38434800, 0x38a00000)
    rw space 12288K,  52% used [0x38a00000, 0x39049a68, 0x39049c00, 0x39600000)
Event: 33.921 GC heap after
Heap after GC invocations=66 (full 6):
 def new generation   total 34624K, used 2K [0x24000000, 0x26590000, 0x29550000)
  eden space 30784K,   0% used [0x24000000, 0x24000000, 0x25e10000)
  from space 3840K,   0% used [0x25e10000, 0x25e10828, 0x261d0000)
  to   space 3840K,   0% used [0x261d0000, 0x261d0000, 0x26590000)
 tenured generation   total 76828K, used 46095K [0x29550000, 0x2e057000, 0x34000000)
   the space 76828K,  59% used [0x29550000, 0x2c253e98, 0x2c254000, 0x2e057000)
 compacting perm gen  total 12288K, used 9527K [0x34000000, 0x34c00000, 0x38000000)
   the space 12288K,  77% used [0x34000000, 0x3494de68, 0x3494e000, 0x34c00000)
    ro space 10240K,  42% used [0x38000000, 0x38434778, 0x38434800, 0x38a00000)
    rw space 12288K,  52% used [0x38a00000, 0x39049a68, 0x39049c00, 0x39600000)
}
Event: 35.095 GC heap before
{Heap before GC invocations=66 (full 6):
 def new generation   total 34624K, used 30786K [0x24000000, 0x26590000, 0x29550000)
  eden space 30784K, 100% used [0x24000000, 0x25e10000, 0x25e10000)
  from space 3840K,   0% used [0x25e10000, 0x25e10840, 0x261d0000)
  to   space 3840K,   0% used [0x261d0000, 0x261d0000, 0x26590000)
 tenured generation   total 76828K, used 46095K [0x29550000, 0x2e057000, 0x34000000)
   the space 76828K,  59% used [0x29550000, 0x2c253e98, 0x2c254000, 0x2e057000)
 compacting perm gen  total 12288K, used 9536K [0x34000000, 0x34c00000, 0x38000000)
   the space 12288K,  77% used [0x34000000, 0x34950008, 0x34950200, 0x34c00000)
    ro space 10240K,  42% used [0x38000000, 0x38434778, 0x38434800, 0x38a00000)
    rw space 12288K,  52% used [0x38a00000, 0x39049a68, 0x39049c00, 0x39600000)
Event: 35.097 GC heap after
Heap after GC invocations=67 (full 6):
 def new generation   total 34624K, used 225K [0x24000000, 0x26590000, 0x29550000)
  eden space 30784K,   0% used [0x24000000, 0x24000000, 0x25e10000)
  from space 3840K,   5% used [0x261d0000, 0x26208630, 0x26590000)
  to   space 3840K,   0% used [0x25e10000, 0x25e10000, 0x261d0000)
 tenured generation   total 76828K, used 46095K [0x29550000, 0x2e057000, 0x34000000)
   the space 76828K,  59% used [0x29550000, 0x2c253e98, 0x2c254000, 0x2e057000)
 compacting perm gen  total 12288K, used 9536K [0x34000000, 0x34c00000, 0x38000000)
   the space 12288K,  77% used [0x34000000, 0x34950008, 0x34950200, 0x34c00000)
    ro space 10240K,  42% used [0x38000000, 0x38434778, 0x38434800, 0x38a00000)
    rw space 12288K,  52% used [0x38a00000, 0x39049a68, 0x39049c00, 0x39600000)
}
Event: 48.648 GC heap before
{Heap before GC invocations=67 (full 6):
 def new generation   total 34624K, used 31009K [0x24000000, 0x26590000, 0x29550000)
  eden space 30784K, 100% used [0x24000000, 0x25e10000, 0x25e10000)
  from space 3840K,   5% used [0x261d0000, 0x26208630, 0x26590000)
  to   space 3840K,   0% used [0x25e10000, 0x25e10000, 0x261d0000)
 tenured generation   total 76828K, used 46095K [0x29550000, 0x2e057000, 0x34000000)
   the space 76828K,  59% used [0x29550000, 0x2c253e98, 0x2c254000, 0x2e057000)
 compacting perm gen  total 12288K, used 9599K [0x34000000, 0x34c00000, 0x38000000)
   the space 12288K,  78% used [0x34000000, 0x3495ffa0, 0x34960000, 0x34c00000)
    ro space 10240K,  42% used [0x38000000, 0x38434778, 0x38434800, 0x38a00000)
    rw space 12288K,  52% used [0x38a00000, 0x39049a68, 0x39049c00, 0x39600000)
Event: 48.654 GC heap after
Heap after GC invocations=68 (full 6):
 def new generation   total 34624K, used 3840K [0x24000000, 0x26590000, 0x29550000)
  eden space 30784K,   0% used [0x24000000, 0x24000000, 0x25e10000)
  from space 3840K, 100% used [0x25e10000, 0x261d0000, 0x261d0000)
  to   space 3840K,   0% used [0x261d0000, 0x261d0000, 0x26590000)
 tenured generation   total 76828K, used 48719K [0x29550000, 0x2e057000, 0x34000000)
   the space 76828K,  63% used [0x29550000, 0x2c4e3dc0, 0x2c4e3e00, 0x2e057000)
 compacting perm gen  total 12288K, used 9599K [0x34000000, 0x34c00000, 0x38000000)
   the space 12288K,  78% used [0x34000000, 0x3495ffa0, 0x34960000, 0x34c00000)
    ro space 10240K,  42% used [0x38000000, 0x38434778, 0x38434800, 0x38a00000)
    rw space 12288K,  52% used [0x38a00000, 0x39049a68, 0x39049c00, 0x39600000)
}

