# JRE version: Java(TM) SE Runtime Environment (7.0_60-b19) (build 1.7.0_60-b19)
# Java VM: Java HotSpot(TM) Client VM (24.60-b09 mixed mode, sharing windows-x86 )
Heap
 def new generation   total 15552K, used 3000K [0x24000000, 0x250e0000, 0x29550000)
  eden space 13824K,   9% used [0x24000000, 0x2413e168, 0x24d80000)
  from space 1728K, 100% used [0x24f30000, 0x250e0000, 0x250e0000)
  to   space 1728K,   0% used [0x24d80000, 0x24d80000, 0x24f30000)
 tenured generation   total 34280K, used 23758K [0x29550000, 0x2b6ca000, 0x34000000)
   the space 34280K,  69% used [0x29550000, 0x2ac83af0, 0x2ac83c00, 0x2b6ca000)
 compacting perm gen  total 12288K, used 9488K [0x34000000, 0x34c00000, 0x38000000)
   the space 12288K,  77% used [0x34000000, 0x34944228, 0x34944400, 0x34c00000)
    ro space 10240K,  42% used [0x38000000, 0x38434778, 0x38434800, 0x38a00000)
    rw space 12288K,  52% used [0x38a00000, 0x39049a68, 0x39049c00, 0x39600000)
GC Heap History (10 events):
Event: 3.589 GC heap before
{Heap before GC invocations=12 (full 2):
 def new generation   total 9728K, used 7553K [0x24000000, 0x24a80000, 0x29550000)
  eden space 8704K,  86% used [0x24000000, 0x2475fcd8, 0x24880000)
  from space 1024K,   0% used [0x24880000, 0x24880ac8, 0x24980000)
  to   space 1024K,   0% used [0x24980000, 0x24980000, 0x24a80000)
 tenured generation   total 21368K, used 18864K [0x29550000, 0x2aa2e000, 0x34000000)
   the space 21368K,  88% used [0x29550000, 0x2a7bc000, 0x2a7bc000, 0x2aa2e000)
 compacting perm gen  total 12288K, used 8500K [0x34000000, 0x34c00000, 0x38000000)
   the space 12288K,  69% used [0x34000000, 0x3484d070, 0x3484d200, 0x34c00000)
    ro space 10240K,  42% used [0x38000000, 0x38434778, 0x38434800, 0x38a00000)
    rw space 12288K,  52% used [0x38a00000, 0x39049a68, 0x39049c00, 0x39600000)
Event: 3.644 GC heap after
Heap after GC invocations=13 (full 3):
 def new generation   total 11776K, used 0K [0x24000000, 0x24cc0000, 0x29550000)
  eden space 10496K,   0% used [0x24000000, 0x24000000, 0x24a40000)
  from space 1280K,   0% used [0x24a40000, 0x24a40000, 0x24b80000)
  to   space 1280K,   0% used [0x24b80000, 0x24b80000, 0x24cc0000)
 tenured generation   total 25932K, used 15559K [0x29550000, 0x2aea3000, 0x34000000)
   the space 25932K,  59% used [0x29550000, 0x2a481c30, 0x2a481e00, 0x2aea3000)
 compacting perm gen  total 12288K, used 8500K [0x34000000, 0x34c00000, 0x38000000)
   the space 12288K,  69% used [0x34000000, 0x3484d070, 0x3484d200, 0x34c00000)
    ro space 10240K,  42% used [0x38000000, 0x38434778, 0x38434800, 0x38a00000)
    rw space 12288K,  52% used [0x38a00000, 0x39049a68, 0x39049c00, 0x39600000)
}
Event: 4.213 GC heap before
{Heap before GC invocations=13 (full 3):
 def new generation   total 11776K, used 10496K [0x24000000, 0x24cc0000, 0x29550000)
  eden space 10496K, 100% used [0x24000000, 0x24a40000, 0x24a40000)
  from space 1280K,   0% used [0x24a40000, 0x24a40000, 0x24b80000)
  to   space 1280K,   0% used [0x24b80000, 0x24b80000, 0x24cc0000)
 tenured generation   total 25932K, used 15559K [0x29550000, 0x2aea3000, 0x34000000)
   the space 25932K,  59% used [0x29550000, 0x2a481c30, 0x2a481e00, 0x2aea3000)
 compacting perm gen  total 12288K, used 8524K [0x34000000, 0x34c00000, 0x38000000)
   the space 12288K,  69% used [0x34000000, 0x34853368, 0x34853400, 0x34c00000)
    ro space 10240K,  42% used [0x38000000, 0x38434778, 0x38434800, 0x38a00000)
    rw space 12288K,  52% used [0x38a00000, 0x39049a68, 0x39049c00, 0x39600000)
Event: 4.218 GC heap after
Heap after GC invocations=14 (full 3):
 def new generation   total 11776K, used 1280K [0x24000000, 0x24cc0000, 0x29550000)
  eden space 10496K,   0% used [0x24000000, 0x24000000, 0x24a40000)
  from space 1280K, 100% used [0x24b80000, 0x24cc0000, 0x24cc0000)
  to   space 1280K,   0% used [0x24a40000, 0x24a40000, 0x24b80000)
 tenured generation   total 25932K, used 22043K [0x29550000, 0x2aea3000, 0x34000000)
   the space 25932K,  85% used [0x29550000, 0x2aad6e30, 0x2aad7000, 0x2aea3000)
 compacting perm gen  total 12288K, used 8524K [0x34000000, 0x34c00000, 0x38000000)
   the space 12288K,  69% used [0x34000000, 0x34853368, 0x34853400, 0x34c00000)
    ro space 10240K,  42% used [0x38000000, 0x38434778, 0x38434800, 0x38a00000)
    rw space 12288K,  52% used [0x38a00000, 0x39049a68, 0x39049c00, 0x39600000)
}
Event: 11.257 GC heap before
{Heap before GC invocations=14 (full 3):
 def new generation   total 11776K, used 9917K [0x24000000, 0x24cc0000, 0x29550000)
  eden space 10496K,  82% used [0x24000000, 0x2486f7f8, 0x24a40000)
  from space 1280K, 100% used [0x24b80000, 0x24cc0000, 0x24cc0000)
  to   space 1280K,   0% used [0x24a40000, 0x24a40000, 0x24b80000)
 tenured generation   total 25932K, used 22043K [0x29550000, 0x2aea3000, 0x34000000)
   the space 25932K,  85% used [0x29550000, 0x2aad6e30, 0x2aad7000, 0x2aea3000)
 compacting perm gen  total 12288K, used 9257K [0x34000000, 0x34c00000, 0x38000000)
   the space 12288K,  75% used [0x34000000, 0x3490a538, 0x3490a600, 0x34c00000)
    ro space 10240K,  42% used [0x38000000, 0x38434778, 0x38434800, 0x38a00000)
    rw space 12288K,  52% used [0x38a00000, 0x39049a68, 0x39049c00, 0x39600000)
Event: 11.262 GC heap after
Heap after GC invocations=15 (full 3):
 def new generation   total 11776K, used 1280K [0x24000000, 0x24cc0000, 0x29550000)
  eden space 10496K,   0% used [0x24000000, 0x24000000, 0x24a40000)
  from space 1280K, 100% used [0x24a40000, 0x24b80000, 0x24b80000)
  to   space 1280K,   0% used [0x24b80000, 0x24b80000, 0x24cc0000)
 tenured generation   total 25932K, used 24409K [0x29550000, 0x2aea3000, 0x34000000)
   the space 25932K,  94% used [0x29550000, 0x2ad26648, 0x2ad26800, 0x2aea3000)
 compacting perm gen  total 12288K, used 9257K [0x34000000, 0x34c00000, 0x38000000)
   the space 12288K,  75% used [0x34000000, 0x3490a538, 0x3490a600, 0x34c00000)
    ro space 10240K,  42% used [0x38000000, 0x38434778, 0x38434800, 0x38a00000)
    rw space 12288K,  52% used [0x38a00000, 0x39049a68, 0x39049c00, 0x39600000)
}
Event: 11.362 GC heap before
{Heap before GC invocations=15 (full 3):
 def new generation   total 11776K, used 11776K [0x24000000, 0x24cc0000, 0x29550000)
  eden space 10496K, 100% used [0x24000000, 0x24a40000, 0x24a40000)
  from space 1280K, 100% used [0x24a40000, 0x24b80000, 0x24b80000)
  to   space 1280K,   0% used [0x24b80000, 0x24b80000, 0x24cc0000)
 tenured generation   total 25932K, used 24409K [0x29550000, 0x2aea3000, 0x34000000)
   the space 25932K,  94% used [0x29550000, 0x2ad26648, 0x2ad26800, 0x2aea3000)
 compacting perm gen  total 12288K, used 9257K [0x34000000, 0x34c00000, 0x38000000)
   the space 12288K,  75% used [0x34000000, 0x3490a5e8, 0x3490a600, 0x34c00000)
    ro space 10240K,  42% used [0x38000000, 0x38434778, 0x38434800, 0x38a00000)
    rw space 12288K,  52% used [0x38a00000, 0x39049a68, 0x39049c00, 0x39600000)
Event: 11.434 GC heap after
Heap after GC invocations=16 (full 4):
 def new generation   total 15552K, used 0K [0x24000000, 0x250e0000, 0x29550000)
  eden space 13824K,   0% used [0x24000000, 0x24000000, 0x24d80000)
  from space 1728K,   0% used [0x24d80000, 0x24d80000, 0x24f30000)
  to   space 1728K,   0% used [0x24f30000, 0x24f30000, 0x250e0000)
 tenured generation   total 34280K, used 20566K [0x29550000, 0x2b6ca000, 0x34000000)
   the space 34280K,  59% used [0x29550000, 0x2a965a10, 0x2a965c00, 0x2b6ca000)
 compacting perm gen  total 12288K, used 9250K [0x34000000, 0x34c00000, 0x38000000)
   the space 12288K,  75% used [0x34000000, 0x34908b30, 0x34908c00, 0x34c00000)
    ro space 10240K,  42% used [0x38000000, 0x38434778, 0x38434800, 0x38a00000)
    rw space 12288K,  52% used [0x38a00000, 0x39049a68, 0x39049c00, 0x39600000)
}
Event: 13.297 GC heap before
{Heap before GC invocations=16 (full 4):
 def new generation   total 15552K, used 13824K [0x24000000, 0x250e0000, 0x29550000)
  eden space 13824K, 100% used [0x24000000, 0x24d80000, 0x24d80000)
  from space 1728K,   0% used [0x24d80000, 0x24d80000, 0x24f30000)
  to   space 1728K,   0% used [0x24f30000, 0x24f30000, 0x250e0000)
 tenured generation   total 34280K, used 20566K [0x29550000, 0x2b6ca000, 0x34000000)
   the space 34280K,  59% used [0x29550000, 0x2a965a10, 0x2a965c00, 0x2b6ca000)
 compacting perm gen  total 12288K, used 9484K [0x34000000, 0x34c00000, 0x38000000)
   the space 12288K,  77% used [0x34000000, 0x349433a8, 0x34943400, 0x34c00000)
    ro space 10240K,  42% used [0x38000000, 0x38434778, 0x38434800, 0x38a00000)
    rw space 12288K,  52% used [0x38a00000, 0x39049a68, 0x39049c00, 0x39600000)
Event: 13.300 GC heap after
Heap after GC invocations=17 (full 4):
 def new generation   total 15552K, used 1728K [0x24000000, 0x250e0000, 0x29550000)
  eden space 13824K,   0% used [0x24000000, 0x24000000, 0x24d80000)
  from space 1728K, 100% used [0x24f30000, 0x250e0000, 0x250e0000)
  to   space 1728K,   0% used [0x24d80000, 0x24d80000, 0x24f30000)
 tenured generation   total 34280K, used 23758K [0x29550000, 0x2b6ca000, 0x34000000)
   the space 34280K,  69% used [0x29550000, 0x2ac83af0, 0x2ac83c00, 0x2b6ca000)
 compacting perm gen  total 12288K, used 9484K [0x34000000, 0x34c00000, 0x38000000)
   the space 12288K,  77% used [0x34000000, 0x349433a8, 0x34943400, 0x34c00000)
    ro space 10240K,  42% used [0x38000000, 0x38434778, 0x38434800, 0x38a00000)
    rw space 12288K,  52% used [0x38a00000, 0x39049a68, 0x39049c00, 0x39600000)
}

