# JRE version: Java(TM) SE Runtime Environment (7.0_60-b19) (build 1.7.0_60-b19)
# Java VM: Java HotSpot(TM) Client VM (24.60-b09 mixed mode, sharing windows-x86 )
Heap
 def new generation   total 13376K, used 7680K [0x24000000, 0x24e80000, 0x29550000)
  eden space 11904K,  64% used [0x24000000, 0x247800b0, 0x24ba0000)
  from space 1472K,   0% used [0x24ba0000, 0x24ba0000, 0x24d10000)
  to   space 1472K,   0% used [0x24d10000, 0x24d10000, 0x24e80000)
 tenured generation   total 29544K, used 17724K [0x29550000, 0x2b22a000, 0x34000000)
   the space 29544K,  59% used [0x29550000, 0x2a69f128, 0x2a69f200, 0x2b22a000)
 compacting perm gen  total 12288K, used 8555K [0x34000000, 0x34c00000, 0x38000000)
   the space 12288K,  69% used [0x34000000, 0x3485aec8, 0x3485b000, 0x34c00000)
    ro space 10240K,  42% used [0x38000000, 0x38434778, 0x38434800, 0x38a00000)
    rw space 12288K,  52% used [0x38a00000, 0x39049a68, 0x39049c00, 0x39600000)
GC Heap History (10 events):
Event: 2.608 GC heap before
{Heap before GC invocations=9 (full 1):
 def new generation   total 9408K, used 9407K [0x24000000, 0x24a30000, 0x29550000)
  eden space 8384K, 100% used [0x24000000, 0x24830000, 0x24830000)
  from space 1024K,  99% used [0x24930000, 0x24a2fff8, 0x24a30000)
  to   space 1024K,   0% used [0x24830000, 0x24830000, 0x24930000)
 tenured generation   total 20748K, used 15792K [0x29550000, 0x2a993000, 0x34000000)
   the space 20748K,  76% used [0x29550000, 0x2a4bc328, 0x2a4bc400, 0x2a993000)
 compacting perm gen  total 12288K, used 7715K [0x34000000, 0x34c00000, 0x38000000)
   the space 12288K,  62% used [0x34000000, 0x34788c50, 0x34788e00, 0x34c00000)
    ro space 10240K,  42% used [0x38000000, 0x38434778, 0x38434800, 0x38a00000)
    rw space 12288K,  52% used [0x38a00000, 0x39049a68, 0x39049c00, 0x39600000)
Event: 2.617 GC heap after
Heap after GC invocations=10 (full 1):
 def new generation   total 9408K, used 1023K [0x24000000, 0x24a30000, 0x29550000)
  eden space 8384K,   0% used [0x24000000, 0x24000000, 0x24830000)
  from space 1024K,  99% used [0x24830000, 0x2492fff8, 0x24930000)
  to   space 1024K,   0% used [0x24930000, 0x24930000, 0x24a30000)
 tenured generation   total 20748K, used 17349K [0x29550000, 0x2a993000, 0x34000000)
   the space 20748K,  83% used [0x29550000, 0x2a641720, 0x2a641800, 0x2a993000)
 compacting perm gen  total 12288K, used 7715K [0x34000000, 0x34c00000, 0x38000000)
   the space 12288K,  62% used [0x34000000, 0x34788c50, 0x34788e00, 0x34c00000)
    ro space 10240K,  42% used [0x38000000, 0x38434778, 0x38434800, 0x38a00000)
    rw space 12288K,  52% used [0x38a00000, 0x39049a68, 0x39049c00, 0x39600000)
}
Event: 2.730 GC heap before
{Heap before GC invocations=10 (full 1):
 def new generation   total 9408K, used 9407K [0x24000000, 0x24a30000, 0x29550000)
  eden space 8384K, 100% used [0x24000000, 0x24830000, 0x24830000)
  from space 1024K,  99% used [0x24830000, 0x2492fff8, 0x24930000)
  to   space 1024K,   0% used [0x24930000, 0x24930000, 0x24a30000)
 tenured generation   total 20748K, used 17349K [0x29550000, 0x2a993000, 0x34000000)
   the space 20748K,  83% used [0x29550000, 0x2a641720, 0x2a641800, 0x2a993000)
 compacting perm gen  total 12288K, used 8308K [0x34000000, 0x34c00000, 0x38000000)
   the space 12288K,  67% used [0x34000000, 0x3481d080, 0x3481d200, 0x34c00000)
    ro space 10240K,  42% used [0x38000000, 0x38434778, 0x38434800, 0x38a00000)
    rw space 12288K,  52% used [0x38a00000, 0x39049a68, 0x39049c00, 0x39600000)
Event: 2.736 GC heap after
Heap after GC invocations=11 (full 1):
 def new generation   total 9408K, used 1024K [0x24000000, 0x24a30000, 0x29550000)
  eden space 8384K,   0% used [0x24000000, 0x24000000, 0x24830000)
  from space 1024K, 100% used [0x24930000, 0x24a30000, 0x24a30000)
  to   space 1024K,   0% used [0x24830000, 0x24830000, 0x24930000)
 tenured generation   total 20748K, used 19568K [0x29550000, 0x2a993000, 0x34000000)
   the space 20748K,  94% used [0x29550000, 0x2a86c320, 0x2a86c400, 0x2a993000)
 compacting perm gen  total 12288K, used 8308K [0x34000000, 0x34c00000, 0x38000000)
   the space 12288K,  67% used [0x34000000, 0x3481d080, 0x3481d200, 0x34c00000)
    ro space 10240K,  42% used [0x38000000, 0x38434778, 0x38434800, 0x38a00000)
    rw space 12288K,  52% used [0x38a00000, 0x39049a68, 0x39049c00, 0x39600000)
}
Event: 2.833 GC heap before
{Heap before GC invocations=11 (full 1):
 def new generation   total 9408K, used 8263K [0x24000000, 0x24a30000, 0x29550000)
  eden space 8384K,  86% used [0x24000000, 0x24711ca8, 0x24830000)
  from space 1024K, 100% used [0x24930000, 0x24a30000, 0x24a30000)
  to   space 1024K,   0% used [0x24830000, 0x24830000, 0x24930000)
 tenured generation   total 20748K, used 19568K [0x29550000, 0x2a993000, 0x34000000)
   the space 20748K,  94% used [0x29550000, 0x2a86c320, 0x2a86c400, 0x2a993000)
 compacting perm gen  total 12288K, used 8501K [0x34000000, 0x34c00000, 0x38000000)
   the space 12288K,  69% used [0x34000000, 0x3484d578, 0x3484d600, 0x34c00000)
    ro space 10240K,  42% used [0x38000000, 0x38434778, 0x38434800, 0x38a00000)
    rw space 12288K,  52% used [0x38a00000, 0x39049a68, 0x39049c00, 0x39600000)
Event: 2.898 GC heap after
Heap after GC invocations=12 (full 2):
 def new generation   total 9792K, used 0K [0x24000000, 0x24aa0000, 0x29550000)
  eden space 8704K,   0% used [0x24000000, 0x24000000, 0x24880000)
  from space 1088K,   0% used [0x24880000, 0x24880000, 0x24990000)
  to   space 1088K,   0% used [0x24990000, 0x24990000, 0x24aa0000)
 tenured generation   total 21688K, used 13012K [0x29550000, 0x2aa7e000, 0x34000000)
   the space 21688K,  59% used [0x29550000, 0x2a205038, 0x2a205200, 0x2aa7e000)
 compacting perm gen  total 12288K, used 8501K [0x34000000, 0x34c00000, 0x38000000)
   the space 12288K,  69% used [0x34000000, 0x3484d578, 0x3484d600, 0x34c00000)
    ro space 10240K,  42% used [0x38000000, 0x38434778, 0x38434800, 0x38a00000)
    rw space 12288K,  52% used [0x38a00000, 0x39049a68, 0x39049c00, 0x39600000)
}
Event: 2.899 GC heap before
{Heap before GC invocations=12 (full 2):
 def new generation   total 9792K, used 7601K [0x24000000, 0x24aa0000, 0x29550000)
  eden space 8704K,  87% used [0x24000000, 0x2476c6c8, 0x24880000)
  from space 1088K,   0% used [0x24880000, 0x24880000, 0x24990000)
  to   space 1088K,   0% used [0x24990000, 0x24990000, 0x24aa0000)
 tenured generation   total 21688K, used 13012K [0x29550000, 0x2aa7e000, 0x34000000)
   the space 21688K,  59% used [0x29550000, 0x2a205038, 0x2a205200, 0x2aa7e000)
 compacting perm gen  total 12288K, used 8501K [0x34000000, 0x34c00000, 0x38000000)
   the space 12288K,  69% used [0x34000000, 0x3484d578, 0x3484d600, 0x34c00000)
    ro space 10240K,  42% used [0x38000000, 0x38434778, 0x38434800, 0x38a00000)
    rw space 12288K,  52% used [0x38a00000, 0x39049a68, 0x39049c00, 0x39600000)
Event: 2.902 GC heap after
Heap after GC invocations=13 (full 2):
 def new generation   total 9792K, used 19K [0x24000000, 0x24aa0000, 0x29550000)
  eden space 8704K,   0% used [0x24000000, 0x24000000, 0x24880000)
  from space 1088K,   1% used [0x24990000, 0x24994f10, 0x24aa0000)
  to   space 1088K,   0% used [0x24880000, 0x24880000, 0x24990000)
 tenured generation   total 21688K, used 20465K [0x29550000, 0x2aa7e000, 0x34000000)
   the space 21688K,  94% used [0x29550000, 0x2a94c5b0, 0x2a94c600, 0x2aa7e000)
 compacting perm gen  total 12288K, used 8501K [0x34000000, 0x34c00000, 0x38000000)
   the space 12288K,  69% used [0x34000000, 0x3484d578, 0x3484d600, 0x34c00000)
    ro space 10240K,  42% used [0x38000000, 0x38434778, 0x38434800, 0x38a00000)
    rw space 12288K,  52% used [0x38a00000, 0x39049a68, 0x39049c00, 0x39600000)
}
Event: 2.921 GC heap before
{Heap before GC invocations=13 (full 2):
 def new generation   total 9792K, used 8479K [0x24000000, 0x24aa0000, 0x29550000)
  eden space 8704K,  97% used [0x24000000, 0x24843058, 0x24880000)
  from space 1088K,   1% used [0x24990000, 0x24994f10, 0x24aa0000)
  to   space 1088K,   0% used [0x24880000, 0x24880000, 0x24990000)
 tenured generation   total 21688K, used 20465K [0x29550000, 0x2aa7e000, 0x34000000)
   the space 21688K,  94% used [0x29550000, 0x2a94c5b0, 0x2a94c600, 0x2aa7e000)
 compacting perm gen  total 12288K, used 8501K [0x34000000, 0x34c00000, 0x38000000)
   the space 12288K,  69% used [0x34000000, 0x3484d578, 0x3484d600, 0x34c00000)
    ro space 10240K,  42% used [0x38000000, 0x38434778, 0x38434800, 0x38a00000)
    rw space 12288K,  52% used [0x38a00000, 0x39049a68, 0x39049c00, 0x39600000)
Event: 2.958 GC heap after
Heap after GC invocations=14 (full 3):
 def new generation   total 13376K, used 0K [0x24000000, 0x24e80000, 0x29550000)
  eden space 11904K,   0% used [0x24000000, 0x24000000, 0x24ba0000)
  from space 1472K,   0% used [0x24ba0000, 0x24ba0000, 0x24d10000)
  to   space 1472K,   0% used [0x24d10000, 0x24d10000, 0x24e80000)
 tenured generation   total 29544K, used 17724K [0x29550000, 0x2b22a000, 0x34000000)
   the space 29544K,  59% used [0x29550000, 0x2a69f128, 0x2a69f200, 0x2b22a000)
 compacting perm gen  total 12288K, used 8501K [0x34000000, 0x34c00000, 0x38000000)
   the space 12288K,  69% used [0x34000000, 0x3484d578, 0x3484d600, 0x34c00000)
    ro space 10240K,  42% used [0x38000000, 0x38434778, 0x38434800, 0x38a00000)
    rw space 12288K,  52% used [0x38a00000, 0x39049a68, 0x39049c00, 0x39600000)
}

